#
# There is insufficient memory for the Java Runtime Environment to continue.
# Native memory allocation (malloc) failed to allocate 1934576 bytes for Chunk::new
# Possible reasons:
#   The system is out of physical RAM or swap space
#   The process is running with CompressedOops enabled, and the Java Heap may be blocking the growth of the native heap
# Possible solutions:
#   Reduce memory load on the system
#   Increase physical memory or swap space
#   Check if swap backing store is full
#   Decrease Java heap size (-Xmx/-Xms)
#   Decrease number of Java threads
#   Decrease Java thread stack sizes (-Xss)
#   Set larger code cache with -XX:ReservedCodeCacheSize=
#   JVM is running with Unscaled Compressed Oops mode in which the Java heap is
#     placed in the first 4GB address space. The Java Heap base address is the
#     maximum limit for the native heap growth. Please use -XX:HeapBaseMinAddress
#     to set the Java Heap base and to place the Java Heap above 4GB virtual address.
# This output file may be truncated or incomplete.
#
#  Out of Memory Error (src/hotspot/share/memory/arena.cpp:197), pid=6616, tid=13012
#
# JRE version: OpenJDK Runtime Environment (11.0.15) (build 11.0.15+0-b2043.56-9505619)
# Java VM: OpenJDK 64-Bit Server VM (11.0.15+0-b2043.56-9505619, mixed mode, tiered, compressed oops, g1 gc, windows-amd64)
# No core dump will be written. Minidumps are not enabled by default on client versions of Windows
#

---------------  S U M M A R Y ------------

Command Line: --add-opens=java.base/java.util=ALL-UNNAMED --add-opens=java.base/java.lang=ALL-UNNAMED --add-opens=java.base/java.lang.invoke=ALL-UNNAMED --add-opens=java.base/java.util=ALL-UNNAMED --add-opens=java.prefs/java.util.prefs=ALL-UNNAMED --add-opens=java.prefs/java.util.prefs=ALL-UNNAMED --add-opens=java.base/java.nio.charset=ALL-UNNAMED --add-opens=java.base/java.net=ALL-UNNAMED --add-opens=java.base/java.util.concurrent.atomic=ALL-UNNAMED -Xmx2048m -Dfile.encoding=UTF-8 -Duser.country=US -Duser.language=en -Duser.variant org.gradle.launcher.daemon.bootstrap.GradleDaemon 7.5

Host: Intel(R) Core(TM) i7-4600U CPU @ 2.10GHz, 4 cores, 3G,  Windows 10 , 64 bit Build 19041 (10.0.19041.2788)
Time: Mon May  8 22:51:31 2023 Pakistan Standard Time elapsed time: 34.297078 seconds (0d 0h 0m 34s)

---------------  T H R E A D  ---------------

Current thread (0x000001d322bb1800):  JavaThread "C2 CompilerThread0" daemon [_thread_in_native, id=13012, stack(0x0000006e13800000,0x0000006e13900000)]


Current CompileTask:
C2:  34297 11754       4       java.net.URLClassLoader$1::run (5 bytes)

Stack: [0x0000006e13800000,0x0000006e13900000]
Native frames: (J=compiled Java code, j=interpreted, Vv=VM code, C=native code)
V  [jvm.dll+0x64135a]
V  [jvm.dll+0x7d39f9]
V  [jvm.dll+0x7d51b9]
V  [jvm.dll+0x7d58a3]
V  [jvm.dll+0x2691c5]
V  [jvm.dll+0xc1a5c]
V  [jvm.dll+0xc200c]
V  [jvm.dll+0x3774a7]
V  [jvm.dll+0x1b3914]
V  [jvm.dll+0x22163e]
V  [jvm.dll+0x220498]
V  [jvm.dll+0x19e851]
V  [jvm.dll+0x230479]
V  [jvm.dll+0x22e5ef]
V  [jvm.dll+0x794de1]
V  [jvm.dll+0x78dc24]
V  [jvm.dll+0x6400f6]
C  [ucrtbase.dll+0x21bb2]
C  [KERNEL32.DLL+0x17604]
C  [ntdll.dll+0x526a1]


---------------  P R O C E S S  ---------------

Threads class SMR info:
_java_thread_list=0x000001d3264b6ae0, length=94, elements={
0x000001d308f73800, 0x000001d322b4a000, 0x000001d322b4d800, 0x000001d322baa800,
0x000001d322bad000, 0x000001d322baf800, 0x000001d322bb1800, 0x000001d322bba000,
0x000001d3234e8800, 0x000001d32361f000, 0x000001d325098800, 0x000001d323fda800,
0x000001d32424b800, 0x000001d3254f9800, 0x000001d32664d800, 0x000001d324b02800,
0x000001d3239cf800, 0x000001d32543f000, 0x000001d3254bf800, 0x000001d3254c0800,
0x000001d325474800, 0x000001d325475800, 0x000001d325476000, 0x000001d325477000,
0x000001d328ea2000, 0x000001d328ea0800, 0x000001d328ea3000, 0x000001d328ea1800,
0x000001d328ea0000, 0x000001d328e9d800, 0x000001d328ea4000, 0x000001d328e9e000,
0x000001d328ea4800, 0x000001d328eaa800, 0x000001d328eab000, 0x000001d328ea6800,
0x000001d328ea5800, 0x000001d328eac000, 0x000001d328ea8000, 0x000001d328ea8800,
0x000001d3293f8800, 0x000001d3293f9800, 0x000001d3293fa800, 0x000001d3293f7000,
0x000001d3293f6800, 0x000001d3293fb000, 0x000001d3293fd800, 0x000001d3293f8000,
0x000001d329400000, 0x000001d3293fe800, 0x000001d3293ff800, 0x000001d329401000,
0x000001d329401800, 0x000001d3293fc000, 0x000001d329402800, 0x000001d3293fd000,
0x000001d329403800, 0x000001d329405000, 0x000001d329404000, 0x000001d3244ad800,
0x000001d3244b2800, 0x000001d3244b3800, 0x000001d3244b4000, 0x000001d3244ae800,
0x000001d3244b5000, 0x000001d3244af000, 0x000001d3244b6000, 0x000001d3244b1000,
0x000001d3244b0000, 0x000001d3244b6800, 0x000001d3244b7800, 0x000001d3244b1800,
0x000001d3244b8000, 0x000001d3244bb800, 0x000001d3244ba000, 0x000001d3244ba800,
0x000001d3244b9000, 0x000001d3244bc800, 0x000001d3265fb800, 0x000001d3265fd000,
0x000001d3265fd800, 0x000001d3265f8000, 0x000001d3265fe800, 0x000001d3265f9000,
0x000001d3265ff800, 0x000001d3265f9800, 0x000001d326600000, 0x000001d3265fa800,
0x000001d326602000, 0x000001d326606000, 0x000001d326604800, 0x000001d326602800,
0x000001d326606800, 0x000001d326601000
}

Java Threads: ( => current thread )
  0x000001d308f73800 JavaThread "main" [_thread_blocked, id=5140, stack(0x0000006e12c00000,0x0000006e12d00000)]
  0x000001d322b4a000 JavaThread "Reference Handler" daemon [_thread_blocked, id=12024, stack(0x0000006e13300000,0x0000006e13400000)]
  0x000001d322b4d800 JavaThread "Finalizer" daemon [_thread_blocked, id=8780, stack(0x0000006e13400000,0x0000006e13500000)]
  0x000001d322baa800 JavaThread "Signal Dispatcher" daemon [_thread_blocked, id=11136, stack(0x0000006e13500000,0x0000006e13600000)]
  0x000001d322bad000 JavaThread "Attach Listener" daemon [_thread_blocked, id=17372, stack(0x0000006e13600000,0x0000006e13700000)]
  0x000001d322baf800 JavaThread "Service Thread" daemon [_thread_blocked, id=12196, stack(0x0000006e13700000,0x0000006e13800000)]
=>0x000001d322bb1800 JavaThread "C2 CompilerThread0" daemon [_thread_in_native, id=13012, stack(0x0000006e13800000,0x0000006e13900000)]
  0x000001d322bba000 JavaThread "C1 CompilerThread0" daemon [_thread_blocked, id=10912, stack(0x0000006e13900000,0x0000006e13a00000)]
  0x000001d3234e8800 JavaThread "Sweeper thread" daemon [_thread_blocked, id=952, stack(0x0000006e13a00000,0x0000006e13b00000)]
  0x000001d32361f000 JavaThread "Common-Cleaner" daemon [_thread_blocked, id=4480, stack(0x0000006e13b00000,0x0000006e13c00000)]
  0x000001d325098800 JavaThread "Daemon health stats" [_thread_blocked, id=16548, stack(0x0000006e13f00000,0x0000006e14000000)]
  0x000001d323fda800 JavaThread "Incoming local TCP Connector on port 58907" [_thread_in_native, id=2952, stack(0x0000006e13e00000,0x0000006e13f00000)]
  0x000001d32424b800 JavaThread "Daemon periodic checks" [_thread_blocked, id=16104, stack(0x0000006e14200000,0x0000006e14300000)]
  0x000001d3254f9800 JavaThread "Daemon" [_thread_blocked, id=7444, stack(0x0000006e14300000,0x0000006e14400000)]
  0x000001d32664d800 JavaThread "Handler for socket connection from /127.0.0.1:58907 to /127.0.0.1:58908" [_thread_in_native, id=7432, stack(0x0000006e14400000,0x0000006e14500000)]
  0x000001d324b02800 JavaThread "Cancel handler" [_thread_blocked, id=6452, stack(0x0000006e14500000,0x0000006e14600000)]
  0x000001d3239cf800 JavaThread "Daemon worker" [_thread_blocked, id=3860, stack(0x0000006e14600000,0x0000006e14700000)]
  0x000001d32543f000 JavaThread "Asynchronous log dispatcher for DefaultDaemonConnection: socket connection from /127.0.0.1:58907 to /127.0.0.1:58908" [_thread_blocked, id=8676, stack(0x0000006e14700000,0x0000006e14800000)]
  0x000001d3254bf800 JavaThread "Stdin handler" [_thread_blocked, id=660, stack(0x0000006e14800000,0x0000006e14900000)]
  0x000001d3254c0800 JavaThread "Daemon client event forwarder" [_thread_blocked, id=12644, stack(0x0000006e14900000,0x0000006e14a00000)]
  0x000001d325474800 JavaThread "Cache worker for journal cache (C:\Users\hp\.gradle\caches\journal-1)" [_thread_blocked, id=7788, stack(0x0000006e14a00000,0x0000006e14b00000)]
  0x000001d325475800 JavaThread "File lock request listener" [_thread_in_native, id=7208, stack(0x0000006e14b00000,0x0000006e14c00000)]
  0x000001d325476000 JavaThread "Cache worker for file hash cache (C:\Users\hp\.gradle\caches\7.5\fileHashes)" [_thread_blocked, id=9504, stack(0x0000006e14c00000,0x0000006e14d00000)]
  0x000001d325477000 JavaThread "File watcher server" daemon [_thread_in_native, id=12456, stack(0x0000006e14e00000,0x0000006e14f00000)]
  0x000001d328ea2000 JavaThread "File watcher consumer" daemon [_thread_blocked, id=16140, stack(0x0000006e14f00000,0x0000006e15000000)]
  0x000001d328ea0800 JavaThread "Cache worker for checksums cache (C:\Users\hp\AndroidStudioProjects\Assignment22\.gradle\7.5\checksums)" [_thread_blocked, id=13524, stack(0x0000006e15000000,0x0000006e15100000)]
  0x000001d328ea3000 JavaThread "Cache worker for cache directory md-rule (C:\Users\hp\.gradle\caches\7.5\md-rule)" [_thread_blocked, id=13972, stack(0x0000006e15100000,0x0000006e15200000)]
  0x000001d328ea1800 JavaThread "Cache worker for file content cache (C:\Users\hp\.gradle\caches\7.5\fileContent)" [_thread_blocked, id=9952, stack(0x0000006e15200000,0x0000006e15300000)]
  0x000001d328ea0000 JavaThread "Cache worker for file hash cache (C:\Users\hp\AndroidStudioProjects\Assignment22\.gradle\7.5\fileHashes)" [_thread_blocked, id=2084, stack(0x0000006e15300000,0x0000006e15400000)]
  0x000001d328e9d800 JavaThread "Cache worker for cache directory md-supplier (C:\Users\hp\.gradle\caches\7.5\md-supplier)" [_thread_blocked, id=17216, stack(0x0000006e15400000,0x0000006e15500000)]
  0x000001d328ea4000 JavaThread "Cache worker for execution history cache (C:\Users\hp\.gradle\caches\7.5\executionHistory)" [_thread_blocked, id=12968, stack(0x0000006e15500000,0x0000006e15600000)]
  0x000001d328e9e000 JavaThread "jar transforms" [_thread_blocked, id=9764, stack(0x0000006e15600000,0x0000006e15700000)]
  0x000001d328ea4800 JavaThread "jar transforms Thread 2" [_thread_blocked, id=12960, stack(0x0000006e15700000,0x0000006e15800000)]
  0x000001d328eaa800 JavaThread "jar transforms Thread 3" [_thread_blocked, id=4600, stack(0x0000006e15800000,0x0000006e15900000)]
  0x000001d328eab000 JavaThread "jar transforms Thread 4" [_thread_blocked, id=1164, stack(0x0000006e15900000,0x0000006e15a00000)]
  0x000001d328ea6800 JavaThread "Cache worker for dependencies-accessors (C:\Users\hp\AndroidStudioProjects\Assignment22\.gradle\7.5\dependencies-accessors)" [_thread_blocked, id=4692, stack(0x0000006e15a00000,0x0000006e15b00000)]
  0x000001d328ea5800 JavaThread "Cache worker for Build Output Cleanup Cache (C:\Users\hp\AndroidStudioProjects\Assignment22\.gradle\buildOutputCleanup)" [_thread_blocked, id=11148, stack(0x0000006e14d00000,0x0000006e14e00000)]
  0x000001d328eac000 JavaThread "Unconstrained build operations" [_thread_blocked, id=10920, stack(0x0000006e15b00000,0x0000006e15c00000)]
  0x000001d328ea8000 JavaThread "Unconstrained build operations Thread 2" [_thread_blocked, id=10204, stack(0x0000006e15c00000,0x0000006e15d00000)]
  0x000001d328ea8800 JavaThread "Unconstrained build operations Thread 3" [_thread_blocked, id=2272, stack(0x0000006e15d00000,0x0000006e15e00000)]
  0x000001d3293f8800 JavaThread "Unconstrained build operations Thread 4" [_thread_blocked, id=16060, stack(0x0000006e15e00000,0x0000006e15f00000)]
  0x000001d3293f9800 JavaThread "Unconstrained build operations Thread 5" [_thread_blocked, id=11184, stack(0x0000006e15f00000,0x0000006e16000000)]
  0x000001d3293fa800 JavaThread "Unconstrained build operations Thread 6" [_thread_blocked, id=13156, stack(0x0000006e16000000,0x0000006e16100000)]
  0x000001d3293f7000 JavaThread "Unconstrained build operations Thread 7" [_thread_blocked, id=3924, stack(0x0000006e16100000,0x0000006e16200000)]
  0x000001d3293f6800 JavaThread "Unconstrained build operations Thread 8" [_thread_blocked, id=12232, stack(0x0000006e16200000,0x0000006e16300000)]
  0x000001d3293fb000 JavaThread "Unconstrained build operations Thread 9" [_thread_blocked, id=1824, stack(0x0000006e16300000,0x0000006e16400000)]
  0x000001d3293fd800 JavaThread "Unconstrained build operations Thread 10" [_thread_blocked, id=16032, stack(0x0000006e16400000,0x0000006e16500000)]
  0x000001d3293f8000 JavaThread "Unconstrained build operations Thread 11" [_thread_blocked, id=10188, stack(0x0000006e16500000,0x0000006e16600000)]
  0x000001d329400000 JavaThread "Unconstrained build operations Thread 12" [_thread_blocked, id=2452, stack(0x0000006e16600000,0x0000006e16700000)]
  0x000001d3293fe800 JavaThread "Unconstrained build operations Thread 13" [_thread_blocked, id=15452, stack(0x0000006e16700000,0x0000006e16800000)]
  0x000001d3293ff800 JavaThread "Unconstrained build operations Thread 14" [_thread_blocked, id=1500, stack(0x0000006e16800000,0x0000006e16900000)]
  0x000001d329401000 JavaThread "Unconstrained build operations Thread 15" [_thread_blocked, id=7220, stack(0x0000006e16900000,0x0000006e16a00000)]
  0x000001d329401800 JavaThread "Unconstrained build operations Thread 16" [_thread_blocked, id=10056, stack(0x0000006e16a00000,0x0000006e16b00000)]
  0x000001d3293fc000 JavaThread "Unconstrained build operations Thread 17" [_thread_blocked, id=7692, stack(0x0000006e16b00000,0x0000006e16c00000)]
  0x000001d329402800 JavaThread "Unconstrained build operations Thread 18" [_thread_blocked, id=10452, stack(0x0000006e16c00000,0x0000006e16d00000)]
  0x000001d3293fd000 JavaThread "Unconstrained build operations Thread 19" [_thread_blocked, id=15920, stack(0x0000006e16d00000,0x0000006e16e00000)]
  0x000001d329403800 JavaThread "Unconstrained build operations Thread 20" [_thread_blocked, id=1436, stack(0x0000006e16e00000,0x0000006e16f00000)]
  0x000001d329405000 JavaThread "Unconstrained build operations Thread 21" [_thread_blocked, id=4704, stack(0x0000006e16f00000,0x0000006e17000000)]
  0x000001d329404000 JavaThread "Unconstrained build operations Thread 22" [_thread_blocked, id=7132, stack(0x0000006e17000000,0x0000006e17100000)]
  0x000001d3244ad800 JavaThread "Unconstrained build operations Thread 23" [_thread_blocked, id=4892, stack(0x0000006e17100000,0x0000006e17200000)]
  0x000001d3244b2800 JavaThread "Unconstrained build operations Thread 24" [_thread_blocked, id=15680, stack(0x0000006e17200000,0x0000006e17300000)]
  0x000001d3244b3800 JavaThread "Unconstrained build operations Thread 25" [_thread_blocked, id=14268, stack(0x0000006e17300000,0x0000006e17400000)]
  0x000001d3244b4000 JavaThread "Unconstrained build operations Thread 26" [_thread_blocked, id=12144, stack(0x0000006e17400000,0x0000006e17500000)]
  0x000001d3244ae800 JavaThread "Unconstrained build operations Thread 27" [_thread_blocked, id=12252, stack(0x0000006e17500000,0x0000006e17600000)]
  0x000001d3244b5000 JavaThread "Unconstrained build operations Thread 28" [_thread_blocked, id=15684, stack(0x0000006e17600000,0x0000006e17700000)]
  0x000001d3244af000 JavaThread "Unconstrained build operations Thread 29" [_thread_blocked, id=14104, stack(0x0000006e17700000,0x0000006e17800000)]
  0x000001d3244b6000 JavaThread "Unconstrained build operations Thread 30" [_thread_blocked, id=15716, stack(0x0000006e17800000,0x0000006e17900000)]
  0x000001d3244b1000 JavaThread "Unconstrained build operations Thread 31" [_thread_blocked, id=11204, stack(0x0000006e17900000,0x0000006e17a00000)]
  0x000001d3244b0000 JavaThread "Unconstrained build operations Thread 32" [_thread_blocked, id=5272, stack(0x0000006e17a00000,0x0000006e17b00000)]
  0x000001d3244b6800 JavaThread "Unconstrained build operations Thread 33" [_thread_blocked, id=11192, stack(0x0000006e17b00000,0x0000006e17c00000)]
  0x000001d3244b7800 JavaThread "Unconstrained build operations Thread 34" [_thread_blocked, id=11520, stack(0x0000006e17c00000,0x0000006e17d00000)]
  0x000001d3244b1800 JavaThread "Unconstrained build operations Thread 35" [_thread_blocked, id=2184, stack(0x0000006e17d00000,0x0000006e17e00000)]
  0x000001d3244b8000 JavaThread "Unconstrained build operations Thread 36" [_thread_blocked, id=10620, stack(0x0000006e17e00000,0x0000006e17f00000)]
  0x000001d3244bb800 JavaThread "Unconstrained build operations Thread 37" [_thread_blocked, id=17112, stack(0x0000006e17f00000,0x0000006e18000000)]
  0x000001d3244ba000 JavaThread "Unconstrained build operations Thread 38" [_thread_blocked, id=11108, stack(0x0000006e18000000,0x0000006e18100000)]
  0x000001d3244ba800 JavaThread "Unconstrained build operations Thread 39" [_thread_blocked, id=15584, stack(0x0000006e18100000,0x0000006e18200000)]
  0x000001d3244b9000 JavaThread "Unconstrained build operations Thread 40" [_thread_blocked, id=16492, stack(0x0000006e18200000,0x0000006e18300000)]
  0x000001d3244bc800 JavaThread "build event listener" [_thread_blocked, id=10008, stack(0x0000006e18300000,0x0000006e18400000)]
  0x000001d3265fb800 JavaThread "Memory manager" [_thread_blocked, id=11996, stack(0x0000006e18400000,0x0000006e18500000)]
  0x000001d3265fd000 JavaThread "included builds" [_thread_blocked, id=5248, stack(0x0000006e18500000,0x0000006e18600000)]
  0x000001d3265fd800 JavaThread "Execution worker" [_thread_blocked, id=14968, stack(0x0000006e18600000,0x0000006e18700000)]
  0x000001d3265f8000 JavaThread "Execution worker Thread 2" [_thread_blocked, id=11072, stack(0x0000006e18700000,0x0000006e18800000)]
  0x000001d3265fe800 JavaThread "Execution worker Thread 3" [_thread_blocked, id=11620, stack(0x0000006e18800000,0x0000006e18900000)]
  0x000001d3265f9000 JavaThread "Cache worker for execution history cache (C:\Users\hp\AndroidStudioProjects\Assignment22\.gradle\7.5\executionHistory)" [_thread_blocked, id=1260, stack(0x0000006e18900000,0x0000006e18a00000)]
  0x000001d3265ff800 JavaThread "Cache worker for Java compile cache (C:\Users\hp\.gradle\caches\7.5\javaCompile)" [_thread_blocked, id=10560, stack(0x0000006e18a00000,0x0000006e18b00000)]
  0x000001d3265f9800 JavaThread "Build operations" [_thread_blocked, id=548, stack(0x0000006e18b00000,0x0000006e18c00000)]
  0x000001d326600000 JavaThread "Build operations Thread 2" [_thread_blocked, id=4092, stack(0x0000006e18c00000,0x0000006e18d00000)]
  0x000001d3265fa800 JavaThread "Build operations Thread 3" [_thread_blocked, id=16240, stack(0x0000006e18d00000,0x0000006e18e00000)]
  0x000001d326602000 JavaThread "Build operations Thread 4" [_thread_blocked, id=13352, stack(0x0000006e18e00000,0x0000006e18f00000)]
  0x000001d326606000 JavaThread "WorkerExecutor Queue" [_thread_blocked, id=4992, stack(0x0000006e12900000,0x0000006e12a00000)]
  0x000001d326604800 JavaThread "WorkerExecutor Queue Thread 2" [_thread_blocked, id=16516, stack(0x0000006e18f00000,0x0000006e19000000)]
  0x000001d326602800 JavaThread "WorkerExecutor Queue Thread 3" [_thread_in_vm, id=3992, stack(0x0000006e19000000,0x0000006e19100000)]
  0x000001d326606800 JavaThread "WorkerExecutor Queue Thread 4" [_thread_in_Java, id=11140, stack(0x0000006e19100000,0x0000006e19200000)]
  0x000001d326601000 JavaThread "WorkerExecutor Queue Thread 5" [_thread_blocked, id=15356, stack(0x0000006e19200000,0x0000006e19300000)]

Other Threads:
  0x000001d322b24000 VMThread "VM Thread" [stack: 0x0000006e13200000,0x0000006e13300000] [id=9544]
  0x000001d32362f000 WatcherThread [stack: 0x0000006e13c00000,0x0000006e13d00000] [id=8984]
  0x000001d308f8b000 GCTaskThread "GC Thread#0" [stack: 0x0000006e12d00000,0x0000006e12e00000] [id=5444]
  0x000001d323af5800 GCTaskThread "GC Thread#1" [stack: 0x0000006e13d00000,0x0000006e13e00000] [id=8164]
  0x000001d32532a800 GCTaskThread "GC Thread#2" [stack: 0x0000006e14000000,0x0000006e14100000] [id=8028]
  0x000001d325063800 GCTaskThread "GC Thread#3" [stack: 0x0000006e14100000,0x0000006e14200000] [id=9120]
  0x000001d308fbd000 ConcurrentGCThread "G1 Main Marker" [stack: 0x0000006e12e00000,0x0000006e12f00000] [id=10132]
  0x000001d308fbe800 ConcurrentGCThread "G1 Conc#0" [stack: 0x0000006e12f00000,0x0000006e13000000] [id=14792]
  0x000001d309014800 ConcurrentGCThread "G1 Refine#0" [stack: 0x0000006e13000000,0x0000006e13100000] [id=15536]
  0x000001d309015800 ConcurrentGCThread "G1 Young RemSet Sampling" [stack: 0x0000006e13100000,0x0000006e13200000] [id=4912]

Threads with active compile tasks:
C2 CompilerThread0    34376 11754       4       java.net.URLClassLoader$1::run (5 bytes)

VM state:not at safepoint (normal execution)

VM Mutex/Monitor currently owned by a thread: None

Heap address: 0x0000000080000000, size: 2048 MB, Compressed Oops mode: 32-bit
Narrow klass base: 0x0000000000000000, Narrow klass shift: 3
Compressed class space size: 1073741824 Address: 0x0000000100000000

Heap:
 garbage-first heap   total 199680K, used 141231K [0x0000000080000000, 0x0000000100000000)
  region size 1024K, 49 young (50176K), 4 survivors (4096K)
 Metaspace       used 100965K, capacity 103977K, committed 104144K, reserved 1138688K
  class space    used 13145K, capacity 14320K, committed 14412K, reserved 1048576K
Heap Regions: E=young(eden), S=young(survivor), O=old, HS=humongous(starts), HC=humongous(continues), CS=collection set, F=free, A=archive, TAMS=top-at-mark-start (previous, next)
|   0|0x0000000080000000, 0x0000000080100000, 0x0000000080100000|100%|HS|  |TAMS 0x0000000080100000, 0x0000000080000000| Complete 
|   1|0x0000000080100000, 0x0000000080200000, 0x0000000080200000|100%|HC|  |TAMS 0x0000000080200000, 0x0000000080100000| Complete 
|   2|0x0000000080200000, 0x0000000080300000, 0x0000000080300000|100%|HC|  |TAMS 0x0000000080300000, 0x0000000080200000| Complete 
|   3|0x0000000080300000, 0x0000000080400000, 0x0000000080400000|100%| O|  |TAMS 0x0000000080400000, 0x0000000080300000| Untracked 
|   4|0x0000000080400000, 0x0000000080500000, 0x0000000080500000|100%| O|  |TAMS 0x0000000080500000, 0x0000000080400000| Untracked 
|   5|0x0000000080500000, 0x0000000080600000, 0x0000000080600000|100%| O|  |TAMS 0x0000000080600000, 0x0000000080500000| Untracked 
|   6|0x0000000080600000, 0x0000000080700000, 0x0000000080700000|100%| O|  |TAMS 0x0000000080700000, 0x0000000080600000| Untracked 
|   7|0x0000000080700000, 0x0000000080800000, 0x0000000080800000|100%| O|  |TAMS 0x0000000080800000, 0x0000000080700000| Untracked 
|   8|0x0000000080800000, 0x0000000080900000, 0x0000000080900000|100%| O|  |TAMS 0x0000000080900000, 0x0000000080800000| Untracked 
|   9|0x0000000080900000, 0x0000000080a00000, 0x0000000080a00000|100%| O|  |TAMS 0x0000000080a00000, 0x0000000080900000| Untracked 
|  10|0x0000000080a00000, 0x0000000080b00000, 0x0000000080b00000|100%| O|  |TAMS 0x0000000080b00000, 0x0000000080a00000| Untracked 
|  11|0x0000000080b00000, 0x0000000080c00000, 0x0000000080c00000|100%| O|  |TAMS 0x0000000080c00000, 0x0000000080b00000| Untracked 
|  12|0x0000000080c00000, 0x0000000080d00000, 0x0000000080d00000|100%| O|  |TAMS 0x0000000080d00000, 0x0000000080c00000| Untracked 
|  13|0x0000000080d00000, 0x0000000080e00000, 0x0000000080e00000|100%| O|  |TAMS 0x0000000080e00000, 0x0000000080d00000| Untracked 
|  14|0x0000000080e00000, 0x0000000080f00000, 0x0000000080f00000|100%| O|  |TAMS 0x0000000080f00000, 0x0000000080e00000| Untracked 
|  15|0x0000000080f00000, 0x0000000081000000, 0x0000000081000000|100%| O|  |TAMS 0x0000000081000000, 0x0000000080f00000| Untracked 
|  16|0x0000000081000000, 0x0000000081100000, 0x0000000081100000|100%| O|  |TAMS 0x0000000081100000, 0x0000000081000000| Untracked 
|  17|0x0000000081100000, 0x0000000081200000, 0x0000000081200000|100%| O|  |TAMS 0x0000000081200000, 0x0000000081100000| Untracked 
|  18|0x0000000081200000, 0x0000000081300000, 0x0000000081300000|100%| O|  |TAMS 0x0000000081300000, 0x0000000081200000| Untracked 
|  19|0x0000000081300000, 0x0000000081400000, 0x0000000081400000|100%| O|  |TAMS 0x0000000081400000, 0x0000000081300000| Untracked 
|  20|0x0000000081400000, 0x0000000081500000, 0x0000000081500000|100%| O|  |TAMS 0x0000000081500000, 0x0000000081400000| Untracked 
|  21|0x0000000081500000, 0x0000000081600000, 0x0000000081600000|100%|HS|  |TAMS 0x0000000081600000, 0x0000000081500000| Complete 
|  22|0x0000000081600000, 0x0000000081700000, 0x0000000081700000|100%| O|  |TAMS 0x0000000081700000, 0x0000000081600000| Untracked 
|  23|0x0000000081700000, 0x0000000081800000, 0x0000000081800000|100%| O|  |TAMS 0x0000000081800000, 0x0000000081700000| Untracked 
|  24|0x0000000081800000, 0x0000000081900000, 0x0000000081900000|100%| O|  |TAMS 0x0000000081900000, 0x0000000081800000| Untracked 
|  25|0x0000000081900000, 0x0000000081a00000, 0x0000000081a00000|100%| O|  |TAMS 0x0000000081a00000, 0x0000000081900000| Untracked 
|  26|0x0000000081a00000, 0x0000000081b00000, 0x0000000081b00000|100%| O|  |TAMS 0x0000000081b00000, 0x0000000081a00000| Untracked 
|  27|0x0000000081b00000, 0x0000000081c00000, 0x0000000081c00000|100%| O|  |TAMS 0x0000000081c00000, 0x0000000081b00000| Untracked 
|  28|0x0000000081c00000, 0x0000000081d00000, 0x0000000081d00000|100%| O|  |TAMS 0x0000000081d00000, 0x0000000081c00000| Untracked 
|  29|0x0000000081d00000, 0x0000000081e00000, 0x0000000081e00000|100%|HS|  |TAMS 0x0000000081e00000, 0x0000000081d00000| Complete 
|  30|0x0000000081e00000, 0x0000000081f00000, 0x0000000081f00000|100%| O|  |TAMS 0x0000000081f00000, 0x0000000081e00000| Untracked 
|  31|0x0000000081f00000, 0x0000000082000000, 0x0000000082000000|100%| O|  |TAMS 0x0000000082000000, 0x0000000081f00000| Untracked 
|  32|0x0000000082000000, 0x0000000082100000, 0x0000000082100000|100%| O|  |TAMS 0x0000000082100000, 0x0000000082000000| Untracked 
|  33|0x0000000082100000, 0x0000000082200000, 0x0000000082200000|100%| O|  |TAMS 0x0000000082200000, 0x0000000082100000| Untracked 
|  34|0x0000000082200000, 0x0000000082300000, 0x0000000082300000|100%| O|  |TAMS 0x0000000082300000, 0x0000000082200000| Untracked 
|  35|0x0000000082300000, 0x0000000082400000, 0x0000000082400000|100%| O|  |TAMS 0x0000000082400000, 0x0000000082300000| Untracked 
|  36|0x0000000082400000, 0x0000000082500000, 0x0000000082500000|100%| O|  |TAMS 0x0000000082500000, 0x0000000082400000| Untracked 
|  37|0x0000000082500000, 0x0000000082600000, 0x0000000082600000|100%| O|  |TAMS 0x0000000082600000, 0x0000000082500000| Untracked 
|  38|0x0000000082600000, 0x0000000082700000, 0x0000000082700000|100%| O|  |TAMS 0x0000000082700000, 0x0000000082600000| Untracked 
|  39|0x0000000082700000, 0x0000000082800000, 0x0000000082800000|100%| O|  |TAMS 0x0000000082800000, 0x0000000082700000| Untracked 
|  40|0x0000000082800000, 0x0000000082900000, 0x0000000082900000|100%| O|  |TAMS 0x0000000082900000, 0x0000000082800000| Untracked 
|  41|0x0000000082900000, 0x0000000082a00000, 0x0000000082a00000|100%| O|  |TAMS 0x0000000082a00000, 0x0000000082900000| Untracked 
|  42|0x0000000082a00000, 0x0000000082b00000, 0x0000000082b00000|100%| O|  |TAMS 0x0000000082b00000, 0x0000000082a00000| Untracked 
|  43|0x0000000082b00000, 0x0000000082c00000, 0x0000000082c00000|100%| O|  |TAMS 0x0000000082c00000, 0x0000000082b00000| Untracked 
|  44|0x0000000082c00000, 0x0000000082d00000, 0x0000000082d00000|100%| O|  |TAMS 0x0000000082d00000, 0x0000000082c00000| Untracked 
|  45|0x0000000082d00000, 0x0000000082e00000, 0x0000000082e00000|100%| O|  |TAMS 0x0000000082e00000, 0x0000000082d00000| Untracked 
|  46|0x0000000082e00000, 0x0000000082f00000, 0x0000000082f00000|100%| O|  |TAMS 0x0000000082f00000, 0x0000000082e00000| Untracked 
|  47|0x0000000082f00000, 0x0000000083000000, 0x0000000083000000|100%| O|  |TAMS 0x0000000083000000, 0x0000000082f00000| Untracked 
|  48|0x0000000083000000, 0x0000000083100000, 0x0000000083100000|100%| O|  |TAMS 0x0000000083100000, 0x0000000083000000| Untracked 
|  49|0x0000000083100000, 0x0000000083200000, 0x0000000083200000|100%| O|  |TAMS 0x0000000083200000, 0x0000000083100000| Untracked 
|  50|0x0000000083200000, 0x0000000083300000, 0x0000000083300000|100%| O|  |TAMS 0x0000000083300000, 0x0000000083200000| Untracked 
|  51|0x0000000083300000, 0x0000000083400000, 0x0000000083400000|100%| O|  |TAMS 0x0000000083400000, 0x0000000083300000| Untracked 
|  52|0x0000000083400000, 0x0000000083500000, 0x0000000083500000|100%| O|  |TAMS 0x0000000083500000, 0x0000000083400000| Untracked 
|  53|0x0000000083500000, 0x0000000083600000, 0x0000000083600000|100%| O|  |TAMS 0x0000000083600000, 0x0000000083500000| Untracked 
|  54|0x0000000083600000, 0x0000000083700000, 0x0000000083700000|100%| O|  |TAMS 0x0000000083700000, 0x0000000083600000| Untracked 
|  55|0x0000000083700000, 0x0000000083800000, 0x0000000083800000|100%| O|  |TAMS 0x0000000083800000, 0x0000000083700000| Untracked 
|  56|0x0000000083800000, 0x0000000083900000, 0x0000000083900000|100%| O|  |TAMS 0x0000000083900000, 0x0000000083800000| Untracked 
|  57|0x0000000083900000, 0x0000000083a00000, 0x0000000083a00000|100%| O|  |TAMS 0x0000000083a00000, 0x0000000083900000| Untracked 
|  58|0x0000000083a00000, 0x0000000083b00000, 0x0000000083b00000|100%| O|  |TAMS 0x0000000083b00000, 0x0000000083a00000| Untracked 
|  59|0x0000000083b00000, 0x0000000083c00000, 0x0000000083c00000|100%| O|  |TAMS 0x0000000083c00000, 0x0000000083b00000| Untracked 
|  60|0x0000000083c00000, 0x0000000083d00000, 0x0000000083d00000|100%| O|  |TAMS 0x0000000083d00000, 0x0000000083c00000| Untracked 
|  61|0x0000000083d00000, 0x0000000083e00000, 0x0000000083e00000|100%| O|  |TAMS 0x0000000083e00000, 0x0000000083d00000| Untracked 
|  62|0x0000000083e00000, 0x0000000083f00000, 0x0000000083f00000|100%| O|  |TAMS 0x0000000083f00000, 0x0000000083e00000| Untracked 
|  63|0x0000000083f00000, 0x0000000084000000, 0x0000000084000000|100%| O|  |TAMS 0x0000000084000000, 0x0000000083f00000| Untracked 
|  64|0x0000000084000000, 0x0000000084100000, 0x0000000084100000|100%| O|  |TAMS 0x0000000084100000, 0x0000000084000000| Untracked 
|  65|0x0000000084100000, 0x0000000084200000, 0x0000000084200000|100%| O|  |TAMS 0x0000000084200000, 0x0000000084100000| Untracked 
|  66|0x0000000084200000, 0x0000000084300000, 0x0000000084300000|100%| O|  |TAMS 0x0000000084300000, 0x0000000084200000| Untracked 
|  67|0x0000000084300000, 0x0000000084400000, 0x0000000084400000|100%| O|  |TAMS 0x0000000084400000, 0x0000000084300000| Untracked 
|  68|0x0000000084400000, 0x0000000084500000, 0x0000000084500000|100%| O|  |TAMS 0x0000000084500000, 0x0000000084400000| Untracked 
|  69|0x0000000084500000, 0x0000000084600000, 0x0000000084600000|100%| O|  |TAMS 0x0000000084600000, 0x0000000084500000| Untracked 
|  70|0x0000000084600000, 0x0000000084700000, 0x0000000084700000|100%| O|  |TAMS 0x0000000084700000, 0x0000000084600000| Untracked 
|  71|0x0000000084700000, 0x0000000084800000, 0x0000000084800000|100%| O|  |TAMS 0x0000000084800000, 0x0000000084700000| Untracked 
|  72|0x0000000084800000, 0x0000000084900000, 0x0000000084900000|100%| O|  |TAMS 0x0000000084900000, 0x0000000084800000| Untracked 
|  73|0x0000000084900000, 0x0000000084a00000, 0x0000000084a00000|100%| O|  |TAMS 0x0000000084a00000, 0x0000000084900000| Untracked 
|  74|0x0000000084a00000, 0x0000000084b00000, 0x0000000084b00000|100%| O|  |TAMS 0x0000000084b00000, 0x0000000084a00000| Untracked 
|  75|0x0000000084b00000, 0x0000000084c00000, 0x0000000084c00000|100%| O|  |TAMS 0x0000000084c00000, 0x0000000084b00000| Untracked 
|  76|0x0000000084c00000, 0x0000000084d00000, 0x0000000084d00000|100%| O|  |TAMS 0x0000000084d00000, 0x0000000084c00000| Untracked 
|  77|0x0000000084d00000, 0x0000000084e00000, 0x0000000084e00000|100%| O|  |TAMS 0x0000000084e00000, 0x0000000084d00000| Untracked 
|  78|0x0000000084e00000, 0x0000000084f00000, 0x0000000084f00000|100%| O|  |TAMS 0x0000000084f00000, 0x0000000084e00000| Untracked 
|  79|0x0000000084f00000, 0x0000000085000000, 0x0000000085000000|100%| O|  |TAMS 0x0000000085000000, 0x0000000084f00000| Untracked 
|  80|0x0000000085000000, 0x0000000085100000, 0x0000000085100000|100%| O|  |TAMS 0x0000000085100000, 0x0000000085000000| Untracked 
|  81|0x0000000085100000, 0x0000000085200000, 0x0000000085200000|100%| O|  |TAMS 0x00000000851cc400, 0x0000000085100000| Untracked 
|  82|0x0000000085200000, 0x0000000085300000, 0x0000000085300000|100%|HS|  |TAMS 0x0000000085200000, 0x0000000085200000| Complete 
|  83|0x0000000085300000, 0x0000000085400000, 0x0000000085400000|100%|HC|  |TAMS 0x0000000085300000, 0x0000000085300000| Complete 
|  84|0x0000000085400000, 0x0000000085500000, 0x0000000085500000|100%| O|  |TAMS 0x0000000085400000, 0x0000000085400000| Untracked 
|  85|0x0000000085500000, 0x0000000085500000, 0x0000000085600000|  0%| F|  |TAMS 0x0000000085500000, 0x0000000085500000| Untracked 
|  86|0x0000000085600000, 0x0000000085600000, 0x0000000085700000|  0%| F|  |TAMS 0x0000000085600000, 0x0000000085600000| Untracked 
|  87|0x0000000085700000, 0x0000000085800000, 0x0000000085800000|100%| O|  |TAMS 0x0000000085700000, 0x0000000085700000| Untracked 
|  88|0x0000000085800000, 0x0000000085900000, 0x0000000085900000|100%| O|  |TAMS 0x0000000085800000, 0x0000000085800000| Untracked 
|  89|0x0000000085900000, 0x0000000085a00000, 0x0000000085a00000|100%| O|  |TAMS 0x0000000085900000, 0x0000000085900000| Untracked 
|  90|0x0000000085a00000, 0x0000000085b00000, 0x0000000085b00000|100%| O|  |TAMS 0x0000000085a00000, 0x0000000085a00000| Untracked 
|  91|0x0000000085b00000, 0x0000000085c00000, 0x0000000085c00000|100%| O|  |TAMS 0x0000000085b00000, 0x0000000085b00000| Untracked 
|  92|0x0000000085c00000, 0x0000000085d00000, 0x0000000085d00000|100%| O|  |TAMS 0x0000000085c00000, 0x0000000085c00000| Untracked 
|  93|0x0000000085d00000, 0x0000000085dac000, 0x0000000085e00000| 67%| O|  |TAMS 0x0000000085d00000, 0x0000000085d00000| Untracked 
|  94|0x0000000085e00000, 0x0000000085e00000, 0x0000000085f00000|  0%| F|  |TAMS 0x0000000085e00000, 0x0000000085e00000| Untracked 
|  95|0x0000000085f00000, 0x0000000085f00000, 0x0000000086000000|  0%| F|  |TAMS 0x0000000085f00000, 0x0000000085f00000| Untracked 
|  96|0x0000000086000000, 0x0000000086000000, 0x0000000086100000|  0%| F|  |TAMS 0x0000000086000000, 0x0000000086000000| Untracked 
|  97|0x0000000086100000, 0x0000000086100000, 0x0000000086200000|  0%| F|  |TAMS 0x0000000086100000, 0x0000000086100000| Untracked 
|  98|0x0000000086200000, 0x0000000086200000, 0x0000000086300000|  0%| F|  |TAMS 0x0000000086200000, 0x0000000086200000| Untracked 
|  99|0x0000000086300000, 0x0000000086300000, 0x0000000086400000|  0%| F|  |TAMS 0x0000000086300000, 0x0000000086300000| Untracked 
| 100|0x0000000086400000, 0x0000000086400000, 0x0000000086500000|  0%| F|  |TAMS 0x0000000086400000, 0x0000000086400000| Untracked 
| 101|0x0000000086500000, 0x0000000086500000, 0x0000000086600000|  0%| F|  |TAMS 0x0000000086500000, 0x0000000086500000| Untracked 
| 102|0x0000000086600000, 0x0000000086600000, 0x0000000086700000|  0%| F|  |TAMS 0x0000000086600000, 0x0000000086600000| Untracked 
| 103|0x0000000086700000, 0x0000000086700000, 0x0000000086800000|  0%| F|  |TAMS 0x0000000086700000, 0x0000000086700000| Untracked 
| 104|0x0000000086800000, 0x0000000086800000, 0x0000000086900000|  0%| F|  |TAMS 0x0000000086800000, 0x0000000086800000| Untracked 
| 105|0x0000000086900000, 0x0000000086900000, 0x0000000086a00000|  0%| F|  |TAMS 0x0000000086900000, 0x0000000086900000| Untracked 
| 106|0x0000000086a00000, 0x0000000086a00000, 0x0000000086b00000|  0%| F|  |TAMS 0x0000000086a00000, 0x0000000086a00000| Untracked 
| 107|0x0000000086b00000, 0x0000000086b00000, 0x0000000086c00000|  0%| F|  |TAMS 0x0000000086b00000, 0x0000000086b00000| Untracked 
| 108|0x0000000086c00000, 0x0000000086c00000, 0x0000000086d00000|  0%| F|  |TAMS 0x0000000086c00000, 0x0000000086c00000| Untracked 
| 109|0x0000000086d00000, 0x0000000086d00000, 0x0000000086e00000|  0%| F|  |TAMS 0x0000000086d00000, 0x0000000086d00000| Untracked 
| 110|0x0000000086e00000, 0x0000000086e00000, 0x0000000086f00000|  0%| F|  |TAMS 0x0000000086e00000, 0x0000000086e00000| Untracked 
| 111|0x0000000086f00000, 0x0000000086f00000, 0x0000000087000000|  0%| F|  |TAMS 0x0000000086f00000, 0x0000000086f00000| Untracked 
| 112|0x0000000087000000, 0x0000000087000000, 0x0000000087100000|  0%| F|  |TAMS 0x0000000087000000, 0x0000000087000000| Untracked 
| 113|0x0000000087100000, 0x0000000087100000, 0x0000000087200000|  0%| F|  |TAMS 0x0000000087100000, 0x0000000087100000| Untracked 
| 114|0x0000000087200000, 0x0000000087200000, 0x0000000087300000|  0%| F|  |TAMS 0x0000000087200000, 0x0000000087200000| Untracked 
| 115|0x0000000087300000, 0x0000000087300000, 0x0000000087400000|  0%| F|  |TAMS 0x0000000087300000, 0x0000000087300000| Untracked 
| 116|0x0000000087400000, 0x0000000087400000, 0x0000000087500000|  0%| F|  |TAMS 0x0000000087400000, 0x0000000087400000| Untracked 
| 117|0x0000000087500000, 0x0000000087500000, 0x0000000087600000|  0%| F|  |TAMS 0x0000000087500000, 0x0000000087500000| Untracked 
| 118|0x0000000087600000, 0x0000000087600000, 0x0000000087700000|  0%| F|  |TAMS 0x0000000087600000, 0x0000000087600000| Untracked 
| 119|0x0000000087700000, 0x0000000087700000, 0x0000000087800000|  0%| F|  |TAMS 0x0000000087700000, 0x0000000087700000| Untracked 
| 120|0x0000000087800000, 0x0000000087800000, 0x0000000087900000|  0%| F|  |TAMS 0x0000000087800000, 0x0000000087800000| Untracked 
| 121|0x0000000087900000, 0x0000000087900000, 0x0000000087a00000|  0%| F|  |TAMS 0x0000000087900000, 0x0000000087900000| Untracked 
| 122|0x0000000087a00000, 0x0000000087a00000, 0x0000000087b00000|  0%| F|  |TAMS 0x0000000087a00000, 0x0000000087a00000| Untracked 
| 123|0x0000000087b00000, 0x0000000087b00000, 0x0000000087c00000|  0%| F|  |TAMS 0x0000000087b00000, 0x0000000087b00000| Untracked 
| 124|0x0000000087c00000, 0x0000000087c00000, 0x0000000087d00000|  0%| F|  |TAMS 0x0000000087c00000, 0x0000000087c00000| Untracked 
| 125|0x0000000087d00000, 0x0000000087d00000, 0x0000000087e00000|  0%| F|  |TAMS 0x0000000087d00000, 0x0000000087d00000| Untracked 
| 126|0x0000000087e00000, 0x0000000087e00000, 0x0000000087f00000|  0%| F|  |TAMS 0x0000000087e00000, 0x0000000087e00000| Untracked 
| 127|0x0000000087f00000, 0x0000000087f00000, 0x0000000088000000|  0%| F|  |TAMS 0x0000000087f00000, 0x0000000087f00000| Untracked 
| 128|0x0000000088000000, 0x0000000088000000, 0x0000000088100000|  0%| F|  |TAMS 0x0000000088000000, 0x0000000088000000| Untracked 
| 129|0x0000000088100000, 0x0000000088100000, 0x0000000088200000|  0%| F|  |TAMS 0x0000000088100000, 0x0000000088100000| Untracked 
| 130|0x0000000088200000, 0x0000000088200000, 0x0000000088300000|  0%| F|  |TAMS 0x0000000088200000, 0x0000000088200000| Untracked 
| 131|0x0000000088300000, 0x000000008833ff88, 0x0000000088400000| 24%| S|CS|TAMS 0x0000000088300000, 0x0000000088300000| Complete 
| 132|0x0000000088400000, 0x0000000088500000, 0x0000000088500000|100%| S|CS|TAMS 0x0000000088400000, 0x0000000088400000| Complete 
| 133|0x0000000088500000, 0x0000000088600000, 0x0000000088600000|100%| S|CS|TAMS 0x0000000088500000, 0x0000000088500000| Complete 
| 134|0x0000000088600000, 0x0000000088600000, 0x0000000088700000|  0%| F|  |TAMS 0x0000000088600000, 0x0000000088600000| Untracked 
| 135|0x0000000088700000, 0x0000000088700000, 0x0000000088800000|  0%| F|  |TAMS 0x0000000088700000, 0x0000000088700000| Untracked 
| 136|0x0000000088800000, 0x0000000088800000, 0x0000000088900000|  0%| F|  |TAMS 0x0000000088800000, 0x0000000088800000| Untracked 
| 137|0x0000000088900000, 0x0000000088900000, 0x0000000088a00000|  0%| F|  |TAMS 0x0000000088900000, 0x0000000088900000| Untracked 
| 138|0x0000000088a00000, 0x0000000088a00000, 0x0000000088b00000|  0%| F|  |TAMS 0x0000000088a00000, 0x0000000088a00000| Untracked 
| 139|0x0000000088b00000, 0x0000000088b00000, 0x0000000088c00000|  0%| F|  |TAMS 0x0000000088b00000, 0x0000000088b00000| Untracked 
| 140|0x0000000088c00000, 0x0000000088c00000, 0x0000000088d00000|  0%| F|  |TAMS 0x0000000088c00000, 0x0000000088c00000| Untracked 
| 141|0x0000000088d00000, 0x0000000088e00000, 0x0000000088e00000|100%| S|CS|TAMS 0x0000000088d00000, 0x0000000088d00000| Complete 
| 142|0x0000000088e00000, 0x0000000088e00000, 0x0000000088f00000|  0%| F|  |TAMS 0x0000000088e00000, 0x0000000088e00000| Untracked 
| 143|0x0000000088f00000, 0x0000000088f00000, 0x0000000089000000|  0%| F|  |TAMS 0x0000000088f00000, 0x0000000088f00000| Untracked 
| 144|0x0000000089000000, 0x0000000089000000, 0x0000000089100000|  0%| F|  |TAMS 0x0000000089000000, 0x0000000089000000| Untracked 
| 145|0x0000000089100000, 0x0000000089100000, 0x0000000089200000|  0%| F|  |TAMS 0x0000000089100000, 0x0000000089100000| Untracked 
| 146|0x0000000089200000, 0x0000000089200000, 0x0000000089300000|  0%| F|  |TAMS 0x0000000089200000, 0x0000000089200000| Untracked 
| 147|0x0000000089300000, 0x0000000089300000, 0x0000000089400000|  0%| F|  |TAMS 0x0000000089300000, 0x0000000089300000| Untracked 
| 148|0x0000000089400000, 0x0000000089400000, 0x0000000089500000|  0%| F|  |TAMS 0x0000000089400000, 0x0000000089400000| Untracked 
| 149|0x0000000089500000, 0x0000000089500000, 0x0000000089600000|  0%| F|  |TAMS 0x0000000089500000, 0x0000000089500000| Untracked 
| 150|0x0000000089600000, 0x00000000896a8250, 0x0000000089700000| 65%| E|  |TAMS 0x0000000089600000, 0x0000000089600000| Complete 
| 151|0x0000000089700000, 0x0000000089800000, 0x0000000089800000|100%| E|CS|TAMS 0x0000000089700000, 0x0000000089700000| Complete 
| 152|0x0000000089800000, 0x0000000089900000, 0x0000000089900000|100%| E|  |TAMS 0x0000000089800000, 0x0000000089800000| Complete 
| 153|0x0000000089900000, 0x0000000089a00000, 0x0000000089a00000|100%| E|CS|TAMS 0x0000000089900000, 0x0000000089900000| Complete 
| 154|0x0000000089a00000, 0x0000000089b00000, 0x0000000089b00000|100%| E|CS|TAMS 0x0000000089a00000, 0x0000000089a00000| Complete 
| 155|0x0000000089b00000, 0x0000000089c00000, 0x0000000089c00000|100%| E|CS|TAMS 0x0000000089b00000, 0x0000000089b00000| Complete 
| 156|0x0000000089c00000, 0x0000000089d00000, 0x0000000089d00000|100%| E|CS|TAMS 0x0000000089c00000, 0x0000000089c00000| Complete 
| 157|0x0000000089d00000, 0x0000000089e00000, 0x0000000089e00000|100%| E|CS|TAMS 0x0000000089d00000, 0x0000000089d00000| Complete 
| 158|0x0000000089e00000, 0x0000000089f00000, 0x0000000089f00000|100%| E|CS|TAMS 0x0000000089e00000, 0x0000000089e00000| Complete 
| 159|0x0000000089f00000, 0x000000008a000000, 0x000000008a000000|100%| E|CS|TAMS 0x0000000089f00000, 0x0000000089f00000| Complete 
| 160|0x000000008a000000, 0x000000008a100000, 0x000000008a100000|100%| E|CS|TAMS 0x000000008a000000, 0x000000008a000000| Complete 
| 161|0x000000008a100000, 0x000000008a200000, 0x000000008a200000|100%| E|CS|TAMS 0x000000008a100000, 0x000000008a100000| Complete 
| 162|0x000000008a200000, 0x000000008a300000, 0x000000008a300000|100%| E|CS|TAMS 0x000000008a200000, 0x000000008a200000| Complete 
| 163|0x000000008a300000, 0x000000008a400000, 0x000000008a400000|100%| E|CS|TAMS 0x000000008a300000, 0x000000008a300000| Complete 
| 164|0x000000008a400000, 0x000000008a500000, 0x000000008a500000|100%| E|CS|TAMS 0x000000008a400000, 0x000000008a400000| Complete 
| 165|0x000000008a500000, 0x000000008a600000, 0x000000008a600000|100%| E|CS|TAMS 0x000000008a500000, 0x000000008a500000| Complete 
| 166|0x000000008a600000, 0x000000008a700000, 0x000000008a700000|100%| E|CS|TAMS 0x000000008a600000, 0x000000008a600000| Complete 
| 167|0x000000008a700000, 0x000000008a800000, 0x000000008a800000|100%| E|CS|TAMS 0x000000008a700000, 0x000000008a700000| Complete 
| 168|0x000000008a800000, 0x000000008a900000, 0x000000008a900000|100%| E|CS|TAMS 0x000000008a800000, 0x000000008a800000| Complete 
| 169|0x000000008a900000, 0x000000008aa00000, 0x000000008aa00000|100%| E|CS|TAMS 0x000000008a900000, 0x000000008a900000| Complete 
| 170|0x000000008aa00000, 0x000000008ab00000, 0x000000008ab00000|100%| E|CS|TAMS 0x000000008aa00000, 0x000000008aa00000| Complete 
| 171|0x000000008ab00000, 0x000000008ac00000, 0x000000008ac00000|100%| E|CS|TAMS 0x000000008ab00000, 0x000000008ab00000| Complete 
| 172|0x000000008ac00000, 0x000000008ad00000, 0x000000008ad00000|100%| E|CS|TAMS 0x000000008ac00000, 0x000000008ac00000| Complete 
| 173|0x000000008ad00000, 0x000000008ae00000, 0x000000008ae00000|100%| E|CS|TAMS 0x000000008ad00000, 0x000000008ad00000| Complete 
| 174|0x000000008ae00000, 0x000000008af00000, 0x000000008af00000|100%| E|CS|TAMS 0x000000008ae00000, 0x000000008ae00000| Complete 
| 175|0x000000008af00000, 0x000000008b000000, 0x000000008b000000|100%| E|CS|TAMS 0x000000008af00000, 0x000000008af00000| Complete 
| 176|0x000000008b000000, 0x000000008b100000, 0x000000008b100000|100%| E|CS|TAMS 0x000000008b000000, 0x000000008b000000| Complete 
| 177|0x000000008b100000, 0x000000008b200000, 0x000000008b200000|100%| E|CS|TAMS 0x000000008b100000, 0x000000008b100000| Complete 
| 178|0x000000008b200000, 0x000000008b300000, 0x000000008b300000|100%| E|CS|TAMS 0x000000008b200000, 0x000000008b200000| Complete 
| 179|0x000000008b300000, 0x000000008b400000, 0x000000008b400000|100%| E|CS|TAMS 0x000000008b300000, 0x000000008b300000| Complete 
| 180|0x000000008b400000, 0x000000008b500000, 0x000000008b500000|100%| E|CS|TAMS 0x000000008b400000, 0x000000008b400000| Complete 
| 181|0x000000008b500000, 0x000000008b600000, 0x000000008b600000|100%| E|CS|TAMS 0x000000008b500000, 0x000000008b500000| Complete 
| 182|0x000000008b600000, 0x000000008b700000, 0x000000008b700000|100%| E|CS|TAMS 0x000000008b600000, 0x000000008b600000| Complete 
| 183|0x000000008b700000, 0x000000008b800000, 0x000000008b800000|100%| E|CS|TAMS 0x000000008b700000, 0x000000008b700000| Complete 
| 184|0x000000008b800000, 0x000000008b900000, 0x000000008b900000|100%| E|CS|TAMS 0x000000008b800000, 0x000000008b800000| Complete 
| 185|0x000000008b900000, 0x000000008ba00000, 0x000000008ba00000|100%| E|CS|TAMS 0x000000008b900000, 0x000000008b900000| Complete 
| 186|0x000000008ba00000, 0x000000008bb00000, 0x000000008bb00000|100%| E|CS|TAMS 0x000000008ba00000, 0x000000008ba00000| Complete 
| 187|0x000000008bb00000, 0x000000008bc00000, 0x000000008bc00000|100%| E|CS|TAMS 0x000000008bb00000, 0x000000008bb00000| Complete 
| 188|0x000000008bc00000, 0x000000008bd00000, 0x000000008bd00000|100%| E|CS|TAMS 0x000000008bc00000, 0x000000008bc00000| Complete 
| 189|0x000000008bd00000, 0x000000008be00000, 0x000000008be00000|100%| E|CS|TAMS 0x000000008bd00000, 0x000000008bd00000| Complete 
| 190|0x000000008be00000, 0x000000008bf00000, 0x000000008bf00000|100%| E|CS|TAMS 0x000000008be00000, 0x000000008be00000| Complete 
| 191|0x000000008bf00000, 0x000000008c000000, 0x000000008c000000|100%| E|CS|TAMS 0x000000008bf00000, 0x000000008bf00000| Complete 
| 192|0x000000008c000000, 0x000000008c100000, 0x000000008c100000|100%| E|CS|TAMS 0x000000008c000000, 0x000000008c000000| Complete 
| 193|0x000000008c100000, 0x000000008c200000, 0x000000008c200000|100%| E|CS|TAMS 0x000000008c100000, 0x000000008c100000| Complete 
| 194|0x000000008c200000, 0x000000008c300000, 0x000000008c300000|100%| E|CS|TAMS 0x000000008c200000, 0x000000008c200000| Complete 

Card table byte_map: [0x000001d31bea0000,0x000001d31c2a0000] _byte_map_base: 0x000001d31baa0000

Marking Bits (Prev, Next): (CMBitMap*) 0x000001d308fb4710, (CMBitMap*) 0x000001d308fb46d8
 Prev Bits: [0x000001d31e6a0000, 0x000001d3206a0000)
 Next Bits: [0x000001d31c6a0000, 0x000001d31e6a0000)

Polling page: 0x000001d308750000

Metaspace:

Usage:
  Non-class:     87.63 MB capacity,    85.82 MB ( 98%) used,     1.46 MB (  2%) free+waste,   362.94 KB ( <1%) overhead. 
      Class:     14.04 MB capacity,    12.87 MB ( 92%) used,     1.00 MB (  7%) free+waste,   171.75 KB (  1%) overhead. 
       Both:    101.67 MB capacity,    98.69 MB ( 97%) used,     2.46 MB (  2%) free+waste,   534.69 KB ( <1%) overhead. 

Virtual space:
  Non-class space:       88.00 MB reserved,      87.88 MB (>99%) committed 
      Class space:        1.00 GB reserved,      14.07 MB (  1%) committed 
             Both:        1.09 GB reserved,     101.95 MB (  9%) committed 

Chunk freelists:
   Non-Class:  0 bytes
       Class:  0 bytes
        Both:  0 bytes

MaxMetaspaceSize: 17179869184.00 GB
CompressedClassSpaceSize: 1.00 GB
Initial GC threshold: 20.80 MB
Current GC threshold: 153.46 MB
CDS: off

CodeHeap 'non-profiled nmethods': size=120064Kb used=5475Kb max_used=5475Kb free=114588Kb
 bounds [0x000001d314560000, 0x000001d314ac0000, 0x000001d31baa0000]
CodeHeap 'profiled nmethods': size=120000Kb used=24378Kb max_used=24378Kb free=95621Kb
 bounds [0x000001d30d030000, 0x000001d30e800000, 0x000001d314560000]
CodeHeap 'non-nmethods': size=5696Kb used=2410Kb max_used=2430Kb free=3286Kb
 bounds [0x000001d30caa0000, 0x000001d30cd10000, 0x000001d30d030000]
 total_blobs=12832 nmethods=11891 adapters=853
 compilation: enabled
              stopped_count=0, restarted_count=0
 full_count=0

Compilation events (20 events):
Event: 34.045 Thread 0x000001d322bba000 12087       2       com.android.tools.r8.internal.tX::c (11 bytes)
Event: 34.045 Thread 0x000001d322bba000 nmethod 12087 0x000001d30e7b1010 code [0x000001d30e7b11e0, 0x000001d30e7b1488]
Event: 34.045 Thread 0x000001d322bba000 12088       2       com.android.tools.r8.graph.N2::Y (12 bytes)
Event: 34.045 Thread 0x000001d322bba000 nmethod 12088 0x000001d30e7b1590 code [0x000001d30e7b1740, 0x000001d30e7b1858]
Event: 34.046 Thread 0x000001d322bba000 12089       2       com.android.tools.r8.graph.a1::f0 (2 bytes)
Event: 34.046 Thread 0x000001d322bba000 nmethod 12089 0x000001d30e7b1910 code [0x000001d30e7b1ac0, 0x000001d30e7b1bb8]
Event: 34.048 Thread 0x000001d322bba000 12090       2       com.android.tools.r8.dex.a$$Lambda$1409/0x0000000100d4d840::get$Lambda (10 bytes)
Event: 34.054 Thread 0x000001d322bba000 nmethod 12090 0x000001d30e7b1c90 code [0x000001d30e7b1e40, 0x000001d30e7b2038]
Event: 34.054 Thread 0x000001d322bba000 12095   !   2       java.util.concurrent.ConcurrentHashMap::merge (545 bytes)
Event: 34.058 Thread 0x000001d322bba000 nmethod 12095 0x000001d30e7b2110 code [0x000001d30e7b2420, 0x000001d30e7b38f8]
Event: 34.058 Thread 0x000001d322bba000 12092       2       com.google.common.util.concurrent.AbstractListeningExecutorService::submit (6 bytes)
Event: 34.058 Thread 0x000001d322bba000 nmethod 12092 0x000001d30e7b4610 code [0x000001d30e7b4800, 0x000001d30e7b4b48]
Event: 34.058 Thread 0x000001d322bba000 12093       2       com.android.tools.r8.graph.q::V (13 bytes)
Event: 34.059 Thread 0x000001d322bba000 nmethod 12093 0x000001d30e7b4d10 code [0x000001d30e7b4ec0, 0x000001d30e7b4fd8]
Event: 34.059 Thread 0x000001d322bba000 12094       2       com.android.tools.r8.graph.q::T (13 bytes)
Event: 34.059 Thread 0x000001d322bba000 nmethod 12094 0x000001d30e7b5090 code [0x000001d30e7b5240, 0x000001d30e7b5358]
Event: 34.059 Thread 0x000001d322bba000 12096       1       com.android.tools.r8.internal.a2::d (5 bytes)
Event: 34.059 Thread 0x000001d322bba000 nmethod 12096 0x000001d314ab7e10 code [0x000001d314ab7fc0, 0x000001d314ab8078]
Event: 34.059 Thread 0x000001d322bba000 12091       2       com.android.tools.r8.dex.a$$Lambda$1409/0x0000000100d4d840::<init> (15 bytes)
Event: 34.059 Thread 0x000001d322bba000 nmethod 12091 0x000001d30e7b5410 code [0x000001d30e7b55c0, 0x000001d30e7b5758]

GC Heap History (20 events):
Event: 22.226 GC heap before
{Heap before GC invocations=27 (full 0):
 garbage-first heap   total 138240K, used 100352K [0x0000000080000000, 0x0000000100000000)
  region size 1024K, 49 young (50176K), 5 survivors (5120K)
 Metaspace       used 74115K, capacity 75930K, committed 76112K, reserved 1116160K
  class space    used 9688K, capacity 10385K, committed 10444K, reserved 1048576K
}
Event: 22.248 GC heap after
{Heap after GC invocations=28 (full 0):
 garbage-first heap   total 138240K, used 58223K [0x0000000080000000, 0x0000000100000000)
  region size 1024K, 5 young (5120K), 5 survivors (5120K)
 Metaspace       used 74115K, capacity 75930K, committed 76112K, reserved 1116160K
  class space    used 9688K, capacity 10385K, committed 10444K, reserved 1048576K
}
Event: 23.570 GC heap before
{Heap before GC invocations=28 (full 0):
 garbage-first heap   total 138240K, used 106351K [0x0000000080000000, 0x0000000100000000)
  region size 1024K, 52 young (53248K), 5 survivors (5120K)
 Metaspace       used 79109K, capacity 81066K, committed 81232K, reserved 1120256K
  class space    used 10360K, capacity 11097K, committed 11212K, reserved 1048576K
}
Event: 23.585 GC heap after
{Heap after GC invocations=29 (full 0):
 garbage-first heap   total 138240K, used 61437K [0x0000000080000000, 0x0000000100000000)
  region size 1024K, 6 young (6144K), 6 survivors (6144K)
 Metaspace       used 79109K, capacity 81066K, committed 81232K, reserved 1120256K
  class space    used 10360K, capacity 11097K, committed 11212K, reserved 1048576K
}
Event: 24.180 GC heap before
{Heap before GC invocations=29 (full 0):
 garbage-first heap   total 138240K, used 108541K [0x0000000080000000, 0x0000000100000000)
  region size 1024K, 52 young (53248K), 6 survivors (6144K)
 Metaspace       used 80099K, capacity 82081K, committed 82384K, reserved 1120256K
  class space    used 10470K, capacity 11217K, committed 11340K, reserved 1048576K
}
Event: 24.199 GC heap after
{Heap after GC invocations=30 (full 0):
 garbage-first heap   total 138240K, used 66520K [0x0000000080000000, 0x0000000100000000)
  region size 1024K, 7 young (7168K), 7 survivors (7168K)
 Metaspace       used 80099K, capacity 82081K, committed 82384K, reserved 1120256K
  class space    used 10470K, capacity 11217K, committed 11340K, reserved 1048576K
}
Event: 25.327 GC heap before
{Heap before GC invocations=30 (full 0):
 garbage-first heap   total 138240K, used 110552K [0x0000000080000000, 0x0000000100000000)
  region size 1024K, 50 young (51200K), 7 survivors (7168K)
 Metaspace       used 81988K, capacity 84272K, committed 84560K, reserved 1122304K
  class space    used 10804K, capacity 11649K, committed 11724K, reserved 1048576K
}
Event: 25.349 GC heap after
{Heap after GC invocations=31 (full 0):
 garbage-first heap   total 165888K, used 72008K [0x0000000080000000, 0x0000000100000000)
  region size 1024K, 5 young (5120K), 5 survivors (5120K)
 Metaspace       used 81988K, capacity 84272K, committed 84560K, reserved 1122304K
  class space    used 10804K, capacity 11649K, committed 11724K, reserved 1048576K
}
Event: 26.521 GC heap before
{Heap before GC invocations=31 (full 0):
 garbage-first heap   total 165888K, used 121160K [0x0000000080000000, 0x0000000100000000)
  region size 1024K, 54 young (55296K), 5 survivors (5120K)
 Metaspace       used 82889K, capacity 85273K, committed 85456K, reserved 1122304K
  class space    used 10904K, capacity 11799K, committed 11852K, reserved 1048576K
}
Event: 26.535 GC heap after
{Heap after GC invocations=32 (full 0):
 garbage-first heap   total 165888K, used 75524K [0x0000000080000000, 0x0000000100000000)
  region size 1024K, 4 young (4096K), 4 survivors (4096K)
 Metaspace       used 82889K, capacity 85273K, committed 85456K, reserved 1122304K
  class space    used 10904K, capacity 11799K, committed 11852K, reserved 1048576K
}
Event: 27.821 GC heap before
{Heap before GC invocations=32 (full 0):
 garbage-first heap   total 165888K, used 124676K [0x0000000080000000, 0x0000000100000000)
  region size 1024K, 53 young (54272K), 4 survivors (4096K)
 Metaspace       used 83764K, capacity 86216K, committed 86352K, reserved 1124352K
  class space    used 10979K, capacity 11885K, committed 11980K, reserved 1048576K
}
Event: 27.840 GC heap after
{Heap after GC invocations=33 (full 0):
 garbage-first heap   total 165888K, used 78787K [0x0000000080000000, 0x0000000100000000)
  region size 1024K, 7 young (7168K), 7 survivors (7168K)
 Metaspace       used 83764K, capacity 86216K, committed 86352K, reserved 1124352K
  class space    used 10979K, capacity 11885K, committed 11980K, reserved 1048576K
}
Event: 29.060 GC heap before
{Heap before GC invocations=33 (full 0):
 garbage-first heap   total 165888K, used 127939K [0x0000000080000000, 0x0000000100000000)
  region size 1024K, 56 young (57344K), 7 survivors (7168K)
 Metaspace       used 88562K, capacity 91119K, committed 91344K, reserved 1128448K
  class space    used 11560K, capacity 12549K, committed 12620K, reserved 1048576K
}
Event: 29.081 GC heap after
{Heap after GC invocations=34 (full 0):
 garbage-first heap   total 165888K, used 83736K [0x0000000080000000, 0x0000000100000000)
  region size 1024K, 5 young (5120K), 5 survivors (5120K)
 Metaspace       used 88562K, capacity 91119K, committed 91344K, reserved 1128448K
  class space    used 11560K, capacity 12549K, committed 12620K, reserved 1048576K
}
Event: 29.409 GC heap before
{Heap before GC invocations=34 (full 0):
 garbage-first heap   total 165888K, used 92952K [0x0000000080000000, 0x0000000100000000)
  region size 1024K, 16 young (16384K), 5 survivors (5120K)
 Metaspace       used 91285K, capacity 93955K, committed 94288K, reserved 1130496K
  class space    used 11877K, capacity 12880K, committed 13004K, reserved 1048576K
}
Event: 29.437 GC heap after
{Heap after GC invocations=35 (full 0):
 garbage-first heap   total 199680K, used 85022K [0x0000000080000000, 0x0000000100000000)
  region size 1024K, 2 young (2048K), 2 survivors (2048K)
 Metaspace       used 91285K, capacity 93955K, committed 94288K, reserved 1130496K
  class space    used 11877K, capacity 12880K, committed 13004K, reserved 1048576K
}
Event: 31.638 GC heap before
{Heap before GC invocations=36 (full 0):
 garbage-first heap   total 199680K, used 139294K [0x0000000080000000, 0x0000000100000000)
  region size 1024K, 54 young (55296K), 2 survivors (2048K)
 Metaspace       used 93570K, capacity 96217K, committed 96464K, reserved 1132544K
  class space    used 12103K, capacity 13091K, committed 13132K, reserved 1048576K
}
Event: 31.661 GC heap after
{Heap after GC invocations=37 (full 0):
 garbage-first heap   total 199680K, used 93872K [0x0000000080000000, 0x0000000100000000)
  region size 1024K, 7 young (7168K), 7 survivors (7168K)
 Metaspace       used 93570K, capacity 96217K, committed 96464K, reserved 1132544K
  class space    used 12103K, capacity 13091K, committed 13132K, reserved 1048576K
}
Event: 33.361 GC heap before
{Heap before GC invocations=37 (full 0):
 garbage-first heap   total 199680K, used 149168K [0x0000000080000000, 0x0000000100000000)
  region size 1024K, 60 young (61440K), 7 survivors (7168K)
 Metaspace       used 94971K, capacity 97703K, committed 97744K, reserved 1134592K
  class space    used 12299K, capacity 13349K, committed 13388K, reserved 1048576K
}
Event: 33.383 GC heap after
{Heap after GC invocations=38 (full 0):
 garbage-first heap   total 199680K, used 97199K [0x0000000080000000, 0x0000000100000000)
  region size 1024K, 4 young (4096K), 4 survivors (4096K)
 Metaspace       used 94971K, capacity 97703K, committed 97744K, reserved 1134592K
  class space    used 12299K, capacity 13349K, committed 13388K, reserved 1048576K
}

Deoptimization events (20 events):
Event: 33.517 Thread 0x000001d326602800 DEOPT UNPACKING pc=0x000001d30caea1af sp=0x0000006e190fc980 mode 2
Event: 33.517 Thread 0x000001d326604800 Uncommon trap: trap_request=0xffffff4d fr.pc=0x000001d314a4a078 relative=0x00000000000001d8
Event: 33.517 Thread 0x000001d326604800 Uncommon trap: reason=unstable_if action=reinterpret pc=0x000001d314a4a078 method=jdk.internal.util.ArraysSupport.mismatch([B[BI)I @ 60 c2
Event: 33.517 Thread 0x000001d326604800 DEOPT PACKING pc=0x000001d314a4a078 sp=0x0000006e18ffcb40
Event: 33.517 Thread 0x000001d326606800 Uncommon trap: reason=unstable_if action=reinterpret pc=0x000001d314a4a078 method=jdk.internal.util.ArraysSupport.mismatch([B[BI)I @ 60 c2
Event: 33.518 Thread 0x000001d326604800 DEOPT UNPACKING pc=0x000001d30caea1af sp=0x0000006e18ffca88 mode 2
Event: 33.518 Thread 0x000001d326606800 DEOPT PACKING pc=0x000001d314a4a078 sp=0x0000006e191fced0
Event: 33.518 Thread 0x000001d326606800 DEOPT UNPACKING pc=0x000001d30caea1af sp=0x0000006e191fce18 mode 2
Event: 33.546 Thread 0x000001d326606800 DEOPT PACKING pc=0x000001d30e738140 sp=0x0000006e191fd1a0
Event: 33.546 Thread 0x000001d326606800 DEOPT UNPACKING pc=0x000001d30caea95e sp=0x0000006e191fc6c8 mode 0
Event: 33.573 Thread 0x000001d326602800 Uncommon trap: trap_request=0xffffff4d fr.pc=0x000001d3149a5f2c relative=0x000000000000038c
Event: 33.573 Thread 0x000001d326602800 Uncommon trap: reason=unstable_if action=reinterpret pc=0x000001d3149a5f2c method=java.util.stream.StreamOpFlag.getMask(I)I @ 1 c2
Event: 33.573 Thread 0x000001d326602800 DEOPT PACKING pc=0x000001d3149a5f2c sp=0x0000006e190fcf60
Event: 33.573 Thread 0x000001d326602800 DEOPT UNPACKING pc=0x000001d30caea1af sp=0x0000006e190fce50 mode 2
Event: 33.844 Thread 0x000001d326602800 DEOPT PACKING pc=0x000001d30e758440 sp=0x0000006e190fca50
Event: 33.844 Thread 0x000001d326602800 DEOPT UNPACKING pc=0x000001d30caea95e sp=0x0000006e190fbf58 mode 0
Event: 33.846 Thread 0x000001d326602800 DEOPT PACKING pc=0x000001d30e7576c8 sp=0x0000006e190fc7a0
Event: 33.846 Thread 0x000001d326602800 DEOPT UNPACKING pc=0x000001d30caea95e sp=0x0000006e190fbcf8 mode 0
Event: 33.846 Thread 0x000001d326602800 DEOPT PACKING pc=0x000001d30e760be3 sp=0x0000006e190fca50
Event: 33.846 Thread 0x000001d326602800 DEOPT UNPACKING pc=0x000001d30caea95e sp=0x0000006e190fbf40 mode 0

Classes redefined (0 events):
No events

Internal exceptions (20 events):
Event: 33.429 Thread 0x000001d326606000 Exception <a 'sun/nio/fs/WindowsException'{0x000000008bc858e0}> (0x000000008bc858e0) thrown at [src/hotspot/share/prims/jni.cpp, line 617]
Event: 33.496 Thread 0x000001d326606800 Exception <a 'java/lang/NoSuchMethodError'{0x000000008bdc40a0}: 'java.lang.Object java.lang.invoke.DirectMethodHandle$Holder.newInvokeSpecial(java.lang.Object, int)'> (0x000000008bdc40a0) thrown at [src/hotspot/share/interpreter/linkResolver.cpp, line 773]
Event: 33.496 Thread 0x000001d326602800 Exception <a 'java/lang/NoSuchMethodError'{0x000000008bb5be10}: 'java.lang.Object java.lang.invoke.DirectMethodHandle$Holder.newInvokeSpecial(java.lang.Object, int)'> (0x000000008bb5be10) thrown at [src/hotspot/share/interpreter/linkResolver.cpp, line 773]
Event: 33.496 Thread 0x000001d326604800 Exception <a 'java/lang/NoSuchMethodError'{0x000000008ba4a9e0}: 'java.lang.Object java.lang.invoke.DirectMethodHandle$Holder.newInvokeSpecial(java.lang.Object, int)'> (0x000000008ba4a9e0) thrown at [src/hotspot/share/interpreter/linkResolver.cpp, line 773]
Event: 33.496 Thread 0x000001d326606000 Exception <a 'java/lang/NoSuchMethodError'{0x000000008ba4ec48}: 'java.lang.Object java.lang.invoke.DirectMethodHandle$Holder.newInvokeSpecial(java.lang.Object, int)'> (0x000000008ba4ec48) thrown at [src/hotspot/share/interpreter/linkResolver.cpp, line 773]
Event: 33.685 Thread 0x000001d326606800 Exception <a 'java/lang/NoSuchMethodError'{0x000000008b4339d0}: 'java.lang.Object java.lang.invoke.DirectMethodHandle$Holder.invokeStaticInit(java.lang.Object, java.lang.Object, java.lang.Object, java.lang.Object, java.lang.Object, java.lang.Object, java.lang.Object, java.lang.Object, java.lang.Object, java.lang.Object, java.lang.Object, java.lang.Object, java.lang.Object, java.lang.Object, java.lang.Object, java.lang.Object, java.lang.Object, java.lang.Object, java.lang.Object, int, java.lang.Object, java
Event: 33.731 Thread 0x000001d326606800 Exception <a 'java/lang/IncompatibleClassChangeError'{0x000000008b4a4de8}: Found class java.lang.Object, but interface was expected> (0x000000008b4a4de8) thrown at [src/hotspot/share/interpreter/linkResolver.cpp, line 839]
Event: 33.731 Thread 0x000001d326604800 Exception <a 'java/lang/IncompatibleClassChangeError'{0x000000008b4d8e30}: Found class java.lang.Object, but interface was expected> (0x000000008b4d8e30) thrown at [src/hotspot/share/interpreter/linkResolver.cpp, line 839]
Event: 33.794 Thread 0x000001d326606000 Exception <a 'java/lang/NoSuchMethodError'{0x000000008b1e9b38}: 'java.lang.Object java.lang.invoke.DirectMethodHandle$Holder.invokeStatic(java.lang.Object, long)'> (0x000000008b1e9b38) thrown at [src/hotspot/share/interpreter/linkResolver.cpp, line 773]
Event: 33.794 Thread 0x000001d326606800 Exception <a 'java/lang/NoSuchMethodError'{0x000000008b1f2a00}: 'java.lang.Object java.lang.invoke.DirectMethodHandle$Holder.invokeStatic(java.lang.Object, long)'> (0x000000008b1f2a00) thrown at [src/hotspot/share/interpreter/linkResolver.cpp, line 773]
Event: 33.795 Thread 0x000001d326606000 Exception <a 'java/lang/NoSuchMethodError'{0x000000008b1fa470}: 'java.lang.Object java.lang.invoke.DirectMethodHandle$Holder.invokeSpecial(java.lang.Object, java.lang.Object, long)'> (0x000000008b1fa470) thrown at [src/hotspot/share/interpreter/linkResolver.cpp, line 773]
Event: 33.806 Thread 0x000001d326602800 Exception <a 'java/lang/NoSuchMethodError'{0x000000008b1fdcd8}: 'java.lang.Object java.lang.invoke.DirectMethodHandle$Holder.invokeSpecial(java.lang.Object, java.lang.Object, long)'> (0x000000008b1fdcd8) thrown at [src/hotspot/share/interpreter/linkResolver.cpp, line 773]
Event: 33.806 Thread 0x000001d326606800 Exception <a 'java/lang/NoSuchMethodError'{0x000000008b1f5990}: 'java.lang.Object java.lang.invoke.Invokers$Holder.linkToTargetMethod(long, java.lang.Object)'> (0x000000008b1f5990) thrown at [src/hotspot/share/interpreter/linkResolver.cpp, line 773]
Event: 33.806 Thread 0x000001d326606000 Exception <a 'java/lang/NoSuchMethodError'{0x000000008b0004c0}: 'java.lang.Object java.lang.invoke.Invokers$Holder.linkToTargetMethod(long, java.lang.Object)'> (0x000000008b0004c0) thrown at [src/hotspot/share/interpreter/linkResolver.cpp, line 773]
Event: 33.807 Thread 0x000001d326602800 Exception <a 'java/lang/NoSuchMethodError'{0x000000008b0065f8}: 'java.lang.Object java.lang.invoke.Invokers$Holder.linkToTargetMethod(long, java.lang.Object)'> (0x000000008b0065f8) thrown at [src/hotspot/share/interpreter/linkResolver.cpp, line 773]
Event: 34.032 Thread 0x000001d326604800 Exception <a 'java/lang/NoSuchMethodError'{0x000000008a058c38}: 'void java.lang.invoke.DirectMethodHandle$Holder.invokeStatic(java.lang.Object, java.lang.Object, java.lang.Object, int)'> (0x000000008a058c38) thrown at [src/hotspot/share/interpreter/linkResolver.cpp, line 773]
Event: 34.032 Thread 0x000001d326602800 Exception <a 'java/lang/NoSuchMethodError'{0x000000008a230dc8}: 'void java.lang.invoke.DirectMethodHandle$Holder.invokeStatic(java.lang.Object, java.lang.Object, java.lang.Object, int)'> (0x000000008a230dc8) thrown at [src/hotspot/share/interpreter/linkResolver.cpp, line 773]
Event: 34.035 Thread 0x000001d326606000 Exception <a 'java/lang/NoSuchMethodError'{0x000000008a054e30}: 'void java.lang.invoke.DirectMethodHandle$Holder.invokeStatic(java.lang.Object, java.lang.Object, java.lang.Object, int)'> (0x000000008a054e30) thrown at [src/hotspot/share/interpreter/linkResolver.cpp, line 773]
Event: 34.037 Thread 0x000001d326602800 Exception <a 'java/lang/IncompatibleClassChangeError'{0x000000008a070838}: Found class java.lang.Object, but interface was expected> (0x000000008a070838) thrown at [src/hotspot/share/interpreter/linkResolver.cpp, line 839]
Event: 34.037 Thread 0x000001d326604800 Exception <a 'java/lang/IncompatibleClassChangeError'{0x000000008a087020}: Found class java.lang.Object, but interface was expected> (0x000000008a087020) thrown at [src/hotspot/share/interpreter/linkResolver.cpp, line 839]

Events (20 events):
Event: 34.123 loading class com/android/tools/r8/internal/Zl
Event: 34.123 loading class com/android/tools/r8/internal/Zl done
Event: 34.123 loading class com/android/tools/r8/shaking/E0
Event: 34.123 loading class com/android/tools/r8/shaking/E0 done
Event: 34.124 loading class com/android/tools/r8/internal/Vv
Event: 34.124 loading class com/android/tools/r8/internal/Vv done
Event: 34.152 loading class com/android/tools/r8/internal/sK
Event: 34.152 loading class com/android/tools/r8/internal/sK done
Event: 34.152 loading class com/android/tools/r8/graph/e
Event: 34.152 loading class com/android/tools/r8/graph/e done
Event: 34.153 loading class com/android/tools/r8/shaking/i
Event: 34.153 loading class com/android/tools/r8/shaking/i done
Event: 34.153 loading class com/android/tools/r8/internal/L7
Event: 34.153 loading class com/android/tools/r8/internal/L7 done
Event: 34.154 loading class com/android/tools/r8/internal/t1
Event: 34.154 loading class com/android/tools/r8/internal/t1 done
Event: 34.154 loading class com/android/tools/r8/internal/uc
Event: 34.154 loading class com/android/tools/r8/internal/uc done
Event: 34.154 loading class com/android/tools/r8/internal/X20
Event: 34.154 loading class com/android/tools/r8/internal/X20 done


Dynamic libraries:
0x00007ff6abcb0000 - 0x00007ff6abcba000 	C:\Program Files\Android\Android Studio\jbr\bin\java.exe
0x00007ffb55350000 - 0x00007ffb55548000 	C:\WINDOWS\SYSTEM32\ntdll.dll
0x00007ffb536e0000 - 0x00007ffb5379f000 	C:\WINDOWS\System32\KERNEL32.DLL
0x00007ffb52f00000 - 0x00007ffb531da000 	C:\WINDOWS\System32\KERNELBASE.dll
0x00007ffb532b0000 - 0x00007ffb533b0000 	C:\WINDOWS\System32\ucrtbase.dll
0x00007ffb4d490000 - 0x00007ffb4d4a7000 	C:\Program Files\Android\Android Studio\jbr\bin\jli.dll
0x00007ffb4d0a0000 - 0x00007ffb4d0bb000 	C:\Program Files\Android\Android Studio\jbr\bin\VCRUNTIME140.dll
0x00007ffb54b40000 - 0x00007ffb54cdd000 	C:\WINDOWS\System32\USER32.dll
0x00007ffb53250000 - 0x00007ffb53272000 	C:\WINDOWS\System32\win32u.dll
0x00007ffb534e0000 - 0x00007ffb5350b000 	C:\WINDOWS\System32\GDI32.dll
0x00007ffb52ba0000 - 0x00007ffb52cb0000 	C:\WINDOWS\System32\gdi32full.dll
0x00007ffb52d00000 - 0x00007ffb52d9d000 	C:\WINDOWS\System32\msvcp_win.dll
0x00007ffb43d20000 - 0x00007ffb43fba000 	C:\WINDOWS\WinSxS\amd64_microsoft.windows.common-controls_6595b64144ccf1df_6.0.19041.1110_none_60b5254171f9507e\COMCTL32.dll
0x00007ffb53ef0000 - 0x00007ffb53f8e000 	C:\WINDOWS\System32\msvcrt.dll
0x00007ffb53cb0000 - 0x00007ffb53ce0000 	C:\WINDOWS\System32\IMM32.DLL
0x00007ffb4d3a0000 - 0x00007ffb4d3ac000 	C:\Program Files\Android\Android Studio\jbr\bin\vcruntime140_1.dll
0x00007ffb355f0000 - 0x00007ffb3567d000 	C:\Program Files\Android\Android Studio\jbr\bin\msvcp140.dll
0x00007ffb1be00000 - 0x00007ffb1c9bc000 	C:\Program Files\Android\Android Studio\jbr\bin\server\jvm.dll
0x00007ffb53430000 - 0x00007ffb534de000 	C:\WINDOWS\System32\ADVAPI32.dll
0x00007ffb54a20000 - 0x00007ffb54abc000 	C:\WINDOWS\System32\sechost.dll
0x00007ffb54890000 - 0x00007ffb549b6000 	C:\WINDOWS\System32\RPCRT4.dll
0x00007ffb53ee0000 - 0x00007ffb53ee8000 	C:\WINDOWS\System32\PSAPI.DLL
0x00007ffb4d9e0000 - 0x00007ffb4d9e9000 	C:\WINDOWS\SYSTEM32\WSOCK32.dll
0x00007ffb53ce0000 - 0x00007ffb53d4b000 	C:\WINDOWS\System32\WS2_32.dll
0x00007ffb391a0000 - 0x00007ffb391c7000 	C:\WINDOWS\SYSTEM32\WINMM.dll
0x00007ffb497f0000 - 0x00007ffb497fa000 	C:\WINDOWS\SYSTEM32\VERSION.dll
0x00007ffb51270000 - 0x00007ffb51282000 	C:\WINDOWS\SYSTEM32\kernel.appcore.dll
0x00007ffb4d9c0000 - 0x00007ffb4d9d0000 	C:\Program Files\Android\Android Studio\jbr\bin\verify.dll
0x00007ffb49a50000 - 0x00007ffb49c34000 	C:\WINDOWS\SYSTEM32\DBGHELP.DLL
0x00007ffb49a10000 - 0x00007ffb49a44000 	C:\WINDOWS\SYSTEM32\dbgcore.DLL
0x00007ffb52a60000 - 0x00007ffb52ae2000 	C:\WINDOWS\System32\bcryptPrimitives.dll
0x00007ffb44dd0000 - 0x00007ffb44df8000 	C:\Program Files\Android\Android Studio\jbr\bin\java.dll
0x00007ffb4d4e0000 - 0x00007ffb4d4ea000 	C:\Program Files\Android\Android Studio\jbr\bin\jimage.dll
0x00007ffb49ee0000 - 0x00007ffb49ef8000 	C:\Program Files\Android\Android Studio\jbr\bin\zip.dll
0x00007ffb53f90000 - 0x00007ffb546d4000 	C:\WINDOWS\System32\SHELL32.dll
0x00007ffb50900000 - 0x00007ffb51093000 	C:\WINDOWS\SYSTEM32\windows.storage.dll
0x00007ffb537a0000 - 0x00007ffb53af4000 	C:\WINDOWS\System32\combase.dll
0x00007ffb52300000 - 0x00007ffb5232e000 	C:\WINDOWS\SYSTEM32\Wldp.dll
0x00007ffb54ce0000 - 0x00007ffb54d8d000 	C:\WINDOWS\System32\SHCORE.dll
0x00007ffb54ac0000 - 0x00007ffb54b15000 	C:\WINDOWS\System32\shlwapi.dll
0x00007ffb529a0000 - 0x00007ffb529bf000 	C:\WINDOWS\SYSTEM32\profapi.dll
0x00007ffb46690000 - 0x00007ffb466a9000 	C:\Program Files\Android\Android Studio\jbr\bin\net.dll
0x00007ffb4bbd0000 - 0x00007ffb4bcda000 	C:\WINDOWS\SYSTEM32\WINHTTP.dll
0x00007ffb520e0000 - 0x00007ffb5214a000 	C:\WINDOWS\system32\mswsock.dll
0x00007ffb46060000 - 0x00007ffb46073000 	C:\Program Files\Android\Android Studio\jbr\bin\nio.dll
0x00007ffb44da0000 - 0x00007ffb44dc7000 	C:\Users\hp\.gradle\native\e1d6ef7f7dcc3fd88c89a11ec53ec762bb8ba0a96d01ffa2cd45eb1d1d8dd5c5\windows-amd64\native-platform.dll
0x00007ffb21050000 - 0x00007ffb21194000 	C:\Users\hp\.gradle\native\0d407fdbe67a94daf76414ababcb853783967236a71b16ec16e742cd7a986fd3\windows-amd64\native-platform-file-events.dll
0x00007ffb4d390000 - 0x00007ffb4d39a000 	C:\Program Files\Android\Android Studio\jbr\bin\management.dll
0x00007ffb4d090000 - 0x00007ffb4d09b000 	C:\Program Files\Android\Android Studio\jbr\bin\management_ext.dll
0x00007ffb52640000 - 0x00007ffb52658000 	C:\WINDOWS\SYSTEM32\CRYPTSP.dll
0x00007ffb51a20000 - 0x00007ffb51a54000 	C:\WINDOWS\system32\rsaenh.dll
0x00007ffb53280000 - 0x00007ffb532a7000 	C:\WINDOWS\System32\bcrypt.dll
0x00007ffb52960000 - 0x00007ffb5298e000 	C:\WINDOWS\SYSTEM32\USERENV.dll
0x00007ffb52270000 - 0x00007ffb5227c000 	C:\WINDOWS\SYSTEM32\CRYPTBASE.dll
0x00007ffb51df0000 - 0x00007ffb51e2c000 	C:\WINDOWS\SYSTEM32\IPHLPAPI.DLL
0x00007ffb53510000 - 0x00007ffb53518000 	C:\WINDOWS\System32\NSI.dll
0x00007ffb4b800000 - 0x00007ffb4b817000 	C:\WINDOWS\SYSTEM32\dhcpcsvc6.DLL
0x00007ffb4b100000 - 0x00007ffb4b11d000 	C:\WINDOWS\SYSTEM32\dhcpcsvc.DLL
0x00007ffb51e30000 - 0x00007ffb51efb000 	C:\WINDOWS\SYSTEM32\DNSAPI.dll

dbghelp: loaded successfully - version: 4.0.5 - missing functions: none
symbol engine: initialized successfully - sym options: 0x614 - pdb path: .;C:\Program Files\Android\Android Studio\jbr\bin;C:\WINDOWS\SYSTEM32;C:\WINDOWS\WinSxS\amd64_microsoft.windows.common-controls_6595b64144ccf1df_6.0.19041.1110_none_60b5254171f9507e;C:\Program Files\Android\Android Studio\jbr\bin\server;C:\Users\hp\.gradle\native\e1d6ef7f7dcc3fd88c89a11ec53ec762bb8ba0a96d01ffa2cd45eb1d1d8dd5c5\windows-amd64;C:\Users\hp\.gradle\native\0d407fdbe67a94daf76414ababcb853783967236a71b16ec16e742cd7a986fd3\windows-amd64

VM Arguments:
jvm_args: --add-opens=java.base/java.util=ALL-UNNAMED --add-opens=java.base/java.lang=ALL-UNNAMED --add-opens=java.base/java.lang.invoke=ALL-UNNAMED --add-opens=java.base/java.util=ALL-UNNAMED --add-opens=java.prefs/java.util.prefs=ALL-UNNAMED --add-opens=java.prefs/java.util.prefs=ALL-UNNAMED --add-opens=java.base/java.nio.charset=ALL-UNNAMED --add-opens=java.base/java.net=ALL-UNNAMED --add-opens=java.base/java.util.concurrent.atomic=ALL-UNNAMED -Xmx2048m -Dfile.encoding=UTF-8 -Duser.country=US -Duser.language=en -Duser.variant 
java_command: org.gradle.launcher.daemon.bootstrap.GradleDaemon 7.5
java_class_path (initial): C:\Users\hp\.gradle\wrapper\dists\gradle-7.5-bin\f1w0cc9nuo0eivz97x2xlu9sv\gradle-7.5\lib\gradle-launcher-7.5.jar
Launcher Type: SUN_STANDARD

[Global flags]
     intx CICompilerCount                          = 3                                         {product} {ergonomic}
     uint ConcGCThreads                            = 1                                         {product} {ergonomic}
     uint G1ConcRefinementThreads                  = 4                                         {product} {ergonomic}
   size_t G1HeapRegionSize                         = 1048576                                   {product} {ergonomic}
    uintx GCDrainStackTargetSize                   = 64                                        {product} {ergonomic}
   size_t InitialHeapSize                          = 67108864                                  {product} {ergonomic}
   size_t MarkStackSize                            = 4194304                                   {product} {ergonomic}
   size_t MaxHeapSize                              = 2147483648                                {product} {command line}
   size_t MaxNewSize                               = 1287651328                                {product} {ergonomic}
   size_t MinHeapDeltaBytes                        = 1048576                                   {product} {ergonomic}
    uintx NonNMethodCodeHeapSize                   = 5830732                                {pd product} {ergonomic}
    uintx NonProfiledCodeHeapSize                  = 122913754                              {pd product} {ergonomic}
    uintx ProfiledCodeHeapSize                     = 122913754                              {pd product} {ergonomic}
    uintx ReservedCodeCacheSize                    = 251658240                              {pd product} {ergonomic}
     bool SegmentedCodeCache                       = true                                      {product} {ergonomic}
     bool UseCompressedClassPointers               = true                                 {lp64_product} {ergonomic}
     bool UseCompressedOops                        = true                                 {lp64_product} {ergonomic}
     bool UseG1GC                                  = true                                      {product} {ergonomic}
     bool UseLargePagesIndividualAllocation        = false                                  {pd product} {ergonomic}

Logging:
Log output configuration:
 #0: stdout all=warning uptime,level,tags
 #1: stderr all=off uptime,level,tags

Environment Variables:
JAVA_HOME=C:\Program Files\Java\jdk-17.0.2
PATH=C:\Program Files\Common Files\Oracle\Java\javapath;C:\WINDOWS\system32;C:\WINDOWS;C:\WINDOWS\System32\Wbem;C:\WINDOWS\System32\WindowsPowerShell\v1.0\;C:\WINDOWS\System32\OpenSSH\;C:\MinGW\bin;C:\Program Files\Java\jdk-17.0.2\bin;C:\msys64\mingw64\bin;C:\Program Files\nodejs\;C:\Program Files\Git\cmd;;C:\Users\hp\AppData\Local\Microsoft\WindowsApps;C:\Program Files\JetBrains\IntelliJ IDEA Community Edition 2022.1\bin;;C:\modeltech64_10.6d\win64;C:\Users\hp\AppData\Roaming\npm;C:\Users\hp\AppData\Local\Programs\Microsoft VS Code\bin
USERNAME=hp
OS=Windows_NT
PROCESSOR_IDENTIFIER=Intel64 Family 6 Model 69 Stepping 1, GenuineIntel



---------------  S Y S T E M  ---------------

OS: Windows 10 , 64 bit Build 19041 (10.0.19041.2788)
OS uptime: 18 days 23:47 hours
Hyper-V role detected

CPU:total 4 (initial active 4) (2 cores per cpu, 2 threads per core) family 6 model 69 stepping 1 microcode 0x25, cmov, cx8, fxsr, mmx, sse, sse2, sse3, ssse3, sse4.1, sse4.2, popcnt, avx, avx2, aes, clmul, erms, lzcnt, ht, tsc, tscinvbit, bmi1, bmi2, fma

Memory: 4k page, system-wide physical 3993M (218M free)
TotalPageFile size 11755M (AvailPageFile size 2M)
current process WorkingSet (physical memory assigned to process): 414M, peak: 436M
current process commit charge ("private bytes"): 496M, peak: 496M

vm_info: OpenJDK 64-Bit Server VM (11.0.15+0-b2043.56-9505619) for windows-amd64 JRE (11.0.15+0-b2043.56-9505619), built on Jan 19 2023 02:48:00 by "builduser" with unknown MS VC++:1929

END.
