#
# There is insufficient memory for the Java Runtime Environment to continue.
# Native memory allocation (malloc) failed to allocate 1888656 bytes for Chunk::new
# Possible reasons:
#   The system is out of physical RAM or swap space
#   The process is running with CompressedOops enabled, and the Java Heap may be blocking the growth of the native heap
# Possible solutions:
#   Reduce memory load on the system
#   Increase physical memory or swap space
#   Check if swap backing store is full
#   Decrease Java heap size (-Xmx/-Xms)
#   Decrease number of Java threads
#   Decrease Java thread stack sizes (-Xss)
#   Set larger code cache with -XX:ReservedCodeCacheSize=
#   JVM is running with Unscaled Compressed Oops mode in which the Java heap is
#     placed in the first 4GB address space. The Java Heap base address is the
#     maximum limit for the native heap growth. Please use -XX:HeapBaseMinAddress
#     to set the Java Heap base and to place the Java Heap above 4GB virtual address.
# This output file may be truncated or incomplete.
#
#  Out of Memory Error (src/hotspot/share/memory/arena.cpp:197), pid=8960, tid=11744
#
# JRE version: OpenJDK Runtime Environment (11.0.15) (build 11.0.15+0-b2043.56-9505619)
# Java VM: OpenJDK 64-Bit Server VM (11.0.15+0-b2043.56-9505619, mixed mode, tiered, compressed oops, g1 gc, windows-amd64)
# No core dump will be written. Minidumps are not enabled by default on client versions of Windows
#

---------------  S U M M A R Y ------------

Command Line: --add-opens=java.base/java.util=ALL-UNNAMED --add-opens=java.base/java.lang=ALL-UNNAMED --add-opens=java.base/java.lang.invoke=ALL-UNNAMED --add-opens=java.base/java.util=ALL-UNNAMED --add-opens=java.prefs/java.util.prefs=ALL-UNNAMED --add-opens=java.prefs/java.util.prefs=ALL-UNNAMED --add-opens=java.base/java.nio.charset=ALL-UNNAMED --add-opens=java.base/java.net=ALL-UNNAMED --add-opens=java.base/java.util.concurrent.atomic=ALL-UNNAMED -Xmx2048m -Dfile.encoding=UTF-8 -Duser.country=US -Duser.language=en -Duser.variant org.gradle.launcher.daemon.bootstrap.GradleDaemon 7.5

Host: Intel(R) Core(TM) i7-4600U CPU @ 2.10GHz, 4 cores, 3G,  Windows 10 , 64 bit Build 19041 (10.0.19041.2788)
Time: Mon May  8 23:00:37 2023 Pakistan Standard Time elapsed time: 40.092923 seconds (0d 0h 0m 40s)

---------------  T H R E A D  ---------------

Current thread (0x000001cd23bff800):  JavaThread "C2 CompilerThread0" daemon [_thread_in_native, id=11744, stack(0x0000005303b00000,0x0000005303c00000)]


Current CompileTask:
C2:  40093 10742       4       com.android.utils.XmlUtils::append (597 bytes)

Stack: [0x0000005303b00000,0x0000005303c00000]
Native frames: (J=compiled Java code, j=interpreted, Vv=VM code, C=native code)
V  [jvm.dll+0x64135a]
V  [jvm.dll+0x7d39f9]
V  [jvm.dll+0x7d51b9]
V  [jvm.dll+0x7d58a3]
V  [jvm.dll+0x2691c5]
V  [jvm.dll+0xc1a5c]
V  [jvm.dll+0xc200c]
V  [jvm.dll+0x377462]
V  [jvm.dll+0x342495]
V  [jvm.dll+0x34186a]
V  [jvm.dll+0x2214bd]
V  [jvm.dll+0x220498]
V  [jvm.dll+0x19e851]
V  [jvm.dll+0x230479]
V  [jvm.dll+0x22e5ef]
V  [jvm.dll+0x794de1]
V  [jvm.dll+0x78dc24]
V  [jvm.dll+0x6400f6]
C  [ucrtbase.dll+0x21bb2]
C  [KERNEL32.DLL+0x17604]
C  [ntdll.dll+0x526a1]


---------------  P R O C E S S  ---------------

Threads class SMR info:
_java_thread_list=0x000001cd28e43b90, length=84, elements={
0x000001cd09fc3000, 0x000001cd23b9c800, 0x000001cd23b9f800, 0x000001cd23bfa800,
0x000001cd23bfc000, 0x000001cd23bfe800, 0x000001cd23bff800, 0x000001cd23c0b000,
0x000001cd23c13800, 0x000001cd2466f800, 0x000001cd252a7000, 0x000001cd26005800,
0x000001cd25637800, 0x000001cd2577c800, 0x000001cd25e05800, 0x000001cd25ea3800,
0x000001cd25d0d000, 0x000001cd24889800, 0x000001cd247fa800, 0x000001cd247fb800,
0x000001cd26645800, 0x000001cd26646000, 0x000001cd26647000, 0x000001cd26647800,
0x000001cd28f49800, 0x000001cd28f4a800, 0x000001cd28f48000, 0x000001cd28f44800,
0x000001cd28f47000, 0x000001cd28f48800, 0x000001cd28f4b000, 0x000001cd28f45800,
0x000001cd28f4c000, 0x000001cd28f51000, 0x000001cd28f4e800, 0x000001cd28f50000,
0x000001cd28f51800, 0x000001cd28f4d800, 0x000001cd28f52800, 0x000001cd28f4c800,
0x000001cd28f53800, 0x000001cd26c31000, 0x000001cd26c35000, 0x000001cd26c34800,
0x000001cd26c36000, 0x000001cd26c33800, 0x000001cd26c32800, 0x000001cd26c30800,
0x000001cd26c37000, 0x000001cd26c37800, 0x000001cd26c32000, 0x000001cd26c38800,
0x000001cd26c3c800, 0x000001cd26c39000, 0x000001cd26c3d800, 0x000001cd26c3e000,
0x000001cd26c3f000, 0x000001cd26c3a000, 0x000001cd26c3b000, 0x000001cd26c3b800,
0x000001cd25dd3000, 0x000001cd25dd4800, 0x000001cd25dd5800, 0x000001cd25dd1800,
0x000001cd25dd6800, 0x000001cd25dd7000, 0x000001cd25dd8000, 0x000001cd25dd2000,
0x000001cd25dd9800, 0x000001cd25dd9000, 0x000001cd25dd4000, 0x000001cd25de0000,
0x000001cd25ddd000, 0x000001cd25dda800, 0x000001cd25ddd800, 0x000001cd25ddb000,
0x000001cd25ddc000, 0x000001cd25dde800, 0x000001cd25ddf800, 0x000001cd26009800,
0x000001cd2600a800, 0x000001cd2600d000, 0x000001cd2600b000, 0x000001cd2600e800
}

Java Threads: ( => current thread )
  0x000001cd09fc3000 JavaThread "main" [_thread_blocked, id=9560, stack(0x0000005302f00000,0x0000005303000000)]
  0x000001cd23b9c800 JavaThread "Reference Handler" daemon [_thread_blocked, id=14472, stack(0x0000005303600000,0x0000005303700000)]
  0x000001cd23b9f800 JavaThread "Finalizer" daemon [_thread_blocked, id=11116, stack(0x0000005303700000,0x0000005303800000)]
  0x000001cd23bfa800 JavaThread "Signal Dispatcher" daemon [_thread_blocked, id=12396, stack(0x0000005303800000,0x0000005303900000)]
  0x000001cd23bfc000 JavaThread "Attach Listener" daemon [_thread_blocked, id=12696, stack(0x0000005303900000,0x0000005303a00000)]
  0x000001cd23bfe800 JavaThread "Service Thread" daemon [_thread_blocked, id=4988, stack(0x0000005303a00000,0x0000005303b00000)]
=>0x000001cd23bff800 JavaThread "C2 CompilerThread0" daemon [_thread_in_native, id=11744, stack(0x0000005303b00000,0x0000005303c00000)]
  0x000001cd23c0b000 JavaThread "C1 CompilerThread0" daemon [_thread_blocked, id=10340, stack(0x0000005303c00000,0x0000005303d00000)]
  0x000001cd23c13800 JavaThread "Sweeper thread" daemon [_thread_blocked, id=12884, stack(0x0000005303d00000,0x0000005303e00000)]
  0x000001cd2466f800 JavaThread "Common-Cleaner" daemon [_thread_blocked, id=3904, stack(0x0000005303e00000,0x0000005303f00000)]
  0x000001cd252a7000 JavaThread "Daemon health stats" [_thread_blocked, id=5496, stack(0x0000005304100000,0x0000005304200000)]
  0x000001cd26005800 JavaThread "Incoming local TCP Connector on port 59315" [_thread_in_native, id=11688, stack(0x0000005304200000,0x0000005304300000)]
  0x000001cd25637800 JavaThread "Daemon periodic checks" [_thread_blocked, id=6392, stack(0x0000005304300000,0x0000005304400000)]
  0x000001cd2577c800 JavaThread "Daemon" [_thread_blocked, id=10652, stack(0x0000005304400000,0x0000005304500000)]
  0x000001cd25e05800 JavaThread "Handler for socket connection from /127.0.0.1:59315 to /127.0.0.1:59316" [_thread_in_native, id=11152, stack(0x0000005304500000,0x0000005304600000)]
  0x000001cd25ea3800 JavaThread "Cancel handler" [_thread_blocked, id=5028, stack(0x0000005304600000,0x0000005304700000)]
  0x000001cd25d0d000 JavaThread "Daemon worker" [_thread_blocked, id=9620, stack(0x0000005304700000,0x0000005304800000)]
  0x000001cd24889800 JavaThread "Asynchronous log dispatcher for DefaultDaemonConnection: socket connection from /127.0.0.1:59315 to /127.0.0.1:59316" [_thread_blocked, id=12168, stack(0x0000005304800000,0x0000005304900000)]
  0x000001cd247fa800 JavaThread "Stdin handler" [_thread_blocked, id=11500, stack(0x0000005304900000,0x0000005304a00000)]
  0x000001cd247fb800 JavaThread "Daemon client event forwarder" [_thread_blocked, id=3420, stack(0x0000005304a00000,0x0000005304b00000)]
  0x000001cd26645800 JavaThread "Cache worker for journal cache (C:\Users\hp\.gradle\caches\journal-1)" [_thread_blocked, id=4404, stack(0x0000005304b00000,0x0000005304c00000)]
  0x000001cd26646000 JavaThread "File lock request listener" [_thread_in_native, id=15160, stack(0x0000005304e00000,0x0000005304f00000)]
  0x000001cd26647000 JavaThread "Cache worker for file hash cache (C:\Users\hp\.gradle\caches\7.5\fileHashes)" [_thread_blocked, id=844, stack(0x0000005304f00000,0x0000005305000000)]
  0x000001cd26647800 JavaThread "File watcher server" daemon [_thread_in_native, id=13728, stack(0x0000005305100000,0x0000005305200000)]
  0x000001cd28f49800 JavaThread "File watcher consumer" daemon [_thread_blocked, id=11952, stack(0x0000005305200000,0x0000005305300000)]
  0x000001cd28f4a800 JavaThread "Cache worker for checksums cache (C:\Users\hp\AndroidStudioProjects\Assignment22\.gradle\7.5\checksums)" [_thread_blocked, id=2448, stack(0x0000005305300000,0x0000005305400000)]
  0x000001cd28f48000 JavaThread "Cache worker for cache directory md-rule (C:\Users\hp\.gradle\caches\7.5\md-rule)" [_thread_blocked, id=16620, stack(0x0000005305400000,0x0000005305500000)]
  0x000001cd28f44800 JavaThread "Cache worker for file content cache (C:\Users\hp\.gradle\caches\7.5\fileContent)" [_thread_blocked, id=440, stack(0x0000005305500000,0x0000005305600000)]
  0x000001cd28f47000 JavaThread "Cache worker for file hash cache (C:\Users\hp\AndroidStudioProjects\Assignment22\.gradle\7.5\fileHashes)" [_thread_blocked, id=15484, stack(0x0000005305000000,0x0000005305100000)]
  0x000001cd28f48800 JavaThread "Cache worker for cache directory md-supplier (C:\Users\hp\.gradle\caches\7.5\md-supplier)" [_thread_blocked, id=2196, stack(0x0000005305600000,0x0000005305700000)]
  0x000001cd28f4b000 JavaThread "Cache worker for execution history cache (C:\Users\hp\.gradle\caches\7.5\executionHistory)" [_thread_blocked, id=7264, stack(0x0000005305700000,0x0000005305800000)]
  0x000001cd28f45800 JavaThread "jar transforms" [_thread_blocked, id=14932, stack(0x0000005305800000,0x0000005305900000)]
  0x000001cd28f4c000 JavaThread "jar transforms Thread 2" [_thread_blocked, id=9808, stack(0x0000005305900000,0x0000005305a00000)]
  0x000001cd28f51000 JavaThread "jar transforms Thread 3" [_thread_blocked, id=15540, stack(0x0000005305b00000,0x0000005305c00000)]
  0x000001cd28f4e800 JavaThread "jar transforms Thread 4" [_thread_blocked, id=10936, stack(0x0000005305c00000,0x0000005305d00000)]
  0x000001cd28f50000 JavaThread "Cache worker for dependencies-accessors (C:\Users\hp\AndroidStudioProjects\Assignment22\.gradle\7.5\dependencies-accessors)" [_thread_blocked, id=5676, stack(0x0000005305d00000,0x0000005305e00000)]
  0x000001cd28f51800 JavaThread "Cache worker for Build Output Cleanup Cache (C:\Users\hp\AndroidStudioProjects\Assignment22\.gradle\buildOutputCleanup)" [_thread_blocked, id=5368, stack(0x0000005305a00000,0x0000005305b00000)]
  0x000001cd28f4d800 JavaThread "Unconstrained build operations" [_thread_blocked, id=9488, stack(0x0000005305f00000,0x0000005306000000)]
  0x000001cd28f52800 JavaThread "Unconstrained build operations Thread 2" [_thread_blocked, id=12964, stack(0x0000005306000000,0x0000005306100000)]
  0x000001cd28f4c800 JavaThread "Unconstrained build operations Thread 3" [_thread_blocked, id=11360, stack(0x0000005306100000,0x0000005306200000)]
  0x000001cd28f53800 JavaThread "Unconstrained build operations Thread 4" [_thread_blocked, id=17332, stack(0x0000005306200000,0x0000005306300000)]
  0x000001cd26c31000 JavaThread "Unconstrained build operations Thread 5" [_thread_blocked, id=2020, stack(0x0000005306300000,0x0000005306400000)]
  0x000001cd26c35000 JavaThread "Unconstrained build operations Thread 6" [_thread_blocked, id=13756, stack(0x0000005306400000,0x0000005306500000)]
  0x000001cd26c34800 JavaThread "Unconstrained build operations Thread 7" [_thread_blocked, id=6692, stack(0x0000005306500000,0x0000005306600000)]
  0x000001cd26c36000 JavaThread "Unconstrained build operations Thread 8" [_thread_blocked, id=11928, stack(0x0000005306600000,0x0000005306700000)]
  0x000001cd26c33800 JavaThread "Unconstrained build operations Thread 9" [_thread_blocked, id=11912, stack(0x0000005306700000,0x0000005306800000)]
  0x000001cd26c32800 JavaThread "Unconstrained build operations Thread 10" [_thread_blocked, id=9052, stack(0x0000005306800000,0x0000005306900000)]
  0x000001cd26c30800 JavaThread "Unconstrained build operations Thread 11" [_thread_blocked, id=4148, stack(0x0000005306900000,0x0000005306a00000)]
  0x000001cd26c37000 JavaThread "Unconstrained build operations Thread 12" [_thread_blocked, id=17044, stack(0x0000005306a00000,0x0000005306b00000)]
  0x000001cd26c37800 JavaThread "Unconstrained build operations Thread 13" [_thread_blocked, id=1836, stack(0x0000005306b00000,0x0000005306c00000)]
  0x000001cd26c32000 JavaThread "Unconstrained build operations Thread 14" [_thread_blocked, id=2716, stack(0x0000005306c00000,0x0000005306d00000)]
  0x000001cd26c38800 JavaThread "Unconstrained build operations Thread 15" [_thread_blocked, id=11284, stack(0x0000005306d00000,0x0000005306e00000)]
  0x000001cd26c3c800 JavaThread "Unconstrained build operations Thread 16" [_thread_blocked, id=15020, stack(0x0000005306e00000,0x0000005306f00000)]
  0x000001cd26c39000 JavaThread "Unconstrained build operations Thread 17" [_thread_blocked, id=536, stack(0x0000005306f00000,0x0000005307000000)]
  0x000001cd26c3d800 JavaThread "Unconstrained build operations Thread 18" [_thread_blocked, id=8788, stack(0x0000005307000000,0x0000005307100000)]
  0x000001cd26c3e000 JavaThread "Unconstrained build operations Thread 19" [_thread_blocked, id=7256, stack(0x0000005307100000,0x0000005307200000)]
  0x000001cd26c3f000 JavaThread "Unconstrained build operations Thread 20" [_thread_blocked, id=2856, stack(0x0000005307200000,0x0000005307300000)]
  0x000001cd26c3a000 JavaThread "Unconstrained build operations Thread 21" [_thread_blocked, id=16996, stack(0x0000005307300000,0x0000005307400000)]
  0x000001cd26c3b000 JavaThread "Unconstrained build operations Thread 22" [_thread_blocked, id=15632, stack(0x0000005307400000,0x0000005307500000)]
  0x000001cd26c3b800 JavaThread "Unconstrained build operations Thread 23" [_thread_blocked, id=7800, stack(0x0000005307500000,0x0000005307600000)]
  0x000001cd25dd3000 JavaThread "Unconstrained build operations Thread 24" [_thread_blocked, id=9876, stack(0x0000005307600000,0x0000005307700000)]
  0x000001cd25dd4800 JavaThread "Unconstrained build operations Thread 25" [_thread_blocked, id=5396, stack(0x0000005307700000,0x0000005307800000)]
  0x000001cd25dd5800 JavaThread "Unconstrained build operations Thread 26" [_thread_blocked, id=32, stack(0x0000005307800000,0x0000005307900000)]
  0x000001cd25dd1800 JavaThread "Unconstrained build operations Thread 27" [_thread_blocked, id=11552, stack(0x0000005307900000,0x0000005307a00000)]
  0x000001cd25dd6800 JavaThread "Unconstrained build operations Thread 28" [_thread_blocked, id=16052, stack(0x0000005307a00000,0x0000005307b00000)]
  0x000001cd25dd7000 JavaThread "Unconstrained build operations Thread 29" [_thread_blocked, id=12640, stack(0x0000005307b00000,0x0000005307c00000)]
  0x000001cd25dd8000 JavaThread "Unconstrained build operations Thread 30" [_thread_blocked, id=13456, stack(0x0000005307c00000,0x0000005307d00000)]
  0x000001cd25dd2000 JavaThread "Unconstrained build operations Thread 31" [_thread_blocked, id=10900, stack(0x0000005307d00000,0x0000005307e00000)]
  0x000001cd25dd9800 JavaThread "Unconstrained build operations Thread 32" [_thread_blocked, id=11664, stack(0x0000005307e00000,0x0000005307f00000)]
  0x000001cd25dd9000 JavaThread "Unconstrained build operations Thread 33" [_thread_blocked, id=7376, stack(0x0000005307f00000,0x0000005308000000)]
  0x000001cd25dd4000 JavaThread "Unconstrained build operations Thread 34" [_thread_blocked, id=1744, stack(0x0000005308000000,0x0000005308100000)]
  0x000001cd25de0000 JavaThread "Unconstrained build operations Thread 35" [_thread_blocked, id=2480, stack(0x0000005308100000,0x0000005308200000)]
  0x000001cd25ddd000 JavaThread "Unconstrained build operations Thread 36" [_thread_blocked, id=16132, stack(0x0000005308200000,0x0000005308300000)]
  0x000001cd25dda800 JavaThread "Unconstrained build operations Thread 37" [_thread_blocked, id=15572, stack(0x0000005308300000,0x0000005308400000)]
  0x000001cd25ddd800 JavaThread "Unconstrained build operations Thread 38" [_thread_blocked, id=12444, stack(0x0000005308400000,0x0000005308500000)]
  0x000001cd25ddb000 JavaThread "Unconstrained build operations Thread 39" [_thread_blocked, id=15784, stack(0x0000005308500000,0x0000005308600000)]
  0x000001cd25ddc000 JavaThread "Unconstrained build operations Thread 40" [_thread_blocked, id=16408, stack(0x0000005308600000,0x0000005308700000)]
  0x000001cd25dde800 JavaThread "build event listener" [_thread_blocked, id=3064, stack(0x0000005308700000,0x0000005308800000)]
  0x000001cd25ddf800 JavaThread "Memory manager" [_thread_blocked, id=9136, stack(0x0000005308800000,0x0000005308900000)]
  0x000001cd26009800 JavaThread "included builds" [_thread_blocked, id=13036, stack(0x0000005302c00000,0x0000005302d00000)]
  0x000001cd2600a800 JavaThread "Execution worker" [_thread_in_Java, id=9148, stack(0x0000005308900000,0x0000005308a00000)]
  0x000001cd2600d000 JavaThread "Execution worker Thread 2" [_thread_blocked, id=8768, stack(0x0000005308a00000,0x0000005308b00000)]
  0x000001cd2600b000 JavaThread "Execution worker Thread 3" [_thread_blocked, id=5992, stack(0x0000005308b00000,0x0000005308c00000)]
  0x000001cd2600e800 JavaThread "Cache worker for execution history cache (C:\Users\hp\AndroidStudioProjects\Assignment22\.gradle\7.5\executionHistory)" [_thread_blocked, id=14672, stack(0x0000005308c00000,0x0000005308d00000)]

Other Threads:
  0x000001cd23b97800 VMThread "VM Thread" [stack: 0x0000005303500000,0x0000005303600000] [id=17276]
  0x000001cd2469a800 WatcherThread [stack: 0x0000005303f00000,0x0000005304000000] [id=17384]
  0x000001cd09fda800 GCTaskThread "GC Thread#0" [stack: 0x0000005303000000,0x0000005303100000] [id=7844]
  0x000001cd24edd800 GCTaskThread "GC Thread#1" [stack: 0x0000005304000000,0x0000005304100000] [id=7428]
  0x000001cd25ea4000 GCTaskThread "GC Thread#2" [stack: 0x0000005304c00000,0x0000005304d00000] [id=9080]
  0x000001cd25d0d800 GCTaskThread "GC Thread#3" [stack: 0x0000005304d00000,0x0000005304e00000] [id=9372]
  0x000001cd0a00d000 ConcurrentGCThread "G1 Main Marker" [stack: 0x0000005303100000,0x0000005303200000] [id=6316]
  0x000001cd0a00e000 ConcurrentGCThread "G1 Conc#0" [stack: 0x0000005303200000,0x0000005303300000] [id=11980]
  0x000001cd0a068000 ConcurrentGCThread "G1 Refine#0" [stack: 0x0000005303300000,0x0000005303400000] [id=4604]
  0x000001cd0a069000 ConcurrentGCThread "G1 Young RemSet Sampling" [stack: 0x0000005303400000,0x0000005303500000] [id=1056]

Threads with active compile tasks:
C2 CompilerThread0    40160 10742       4       com.android.utils.XmlUtils::append (597 bytes)

VM state:not at safepoint (normal execution)

VM Mutex/Monitor currently owned by a thread: None

Heap address: 0x0000000080000000, size: 2048 MB, Compressed Oops mode: 32-bit
Narrow klass base: 0x0000000000000000, Narrow klass shift: 3
Compressed class space size: 1073741824 Address: 0x0000000100000000

Heap:
 garbage-first heap   total 199680K, used 136404K [0x0000000080000000, 0x0000000100000000)
  region size 1024K, 27 young (27648K), 3 survivors (3072K)
 Metaspace       used 87363K, capacity 89743K, committed 90064K, reserved 1126400K
  class space    used 11311K, capacity 12230K, committed 12364K, reserved 1048576K
Heap Regions: E=young(eden), S=young(survivor), O=old, HS=humongous(starts), HC=humongous(continues), CS=collection set, F=free, A=archive, TAMS=top-at-mark-start (previous, next)
|   0|0x0000000080000000, 0x0000000080100000, 0x0000000080100000|100%|HS|  |TAMS 0x0000000080100000, 0x0000000080000000| Complete 
|   1|0x0000000080100000, 0x0000000080200000, 0x0000000080200000|100%|HC|  |TAMS 0x0000000080200000, 0x0000000080100000| Complete 
|   2|0x0000000080200000, 0x0000000080300000, 0x0000000080300000|100%|HC|  |TAMS 0x0000000080300000, 0x0000000080200000| Complete 
|   3|0x0000000080300000, 0x0000000080400000, 0x0000000080400000|100%| O|  |TAMS 0x0000000080400000, 0x0000000080300000| Untracked 
|   4|0x0000000080400000, 0x0000000080500000, 0x0000000080500000|100%| O|  |TAMS 0x0000000080500000, 0x0000000080400000| Untracked 
|   5|0x0000000080500000, 0x0000000080600000, 0x0000000080600000|100%| O|  |TAMS 0x0000000080600000, 0x0000000080500000| Untracked 
|   6|0x0000000080600000, 0x0000000080700000, 0x0000000080700000|100%| O|  |TAMS 0x0000000080700000, 0x0000000080600000| Untracked 
|   7|0x0000000080700000, 0x0000000080800000, 0x0000000080800000|100%| O|  |TAMS 0x0000000080800000, 0x0000000080700000| Untracked 
|   8|0x0000000080800000, 0x0000000080900000, 0x0000000080900000|100%| O|  |TAMS 0x0000000080900000, 0x0000000080800000| Untracked 
|   9|0x0000000080900000, 0x0000000080a00000, 0x0000000080a00000|100%| O|  |TAMS 0x0000000080a00000, 0x0000000080900000| Untracked 
|  10|0x0000000080a00000, 0x0000000080b00000, 0x0000000080b00000|100%| O|  |TAMS 0x0000000080b00000, 0x0000000080a00000| Untracked 
|  11|0x0000000080b00000, 0x0000000080c00000, 0x0000000080c00000|100%| O|  |TAMS 0x0000000080c00000, 0x0000000080b00000| Untracked 
|  12|0x0000000080c00000, 0x0000000080d00000, 0x0000000080d00000|100%| O|  |TAMS 0x0000000080d00000, 0x0000000080c00000| Untracked 
|  13|0x0000000080d00000, 0x0000000080e00000, 0x0000000080e00000|100%| O|  |TAMS 0x0000000080e00000, 0x0000000080d00000| Untracked 
|  14|0x0000000080e00000, 0x0000000080f00000, 0x0000000080f00000|100%| O|  |TAMS 0x0000000080f00000, 0x0000000080e00000| Untracked 
|  15|0x0000000080f00000, 0x0000000081000000, 0x0000000081000000|100%| O|  |TAMS 0x0000000081000000, 0x0000000080f00000| Untracked 
|  16|0x0000000081000000, 0x0000000081100000, 0x0000000081100000|100%| O|  |TAMS 0x0000000081100000, 0x0000000081000000| Untracked 
|  17|0x0000000081100000, 0x0000000081200000, 0x0000000081200000|100%| O|  |TAMS 0x0000000081200000, 0x0000000081100000| Untracked 
|  18|0x0000000081200000, 0x0000000081300000, 0x0000000081300000|100%| O|  |TAMS 0x0000000081300000, 0x0000000081200000| Untracked 
|  19|0x0000000081300000, 0x0000000081400000, 0x0000000081400000|100%| O|  |TAMS 0x0000000081400000, 0x0000000081300000| Untracked 
|  20|0x0000000081400000, 0x0000000081500000, 0x0000000081500000|100%| O|  |TAMS 0x0000000081500000, 0x0000000081400000| Untracked 
|  21|0x0000000081500000, 0x0000000081600000, 0x0000000081600000|100%| O|  |TAMS 0x0000000081600000, 0x0000000081500000| Untracked 
|  22|0x0000000081600000, 0x0000000081700000, 0x0000000081700000|100%| O|  |TAMS 0x0000000081700000, 0x0000000081600000| Untracked 
|  23|0x0000000081700000, 0x0000000081800000, 0x0000000081800000|100%| O|  |TAMS 0x0000000081800000, 0x0000000081700000| Untracked 
|  24|0x0000000081800000, 0x0000000081900000, 0x0000000081900000|100%| O|  |TAMS 0x0000000081900000, 0x0000000081800000| Untracked 
|  25|0x0000000081900000, 0x0000000081a00000, 0x0000000081a00000|100%| O|  |TAMS 0x0000000081a00000, 0x0000000081900000| Untracked 
|  26|0x0000000081a00000, 0x0000000081b00000, 0x0000000081b00000|100%| O|  |TAMS 0x0000000081b00000, 0x0000000081a00000| Untracked 
|  27|0x0000000081b00000, 0x0000000081c00000, 0x0000000081c00000|100%| O|  |TAMS 0x0000000081c00000, 0x0000000081b00000| Untracked 
|  28|0x0000000081c00000, 0x0000000081d00000, 0x0000000081d00000|100%| O|  |TAMS 0x0000000081d00000, 0x0000000081c00000| Untracked 
|  29|0x0000000081d00000, 0x0000000081e00000, 0x0000000081e00000|100%| O|  |TAMS 0x0000000081e00000, 0x0000000081d00000| Untracked 
|  30|0x0000000081e00000, 0x0000000081f00000, 0x0000000081f00000|100%|HS|  |TAMS 0x0000000081f00000, 0x0000000081e00000| Complete 
|  31|0x0000000081f00000, 0x0000000082000000, 0x0000000082000000|100%| O|  |TAMS 0x0000000082000000, 0x0000000081f00000| Untracked 
|  32|0x0000000082000000, 0x0000000082100000, 0x0000000082100000|100%|HS|  |TAMS 0x0000000082100000, 0x0000000082000000| Complete 
|  33|0x0000000082100000, 0x0000000082200000, 0x0000000082200000|100%| O|  |TAMS 0x0000000082200000, 0x0000000082100000| Untracked 
|  34|0x0000000082200000, 0x0000000082300000, 0x0000000082300000|100%| O|  |TAMS 0x0000000082300000, 0x0000000082200000| Untracked 
|  35|0x0000000082300000, 0x0000000082400000, 0x0000000082400000|100%| O|  |TAMS 0x0000000082400000, 0x0000000082300000| Untracked 
|  36|0x0000000082400000, 0x0000000082500000, 0x0000000082500000|100%| O|  |TAMS 0x0000000082500000, 0x0000000082400000| Untracked 
|  37|0x0000000082500000, 0x0000000082600000, 0x0000000082600000|100%| O|  |TAMS 0x0000000082600000, 0x0000000082500000| Untracked 
|  38|0x0000000082600000, 0x0000000082700000, 0x0000000082700000|100%| O|  |TAMS 0x0000000082700000, 0x0000000082600000| Untracked 
|  39|0x0000000082700000, 0x0000000082800000, 0x0000000082800000|100%| O|  |TAMS 0x0000000082800000, 0x0000000082700000| Untracked 
|  40|0x0000000082800000, 0x0000000082900000, 0x0000000082900000|100%| O|  |TAMS 0x0000000082900000, 0x0000000082800000| Untracked 
|  41|0x0000000082900000, 0x0000000082a00000, 0x0000000082a00000|100%| O|  |TAMS 0x0000000082a00000, 0x0000000082900000| Untracked 
|  42|0x0000000082a00000, 0x0000000082b00000, 0x0000000082b00000|100%| O|  |TAMS 0x0000000082b00000, 0x0000000082a00000| Untracked 
|  43|0x0000000082b00000, 0x0000000082c00000, 0x0000000082c00000|100%| O|  |TAMS 0x0000000082c00000, 0x0000000082b00000| Untracked 
|  44|0x0000000082c00000, 0x0000000082d00000, 0x0000000082d00000|100%| O|  |TAMS 0x0000000082d00000, 0x0000000082c00000| Untracked 
|  45|0x0000000082d00000, 0x0000000082e00000, 0x0000000082e00000|100%| O|  |TAMS 0x0000000082e00000, 0x0000000082d00000| Untracked 
|  46|0x0000000082e00000, 0x0000000082f00000, 0x0000000082f00000|100%| O|  |TAMS 0x0000000082f00000, 0x0000000082e00000| Untracked 
|  47|0x0000000082f00000, 0x0000000083000000, 0x0000000083000000|100%| O|  |TAMS 0x0000000083000000, 0x0000000082f00000| Untracked 
|  48|0x0000000083000000, 0x0000000083100000, 0x0000000083100000|100%| O|  |TAMS 0x0000000083100000, 0x0000000083000000| Untracked 
|  49|0x0000000083100000, 0x0000000083200000, 0x0000000083200000|100%| O|  |TAMS 0x0000000083200000, 0x0000000083100000| Untracked 
|  50|0x0000000083200000, 0x0000000083300000, 0x0000000083300000|100%| O|  |TAMS 0x0000000083300000, 0x0000000083200000| Untracked 
|  51|0x0000000083300000, 0x0000000083400000, 0x0000000083400000|100%| O|  |TAMS 0x0000000083400000, 0x0000000083300000| Untracked 
|  52|0x0000000083400000, 0x0000000083500000, 0x0000000083500000|100%| O|  |TAMS 0x0000000083500000, 0x0000000083400000| Untracked 
|  53|0x0000000083500000, 0x0000000083600000, 0x0000000083600000|100%| O|  |TAMS 0x0000000083600000, 0x0000000083500000| Untracked 
|  54|0x0000000083600000, 0x0000000083700000, 0x0000000083700000|100%| O|  |TAMS 0x0000000083700000, 0x0000000083600000| Untracked 
|  55|0x0000000083700000, 0x0000000083800000, 0x0000000083800000|100%| O|  |TAMS 0x0000000083800000, 0x0000000083700000| Untracked 
|  56|0x0000000083800000, 0x0000000083900000, 0x0000000083900000|100%| O|  |TAMS 0x0000000083900000, 0x0000000083800000| Untracked 
|  57|0x0000000083900000, 0x0000000083a00000, 0x0000000083a00000|100%| O|  |TAMS 0x0000000083a00000, 0x0000000083900000| Untracked 
|  58|0x0000000083a00000, 0x0000000083b00000, 0x0000000083b00000|100%| O|  |TAMS 0x0000000083b00000, 0x0000000083a00000| Untracked 
|  59|0x0000000083b00000, 0x0000000083c00000, 0x0000000083c00000|100%| O|  |TAMS 0x0000000083c00000, 0x0000000083b00000| Untracked 
|  60|0x0000000083c00000, 0x0000000083d00000, 0x0000000083d00000|100%| O|  |TAMS 0x0000000083d00000, 0x0000000083c00000| Untracked 
|  61|0x0000000083d00000, 0x0000000083e00000, 0x0000000083e00000|100%| O|  |TAMS 0x0000000083e00000, 0x0000000083d00000| Untracked 
|  62|0x0000000083e00000, 0x0000000083f00000, 0x0000000083f00000|100%| O|  |TAMS 0x0000000083f00000, 0x0000000083e00000| Untracked 
|  63|0x0000000083f00000, 0x0000000084000000, 0x0000000084000000|100%| O|  |TAMS 0x0000000084000000, 0x0000000083f00000| Untracked 
|  64|0x0000000084000000, 0x0000000084100000, 0x0000000084100000|100%| O|  |TAMS 0x0000000084100000, 0x0000000084000000| Untracked 
|  65|0x0000000084100000, 0x0000000084200000, 0x0000000084200000|100%| O|  |TAMS 0x0000000084200000, 0x0000000084100000| Untracked 
|  66|0x0000000084200000, 0x0000000084300000, 0x0000000084300000|100%| O|  |TAMS 0x0000000084300000, 0x0000000084200000| Untracked 
|  67|0x0000000084300000, 0x0000000084400000, 0x0000000084400000|100%| O|  |TAMS 0x0000000084400000, 0x0000000084300000| Untracked 
|  68|0x0000000084400000, 0x0000000084500000, 0x0000000084500000|100%| O|  |TAMS 0x0000000084500000, 0x0000000084400000| Untracked 
|  69|0x0000000084500000, 0x0000000084600000, 0x0000000084600000|100%| O|  |TAMS 0x0000000084600000, 0x0000000084500000| Untracked 
|  70|0x0000000084600000, 0x0000000084700000, 0x0000000084700000|100%| O|  |TAMS 0x0000000084700000, 0x0000000084600000| Untracked 
|  71|0x0000000084700000, 0x0000000084800000, 0x0000000084800000|100%| O|  |TAMS 0x0000000084800000, 0x0000000084700000| Untracked 
|  72|0x0000000084800000, 0x0000000084900000, 0x0000000084900000|100%| O|  |TAMS 0x0000000084900000, 0x0000000084800000| Untracked 
|  73|0x0000000084900000, 0x0000000084a00000, 0x0000000084a00000|100%| O|  |TAMS 0x0000000084a00000, 0x0000000084900000| Untracked 
|  74|0x0000000084a00000, 0x0000000084b00000, 0x0000000084b00000|100%| O|  |TAMS 0x0000000084b00000, 0x0000000084a00000| Untracked 
|  75|0x0000000084b00000, 0x0000000084c00000, 0x0000000084c00000|100%| O|  |TAMS 0x0000000084c00000, 0x0000000084b00000| Untracked 
|  76|0x0000000084c00000, 0x0000000084d00000, 0x0000000084d00000|100%| O|  |TAMS 0x0000000084d00000, 0x0000000084c00000| Untracked 
|  77|0x0000000084d00000, 0x0000000084e00000, 0x0000000084e00000|100%| O|  |TAMS 0x0000000084e00000, 0x0000000084d00000| Untracked 
|  78|0x0000000084e00000, 0x0000000084f00000, 0x0000000084f00000|100%| O|  |TAMS 0x0000000084f00000, 0x0000000084e00000| Untracked 
|  79|0x0000000084f00000, 0x0000000085000000, 0x0000000085000000|100%| O|  |TAMS 0x0000000085000000, 0x0000000084f00000| Untracked 
|  80|0x0000000085000000, 0x0000000085100000, 0x0000000085100000|100%| O|  |TAMS 0x0000000085100000, 0x0000000085000000| Untracked 
|  81|0x0000000085100000, 0x0000000085200000, 0x0000000085200000|100%| O|  |TAMS 0x0000000085200000, 0x0000000085100000| Untracked 
|  82|0x0000000085200000, 0x0000000085300000, 0x0000000085300000|100%| O|  |TAMS 0x0000000085300000, 0x0000000085200000| Untracked 
|  83|0x0000000085300000, 0x0000000085400000, 0x0000000085400000|100%| O|  |TAMS 0x0000000085400000, 0x0000000085300000| Untracked 
|  84|0x0000000085400000, 0x0000000085500000, 0x0000000085500000|100%| O|  |TAMS 0x0000000085500000, 0x0000000085400000| Untracked 
|  85|0x0000000085500000, 0x0000000085600000, 0x0000000085600000|100%| O|  |TAMS 0x0000000085600000, 0x0000000085500000| Untracked 
|  86|0x0000000085600000, 0x0000000085700000, 0x0000000085700000|100%| O|  |TAMS 0x0000000085700000, 0x0000000085600000| Untracked 
|  87|0x0000000085700000, 0x0000000085800000, 0x0000000085800000|100%| O|  |TAMS 0x0000000085800000, 0x0000000085700000| Untracked 
|  88|0x0000000085800000, 0x0000000085900000, 0x0000000085900000|100%|HS|  |TAMS 0x0000000085800000, 0x0000000085800000| Complete 
|  89|0x0000000085900000, 0x0000000085a00000, 0x0000000085a00000|100%|HS|  |TAMS 0x0000000085900000, 0x0000000085900000| Complete 
|  90|0x0000000085a00000, 0x0000000085b00000, 0x0000000085b00000|100%|HC|  |TAMS 0x0000000085a00000, 0x0000000085a00000| Complete 
|  91|0x0000000085b00000, 0x0000000085c00000, 0x0000000085c00000|100%|HS|  |TAMS 0x0000000085c00000, 0x0000000085b00000| Complete 
|  92|0x0000000085c00000, 0x0000000085d00000, 0x0000000085d00000|100%|HC|  |TAMS 0x0000000085d00000, 0x0000000085c00000| Complete 
|  93|0x0000000085d00000, 0x0000000085e00000, 0x0000000085e00000|100%| O|  |TAMS 0x0000000085e00000, 0x0000000085d00000| Untracked 
|  94|0x0000000085e00000, 0x0000000085f00000, 0x0000000085f00000|100%| O|  |TAMS 0x0000000085f00000, 0x0000000085e00000| Untracked 
|  95|0x0000000085f00000, 0x0000000086000000, 0x0000000086000000|100%| O|  |TAMS 0x0000000086000000, 0x0000000085f00000| Untracked 
|  96|0x0000000086000000, 0x0000000086100000, 0x0000000086100000|100%| O|  |TAMS 0x0000000086100000, 0x0000000086000000| Untracked 
|  97|0x0000000086100000, 0x0000000086200000, 0x0000000086200000|100%| O|  |TAMS 0x0000000086200000, 0x0000000086100000| Untracked 
|  98|0x0000000086200000, 0x0000000086300000, 0x0000000086300000|100%| O|  |TAMS 0x0000000086300000, 0x0000000086200000| Untracked 
|  99|0x0000000086300000, 0x0000000086400000, 0x0000000086400000|100%| O|  |TAMS 0x0000000086400000, 0x0000000086300000| Untracked 
| 100|0x0000000086400000, 0x0000000086500000, 0x0000000086500000|100%| O|  |TAMS 0x0000000086500000, 0x0000000086400000| Untracked 
| 101|0x0000000086500000, 0x0000000086600000, 0x0000000086600000|100%| O|  |TAMS 0x0000000086600000, 0x0000000086500000| Untracked 
| 102|0x0000000086600000, 0x0000000086700000, 0x0000000086700000|100%| O|  |TAMS 0x0000000086700000, 0x0000000086600000| Untracked 
| 103|0x0000000086700000, 0x0000000086800000, 0x0000000086800000|100%|HS|  |TAMS 0x0000000086700000, 0x0000000086700000| Complete 
| 104|0x0000000086800000, 0x0000000086900000, 0x0000000086900000|100%|HS|  |TAMS 0x0000000086800000, 0x0000000086800000| Complete 
| 105|0x0000000086900000, 0x0000000086a00000, 0x0000000086a00000|100%|HC|  |TAMS 0x0000000086900000, 0x0000000086900000| Complete 
| 106|0x0000000086a00000, 0x0000000086b00000, 0x0000000086b00000|100%|HS|  |TAMS 0x0000000086a00000, 0x0000000086a00000| Complete 
| 107|0x0000000086b00000, 0x0000000086c00000, 0x0000000086c00000|100%|HC|  |TAMS 0x0000000086b00000, 0x0000000086b00000| Complete 
| 108|0x0000000086c00000, 0x0000000086c00000, 0x0000000086d00000|  0%| F|  |TAMS 0x0000000086c00000, 0x0000000086c00000| Untracked 
| 109|0x0000000086d00000, 0x0000000086d00000, 0x0000000086e00000|  0%| F|  |TAMS 0x0000000086d00000, 0x0000000086d00000| Untracked 
| 110|0x0000000086e00000, 0x0000000086e00000, 0x0000000086f00000|  0%| F|  |TAMS 0x0000000086e00000, 0x0000000086e00000| Untracked 
| 111|0x0000000086f00000, 0x0000000086f00000, 0x0000000087000000|  0%| F|  |TAMS 0x0000000086f00000, 0x0000000086f00000| Untracked 
| 112|0x0000000087000000, 0x0000000087000000, 0x0000000087100000|  0%| F|  |TAMS 0x0000000087000000, 0x0000000087000000| Untracked 
| 113|0x0000000087100000, 0x0000000087100000, 0x0000000087200000|  0%| F|  |TAMS 0x0000000087100000, 0x0000000087100000| Untracked 
| 114|0x0000000087200000, 0x0000000087200000, 0x0000000087300000|  0%| F|  |TAMS 0x0000000087200000, 0x0000000087200000| Untracked 
| 115|0x0000000087300000, 0x0000000087300000, 0x0000000087400000|  0%| F|  |TAMS 0x0000000087300000, 0x0000000087300000| Untracked 
| 116|0x0000000087400000, 0x0000000087400000, 0x0000000087500000|  0%| F|  |TAMS 0x0000000087400000, 0x0000000087400000| Untracked 
| 117|0x0000000087500000, 0x0000000087500000, 0x0000000087600000|  0%| F|  |TAMS 0x0000000087500000, 0x0000000087500000| Untracked 
| 118|0x0000000087600000, 0x0000000087600000, 0x0000000087700000|  0%| F|  |TAMS 0x0000000087600000, 0x0000000087600000| Untracked 
| 119|0x0000000087700000, 0x0000000087700000, 0x0000000087800000|  0%| F|  |TAMS 0x0000000087700000, 0x0000000087700000| Untracked 
| 120|0x0000000087800000, 0x0000000087800000, 0x0000000087900000|  0%| F|  |TAMS 0x0000000087800000, 0x0000000087800000| Untracked 
| 121|0x0000000087900000, 0x0000000087900000, 0x0000000087a00000|  0%| F|  |TAMS 0x0000000087900000, 0x0000000087900000| Untracked 
| 122|0x0000000087a00000, 0x0000000087a00000, 0x0000000087b00000|  0%| F|  |TAMS 0x0000000087a00000, 0x0000000087a00000| Untracked 
| 123|0x0000000087b00000, 0x0000000087b00000, 0x0000000087c00000|  0%| F|  |TAMS 0x0000000087b00000, 0x0000000087b00000| Untracked 
| 124|0x0000000087c00000, 0x0000000087c00000, 0x0000000087d00000|  0%| F|  |TAMS 0x0000000087c00000, 0x0000000087c00000| Untracked 
| 125|0x0000000087d00000, 0x0000000087d00000, 0x0000000087e00000|  0%| F|  |TAMS 0x0000000087d00000, 0x0000000087d00000| Untracked 
| 126|0x0000000087e00000, 0x0000000087e00000, 0x0000000087f00000|  0%| F|  |TAMS 0x0000000087e00000, 0x0000000087e00000| Untracked 
| 127|0x0000000087f00000, 0x0000000087f00000, 0x0000000088000000|  0%| F|  |TAMS 0x0000000087f00000, 0x0000000087f00000| Untracked 
| 128|0x0000000088000000, 0x0000000088000000, 0x0000000088100000|  0%| F|  |TAMS 0x0000000088000000, 0x0000000088000000| Untracked 
| 129|0x0000000088100000, 0x0000000088100000, 0x0000000088200000|  0%| F|  |TAMS 0x0000000088100000, 0x0000000088100000| Untracked 
| 130|0x0000000088200000, 0x0000000088200000, 0x0000000088300000|  0%| F|  |TAMS 0x0000000088200000, 0x0000000088200000| Untracked 
| 131|0x0000000088300000, 0x0000000088300000, 0x0000000088400000|  0%| F|  |TAMS 0x0000000088300000, 0x0000000088300000| Untracked 
| 132|0x0000000088400000, 0x0000000088400000, 0x0000000088500000|  0%| F|  |TAMS 0x0000000088400000, 0x0000000088400000| Untracked 
| 133|0x0000000088500000, 0x0000000088500000, 0x0000000088600000|  0%| F|  |TAMS 0x0000000088500000, 0x0000000088500000| Untracked 
| 134|0x0000000088600000, 0x0000000088600000, 0x0000000088700000|  0%| F|  |TAMS 0x0000000088600000, 0x0000000088600000| Untracked 
| 135|0x0000000088700000, 0x0000000088700000, 0x0000000088800000|  0%| F|  |TAMS 0x0000000088700000, 0x0000000088700000| Untracked 
| 136|0x0000000088800000, 0x0000000088800000, 0x0000000088900000|  0%| F|  |TAMS 0x0000000088800000, 0x0000000088800000| Untracked 
| 137|0x0000000088900000, 0x0000000088900000, 0x0000000088a00000|  0%| F|  |TAMS 0x0000000088900000, 0x0000000088900000| Untracked 
| 138|0x0000000088a00000, 0x0000000088a00000, 0x0000000088b00000|  0%| F|  |TAMS 0x0000000088a00000, 0x0000000088a00000| Untracked 
| 139|0x0000000088b00000, 0x0000000088b00000, 0x0000000088c00000|  0%| F|  |TAMS 0x0000000088b00000, 0x0000000088b00000| Untracked 
| 140|0x0000000088c00000, 0x0000000088c00000, 0x0000000088d00000|  0%| F|  |TAMS 0x0000000088c00000, 0x0000000088c00000| Untracked 
| 141|0x0000000088d00000, 0x0000000088d00000, 0x0000000088e00000|  0%| F|  |TAMS 0x0000000088d00000, 0x0000000088d00000| Untracked 
| 142|0x0000000088e00000, 0x0000000088e00000, 0x0000000088f00000|  0%| F|  |TAMS 0x0000000088e00000, 0x0000000088e00000| Untracked 
| 143|0x0000000088f00000, 0x0000000088f00000, 0x0000000089000000|  0%| F|  |TAMS 0x0000000088f00000, 0x0000000088f00000| Untracked 
| 144|0x0000000089000000, 0x0000000089000000, 0x0000000089100000|  0%| F|  |TAMS 0x0000000089000000, 0x0000000089000000| Untracked 
| 145|0x0000000089100000, 0x0000000089100000, 0x0000000089200000|  0%| F|  |TAMS 0x0000000089100000, 0x0000000089100000| Untracked 
| 146|0x0000000089200000, 0x0000000089200000, 0x0000000089300000|  0%| F|  |TAMS 0x0000000089200000, 0x0000000089200000| Untracked 
| 147|0x0000000089300000, 0x0000000089300000, 0x0000000089400000|  0%| F|  |TAMS 0x0000000089300000, 0x0000000089300000| Untracked 
| 148|0x0000000089400000, 0x0000000089400000, 0x0000000089500000|  0%| F|  |TAMS 0x0000000089400000, 0x0000000089400000| Untracked 
| 149|0x0000000089500000, 0x0000000089500000, 0x0000000089600000|  0%| F|  |TAMS 0x0000000089500000, 0x0000000089500000| Untracked 
| 150|0x0000000089600000, 0x0000000089600000, 0x0000000089700000|  0%| F|  |TAMS 0x0000000089600000, 0x0000000089600000| Untracked 
| 151|0x0000000089700000, 0x0000000089700000, 0x0000000089800000|  0%| F|  |TAMS 0x0000000089700000, 0x0000000089700000| Untracked 
| 152|0x0000000089800000, 0x0000000089800000, 0x0000000089900000|  0%| F|  |TAMS 0x0000000089800000, 0x0000000089800000| Untracked 
| 153|0x0000000089900000, 0x0000000089900000, 0x0000000089a00000|  0%| F|  |TAMS 0x0000000089900000, 0x0000000089900000| Untracked 
| 154|0x0000000089a00000, 0x0000000089a00000, 0x0000000089b00000|  0%| F|  |TAMS 0x0000000089a00000, 0x0000000089a00000| Untracked 
| 155|0x0000000089b00000, 0x0000000089b00000, 0x0000000089c00000|  0%| F|  |TAMS 0x0000000089b00000, 0x0000000089b00000| Untracked 
| 156|0x0000000089c00000, 0x0000000089c00000, 0x0000000089d00000|  0%| F|  |TAMS 0x0000000089c00000, 0x0000000089c00000| Untracked 
| 157|0x0000000089d00000, 0x0000000089d00000, 0x0000000089e00000|  0%| F|  |TAMS 0x0000000089d00000, 0x0000000089d00000| Untracked 
| 158|0x0000000089e00000, 0x0000000089e00000, 0x0000000089f00000|  0%| F|  |TAMS 0x0000000089e00000, 0x0000000089e00000| Untracked 
| 159|0x0000000089f00000, 0x0000000089f00000, 0x000000008a000000|  0%| F|  |TAMS 0x0000000089f00000, 0x0000000089f00000| Untracked 
| 160|0x000000008a000000, 0x000000008a000000, 0x000000008a100000|  0%| F|  |TAMS 0x000000008a000000, 0x000000008a000000| Untracked 
| 161|0x000000008a100000, 0x000000008a100000, 0x000000008a200000|  0%| F|  |TAMS 0x000000008a100000, 0x000000008a100000| Untracked 
| 162|0x000000008a200000, 0x000000008a200000, 0x000000008a300000|  0%| F|  |TAMS 0x000000008a200000, 0x000000008a200000| Untracked 
| 163|0x000000008a300000, 0x000000008a300000, 0x000000008a400000|  0%| F|  |TAMS 0x000000008a300000, 0x000000008a300000| Untracked 
| 164|0x000000008a400000, 0x000000008a400000, 0x000000008a500000|  0%| F|  |TAMS 0x000000008a400000, 0x000000008a400000| Untracked 
| 165|0x000000008a500000, 0x000000008a500000, 0x000000008a600000|  0%| F|  |TAMS 0x000000008a500000, 0x000000008a500000| Untracked 
| 166|0x000000008a600000, 0x000000008a600000, 0x000000008a700000|  0%| F|  |TAMS 0x000000008a600000, 0x000000008a600000| Untracked 
| 167|0x000000008a700000, 0x000000008a760538, 0x000000008a800000| 37%| E|  |TAMS 0x000000008a700000, 0x000000008a700000| Complete 
| 168|0x000000008a800000, 0x000000008a900000, 0x000000008a900000|100%| E|CS|TAMS 0x000000008a800000, 0x000000008a800000| Complete 
| 169|0x000000008a900000, 0x000000008aa00000, 0x000000008aa00000|100%| E|CS|TAMS 0x000000008a900000, 0x000000008a900000| Complete 
| 170|0x000000008aa00000, 0x000000008ab00000, 0x000000008ab00000|100%| E|CS|TAMS 0x000000008aa00000, 0x000000008aa00000| Complete 
| 171|0x000000008ab00000, 0x000000008ac00000, 0x000000008ac00000|100%| E|CS|TAMS 0x000000008ab00000, 0x000000008ab00000| Complete 
| 172|0x000000008ac00000, 0x000000008ad00000, 0x000000008ad00000|100%| E|CS|TAMS 0x000000008ac00000, 0x000000008ac00000| Complete 
| 173|0x000000008ad00000, 0x000000008ae00000, 0x000000008ae00000|100%| E|CS|TAMS 0x000000008ad00000, 0x000000008ad00000| Complete 
| 174|0x000000008ae00000, 0x000000008af00000, 0x000000008af00000|100%| E|CS|TAMS 0x000000008ae00000, 0x000000008ae00000| Complete 
| 175|0x000000008af00000, 0x000000008b000000, 0x000000008b000000|100%| E|CS|TAMS 0x000000008af00000, 0x000000008af00000| Complete 
| 176|0x000000008b000000, 0x000000008b100000, 0x000000008b100000|100%| E|CS|TAMS 0x000000008b000000, 0x000000008b000000| Complete 
| 177|0x000000008b100000, 0x000000008b1351a8, 0x000000008b200000| 20%| S|CS|TAMS 0x000000008b100000, 0x000000008b100000| Complete 
| 178|0x000000008b200000, 0x000000008b300000, 0x000000008b300000|100%| S|CS|TAMS 0x000000008b200000, 0x000000008b200000| Complete 
| 179|0x000000008b300000, 0x000000008b400000, 0x000000008b400000|100%| S|CS|TAMS 0x000000008b300000, 0x000000008b300000| Complete 
| 180|0x000000008b400000, 0x000000008b500000, 0x000000008b500000|100%| E|CS|TAMS 0x000000008b400000, 0x000000008b400000| Complete 
| 181|0x000000008b500000, 0x000000008b600000, 0x000000008b600000|100%| E|CS|TAMS 0x000000008b500000, 0x000000008b500000| Complete 
| 182|0x000000008b600000, 0x000000008b700000, 0x000000008b700000|100%| E|CS|TAMS 0x000000008b600000, 0x000000008b600000| Complete 
| 183|0x000000008b700000, 0x000000008b800000, 0x000000008b800000|100%| E|CS|TAMS 0x000000008b700000, 0x000000008b700000| Complete 
| 184|0x000000008b800000, 0x000000008b900000, 0x000000008b900000|100%| E|CS|TAMS 0x000000008b800000, 0x000000008b800000| Complete 
| 185|0x000000008b900000, 0x000000008ba00000, 0x000000008ba00000|100%| E|CS|TAMS 0x000000008b900000, 0x000000008b900000| Complete 
| 186|0x000000008ba00000, 0x000000008bb00000, 0x000000008bb00000|100%| E|CS|TAMS 0x000000008ba00000, 0x000000008ba00000| Complete 
| 187|0x000000008bb00000, 0x000000008bc00000, 0x000000008bc00000|100%| E|CS|TAMS 0x000000008bb00000, 0x000000008bb00000| Complete 
| 188|0x000000008bc00000, 0x000000008bd00000, 0x000000008bd00000|100%| E|CS|TAMS 0x000000008bc00000, 0x000000008bc00000| Complete 
| 189|0x000000008bd00000, 0x000000008be00000, 0x000000008be00000|100%| E|CS|TAMS 0x000000008bd00000, 0x000000008bd00000| Complete 
| 190|0x000000008be00000, 0x000000008bf00000, 0x000000008bf00000|100%| E|CS|TAMS 0x000000008be00000, 0x000000008be00000| Complete 
| 191|0x000000008bf00000, 0x000000008c000000, 0x000000008c000000|100%| E|CS|TAMS 0x000000008bf00000, 0x000000008bf00000| Complete 
| 192|0x000000008c000000, 0x000000008c100000, 0x000000008c100000|100%| E|CS|TAMS 0x000000008c000000, 0x000000008c000000| Complete 
| 193|0x000000008c100000, 0x000000008c200000, 0x000000008c200000|100%| E|CS|TAMS 0x000000008c100000, 0x000000008c100000| Complete 
| 194|0x000000008c200000, 0x000000008c300000, 0x000000008c300000|100%| E|CS|TAMS 0x000000008c200000, 0x000000008c200000| Complete 

Card table byte_map: [0x000001cd1cef0000,0x000001cd1d2f0000] _byte_map_base: 0x000001cd1caf0000

Marking Bits (Prev, Next): (CMBitMap*) 0x000001cd0a0043c0, (CMBitMap*) 0x000001cd0a004388
 Prev Bits: [0x000001cd1f6f0000, 0x000001cd216f0000)
 Next Bits: [0x000001cd1d6f0000, 0x000001cd1f6f0000)

Polling page: 0x000001cd08130000

Metaspace:

Usage:
  Non-class:     75.70 MB capacity,    74.27 MB ( 98%) used,     1.16 MB (  2%) free+waste,   274.25 KB ( <1%) overhead. 
      Class:     11.94 MB capacity,    11.05 MB ( 92%) used,   791.29 KB (  6%) free+waste,   126.88 KB (  1%) overhead. 
       Both:     87.64 MB capacity,    85.32 MB ( 97%) used,     1.93 MB (  2%) free+waste,   401.12 KB ( <1%) overhead. 

Virtual space:
  Non-class space:       76.00 MB reserved,      75.88 MB (>99%) committed 
      Class space:        1.00 GB reserved,      12.07 MB (  1%) committed 
             Both:        1.07 GB reserved,      87.95 MB (  8%) committed 

Chunk freelists:
   Non-Class:  59.00 KB
       Class:  26.00 KB
        Both:  85.00 KB

MaxMetaspaceSize: 17179869184.00 GB
CompressedClassSpaceSize: 1.00 GB
Initial GC threshold: 20.80 MB
Current GC threshold: 146.38 MB
CDS: off

CodeHeap 'non-profiled nmethods': size=120064Kb used=6147Kb max_used=6147Kb free=113916Kb
 bounds [0x000001cd155b0000, 0x000001cd15bc0000, 0x000001cd1caf0000]
CodeHeap 'profiled nmethods': size=120000Kb used=22874Kb max_used=22874Kb free=97125Kb
 bounds [0x000001cd0e080000, 0x000001cd0f6e0000, 0x000001cd155b0000]
CodeHeap 'non-nmethods': size=5696Kb used=2380Kb max_used=2447Kb free=3315Kb
 bounds [0x000001cd0daf0000, 0x000001cd0dd70000, 0x000001cd0e080000]
 total_blobs=11647 nmethods=10742 adapters=817
 compilation: enabled
              stopped_count=0, restarted_count=0
 full_count=0

Compilation events (20 events):
Event: 40.079 Thread 0x000001cd23c0b000 10834       2       org.apache.xerces.impl.dtd.XMLDTDProcessor::getRecognizedFeatures (10 bytes)
Event: 40.079 Thread 0x000001cd23c0b000 nmethod 10834 0x000001cd0f6c5610 code [0x000001cd0f6c57c0, 0x000001cd0f6c5928]
Event: 40.079 Thread 0x000001cd23c0b000 10835       2       org.apache.xerces.impl.dtd.XMLDTDProcessor::getRecognizedProperties (10 bytes)
Event: 40.079 Thread 0x000001cd23c0b000 nmethod 10835 0x000001cd0f6c5a10 code [0x000001cd0f6c5bc0, 0x000001cd0f6c5d28]
Event: 40.079 Thread 0x000001cd23c0b000 10836       2       org.apache.xerces.impl.dtd.XMLDTDValidator::getRecognizedFeatures (10 bytes)
Event: 40.079 Thread 0x000001cd23c0b000 nmethod 10836 0x000001cd0f6c5e10 code [0x000001cd0f6c5fc0, 0x000001cd0f6c6128]
Event: 40.079 Thread 0x000001cd23c0b000 10837       2       org.apache.xerces.impl.dtd.XMLDTDValidator::getRecognizedProperties (10 bytes)
Event: 40.080 Thread 0x000001cd23c0b000 nmethod 10837 0x000001cd0f6c6210 code [0x000001cd0f6c63c0, 0x000001cd0f6c6528]
Event: 40.080 Thread 0x000001cd23c0b000 10838       2       org.apache.xerces.impl.dv.SecuritySupport::getContextClassLoader (14 bytes)
Event: 40.080 Thread 0x000001cd23c0b000 nmethod 10838 0x000001cd0f6c6610 code [0x000001cd0f6c67c0, 0x000001cd0f6c6928]
Event: 40.080 Thread 0x000001cd23c0b000 10839       2       org.apache.xerces.impl.dv.SecuritySupport$1::<init> (5 bytes)
Event: 40.080 Thread 0x000001cd23c0b000 nmethod 10839 0x000001cd0f6c6a10 code [0x000001cd0f6c6bc0, 0x000001cd0f6c6cb8]
Event: 40.080 Thread 0x000001cd23c0b000 10840   !   2       org.apache.xerces.impl.dv.SecuritySupport$1::run (15 bytes)
Event: 40.081 Thread 0x000001cd23c0b000 nmethod 10840 0x000001cd0f6c6d90 code [0x000001cd0f6c6f60, 0x000001cd0f6c7258]
Event: 40.081 Thread 0x000001cd23c0b000 10841       2       org.apache.xerces.impl.dv.SecuritySupport::getSystemClassLoader (14 bytes)
Event: 40.081 Thread 0x000001cd23c0b000 nmethod 10841 0x000001cd0f6c7510 code [0x000001cd0f6c76c0, 0x000001cd0f6c7828]
Event: 40.081 Thread 0x000001cd23c0b000 10842       2       org.apache.xerces.impl.dv.SecuritySupport$2::<init> (5 bytes)
Event: 40.081 Thread 0x000001cd23c0b000 nmethod 10842 0x000001cd0f6c7910 code [0x000001cd0f6c7ac0, 0x000001cd0f6c7bb8]
Event: 40.081 Thread 0x000001cd23c0b000 10843   !   2       org.apache.xerces.impl.dv.SecuritySupport$2::run (12 bytes)
Event: 40.081 Thread 0x000001cd23c0b000 nmethod 10843 0x000001cd0f6c7c90 code [0x000001cd0f6c7e40, 0x000001cd0f6c7f88]

GC Heap History (20 events):
Event: 28.918 GC heap before
{Heap before GC invocations=44 (full 0):
 garbage-first heap   total 114688K, used 87160K [0x0000000080000000, 0x0000000100000000)
  region size 1024K, 32 young (32768K), 4 survivors (4096K)
 Metaspace       used 73911K, capacity 75775K, committed 76112K, reserved 1116160K
  class space    used 9649K, capacity 10349K, committed 10444K, reserved 1048576K
}
Event: 28.931 GC heap after
{Heap after GC invocations=45 (full 0):
 garbage-first heap   total 138240K, used 60510K [0x0000000080000000, 0x0000000100000000)
  region size 1024K, 4 young (4096K), 4 survivors (4096K)
 Metaspace       used 73911K, capacity 75775K, committed 76112K, reserved 1116160K
  class space    used 9649K, capacity 10349K, committed 10444K, reserved 1048576K
}
Event: 30.296 GC heap before
{Heap before GC invocations=45 (full 0):
 garbage-first heap   total 138240K, used 99422K [0x0000000080000000, 0x0000000100000000)
  region size 1024K, 42 young (43008K), 4 survivors (4096K)
 Metaspace       used 78440K, capacity 80306K, committed 80592K, reserved 1118208K
  class space    used 10284K, capacity 11011K, committed 11084K, reserved 1048576K
}
Event: 30.310 GC heap after
{Heap after GC invocations=46 (full 0):
 garbage-first heap   total 138240K, used 62532K [0x0000000080000000, 0x0000000100000000)
  region size 1024K, 4 young (4096K), 4 survivors (4096K)
 Metaspace       used 78440K, capacity 80306K, committed 80592K, reserved 1118208K
  class space    used 10284K, capacity 11011K, committed 11084K, reserved 1048576K
}
Event: 31.560 GC heap before
{Heap before GC invocations=46 (full 0):
 garbage-first heap   total 138240K, used 104516K [0x0000000080000000, 0x0000000100000000)
  region size 1024K, 45 young (46080K), 4 survivors (4096K)
 Metaspace       used 80140K, capacity 82143K, committed 82256K, reserved 1120256K
  class space    used 10468K, capacity 11212K, committed 11212K, reserved 1048576K
}
Event: 31.581 GC heap after
{Heap after GC invocations=47 (full 0):
 garbage-first heap   total 138240K, used 66646K [0x0000000080000000, 0x0000000100000000)
  region size 1024K, 6 young (6144K), 6 survivors (6144K)
 Metaspace       used 80140K, capacity 82143K, committed 82256K, reserved 1120256K
  class space    used 10468K, capacity 11212K, committed 11212K, reserved 1048576K
}
Event: 32.055 GC heap before
{Heap before GC invocations=47 (full 0):
 garbage-first heap   total 138240K, used 107606K [0x0000000080000000, 0x0000000100000000)
  region size 1024K, 46 young (47104K), 6 survivors (6144K)
 Metaspace       used 80243K, capacity 82180K, committed 82384K, reserved 1120256K
  class space    used 10482K, capacity 11222K, committed 11340K, reserved 1048576K
}
Event: 32.079 GC heap after
{Heap after GC invocations=48 (full 0):
 garbage-first heap   total 138240K, used 72679K [0x0000000080000000, 0x0000000100000000)
  region size 1024K, 6 young (6144K), 6 survivors (6144K)
 Metaspace       used 80243K, capacity 82180K, committed 82384K, reserved 1120256K
  class space    used 10482K, capacity 11222K, committed 11340K, reserved 1048576K
}
Event: 33.338 GC heap before
{Heap before GC invocations=48 (full 0):
 garbage-first heap   total 138240K, used 109543K [0x0000000080000000, 0x0000000100000000)
  region size 1024K, 43 young (44032K), 6 survivors (6144K)
 Metaspace       used 82646K, capacity 84964K, committed 85200K, reserved 1122304K
  class space    used 10897K, capacity 11784K, committed 11852K, reserved 1048576K
}
Event: 33.356 GC heap after
{Heap after GC invocations=49 (full 0):
 garbage-first heap   total 165888K, used 76026K [0x0000000080000000, 0x0000000100000000)
  region size 1024K, 3 young (3072K), 3 survivors (3072K)
 Metaspace       used 82646K, capacity 84964K, committed 85200K, reserved 1122304K
  class space    used 10897K, capacity 11784K, committed 11852K, reserved 1048576K
}
Event: 35.655 GC heap before
{Heap before GC invocations=50 (full 0):
 garbage-first heap   total 165888K, used 121082K [0x0000000080000000, 0x0000000100000000)
  region size 1024K, 48 young (49152K), 3 survivors (3072K)
 Metaspace       used 84008K, capacity 86358K, committed 86608K, reserved 1124352K
  class space    used 10985K, capacity 11896K, committed 11980K, reserved 1048576K
}
Event: 35.673 GC heap after
{Heap after GC invocations=51 (full 0):
 garbage-first heap   total 165888K, used 77995K [0x0000000080000000, 0x0000000100000000)
  region size 1024K, 5 young (5120K), 5 survivors (5120K)
 Metaspace       used 84008K, capacity 86358K, committed 86608K, reserved 1124352K
  class space    used 10985K, capacity 11896K, committed 11980K, reserved 1048576K
}
Event: 37.601 GC heap before
{Heap before GC invocations=51 (full 0):
 garbage-first heap   total 165888K, used 126123K [0x0000000080000000, 0x0000000100000000)
  region size 1024K, 53 young (54272K), 5 survivors (5120K)
 Metaspace       used 86571K, capacity 88963K, committed 89168K, reserved 1126400K
  class space    used 11251K, capacity 12142K, committed 12236K, reserved 1048576K
}
Event: 37.626 GC heap after
{Heap after GC invocations=52 (full 0):
 garbage-first heap   total 165888K, used 85192K [0x0000000080000000, 0x0000000100000000)
  region size 1024K, 7 young (7168K), 7 survivors (7168K)
 Metaspace       used 86571K, capacity 88963K, committed 89168K, reserved 1126400K
  class space    used 11251K, capacity 12142K, committed 12236K, reserved 1048576K
}
Event: 37.659 GC heap before
{Heap before GC invocations=52 (full 0):
 garbage-first heap   total 165888K, used 86216K [0x0000000080000000, 0x0000000100000000)
  region size 1024K, 9 young (9216K), 7 survivors (7168K)
 Metaspace       used 86573K, capacity 88963K, committed 89168K, reserved 1126400K
  class space    used 11251K, capacity 12142K, committed 12236K, reserved 1048576K
}
Event: 37.679 GC heap after
{Heap after GC invocations=53 (full 0):
 garbage-first heap   total 165888K, used 87155K [0x0000000080000000, 0x0000000100000000)
  region size 1024K, 2 young (2048K), 2 survivors (2048K)
 Metaspace       used 86573K, capacity 88963K, committed 89168K, reserved 1126400K
  class space    used 11251K, capacity 12142K, committed 12236K, reserved 1048576K
}
Event: 38.425 GC heap before
{Heap before GC invocations=54 (full 0):
 garbage-first heap   total 165888K, used 122995K [0x0000000080000000, 0x0000000100000000)
  region size 1024K, 28 young (28672K), 2 survivors (2048K)
 Metaspace       used 86526K, capacity 88855K, committed 89168K, reserved 1126400K
  class space    used 11218K, capacity 12082K, committed 12236K, reserved 1048576K
}
Event: 38.446 GC heap after
{Heap after GC invocations=55 (full 0):
 garbage-first heap   total 199680K, used 101678K [0x0000000080000000, 0x0000000100000000)
  region size 1024K, 4 young (4096K), 4 survivors (4096K)
 Metaspace       used 86526K, capacity 88855K, committed 89168K, reserved 1126400K
  class space    used 11218K, capacity 12082K, committed 12236K, reserved 1048576K
}
Event: 38.901 GC heap before
{Heap before GC invocations=55 (full 0):
 garbage-first heap   total 199680K, used 116014K [0x0000000080000000, 0x0000000100000000)
  region size 1024K, 19 young (19456K), 4 survivors (4096K)
 Metaspace       used 87102K, capacity 89536K, committed 89680K, reserved 1126400K
  class space    used 11287K, capacity 12184K, committed 12236K, reserved 1048576K
}
Event: 38.921 GC heap after
{Heap after GC invocations=56 (full 0):
 garbage-first heap   total 199680K, used 104660K [0x0000000080000000, 0x0000000100000000)
  region size 1024K, 3 young (3072K), 3 survivors (3072K)
 Metaspace       used 87102K, capacity 89536K, committed 89680K, reserved 1126400K
  class space    used 11287K, capacity 12184K, committed 12236K, reserved 1048576K
}

Deoptimization events (20 events):
Event: 40.011 Thread 0x000001cd2600a800 DEOPT PACKING pc=0x000001cd0f68fd0f sp=0x00000053089fa100
Event: 40.011 Thread 0x000001cd2600a800 DEOPT UNPACKING pc=0x000001cd0db3a95e sp=0x00000053089f9678 mode 0
Event: 40.018 Thread 0x000001cd2600a800 DEOPT PACKING pc=0x000001cd0f68fd0f sp=0x00000053089fa100
Event: 40.018 Thread 0x000001cd2600a800 DEOPT UNPACKING pc=0x000001cd0db3a95e sp=0x00000053089f9678 mode 0
Event: 40.026 Thread 0x000001cd2600a800 DEOPT PACKING pc=0x000001cd0f68fd0f sp=0x00000053089fa100
Event: 40.026 Thread 0x000001cd2600a800 DEOPT UNPACKING pc=0x000001cd0db3a95e sp=0x00000053089f9678 mode 0
Event: 40.038 Thread 0x000001cd2600a800 DEOPT PACKING pc=0x000001cd0f68fd0f sp=0x00000053089fa100
Event: 40.038 Thread 0x000001cd2600a800 DEOPT UNPACKING pc=0x000001cd0db3a95e sp=0x00000053089f9678 mode 0
Event: 40.050 Thread 0x000001cd2600a800 DEOPT PACKING pc=0x000001cd0f5b6cd3 sp=0x00000053089f9e90
Event: 40.050 Thread 0x000001cd2600a800 DEOPT UNPACKING pc=0x000001cd0db3a95e sp=0x00000053089f9368 mode 0
Event: 40.052 Thread 0x000001cd2600a800 DEOPT PACKING pc=0x000001cd0f68fd0f sp=0x00000053089fa100
Event: 40.052 Thread 0x000001cd2600a800 DEOPT UNPACKING pc=0x000001cd0db3a95e sp=0x00000053089f9678 mode 0
Event: 40.064 Thread 0x000001cd2600a800 DEOPT PACKING pc=0x000001cd0f68fd0f sp=0x00000053089fa100
Event: 40.064 Thread 0x000001cd2600a800 DEOPT UNPACKING pc=0x000001cd0db3a95e sp=0x00000053089f9678 mode 0
Event: 40.070 Thread 0x000001cd2600a800 DEOPT PACKING pc=0x000001cd0f68fd0f sp=0x00000053089fa100
Event: 40.070 Thread 0x000001cd2600a800 DEOPT UNPACKING pc=0x000001cd0db3a95e sp=0x00000053089f9678 mode 0
Event: 40.080 Thread 0x000001cd2600a800 DEOPT PACKING pc=0x000001cd0f68fd0f sp=0x00000053089fa100
Event: 40.080 Thread 0x000001cd2600a800 DEOPT UNPACKING pc=0x000001cd0db3a95e sp=0x00000053089f9678 mode 0
Event: 40.086 Thread 0x000001cd2600a800 DEOPT PACKING pc=0x000001cd0f68fd0f sp=0x00000053089fa100
Event: 40.086 Thread 0x000001cd2600a800 DEOPT UNPACKING pc=0x000001cd0db3a95e sp=0x00000053089f9678 mode 0

Classes redefined (0 events):
No events

Internal exceptions (20 events):
Event: 32.459 Thread 0x000001cd247fb800 Exception <a 'java/lang/NoSuchMethodError'{0x0000000087ce5300}: <clinit>> (0x0000000087ce5300) thrown at [src/hotspot/share/prims/jni.cpp, line 1367]
Event: 32.461 Thread 0x000001cd247fb800 Exception <a 'java/lang/NoSuchMethodError'{0x0000000087cf8df0}: <clinit>> (0x0000000087cf8df0) thrown at [src/hotspot/share/prims/jni.cpp, line 1367]
Event: 32.462 Thread 0x000001cd247fb800 Exception <a 'java/lang/NoSuchMethodError'{0x0000000087cfa570}: <clinit>> (0x0000000087cfa570) thrown at [src/hotspot/share/prims/jni.cpp, line 1367]
Event: 32.513 Thread 0x000001cd25dde800 Exception <a 'java/lang/NoSuchMethodError'{0x000000008794cf50}: <clinit>> (0x000000008794cf50) thrown at [src/hotspot/share/prims/jni.cpp, line 1367]
Event: 32.516 Thread 0x000001cd25dde800 Exception <a 'java/lang/NoSuchMethodError'{0x0000000087991880}: <clinit>> (0x0000000087991880) thrown at [src/hotspot/share/prims/jni.cpp, line 1367]
Event: 32.520 Thread 0x000001cd25dde800 Exception <a 'java/lang/NoSuchMethodError'{0x00000000879b4890}: <clinit>> (0x00000000879b4890) thrown at [src/hotspot/share/prims/jni.cpp, line 1367]
Event: 32.521 Thread 0x000001cd25dde800 Exception <a 'java/lang/NoSuchMethodError'{0x00000000879bcdd8}: 'void java.lang.invoke.DirectMethodHandle$Holder.invokeSpecial(java.lang.Object, java.lang.Object, java.lang.Object, int)'> (0x00000000879bcdd8) thrown at [src/hotspot/share/interpreter/linkResolver.cpp, line 773]
Event: 32.529 Thread 0x000001cd247fb800 Exception <a 'java/lang/NoSuchMethodError'{0x00000000878048f0}: <clinit>> (0x00000000878048f0) thrown at [src/hotspot/share/prims/jni.cpp, line 1367]
Event: 32.556 Thread 0x000001cd26009800 Exception <a 'java/lang/NoSuchMethodError'{0x00000000878f1580}: 'int java.lang.invoke.DirectMethodHandle$Holder.invokeSpecial(java.lang.Object, java.lang.Object, java.lang.Object, java.lang.Object, java.lang.Object)'> (0x00000000878f1580) thrown at [src/hotspot/share/interpreter/linkResolver.cpp, line 773]
Event: 32.953 Thread 0x000001cd26009800 Exception <a 'java/lang/NoSuchMethodError'{0x00000000871e9d20}: 'void java.lang.invoke.DirectMethodHandle$Holder.invokeStatic(java.lang.Object, java.lang.Object, java.lang.Object, java.lang.Object, int, java.lang.Object, java.lang.Object)'> (0x00000000871e9d20) thrown at [src/hotspot/share/interpreter/linkResolver.cpp, line 773]
Event: 33.074 Thread 0x000001cd28f52800 Exception <a 'java/lang/NoSuchMethodError'{0x0000000086c73ec8}: 'java.lang.Object java.lang.invoke.DirectMethodHandle$Holder.invokeSpecialIFC(java.lang.Object, java.lang.Object, java.lang.Object)'> (0x0000000086c73ec8) thrown at [src/hotspot/share/interpreter/linkResolver.cpp, line 773]
Event: 33.075 Thread 0x000001cd26c37000 Exception <a 'java/lang/NoSuchMethodError'{0x0000000086c632e8}: 'java.lang.Object java.lang.invoke.DirectMethodHandle$Holder.invokeSpecialIFC(java.lang.Object, java.lang.Object, java.lang.Object)'> (0x0000000086c632e8) thrown at [src/hotspot/share/interpreter/linkResolver.cpp, line 773]
Event: 33.075 Thread 0x000001cd28f4d800 Exception <a 'java/lang/NoSuchMethodError'{0x0000000086c7cfe8}: 'java.lang.Object java.lang.invoke.DirectMethodHandle$Holder.invokeSpecialIFC(java.lang.Object, java.lang.Object, java.lang.Object)'> (0x0000000086c7cfe8) thrown at [src/hotspot/share/interpreter/linkResolver.cpp, line 773]
Event: 33.076 Thread 0x000001cd26009800 Exception <a 'java/lang/NoSuchMethodError'{0x0000000086c3a878}: 'java.lang.Object java.lang.invoke.DirectMethodHandle$Holder.invokeSpecialIFC(java.lang.Object, java.lang.Object, java.lang.Object)'> (0x0000000086c3a878) thrown at [src/hotspot/share/interpreter/linkResolver.cpp, line 773]
Event: 33.900 Thread 0x000001cd26c34800 Exception <a 'java/lang/NoSuchMethodError'{0x0000000089855690}: 'void java.lang.invoke.DirectMethodHandle$Holder.invokeVirtual(java.lang.Object, java.lang.Object)'> (0x0000000089855690) thrown at [src/hotspot/share/interpreter/linkResolver.cpp, line 773]
Event: 34.150 Thread 0x000001cd26c3b000 Implicit null exception at 0x000001cd15ae35db to 0x000001cd15ae366c
Event: 35.229 Thread 0x000001cd2600a800 Exception <a 'java/lang/NoSuchMethodError'{0x00000000879b9d48}: 'void java.lang.invoke.DirectMethodHandle$Holder.invokeInterface(java.lang.Object, java.lang.Object, java.lang.Object, java.lang.Object)'> (0x00000000879b9d48) thrown at [src/hotspot/share/interpreter/linkResolver.cpp, line 773]
Event: 38.553 Thread 0x000001cd2600a800 Exception <a 'java/lang/NoSuchMethodError'{0x000000008bfa8a60}: 'java.lang.Object java.lang.invoke.DirectMethodHandle$Holder.invokeSpecial(java.lang.Object, java.lang.Object, int, int, int, java.lang.Object, java.lang.Object, java.lang.Object, int)'> (0x000000008bfa8a60) thrown at [src/hotspot/share/interpreter/linkResolver.cpp, line 773]
Event: 38.553 Thread 0x000001cd2600a800 Exception <a 'java/lang/NoSuchMethodError'{0x000000008bfac910}: 'java.lang.Object java.lang.invoke.DelegatingMethodHandle$Holder.reinvoke_L(java.lang.Object, int, int, int, java.lang.Object, java.lang.Object, java.lang.Object, int)'> (0x000000008bfac910) thrown at [src/hotspot/share/interpreter/linkResolver.cpp, line 773]
Event: 38.561 Thread 0x000001cd2600a800 Exception <a 'java/lang/NoSuchMethodError'{0x000000008bfceb00}: 'java.lang.Object java.lang.invoke.DirectMethodHandle$Holder.invokeStatic(java.lang.Object, java.lang.Object, java.lang.Object, java.lang.Object, java.lang.Object, java.lang.Object, java.lang.Object, int)'> (0x000000008bfceb00) thrown at [src/hotspot/share/interpreter/linkResolver.cpp, line 773]

Events (20 events):
Event: 39.012 loading class com/google/common/io/Closer
Event: 39.012 loading class com/google/common/io/Closer done
Event: 39.013 loading class com/google/common/io/Closer$Suppressor
Event: 39.013 loading class com/google/common/io/Closer$Suppressor done
Event: 39.013 loading class com/google/common/io/Closer$SuppressingSuppressor
Event: 39.013 loading class com/google/common/io/Closer$SuppressingSuppressor done
Event: 39.028 loading class com/android/builder/internal/aapt/v2/Aapt2RenamingConventions
Event: 39.028 loading class com/android/builder/internal/aapt/v2/Aapt2RenamingConventions done
Event: 39.029 loading class com/android/builder/internal/aapt/v2/Aapt2Exception
Event: 39.029 loading class com/android/builder/internal/aapt/v2/Aapt2Exception done
Event: 39.031 Executing VM operation: RevokeBias
Event: 39.032 Executing VM operation: RevokeBias done
Event: 39.037 loading class com/android/ide/common/blame/MergingLogPersistUtil
Event: 39.037 loading class com/android/ide/common/blame/MergingLogPersistUtil done
Event: 39.039 loading class com/android/ide/common/blame/MergingLogPersistUtil$SourcePositionsSerializer$JsonTypeAdapter
Event: 39.039 loading class com/android/ide/common/blame/MergingLogPersistUtil$SourcePositionsSerializer$JsonTypeAdapter done
Event: 39.393 Executing VM operation: CGC_Operation
Event: 39.409 Executing VM operation: CGC_Operation done
Event: 39.585 Executing VM operation: CGC_Operation
Event: 39.585 Executing VM operation: CGC_Operation done


Dynamic libraries:
0x00007ff7a72e0000 - 0x00007ff7a72ea000 	C:\Program Files\Android\Android Studio\jbr\bin\java.exe
0x00007ffb55350000 - 0x00007ffb55548000 	C:\WINDOWS\SYSTEM32\ntdll.dll
0x00007ffb536e0000 - 0x00007ffb5379f000 	C:\WINDOWS\System32\KERNEL32.DLL
0x00007ffb52f00000 - 0x00007ffb531da000 	C:\WINDOWS\System32\KERNELBASE.dll
0x00007ffb532b0000 - 0x00007ffb533b0000 	C:\WINDOWS\System32\ucrtbase.dll
0x00007ffb4d3c0000 - 0x00007ffb4d3db000 	C:\Program Files\Android\Android Studio\jbr\bin\VCRUNTIME140.dll
0x00007ffb4d0a0000 - 0x00007ffb4d0b7000 	C:\Program Files\Android\Android Studio\jbr\bin\jli.dll
0x00007ffb54b40000 - 0x00007ffb54cdd000 	C:\WINDOWS\System32\USER32.dll
0x00007ffb53250000 - 0x00007ffb53272000 	C:\WINDOWS\System32\win32u.dll
0x00007ffb534e0000 - 0x00007ffb5350b000 	C:\WINDOWS\System32\GDI32.dll
0x00007ffb52ba0000 - 0x00007ffb52cb0000 	C:\WINDOWS\System32\gdi32full.dll
0x00007ffb52d00000 - 0x00007ffb52d9d000 	C:\WINDOWS\System32\msvcp_win.dll
0x00007ffb43d20000 - 0x00007ffb43fba000 	C:\WINDOWS\WinSxS\amd64_microsoft.windows.common-controls_6595b64144ccf1df_6.0.19041.1110_none_60b5254171f9507e\COMCTL32.dll
0x00007ffb53ef0000 - 0x00007ffb53f8e000 	C:\WINDOWS\System32\msvcrt.dll
0x00007ffb53cb0000 - 0x00007ffb53ce0000 	C:\WINDOWS\System32\IMM32.DLL
0x00007ffb4c650000 - 0x00007ffb4c65c000 	C:\Program Files\Android\Android Studio\jbr\bin\vcruntime140_1.dll
0x00007ffb32ef0000 - 0x00007ffb32f7d000 	C:\Program Files\Android\Android Studio\jbr\bin\msvcp140.dll
0x00007ffb1be00000 - 0x00007ffb1c9bc000 	C:\Program Files\Android\Android Studio\jbr\bin\server\jvm.dll
0x00007ffb53430000 - 0x00007ffb534de000 	C:\WINDOWS\System32\ADVAPI32.dll
0x00007ffb54a20000 - 0x00007ffb54abc000 	C:\WINDOWS\System32\sechost.dll
0x00007ffb54890000 - 0x00007ffb549b6000 	C:\WINDOWS\System32\RPCRT4.dll
0x00007ffb53ee0000 - 0x00007ffb53ee8000 	C:\WINDOWS\System32\PSAPI.DLL
0x00007ffb4d9e0000 - 0x00007ffb4d9e9000 	C:\WINDOWS\SYSTEM32\WSOCK32.dll
0x00007ffb53ce0000 - 0x00007ffb53d4b000 	C:\WINDOWS\System32\WS2_32.dll
0x00007ffb497f0000 - 0x00007ffb497fa000 	C:\WINDOWS\SYSTEM32\VERSION.dll
0x00007ffb391a0000 - 0x00007ffb391c7000 	C:\WINDOWS\SYSTEM32\WINMM.dll
0x00007ffb51270000 - 0x00007ffb51282000 	C:\WINDOWS\SYSTEM32\kernel.appcore.dll
0x00007ffb4d9c0000 - 0x00007ffb4d9d0000 	C:\Program Files\Android\Android Studio\jbr\bin\verify.dll
0x00007ffb49a50000 - 0x00007ffb49c34000 	C:\WINDOWS\SYSTEM32\DBGHELP.DLL
0x00007ffb49a10000 - 0x00007ffb49a44000 	C:\WINDOWS\SYSTEM32\dbgcore.DLL
0x00007ffb52a60000 - 0x00007ffb52ae2000 	C:\WINDOWS\System32\bcryptPrimitives.dll
0x00007ffb44dd0000 - 0x00007ffb44df8000 	C:\Program Files\Android\Android Studio\jbr\bin\java.dll
0x00007ffb4d4e0000 - 0x00007ffb4d4ea000 	C:\Program Files\Android\Android Studio\jbr\bin\jimage.dll
0x00007ffb49ee0000 - 0x00007ffb49ef8000 	C:\Program Files\Android\Android Studio\jbr\bin\zip.dll
0x00007ffb53f90000 - 0x00007ffb546d4000 	C:\WINDOWS\System32\SHELL32.dll
0x00007ffb50900000 - 0x00007ffb51093000 	C:\WINDOWS\SYSTEM32\windows.storage.dll
0x00007ffb537a0000 - 0x00007ffb53af4000 	C:\WINDOWS\System32\combase.dll
0x00007ffb52300000 - 0x00007ffb5232e000 	C:\WINDOWS\SYSTEM32\Wldp.dll
0x00007ffb54ce0000 - 0x00007ffb54d8d000 	C:\WINDOWS\System32\SHCORE.dll
0x00007ffb54ac0000 - 0x00007ffb54b15000 	C:\WINDOWS\System32\shlwapi.dll
0x00007ffb529a0000 - 0x00007ffb529bf000 	C:\WINDOWS\SYSTEM32\profapi.dll
0x00007ffb46690000 - 0x00007ffb466a9000 	C:\Program Files\Android\Android Studio\jbr\bin\net.dll
0x00007ffb4bbd0000 - 0x00007ffb4bcda000 	C:\WINDOWS\SYSTEM32\WINHTTP.dll
0x00007ffb520e0000 - 0x00007ffb5214a000 	C:\WINDOWS\system32\mswsock.dll
0x00007ffb46060000 - 0x00007ffb46073000 	C:\Program Files\Android\Android Studio\jbr\bin\nio.dll
0x00007ffb44da0000 - 0x00007ffb44dc7000 	C:\Users\hp\.gradle\native\e1d6ef7f7dcc3fd88c89a11ec53ec762bb8ba0a96d01ffa2cd45eb1d1d8dd5c5\windows-amd64\native-platform.dll
0x00007ffb2aa20000 - 0x00007ffb2ab64000 	C:\Users\hp\.gradle\native\0d407fdbe67a94daf76414ababcb853783967236a71b16ec16e742cd7a986fd3\windows-amd64\native-platform-file-events.dll
0x00007ffb4d390000 - 0x00007ffb4d39a000 	C:\Program Files\Android\Android Studio\jbr\bin\management.dll
0x00007ffb4d090000 - 0x00007ffb4d09b000 	C:\Program Files\Android\Android Studio\jbr\bin\management_ext.dll
0x00007ffb52640000 - 0x00007ffb52658000 	C:\WINDOWS\SYSTEM32\CRYPTSP.dll
0x00007ffb51a20000 - 0x00007ffb51a54000 	C:\WINDOWS\system32\rsaenh.dll
0x00007ffb53280000 - 0x00007ffb532a7000 	C:\WINDOWS\System32\bcrypt.dll
0x00007ffb52960000 - 0x00007ffb5298e000 	C:\WINDOWS\SYSTEM32\USERENV.dll
0x00007ffb52270000 - 0x00007ffb5227c000 	C:\WINDOWS\SYSTEM32\CRYPTBASE.dll
0x00007ffb51df0000 - 0x00007ffb51e2c000 	C:\WINDOWS\SYSTEM32\IPHLPAPI.DLL
0x00007ffb53510000 - 0x00007ffb53518000 	C:\WINDOWS\System32\NSI.dll
0x00007ffb4b800000 - 0x00007ffb4b817000 	C:\WINDOWS\SYSTEM32\dhcpcsvc6.DLL
0x00007ffb4b100000 - 0x00007ffb4b11d000 	C:\WINDOWS\SYSTEM32\dhcpcsvc.DLL
0x00007ffb51e30000 - 0x00007ffb51efb000 	C:\WINDOWS\SYSTEM32\DNSAPI.dll

dbghelp: loaded successfully - version: 4.0.5 - missing functions: none
symbol engine: initialized successfully - sym options: 0x614 - pdb path: .;C:\Program Files\Android\Android Studio\jbr\bin;C:\WINDOWS\SYSTEM32;C:\WINDOWS\WinSxS\amd64_microsoft.windows.common-controls_6595b64144ccf1df_6.0.19041.1110_none_60b5254171f9507e;C:\Program Files\Android\Android Studio\jbr\bin\server;C:\Users\hp\.gradle\native\e1d6ef7f7dcc3fd88c89a11ec53ec762bb8ba0a96d01ffa2cd45eb1d1d8dd5c5\windows-amd64;C:\Users\hp\.gradle\native\0d407fdbe67a94daf76414ababcb853783967236a71b16ec16e742cd7a986fd3\windows-amd64

VM Arguments:
jvm_args: --add-opens=java.base/java.util=ALL-UNNAMED --add-opens=java.base/java.lang=ALL-UNNAMED --add-opens=java.base/java.lang.invoke=ALL-UNNAMED --add-opens=java.base/java.util=ALL-UNNAMED --add-opens=java.prefs/java.util.prefs=ALL-UNNAMED --add-opens=java.prefs/java.util.prefs=ALL-UNNAMED --add-opens=java.base/java.nio.charset=ALL-UNNAMED --add-opens=java.base/java.net=ALL-UNNAMED --add-opens=java.base/java.util.concurrent.atomic=ALL-UNNAMED -Xmx2048m -Dfile.encoding=UTF-8 -Duser.country=US -Duser.language=en -Duser.variant 
java_command: org.gradle.launcher.daemon.bootstrap.GradleDaemon 7.5
java_class_path (initial): C:\Users\hp\.gradle\wrapper\dists\gradle-7.5-bin\f1w0cc9nuo0eivz97x2xlu9sv\gradle-7.5\lib\gradle-launcher-7.5.jar
Launcher Type: SUN_STANDARD

[Global flags]
     intx CICompilerCount                          = 3                                         {product} {ergonomic}
     uint ConcGCThreads                            = 1                                         {product} {ergonomic}
     uint G1ConcRefinementThreads                  = 4                                         {product} {ergonomic}
   size_t G1HeapRegionSize                         = 1048576                                   {product} {ergonomic}
    uintx GCDrainStackTargetSize                   = 64                                        {product} {ergonomic}
   size_t InitialHeapSize                          = 67108864                                  {product} {ergonomic}
   size_t MarkStackSize                            = 4194304                                   {product} {ergonomic}
   size_t MaxHeapSize                              = 2147483648                                {product} {command line}
   size_t MaxNewSize                               = 1287651328                                {product} {ergonomic}
   size_t MinHeapDeltaBytes                        = 1048576                                   {product} {ergonomic}
    uintx NonNMethodCodeHeapSize                   = 5830732                                {pd product} {ergonomic}
    uintx NonProfiledCodeHeapSize                  = 122913754                              {pd product} {ergonomic}
    uintx ProfiledCodeHeapSize                     = 122913754                              {pd product} {ergonomic}
    uintx ReservedCodeCacheSize                    = 251658240                              {pd product} {ergonomic}
     bool SegmentedCodeCache                       = true                                      {product} {ergonomic}
     bool UseCompressedClassPointers               = true                                 {lp64_product} {ergonomic}
     bool UseCompressedOops                        = true                                 {lp64_product} {ergonomic}
     bool UseG1GC                                  = true                                      {product} {ergonomic}
     bool UseLargePagesIndividualAllocation        = false                                  {pd product} {ergonomic}

Logging:
Log output configuration:
 #0: stdout all=warning uptime,level,tags
 #1: stderr all=off uptime,level,tags

Environment Variables:
JAVA_HOME=C:\Program Files\Java\jdk-17.0.2
PATH=C:\Program Files\Common Files\Oracle\Java\javapath;C:\WINDOWS\system32;C:\WINDOWS;C:\WINDOWS\System32\Wbem;C:\WINDOWS\System32\WindowsPowerShell\v1.0\;C:\WINDOWS\System32\OpenSSH\;C:\MinGW\bin;C:\Program Files\Java\jdk-17.0.2\bin;C:\msys64\mingw64\bin;C:\Program Files\nodejs\;C:\Program Files\Git\cmd;;C:\Users\hp\AppData\Local\Microsoft\WindowsApps;C:\Program Files\JetBrains\IntelliJ IDEA Community Edition 2022.1\bin;;C:\modeltech64_10.6d\win64;C:\Users\hp\AppData\Roaming\npm;C:\Users\hp\AppData\Local\Programs\Microsoft VS Code\bin
USERNAME=hp
OS=Windows_NT
PROCESSOR_IDENTIFIER=Intel64 Family 6 Model 69 Stepping 1, GenuineIntel



---------------  S Y S T E M  ---------------

OS: Windows 10 , 64 bit Build 19041 (10.0.19041.2788)
OS uptime: 18 days 23:56 hours
Hyper-V role detected

CPU:total 4 (initial active 4) (2 cores per cpu, 2 threads per core) family 6 model 69 stepping 1 microcode 0x25, cmov, cx8, fxsr, mmx, sse, sse2, sse3, ssse3, sse4.1, sse4.2, popcnt, avx, avx2, aes, clmul, erms, lzcnt, ht, tsc, tscinvbit, bmi1, bmi2, fma

Memory: 4k page, system-wide physical 3993M (323M free)
TotalPageFile size 11755M (AvailPageFile size 5M)
current process WorkingSet (physical memory assigned to process): 423M, peak: 427M
current process commit charge ("private bytes"): 479M, peak: 480M

vm_info: OpenJDK 64-Bit Server VM (11.0.15+0-b2043.56-9505619) for windows-amd64 JRE (11.0.15+0-b2043.56-9505619), built on Jan 19 2023 02:48:00 by "builduser" with unknown MS VC++:1929

END.
