#
# There is insufficient memory for the Java Runtime Environment to continue.
# Native memory allocation (mmap) failed to map 71303168 bytes for Failed to commit area from 0x000000008a200000 to 0x000000008e600000 of length 71303168.
# Possible reasons:
#   The system is out of physical RAM or swap space
#   The process is running with CompressedOops enabled, and the Java Heap may be blocking the growth of the native heap
# Possible solutions:
#   Reduce memory load on the system
#   Increase physical memory or swap space
#   Check if swap backing store is full
#   Decrease Java heap size (-Xmx/-Xms)
#   Decrease number of Java threads
#   Decrease Java thread stack sizes (-Xss)
#   Set larger code cache with -XX:ReservedCodeCacheSize=
#   JVM is running with Unscaled Compressed Oops mode in which the Java heap is
#     placed in the first 4GB address space. The Java Heap base address is the
#     maximum limit for the native heap growth. Please use -XX:HeapBaseMinAddress
#     to set the Java Heap base and to place the Java Heap above 4GB virtual address.
# This output file may be truncated or incomplete.
#
#  Out of Memory Error (src/hotspot/os/windows/os_windows.cpp:3627), pid=6140, tid=12264
#
# JRE version: OpenJDK Runtime Environment (11.0.15) (build 11.0.15+0-b2043.56-9505619)
# Java VM: OpenJDK 64-Bit Server VM (11.0.15+0-b2043.56-9505619, mixed mode, tiered, compressed oops, g1 gc, windows-amd64)
# No core dump will be written. Minidumps are not enabled by default on client versions of Windows
#

---------------  S U M M A R Y ------------

Command Line: --add-opens=java.base/java.util=ALL-UNNAMED --add-opens=java.base/java.lang=ALL-UNNAMED --add-opens=java.base/java.lang.invoke=ALL-UNNAMED --add-opens=java.base/java.util=ALL-UNNAMED --add-opens=java.prefs/java.util.prefs=ALL-UNNAMED --add-opens=java.prefs/java.util.prefs=ALL-UNNAMED --add-opens=java.base/java.nio.charset=ALL-UNNAMED --add-opens=java.base/java.net=ALL-UNNAMED --add-opens=java.base/java.util.concurrent.atomic=ALL-UNNAMED -Xmx2048m -Dfile.encoding=UTF-8 -Duser.country=US -Duser.language=en -Duser.variant org.gradle.launcher.daemon.bootstrap.GradleDaemon 7.5

Host: Intel(R) Core(TM) i7-4600U CPU @ 2.10GHz, 4 cores, 3G,  Windows 10 , 64 bit Build 19041 (10.0.19041.2788)
Time: Mon May  8 23:01:31 2023 Pakistan Standard Time elapsed time: 36.093289 seconds (0d 0h 0m 36s)

---------------  T H R E A D  ---------------

Current thread (0x000001cb52dea800):  VMThread "VM Thread" [stack: 0x00000015af400000,0x00000015af500000] [id=12264]

Stack: [0x00000015af400000,0x00000015af500000]
[error occurred during error reporting (printing stack bounds), id 0xc0000005, EXCEPTION_ACCESS_VIOLATION (0xc0000005) at pc=0x000001cb3cd4112d]

Native frames: (J=compiled Java code, j=interpreted, Vv=VM code, C=native code)
V  [jvm.dll+0x64135a]
V  [jvm.dll+0x7d39f9]
V  [jvm.dll+0x7d51b9]
V  [jvm.dll+0x7d5805]
V  [jvm.dll+0x7d57bb]
V  [jvm.dll+0x640655]
V  [jvm.dll+0x640d68]
C  [ntdll.dll+0xa23df]
C  [ntdll.dll+0x514a4]
C  [ntdll.dll+0xa0f0e]
C  0x000001cb3cd4112d

VM_Operation (0x00000015b4bf8f80): G1CollectForAllocation, mode: safepoint, requested by thread 0x000001cb59714800


---------------  P R O C E S S  ---------------

Threads class SMR info:
_java_thread_list=0x000001cb5a768e90, length=85, elements={
0x000001cb39213000, 0x000001cb52df0800, 0x000001cb52df1800, 0x000001cb53774800,
0x000001cb53777000, 0x000001cb53779000, 0x000001cb5377c000, 0x000001cb52e53000,
0x000001cb52e58800, 0x000001cb538cd000, 0x000001cb55e1a800, 0x000001cb53f86800,
0x000001cb5501b800, 0x000001cb546e8800, 0x000001cb54f0a000, 0x000001cb5500b800,
0x000001cb55c27800, 0x000001cb558f0000, 0x000001cb550ff800, 0x000001cb5650d800,
0x000001cb53d97800, 0x000001cb53d96000, 0x000001cb53d92000, 0x000001cb53d95000,
0x000001cb53d98800, 0x000001cb53d92800, 0x000001cb53d93800, 0x000001cb53d97000,
0x000001cb53d94800, 0x000001cb56b38800, 0x000001cb56b3b800, 0x000001cb56b36000,
0x000001cb56b3a000, 0x000001cb56b39000, 0x000001cb56b37800, 0x000001cb56b3b000,
0x000001cb56b37000, 0x000001cb56b40000, 0x000001cb56b41800, 0x000001cb56b40800,
0x000001cb56b3f000, 0x000001cb56b42000, 0x000001cb56b43000, 0x000001cb56b3d800,
0x000001cb56b44000, 0x000001cb56b3e000, 0x000001cb56b44800, 0x000001cb58c62000,
0x000001cb58c61800, 0x000001cb58c66000, 0x000001cb58c65800, 0x000001cb58c63000,
0x000001cb58c64000, 0x000001cb58c60800, 0x000001cb58c6a800, 0x000001cb58c67000,
0x000001cb58c69800, 0x000001cb58c68000, 0x000001cb58c68800, 0x000001cb58c64800,
0x000001cb58c6b000, 0x000001cb58c6c000, 0x000001cb58c6f000, 0x000001cb58c6c800,
0x000001cb58c6d800, 0x000001cb58c6e800, 0x000001cb5970f800, 0x000001cb5970e000,
0x000001cb5970e800, 0x000001cb5970c800, 0x000001cb59712000, 0x000001cb59710800,
0x000001cb59711000, 0x000001cb59713000, 0x000001cb5970d000, 0x000001cb59717000,
0x000001cb59717800, 0x000001cb59715800, 0x000001cb59718800, 0x000001cb59713800,
0x000001cb5971a000, 0x000001cb59716000, 0x000001cb59714800, 0x000001cb5971b000,
0x000001cb5a8e5000
}

Java Threads: ( => current thread )
  0x000001cb39213000 JavaThread "main" [_thread_blocked, id=11480, stack(0x00000015aee00000,0x00000015aef00000)]
  0x000001cb52df0800 JavaThread "Reference Handler" daemon [_thread_blocked, id=5692, stack(0x00000015af500000,0x00000015af600000)]
  0x000001cb52df1800 JavaThread "Finalizer" daemon [_thread_blocked, id=6908, stack(0x00000015af600000,0x00000015af700000)]
  0x000001cb53774800 JavaThread "Signal Dispatcher" daemon [_thread_blocked, id=16796, stack(0x00000015af700000,0x00000015af800000)]
  0x000001cb53777000 JavaThread "Attach Listener" daemon [_thread_blocked, id=11240, stack(0x00000015af800000,0x00000015af900000)]
  0x000001cb53779000 JavaThread "Service Thread" daemon [_thread_blocked, id=9868, stack(0x00000015af900000,0x00000015afa00000)]
  0x000001cb5377c000 JavaThread "C2 CompilerThread0" daemon [_thread_blocked, id=7152, stack(0x00000015afa00000,0x00000015afb00000)]
  0x000001cb52e53000 JavaThread "C1 CompilerThread0" daemon [_thread_blocked, id=7656, stack(0x00000015afb00000,0x00000015afc00000)]
  0x000001cb52e58800 JavaThread "Sweeper thread" daemon [_thread_blocked, id=16412, stack(0x00000015afc00000,0x00000015afd00000)]
  0x000001cb538cd000 JavaThread "Common-Cleaner" daemon [_thread_blocked, id=10832, stack(0x00000015afd00000,0x00000015afe00000)]
  0x000001cb55e1a800 JavaThread "Daemon health stats" [_thread_blocked, id=868, stack(0x00000015b0100000,0x00000015b0200000)]
  0x000001cb53f86800 JavaThread "Incoming local TCP Connector on port 59358" [_thread_in_native, id=12300, stack(0x00000015aff00000,0x00000015b0000000)]
  0x000001cb5501b800 JavaThread "Daemon periodic checks" [_thread_blocked, id=9176, stack(0x00000015b0200000,0x00000015b0300000)]
  0x000001cb546e8800 JavaThread "Daemon" [_thread_blocked, id=14176, stack(0x00000015b0300000,0x00000015b0400000)]
  0x000001cb54f0a000 JavaThread "Handler for socket connection from /127.0.0.1:59358 to /127.0.0.1:59360" [_thread_in_native, id=16468, stack(0x00000015b0400000,0x00000015b0500000)]
  0x000001cb5500b800 JavaThread "Cancel handler" [_thread_blocked, id=7476, stack(0x00000015b0500000,0x00000015b0600000)]
  0x000001cb55c27800 JavaThread "Daemon worker" [_thread_blocked, id=14460, stack(0x00000015b0600000,0x00000015b0700000)]
  0x000001cb558f0000 JavaThread "Asynchronous log dispatcher for DefaultDaemonConnection: socket connection from /127.0.0.1:59358 to /127.0.0.1:59360" [_thread_blocked, id=3920, stack(0x00000015b0700000,0x00000015b0800000)]
  0x000001cb550ff800 JavaThread "Stdin handler" [_thread_blocked, id=14220, stack(0x00000015b0800000,0x00000015b0900000)]
  0x000001cb5650d800 JavaThread "Daemon client event forwarder" [_thread_blocked, id=6044, stack(0x00000015b0900000,0x00000015b0a00000)]
  0x000001cb53d97800 JavaThread "Cache worker for journal cache (C:\Users\hp\.gradle\caches\journal-1)" [_thread_blocked, id=1932, stack(0x00000015b0a00000,0x00000015b0b00000)]
  0x000001cb53d96000 JavaThread "File lock request listener" [_thread_in_native, id=2876, stack(0x00000015b0b00000,0x00000015b0c00000)]
  0x000001cb53d92000 JavaThread "Cache worker for file hash cache (C:\Users\hp\.gradle\caches\7.5\fileHashes)" [_thread_blocked, id=7824, stack(0x00000015b0e00000,0x00000015b0f00000)]
  0x000001cb53d95000 JavaThread "File watcher server" daemon [_thread_blocked, id=13552, stack(0x00000015b0f00000,0x00000015b1000000)]
  0x000001cb53d98800 JavaThread "File watcher consumer" daemon [_thread_blocked, id=9612, stack(0x00000015b1000000,0x00000015b1100000)]
  0x000001cb53d92800 JavaThread "Cache worker for checksums cache (C:\Users\hp\AndroidStudioProjects\Assignment22\.gradle\7.5\checksums)" [_thread_blocked, id=1872, stack(0x00000015b1100000,0x00000015b1200000)]
  0x000001cb53d93800 JavaThread "Cache worker for cache directory md-rule (C:\Users\hp\.gradle\caches\7.5\md-rule)" [_thread_blocked, id=1960, stack(0x00000015b1200000,0x00000015b1300000)]
  0x000001cb53d97000 JavaThread "Cache worker for file content cache (C:\Users\hp\.gradle\caches\7.5\fileContent)" [_thread_blocked, id=9872, stack(0x00000015b1300000,0x00000015b1400000)]
  0x000001cb53d94800 JavaThread "Cache worker for file hash cache (C:\Users\hp\AndroidStudioProjects\Assignment22\.gradle\7.5\fileHashes)" [_thread_blocked, id=4116, stack(0x00000015b1500000,0x00000015b1600000)]
  0x000001cb56b38800 JavaThread "Cache worker for cache directory md-supplier (C:\Users\hp\.gradle\caches\7.5\md-supplier)" [_thread_blocked, id=14100, stack(0x00000015b1600000,0x00000015b1700000)]
  0x000001cb56b3b800 JavaThread "Cache worker for execution history cache (C:\Users\hp\.gradle\caches\7.5\executionHistory)" [_thread_blocked, id=6816, stack(0x00000015b1700000,0x00000015b1800000)]
  0x000001cb56b36000 JavaThread "jar transforms" [_thread_blocked, id=12608, stack(0x00000015b1800000,0x00000015b1900000)]
  0x000001cb56b3a000 JavaThread "jar transforms Thread 2" [_thread_blocked, id=14548, stack(0x00000015b1900000,0x00000015b1a00000)]
  0x000001cb56b39000 JavaThread "jar transforms Thread 3" [_thread_blocked, id=11460, stack(0x00000015b1a00000,0x00000015b1b00000)]
  0x000001cb56b37800 JavaThread "jar transforms Thread 4" [_thread_blocked, id=9860, stack(0x00000015b1b00000,0x00000015b1c00000)]
  0x000001cb56b3b000 JavaThread "Cache worker for dependencies-accessors (C:\Users\hp\AndroidStudioProjects\Assignment22\.gradle\7.5\dependencies-accessors)" [_thread_blocked, id=11948, stack(0x00000015b1c00000,0x00000015b1d00000)]
  0x000001cb56b37000 JavaThread "Cache worker for Build Output Cleanup Cache (C:\Users\hp\AndroidStudioProjects\Assignment22\.gradle\buildOutputCleanup)" [_thread_blocked, id=11100, stack(0x00000015b1d00000,0x00000015b1e00000)]
  0x000001cb56b40000 JavaThread "Unconstrained build operations" [_thread_blocked, id=3868, stack(0x00000015b1e00000,0x00000015b1f00000)]
  0x000001cb56b41800 JavaThread "Unconstrained build operations Thread 2" [_thread_blocked, id=9752, stack(0x00000015b1f00000,0x00000015b2000000)]
  0x000001cb56b40800 JavaThread "Unconstrained build operations Thread 3" [_thread_blocked, id=9064, stack(0x00000015b2000000,0x00000015b2100000)]
  0x000001cb56b3f000 JavaThread "Unconstrained build operations Thread 4" [_thread_blocked, id=12804, stack(0x00000015b2100000,0x00000015b2200000)]
  0x000001cb56b42000 JavaThread "Unconstrained build operations Thread 5" [_thread_blocked, id=12624, stack(0x00000015b2200000,0x00000015b2300000)]
  0x000001cb56b43000 JavaThread "Unconstrained build operations Thread 6" [_thread_blocked, id=5440, stack(0x00000015b2300000,0x00000015b2400000)]
  0x000001cb56b3d800 JavaThread "Unconstrained build operations Thread 7" [_thread_blocked, id=10384, stack(0x00000015b2400000,0x00000015b2500000)]
  0x000001cb56b44000 JavaThread "Unconstrained build operations Thread 8" [_thread_blocked, id=11340, stack(0x00000015b2500000,0x00000015b2600000)]
  0x000001cb56b3e000 JavaThread "Unconstrained build operations Thread 9" [_thread_blocked, id=15592, stack(0x00000015b2600000,0x00000015b2700000)]
  0x000001cb56b44800 JavaThread "Unconstrained build operations Thread 10" [_thread_blocked, id=5792, stack(0x00000015b2700000,0x00000015b2800000)]
  0x000001cb58c62000 JavaThread "Unconstrained build operations Thread 11" [_thread_blocked, id=3628, stack(0x00000015b2800000,0x00000015b2900000)]
  0x000001cb58c61800 JavaThread "Unconstrained build operations Thread 12" [_thread_blocked, id=660, stack(0x00000015b2900000,0x00000015b2a00000)]
  0x000001cb58c66000 JavaThread "Unconstrained build operations Thread 13" [_thread_blocked, id=5652, stack(0x00000015b2a00000,0x00000015b2b00000)]
  0x000001cb58c65800 JavaThread "Unconstrained build operations Thread 14" [_thread_blocked, id=13556, stack(0x00000015b2b00000,0x00000015b2c00000)]
  0x000001cb58c63000 JavaThread "Unconstrained build operations Thread 15" [_thread_blocked, id=3448, stack(0x00000015b2c00000,0x00000015b2d00000)]
  0x000001cb58c64000 JavaThread "Unconstrained build operations Thread 16" [_thread_blocked, id=4220, stack(0x00000015b2d00000,0x00000015b2e00000)]
  0x000001cb58c60800 JavaThread "Unconstrained build operations Thread 17" [_thread_blocked, id=10752, stack(0x00000015b2e00000,0x00000015b2f00000)]
  0x000001cb58c6a800 JavaThread "Unconstrained build operations Thread 18" [_thread_blocked, id=13740, stack(0x00000015b2f00000,0x00000015b3000000)]
  0x000001cb58c67000 JavaThread "Unconstrained build operations Thread 19" [_thread_blocked, id=8648, stack(0x00000015b3000000,0x00000015b3100000)]
  0x000001cb58c69800 JavaThread "Unconstrained build operations Thread 20" [_thread_blocked, id=15928, stack(0x00000015b3100000,0x00000015b3200000)]
  0x000001cb58c68000 JavaThread "Unconstrained build operations Thread 21" [_thread_blocked, id=13932, stack(0x00000015b3200000,0x00000015b3300000)]
  0x000001cb58c68800 JavaThread "Unconstrained build operations Thread 22" [_thread_blocked, id=16928, stack(0x00000015b3300000,0x00000015b3400000)]
  0x000001cb58c64800 JavaThread "Unconstrained build operations Thread 23" [_thread_blocked, id=2440, stack(0x00000015b3400000,0x00000015b3500000)]
  0x000001cb58c6b000 JavaThread "Unconstrained build operations Thread 24" [_thread_blocked, id=1440, stack(0x00000015b3500000,0x00000015b3600000)]
  0x000001cb58c6c000 JavaThread "Unconstrained build operations Thread 25" [_thread_blocked, id=9756, stack(0x00000015b3600000,0x00000015b3700000)]
  0x000001cb58c6f000 JavaThread "Unconstrained build operations Thread 26" [_thread_blocked, id=9144, stack(0x00000015b3700000,0x00000015b3800000)]
  0x000001cb58c6c800 JavaThread "Unconstrained build operations Thread 27" [_thread_blocked, id=4480, stack(0x00000015b3800000,0x00000015b3900000)]
  0x000001cb58c6d800 JavaThread "Unconstrained build operations Thread 28" [_thread_blocked, id=9596, stack(0x00000015b3900000,0x00000015b3a00000)]
  0x000001cb58c6e800 JavaThread "Unconstrained build operations Thread 29" [_thread_blocked, id=12196, stack(0x00000015b3a00000,0x00000015b3b00000)]
  0x000001cb5970f800 JavaThread "Unconstrained build operations Thread 30" [_thread_blocked, id=13144, stack(0x00000015b3b00000,0x00000015b3c00000)]
  0x000001cb5970e000 JavaThread "Unconstrained build operations Thread 31" [_thread_blocked, id=16648, stack(0x00000015b3c00000,0x00000015b3d00000)]
  0x000001cb5970e800 JavaThread "Unconstrained build operations Thread 32" [_thread_blocked, id=9512, stack(0x00000015b3d00000,0x00000015b3e00000)]
  0x000001cb5970c800 JavaThread "Unconstrained build operations Thread 33" [_thread_blocked, id=14200, stack(0x00000015b3e00000,0x00000015b3f00000)]
  0x000001cb59712000 JavaThread "Unconstrained build operations Thread 34" [_thread_blocked, id=10864, stack(0x00000015b3f00000,0x00000015b4000000)]
  0x000001cb59710800 JavaThread "Unconstrained build operations Thread 35" [_thread_blocked, id=9460, stack(0x00000015b4000000,0x00000015b4100000)]
  0x000001cb59711000 JavaThread "Unconstrained build operations Thread 36" [_thread_blocked, id=9544, stack(0x00000015b4100000,0x00000015b4200000)]
  0x000001cb59713000 JavaThread "Unconstrained build operations Thread 37" [_thread_blocked, id=9168, stack(0x00000015b4200000,0x00000015b4300000)]
  0x000001cb5970d000 JavaThread "Unconstrained build operations Thread 38" [_thread_blocked, id=4912, stack(0x00000015b4300000,0x00000015b4400000)]
  0x000001cb59717000 JavaThread "Unconstrained build operations Thread 39" [_thread_blocked, id=15752, stack(0x00000015b4400000,0x00000015b4500000)]
  0x000001cb59717800 JavaThread "Unconstrained build operations Thread 40" [_thread_blocked, id=15708, stack(0x00000015b4500000,0x00000015b4600000)]
  0x000001cb59715800 JavaThread "build event listener" [_thread_blocked, id=12024, stack(0x00000015b4600000,0x00000015b4700000)]
  0x000001cb59718800 JavaThread "Memory manager" [_thread_blocked, id=5444, stack(0x00000015b4700000,0x00000015b4800000)]
  0x000001cb59713800 JavaThread "included builds" [_thread_blocked, id=8416, stack(0x00000015b4800000,0x00000015b4900000)]
  0x000001cb5971a000 JavaThread "Execution worker" [_thread_blocked, id=10648, stack(0x00000015b4900000,0x00000015b4a00000)]
  0x000001cb59716000 JavaThread "Execution worker Thread 2" [_thread_blocked, id=11408, stack(0x00000015b4a00000,0x00000015b4b00000)]
  0x000001cb59714800 JavaThread "Execution worker Thread 3" [_thread_blocked, id=14816, stack(0x00000015b4b00000,0x00000015b4c00000)]
  0x000001cb5971b000 JavaThread "Cache worker for execution history cache (C:\Users\hp\AndroidStudioProjects\Assignment22\.gradle\7.5\executionHistory)" [_thread_blocked, id=13244, stack(0x00000015b4c00000,0x00000015b4d00000)]
  0x000001cb5a8e5000 JavaThread "C2 CompilerThread1" daemon [_thread_blocked, id=2660, stack(0x00000015b1400000,0x00000015b1500000)]

Other Threads:
=>0x000001cb52dea800 VMThread "VM Thread" [stack: 0x00000015af400000,0x00000015af500000] [id=12264]
  0x000001cb538ce000 WatcherThread [stack: 0x00000015afe00000,0x00000015aff00000] [id=11836]
  0x000001cb3922b000 GCTaskThread "GC Thread#0" [stack: 0x00000015aef00000,0x00000015af000000] [id=2476]
  0x000001cb54244000 GCTaskThread "GC Thread#1" [stack: 0x00000015b0000000,0x00000015b0100000] [id=10244]
  0x000001cb55100800 GCTaskThread "GC Thread#2" [stack: 0x00000015b0c00000,0x00000015b0d00000] [id=7284]
  0x000001cb5650e800 GCTaskThread "GC Thread#3" [stack: 0x00000015b0d00000,0x00000015b0e00000] [id=4084]
  0x000001cb3925c000 ConcurrentGCThread "G1 Main Marker" [stack: 0x00000015af000000,0x00000015af100000] [id=14700]
  0x000001cb3925d800 ConcurrentGCThread "G1 Conc#0" [stack: 0x00000015af100000,0x00000015af200000] [id=17376]
  0x000001cb392b6800 ConcurrentGCThread "G1 Refine#0" [stack: 0x00000015af200000,0x00000015af300000] [id=736]
  0x000001cb392b7800 ConcurrentGCThread "G1 Young RemSet Sampling" [stack: 0x00000015af300000,0x00000015af400000] [id=4684]

Threads with active compile tasks:

VM state:at safepoint (normal execution)

VM Mutex/Monitor currently owned by a thread:  ([mutex/lock_event])
[0x000001cb39205aa0] Threads_lock - owner thread: 0x000001cb52dea800
[0x000001cb3920ebb0] Heap_lock - owner thread: 0x000001cb59714800

Heap address: 0x0000000080000000, size: 2048 MB, Compressed Oops mode: 32-bit
Narrow klass base: 0x0000000000000000, Narrow klass shift: 3
Compressed class space size: 1073741824 Address: 0x0000000100000000

Heap:
 garbage-first heap   total 235520K, used 104865K [0x0000000080000000, 0x0000000100000000)
  region size 1024K, 4 young (4096K), 4 survivors (4096K)
 Metaspace       used 87286K, capacity 89662K, committed 90024K, reserved 1126400K
  class space    used 11303K, capacity 12227K, committed 12324K, reserved 1048576K
Heap Regions: E=young(eden), S=young(survivor), O=old, HS=humongous(starts), HC=humongous(continues), CS=collection set, F=free, A=archive, TAMS=top-at-mark-start (previous, next)
|   0|0x0000000080000000, 0x0000000080100000, 0x0000000080100000|100%|HS|  |TAMS 0x0000000080100000, 0x0000000080000000| Complete 
|   1|0x0000000080100000, 0x0000000080200000, 0x0000000080200000|100%|HC|  |TAMS 0x0000000080200000, 0x0000000080100000| Complete 
|   2|0x0000000080200000, 0x0000000080300000, 0x0000000080300000|100%|HC|  |TAMS 0x0000000080300000, 0x0000000080200000| Complete 
|   3|0x0000000080300000, 0x0000000080400000, 0x0000000080400000|100%| O|  |TAMS 0x0000000080400000, 0x0000000080300000| Untracked 
|   4|0x0000000080400000, 0x0000000080500000, 0x0000000080500000|100%| O|  |TAMS 0x0000000080500000, 0x0000000080400000| Untracked 
|   5|0x0000000080500000, 0x0000000080600000, 0x0000000080600000|100%| O|  |TAMS 0x0000000080600000, 0x0000000080500000| Untracked 
|   6|0x0000000080600000, 0x0000000080700000, 0x0000000080700000|100%| O|  |TAMS 0x0000000080700000, 0x0000000080600000| Untracked 
|   7|0x0000000080700000, 0x0000000080800000, 0x0000000080800000|100%| O|  |TAMS 0x0000000080800000, 0x0000000080700000| Untracked 
|   8|0x0000000080800000, 0x0000000080900000, 0x0000000080900000|100%| O|  |TAMS 0x0000000080900000, 0x0000000080800000| Untracked 
|   9|0x0000000080900000, 0x0000000080a00000, 0x0000000080a00000|100%| O|  |TAMS 0x0000000080a00000, 0x0000000080900000| Untracked 
|  10|0x0000000080a00000, 0x0000000080b00000, 0x0000000080b00000|100%| O|  |TAMS 0x0000000080b00000, 0x0000000080a00000| Untracked 
|  11|0x0000000080b00000, 0x0000000080c00000, 0x0000000080c00000|100%| O|  |TAMS 0x0000000080c00000, 0x0000000080b00000| Untracked 
|  12|0x0000000080c00000, 0x0000000080d00000, 0x0000000080d00000|100%| O|  |TAMS 0x0000000080d00000, 0x0000000080c00000| Untracked 
|  13|0x0000000080d00000, 0x0000000080e00000, 0x0000000080e00000|100%| O|  |TAMS 0x0000000080e00000, 0x0000000080d00000| Untracked 
|  14|0x0000000080e00000, 0x0000000080f00000, 0x0000000080f00000|100%| O|  |TAMS 0x0000000080f00000, 0x0000000080e00000| Untracked 
|  15|0x0000000080f00000, 0x0000000081000000, 0x0000000081000000|100%| O|  |TAMS 0x0000000081000000, 0x0000000080f00000| Untracked 
|  16|0x0000000081000000, 0x0000000081100000, 0x0000000081100000|100%| O|  |TAMS 0x0000000081100000, 0x0000000081000000| Untracked 
|  17|0x0000000081100000, 0x0000000081200000, 0x0000000081200000|100%| O|  |TAMS 0x0000000081200000, 0x0000000081100000| Untracked 
|  18|0x0000000081200000, 0x0000000081300000, 0x0000000081300000|100%| O|  |TAMS 0x0000000081300000, 0x0000000081200000| Untracked 
|  19|0x0000000081300000, 0x0000000081400000, 0x0000000081400000|100%| O|  |TAMS 0x0000000081400000, 0x0000000081300000| Untracked 
|  20|0x0000000081400000, 0x0000000081500000, 0x0000000081500000|100%| O|  |TAMS 0x0000000081500000, 0x0000000081400000| Untracked 
|  21|0x0000000081500000, 0x0000000081600000, 0x0000000081600000|100%|HS|  |TAMS 0x0000000081600000, 0x0000000081500000| Complete 
|  22|0x0000000081600000, 0x0000000081700000, 0x0000000081700000|100%| O|  |TAMS 0x0000000081700000, 0x0000000081600000| Untracked 
|  23|0x0000000081700000, 0x0000000081800000, 0x0000000081800000|100%| O|  |TAMS 0x0000000081800000, 0x0000000081700000| Untracked 
|  24|0x0000000081800000, 0x0000000081900000, 0x0000000081900000|100%| O|  |TAMS 0x0000000081900000, 0x0000000081800000| Untracked 
|  25|0x0000000081900000, 0x0000000081a00000, 0x0000000081a00000|100%| O|  |TAMS 0x0000000081a00000, 0x0000000081900000| Untracked 
|  26|0x0000000081a00000, 0x0000000081b00000, 0x0000000081b00000|100%| O|  |TAMS 0x0000000081b00000, 0x0000000081a00000| Untracked 
|  27|0x0000000081b00000, 0x0000000081c00000, 0x0000000081c00000|100%| O|  |TAMS 0x0000000081c00000, 0x0000000081b00000| Untracked 
|  28|0x0000000081c00000, 0x0000000081d00000, 0x0000000081d00000|100%| O|  |TAMS 0x0000000081d00000, 0x0000000081c00000| Untracked 
|  29|0x0000000081d00000, 0x0000000081e00000, 0x0000000081e00000|100%| O|  |TAMS 0x0000000081e00000, 0x0000000081d00000| Untracked 
|  30|0x0000000081e00000, 0x0000000081f00000, 0x0000000081f00000|100%|HS|  |TAMS 0x0000000081f00000, 0x0000000081e00000| Complete 
|  31|0x0000000081f00000, 0x0000000082000000, 0x0000000082000000|100%| O|  |TAMS 0x0000000082000000, 0x0000000081f00000| Untracked 
|  32|0x0000000082000000, 0x0000000082100000, 0x0000000082100000|100%| O|  |TAMS 0x0000000082100000, 0x0000000082000000| Untracked 
|  33|0x0000000082100000, 0x0000000082200000, 0x0000000082200000|100%| O|  |TAMS 0x0000000082200000, 0x0000000082100000| Untracked 
|  34|0x0000000082200000, 0x0000000082300000, 0x0000000082300000|100%| O|  |TAMS 0x0000000082300000, 0x0000000082200000| Untracked 
|  35|0x0000000082300000, 0x0000000082400000, 0x0000000082400000|100%| O|  |TAMS 0x0000000082400000, 0x0000000082300000| Untracked 
|  36|0x0000000082400000, 0x0000000082500000, 0x0000000082500000|100%| O|  |TAMS 0x0000000082500000, 0x0000000082400000| Untracked 
|  37|0x0000000082500000, 0x0000000082600000, 0x0000000082600000|100%| O|  |TAMS 0x0000000082600000, 0x0000000082500000| Untracked 
|  38|0x0000000082600000, 0x0000000082700000, 0x0000000082700000|100%| O|  |TAMS 0x0000000082700000, 0x0000000082600000| Untracked 
|  39|0x0000000082700000, 0x0000000082800000, 0x0000000082800000|100%| O|  |TAMS 0x0000000082800000, 0x0000000082700000| Untracked 
|  40|0x0000000082800000, 0x0000000082900000, 0x0000000082900000|100%| O|  |TAMS 0x0000000082900000, 0x0000000082800000| Untracked 
|  41|0x0000000082900000, 0x0000000082a00000, 0x0000000082a00000|100%| O|  |TAMS 0x0000000082a00000, 0x0000000082900000| Untracked 
|  42|0x0000000082a00000, 0x0000000082b00000, 0x0000000082b00000|100%| O|  |TAMS 0x0000000082b00000, 0x0000000082a00000| Untracked 
|  43|0x0000000082b00000, 0x0000000082c00000, 0x0000000082c00000|100%| O|  |TAMS 0x0000000082c00000, 0x0000000082b00000| Untracked 
|  44|0x0000000082c00000, 0x0000000082d00000, 0x0000000082d00000|100%| O|  |TAMS 0x0000000082d00000, 0x0000000082c00000| Untracked 
|  45|0x0000000082d00000, 0x0000000082e00000, 0x0000000082e00000|100%| O|  |TAMS 0x0000000082e00000, 0x0000000082d00000| Untracked 
|  46|0x0000000082e00000, 0x0000000082f00000, 0x0000000082f00000|100%| O|  |TAMS 0x0000000082f00000, 0x0000000082e00000| Untracked 
|  47|0x0000000082f00000, 0x0000000083000000, 0x0000000083000000|100%| O|  |TAMS 0x0000000083000000, 0x0000000082f00000| Untracked 
|  48|0x0000000083000000, 0x0000000083100000, 0x0000000083100000|100%| O|  |TAMS 0x0000000083100000, 0x0000000083000000| Untracked 
|  49|0x0000000083100000, 0x0000000083200000, 0x0000000083200000|100%| O|  |TAMS 0x0000000083200000, 0x0000000083100000| Untracked 
|  50|0x0000000083200000, 0x0000000083300000, 0x0000000083300000|100%| O|  |TAMS 0x0000000083300000, 0x0000000083200000| Untracked 
|  51|0x0000000083300000, 0x0000000083400000, 0x0000000083400000|100%| O|  |TAMS 0x0000000083400000, 0x0000000083300000| Untracked 
|  52|0x0000000083400000, 0x0000000083500000, 0x0000000083500000|100%| O|  |TAMS 0x0000000083500000, 0x0000000083400000| Untracked 
|  53|0x0000000083500000, 0x0000000083600000, 0x0000000083600000|100%| O|  |TAMS 0x0000000083600000, 0x0000000083500000| Untracked 
|  54|0x0000000083600000, 0x0000000083700000, 0x0000000083700000|100%| O|  |TAMS 0x0000000083700000, 0x0000000083600000| Untracked 
|  55|0x0000000083700000, 0x0000000083800000, 0x0000000083800000|100%| O|  |TAMS 0x0000000083800000, 0x0000000083700000| Untracked 
|  56|0x0000000083800000, 0x0000000083900000, 0x0000000083900000|100%| O|  |TAMS 0x0000000083900000, 0x0000000083800000| Untracked 
|  57|0x0000000083900000, 0x0000000083a00000, 0x0000000083a00000|100%| O|  |TAMS 0x0000000083a00000, 0x0000000083900000| Untracked 
|  58|0x0000000083a00000, 0x0000000083b00000, 0x0000000083b00000|100%| O|  |TAMS 0x0000000083b00000, 0x0000000083a00000| Untracked 
|  59|0x0000000083b00000, 0x0000000083c00000, 0x0000000083c00000|100%| O|  |TAMS 0x0000000083c00000, 0x0000000083b00000| Untracked 
|  60|0x0000000083c00000, 0x0000000083d00000, 0x0000000083d00000|100%| O|  |TAMS 0x0000000083d00000, 0x0000000083c00000| Untracked 
|  61|0x0000000083d00000, 0x0000000083e00000, 0x0000000083e00000|100%| O|  |TAMS 0x0000000083e00000, 0x0000000083d00000| Untracked 
|  62|0x0000000083e00000, 0x0000000083f00000, 0x0000000083f00000|100%| O|  |TAMS 0x0000000083f00000, 0x0000000083e00000| Untracked 
|  63|0x0000000083f00000, 0x0000000084000000, 0x0000000084000000|100%| O|  |TAMS 0x0000000084000000, 0x0000000083f00000| Untracked 
|  64|0x0000000084000000, 0x0000000084100000, 0x0000000084100000|100%| O|  |TAMS 0x0000000084100000, 0x0000000084000000| Untracked 
|  65|0x0000000084100000, 0x0000000084200000, 0x0000000084200000|100%| O|  |TAMS 0x0000000084200000, 0x0000000084100000| Untracked 
|  66|0x0000000084200000, 0x0000000084300000, 0x0000000084300000|100%| O|  |TAMS 0x0000000084300000, 0x0000000084200000| Untracked 
|  67|0x0000000084300000, 0x0000000084400000, 0x0000000084400000|100%| O|  |TAMS 0x0000000084400000, 0x0000000084300000| Untracked 
|  68|0x0000000084400000, 0x0000000084400000, 0x0000000084500000|  0%| F|  |TAMS 0x0000000084400000, 0x0000000084400000| Untracked 
|  69|0x0000000084500000, 0x0000000084500000, 0x0000000084600000|  0%| F|  |TAMS 0x0000000084500000, 0x0000000084500000| Untracked 
|  70|0x0000000084600000, 0x0000000084700000, 0x0000000084700000|100%| O|  |TAMS 0x0000000084700000, 0x0000000084600000| Untracked 
|  71|0x0000000084700000, 0x0000000084700000, 0x0000000084800000|  0%| F|  |TAMS 0x0000000084700000, 0x0000000084700000| Untracked 
|  72|0x0000000084800000, 0x0000000084800000, 0x0000000084900000|  0%| F|  |TAMS 0x0000000084800000, 0x0000000084800000| Untracked 
|  73|0x0000000084900000, 0x0000000084a00000, 0x0000000084a00000|100%| O|  |TAMS 0x0000000084a00000, 0x0000000084900000| Untracked 
|  74|0x0000000084a00000, 0x0000000084b00000, 0x0000000084b00000|100%| O|  |TAMS 0x0000000084b00000, 0x0000000084a00000| Untracked 
|  75|0x0000000084b00000, 0x0000000084c00000, 0x0000000084c00000|100%| O|  |TAMS 0x0000000084c00000, 0x0000000084b00000| Untracked 
|  76|0x0000000084c00000, 0x0000000084d00000, 0x0000000084d00000|100%| O|  |TAMS 0x0000000084d00000, 0x0000000084c00000| Untracked 
|  77|0x0000000084d00000, 0x0000000084e00000, 0x0000000084e00000|100%| O|  |TAMS 0x0000000084e00000, 0x0000000084d00000| Untracked 
|  78|0x0000000084e00000, 0x0000000084f00000, 0x0000000084f00000|100%| O|  |TAMS 0x0000000084f00000, 0x0000000084e00000| Untracked 
|  79|0x0000000084f00000, 0x0000000085000000, 0x0000000085000000|100%|HS|  |TAMS 0x0000000085000000, 0x0000000084f00000| Complete 
|  80|0x0000000085000000, 0x0000000085100000, 0x0000000085100000|100%|HC|  |TAMS 0x0000000085100000, 0x0000000085000000| Complete 
|  81|0x0000000085100000, 0x0000000085200000, 0x0000000085200000|100%| O|  |TAMS 0x0000000085200000, 0x0000000085100000| Untracked 
|  82|0x0000000085200000, 0x0000000085300000, 0x0000000085300000|100%| O|  |TAMS 0x0000000085300000, 0x0000000085200000| Untracked 
|  83|0x0000000085300000, 0x0000000085400000, 0x0000000085400000|100%| O|  |TAMS 0x0000000085400000, 0x0000000085300000| Untracked 
|  84|0x0000000085400000, 0x0000000085500000, 0x0000000085500000|100%| O|  |TAMS 0x0000000085500000, 0x0000000085400000| Untracked 
|  85|0x0000000085500000, 0x0000000085600000, 0x0000000085600000|100%| O|  |TAMS 0x0000000085600000, 0x0000000085500000| Untracked 
|  86|0x0000000085600000, 0x0000000085700000, 0x0000000085700000|100%| O|  |TAMS 0x0000000085700000, 0x0000000085600000| Untracked 
|  87|0x0000000085700000, 0x0000000085800000, 0x0000000085800000|100%| O|  |TAMS 0x0000000085800000, 0x0000000085700000| Untracked 
|  88|0x0000000085800000, 0x0000000085900000, 0x0000000085900000|100%| O|  |TAMS 0x0000000085900000, 0x0000000085800000| Untracked 
|  89|0x0000000085900000, 0x0000000085a00000, 0x0000000085a00000|100%| O|  |TAMS 0x0000000085a00000, 0x0000000085900000| Untracked 
|  90|0x0000000085a00000, 0x0000000085b00000, 0x0000000085b00000|100%| O|  |TAMS 0x0000000085b00000, 0x0000000085a00000| Untracked 
|  91|0x0000000085b00000, 0x0000000085c00000, 0x0000000085c00000|100%| O|  |TAMS 0x0000000085c00000, 0x0000000085b00000| Untracked 
|  92|0x0000000085c00000, 0x0000000085d00000, 0x0000000085d00000|100%| O|  |TAMS 0x0000000085d00000, 0x0000000085c00000| Untracked 
|  93|0x0000000085d00000, 0x0000000085e00000, 0x0000000085e00000|100%| O|  |TAMS 0x0000000085e00000, 0x0000000085d00000| Untracked 
|  94|0x0000000085e00000, 0x0000000085f00000, 0x0000000085f00000|100%| O|  |TAMS 0x0000000085f00000, 0x0000000085e00000| Untracked 
|  95|0x0000000085f00000, 0x0000000086000000, 0x0000000086000000|100%| O|  |TAMS 0x0000000085fef600, 0x0000000085f00000| Untracked 
|  96|0x0000000086000000, 0x0000000086000000, 0x0000000086100000|  0%| F|  |TAMS 0x0000000086000000, 0x0000000086000000| Untracked 
|  97|0x0000000086100000, 0x0000000086100000, 0x0000000086200000|  0%| F|  |TAMS 0x0000000086100000, 0x0000000086100000| Untracked 
|  98|0x0000000086200000, 0x0000000086200000, 0x0000000086300000|  0%| F|  |TAMS 0x0000000086200000, 0x0000000086200000| Untracked 
|  99|0x0000000086300000, 0x0000000086300000, 0x0000000086400000|  0%| F|  |TAMS 0x0000000086300000, 0x0000000086300000| Untracked 
| 100|0x0000000086400000, 0x0000000086500000, 0x0000000086500000|100%| O|  |TAMS 0x0000000086400000, 0x0000000086400000| Untracked 
| 101|0x0000000086500000, 0x0000000086600000, 0x0000000086600000|100%| O|  |TAMS 0x0000000086500000, 0x0000000086500000| Untracked 
| 102|0x0000000086600000, 0x0000000086700000, 0x0000000086700000|100%| O|  |TAMS 0x0000000086600000, 0x0000000086600000| Untracked 
| 103|0x0000000086700000, 0x0000000086800000, 0x0000000086800000|100%| O|  |TAMS 0x0000000086700000, 0x0000000086700000| Untracked 
| 104|0x0000000086800000, 0x0000000086900000, 0x0000000086900000|100%| O|  |TAMS 0x0000000086800000, 0x0000000086800000| Untracked 
| 105|0x0000000086900000, 0x0000000086900000, 0x0000000086a00000|  0%| F|  |TAMS 0x0000000086900000, 0x0000000086900000| Untracked 
| 106|0x0000000086a00000, 0x0000000086a00000, 0x0000000086b00000|  0%| F|  |TAMS 0x0000000086a00000, 0x0000000086a00000| Untracked 
| 107|0x0000000086b00000, 0x0000000086b00000, 0x0000000086c00000|  0%| F|  |TAMS 0x0000000086b00000, 0x0000000086b00000| Untracked 
| 108|0x0000000086c00000, 0x0000000086c00000, 0x0000000086d00000|  0%| F|  |TAMS 0x0000000086c00000, 0x0000000086c00000| Untracked 
| 109|0x0000000086d00000, 0x0000000086d00000, 0x0000000086e00000|  0%| F|  |TAMS 0x0000000086d00000, 0x0000000086d00000| Untracked 
| 110|0x0000000086e00000, 0x0000000086f00000, 0x0000000086f00000|100%| O|  |TAMS 0x0000000086e00000, 0x0000000086e00000| Untracked 
| 111|0x0000000086f00000, 0x0000000086f80000, 0x0000000087000000| 50%| O|  |TAMS 0x0000000086f00000, 0x0000000086f00000| Untracked 
| 112|0x0000000087000000, 0x0000000087000000, 0x0000000087100000|  0%| F|  |TAMS 0x0000000087000000, 0x0000000087000000| Untracked 
| 113|0x0000000087100000, 0x0000000087100000, 0x0000000087200000|  0%| F|  |TAMS 0x0000000087100000, 0x0000000087100000| Untracked 
| 114|0x0000000087200000, 0x0000000087200000, 0x0000000087300000|  0%| F|  |TAMS 0x0000000087200000, 0x0000000087200000| Untracked 
| 115|0x0000000087300000, 0x0000000087300000, 0x0000000087400000|  0%| F|  |TAMS 0x0000000087300000, 0x0000000087300000| Untracked 
| 116|0x0000000087400000, 0x0000000087400000, 0x0000000087500000|  0%| F|  |TAMS 0x0000000087400000, 0x0000000087400000| Untracked 
| 117|0x0000000087500000, 0x0000000087500000, 0x0000000087600000|  0%| F|  |TAMS 0x0000000087500000, 0x0000000087500000| Untracked 
| 118|0x0000000087600000, 0x0000000087600000, 0x0000000087700000|  0%| F|  |TAMS 0x0000000087600000, 0x0000000087600000| Untracked 
| 119|0x0000000087700000, 0x0000000087700000, 0x0000000087800000|  0%| F|  |TAMS 0x0000000087700000, 0x0000000087700000| Untracked 
| 120|0x0000000087800000, 0x0000000087800000, 0x0000000087900000|  0%| F|  |TAMS 0x0000000087800000, 0x0000000087800000| Untracked 
| 121|0x0000000087900000, 0x0000000087900000, 0x0000000087a00000|  0%| F|  |TAMS 0x0000000087900000, 0x0000000087900000| Untracked 
| 122|0x0000000087a00000, 0x0000000087a00000, 0x0000000087b00000|  0%| F|  |TAMS 0x0000000087a00000, 0x0000000087a00000| Untracked 
| 123|0x0000000087b00000, 0x0000000087b00000, 0x0000000087c00000|  0%| F|  |TAMS 0x0000000087b00000, 0x0000000087b00000| Untracked 
| 124|0x0000000087c00000, 0x0000000087c00000, 0x0000000087d00000|  0%| F|  |TAMS 0x0000000087c00000, 0x0000000087c00000| Untracked 
| 125|0x0000000087d00000, 0x0000000087d00000, 0x0000000087e00000|  0%| F|  |TAMS 0x0000000087d00000, 0x0000000087d00000| Untracked 
| 126|0x0000000087e00000, 0x0000000087e00000, 0x0000000087f00000|  0%| F|  |TAMS 0x0000000087e00000, 0x0000000087e00000| Untracked 
| 127|0x0000000087f00000, 0x0000000087fe84d0, 0x0000000088000000| 90%| S|CS|TAMS 0x0000000087f00000, 0x0000000087f00000| Complete 
| 128|0x0000000088000000, 0x0000000088100000, 0x0000000088100000|100%| S|CS|TAMS 0x0000000088000000, 0x0000000088000000| Complete 
| 129|0x0000000088100000, 0x0000000088200000, 0x0000000088200000|100%| S|CS|TAMS 0x0000000088100000, 0x0000000088100000| Complete 
| 130|0x0000000088200000, 0x0000000088300000, 0x0000000088300000|100%| S|CS|TAMS 0x0000000088200000, 0x0000000088200000| Complete 
| 131|0x0000000088300000, 0x0000000088300000, 0x0000000088400000|  0%| F|  |TAMS 0x0000000088300000, 0x0000000088300000| Untracked 
| 132|0x0000000088400000, 0x0000000088400000, 0x0000000088500000|  0%| F|  |TAMS 0x0000000088400000, 0x0000000088400000| Untracked 
| 133|0x0000000088500000, 0x0000000088500000, 0x0000000088600000|  0%| F|  |TAMS 0x0000000088500000, 0x0000000088500000| Untracked 
| 134|0x0000000088600000, 0x0000000088600000, 0x0000000088700000|  0%| F|  |TAMS 0x0000000088600000, 0x0000000088600000| Untracked 
| 135|0x0000000088700000, 0x0000000088700000, 0x0000000088800000|  0%| F|  |TAMS 0x0000000088700000, 0x0000000088700000| Untracked 
| 136|0x0000000088800000, 0x0000000088800000, 0x0000000088900000|  0%| F|  |TAMS 0x0000000088800000, 0x0000000088800000| Untracked 
| 137|0x0000000088900000, 0x0000000088900000, 0x0000000088a00000|  0%| F|  |TAMS 0x0000000088900000, 0x0000000088900000| Untracked 
| 138|0x0000000088a00000, 0x0000000088a00000, 0x0000000088b00000|  0%| F|  |TAMS 0x0000000088a00000, 0x0000000088a00000| Untracked 
| 139|0x0000000088b00000, 0x0000000088b00000, 0x0000000088c00000|  0%| F|  |TAMS 0x0000000088b00000, 0x0000000088b00000| Untracked 
| 140|0x0000000088c00000, 0x0000000088c00000, 0x0000000088d00000|  0%| F|  |TAMS 0x0000000088c00000, 0x0000000088c00000| Untracked 
| 141|0x0000000088d00000, 0x0000000088d00000, 0x0000000088e00000|  0%| F|  |TAMS 0x0000000088d00000, 0x0000000088d00000| Untracked 
| 142|0x0000000088e00000, 0x0000000088e00000, 0x0000000088f00000|  0%| F|  |TAMS 0x0000000088e00000, 0x0000000088e00000| Untracked 
| 143|0x0000000088f00000, 0x0000000088f00000, 0x0000000089000000|  0%| F|  |TAMS 0x0000000088f00000, 0x0000000088f00000| Untracked 
| 144|0x0000000089000000, 0x0000000089000000, 0x0000000089100000|  0%| F|  |TAMS 0x0000000089000000, 0x0000000089000000| Untracked 
| 145|0x0000000089100000, 0x0000000089100000, 0x0000000089200000|  0%| F|  |TAMS 0x0000000089100000, 0x0000000089100000| Untracked 
| 146|0x0000000089200000, 0x0000000089200000, 0x0000000089300000|  0%| F|  |TAMS 0x0000000089200000, 0x0000000089200000| Untracked 
| 147|0x0000000089300000, 0x0000000089300000, 0x0000000089400000|  0%| F|  |TAMS 0x0000000089300000, 0x0000000089300000| Untracked 
| 148|0x0000000089400000, 0x0000000089400000, 0x0000000089500000|  0%| F|  |TAMS 0x0000000089400000, 0x0000000089400000| Untracked 
| 149|0x0000000089500000, 0x0000000089500000, 0x0000000089600000|  0%| F|  |TAMS 0x0000000089500000, 0x0000000089500000| Untracked 
| 150|0x0000000089600000, 0x0000000089600000, 0x0000000089700000|  0%| F|  |TAMS 0x0000000089600000, 0x0000000089600000| Untracked 
| 151|0x0000000089700000, 0x0000000089700000, 0x0000000089800000|  0%| F|  |TAMS 0x0000000089700000, 0x0000000089700000| Untracked 
| 152|0x0000000089800000, 0x0000000089800000, 0x0000000089900000|  0%| F|  |TAMS 0x0000000089800000, 0x0000000089800000| Untracked 
| 153|0x0000000089900000, 0x0000000089900000, 0x0000000089a00000|  0%| F|  |TAMS 0x0000000089900000, 0x0000000089900000| Untracked 
| 154|0x0000000089a00000, 0x0000000089a00000, 0x0000000089b00000|  0%| F|  |TAMS 0x0000000089a00000, 0x0000000089a00000| Untracked 
| 155|0x0000000089b00000, 0x0000000089b00000, 0x0000000089c00000|  0%| F|  |TAMS 0x0000000089b00000, 0x0000000089b00000| Untracked 
| 156|0x0000000089c00000, 0x0000000089c00000, 0x0000000089d00000|  0%| F|  |TAMS 0x0000000089c00000, 0x0000000089c00000| Untracked 
| 157|0x0000000089d00000, 0x0000000089d00000, 0x0000000089e00000|  0%| F|  |TAMS 0x0000000089d00000, 0x0000000089d00000| Untracked 
| 158|0x0000000089e00000, 0x0000000089e00000, 0x0000000089f00000|  0%| F|  |TAMS 0x0000000089e00000, 0x0000000089e00000| Untracked 
| 159|0x0000000089f00000, 0x0000000089f00000, 0x000000008a000000|  0%| F|  |TAMS 0x0000000089f00000, 0x0000000089f00000| Untracked 
| 160|0x000000008a000000, 0x000000008a000000, 0x000000008a100000|  0%| F|  |TAMS 0x000000008a000000, 0x000000008a000000| Untracked 
| 161|0x000000008a100000, 0x000000008a100000, 0x000000008a200000|  0%| F|  |TAMS 0x000000008a100000, 0x000000008a100000| Untracked 

Card table byte_map: [0x000001cb4c140000,0x000001cb4c540000] _byte_map_base: 0x000001cb4bd40000

Marking Bits (Prev, Next): (CMBitMap*) 0x000001cb39253480, (CMBitMap*) 0x000001cb39253448
 Prev Bits: [0x000001cb4e940000, 0x000001cb50940000)
 Next Bits: [0x000001cb4c940000, 0x000001cb4e940000)

Polling page: 0x000001cb37110000

Metaspace:

Usage:
  Non-class:     75.62 MB capacity,    74.20 MB ( 98%) used,     1.15 MB (  2%) free+waste,   273.69 KB ( <1%) overhead. 
      Class:     11.94 MB capacity,    11.04 MB ( 92%) used,   796.51 KB (  7%) free+waste,   126.69 KB (  1%) overhead. 
       Both:     87.56 MB capacity,    85.24 MB ( 97%) used,     1.93 MB (  2%) free+waste,   400.38 KB ( <1%) overhead. 

Virtual space:
  Non-class space:       76.00 MB reserved,      75.88 MB (>99%) committed 
      Class space:        1.00 GB reserved,      12.04 MB (  1%) committed 
             Both:        1.07 GB reserved,      87.91 MB (  8%) committed 

Chunk freelists:
   Non-Class:  73.00 KB
       Class:  29.00 KB
        Both:  102.00 KB

MaxMetaspaceSize: 17179869184.00 GB
CompressedClassSpaceSize: 1.00 GB
Initial GC threshold: 20.80 MB
Current GC threshold: 146.11 MB
CDS: off

CodeHeap 'non-profiled nmethods': size=120064Kb used=6816Kb max_used=6816Kb free=113247Kb
 bounds [0x000001cb44800000, 0x000001cb44eb0000, 0x000001cb4bd40000]
CodeHeap 'profiled nmethods': size=120000Kb used=23564Kb max_used=23564Kb free=96435Kb
 bounds [0x000001cb3d2d0000, 0x000001cb3e9e0000, 0x000001cb44800000]
CodeHeap 'non-nmethods': size=5696Kb used=2379Kb max_used=2448Kb free=3317Kb
 bounds [0x000001cb3cd40000, 0x000001cb3cfb0000, 0x000001cb3d2d0000]
 total_blobs=11768 nmethods=10863 adapters=817
 compilation: enabled
              stopped_count=0, restarted_count=0
 full_count=0

Compilation events (20 events):
Event: 36.043 Thread 0x000001cb5377c000 nmethod 10972 0x000001cb44ea3790 code [0x000001cb44ea39a0, 0x000001cb44ea4328]
Event: 36.043 Thread 0x000001cb5377c000 10977       4       java.util.LinkedHashMap::entrySet (27 bytes)
Event: 36.044 Thread 0x000001cb52e53000 10978       3       com.google.gson.stream.JsonWriter::newline (47 bytes)
Event: 36.044 Thread 0x000001cb52e53000 nmethod 10978 0x000001cb3e9d1590 code [0x000001cb3e9d1760, 0x000001cb3e9d1b18]
Event: 36.045 Thread 0x000001cb52e53000 10979       3       com.google.gson.stream.JsonWriter::beginArray (12 bytes)
Event: 36.045 Thread 0x000001cb52e53000 nmethod 10979 0x000001cb3e9d1c90 code [0x000001cb3e9d1ea0, 0x000001cb3e9d2288]
Event: 36.045 Thread 0x000001cb52e53000 10980       3       com.google.gson.stream.JsonWriter::endArray (9 bytes)
Event: 36.046 Thread 0x000001cb52e53000 nmethod 10980 0x000001cb3e9d2410 code [0x000001cb3e9d25c0, 0x000001cb3e9d2708]
Event: 36.047 Thread 0x000001cb5377c000 nmethod 10977 0x000001cb44ea4b90 code [0x000001cb44ea4d20, 0x000001cb44ea4ed8]
Event: 36.049 Thread 0x000001cb52e53000 10981       3       sun.nio.cs.UTF_8$Encoder::overflow (11 bytes)
Event: 36.050 Thread 0x000001cb5377c000 10982       4       com.google.gson.stream.JsonWriter::beforeName (47 bytes)
Event: 36.050 Thread 0x000001cb52e53000 nmethod 10981 0x000001cb3e9d2790 code [0x000001cb3e9d29a0, 0x000001cb3e9d2eb8]
Event: 36.055 Thread 0x000001cb5a8e5000 nmethod 10975 0x000001cb44ea4f90 code [0x000001cb44ea51c0, 0x000001cb44ea5b90]
Event: 36.056 Thread 0x000001cb5a8e5000 10983       4       com.google.gson.stream.JsonWriter::name (53 bytes)
Event: 36.058 Thread 0x000001cb5a8e5000 nmethod 10983 0x000001cb44ea6390 code [0x000001cb44ea6520, 0x000001cb44ea6698]
Event: 36.058 Thread 0x000001cb5a8e5000 10984       4       java.io.Writer::append (10 bytes)
Event: 36.060 Thread 0x000001cb5a8e5000 nmethod 10984 0x000001cb44ea6790 code [0x000001cb44ea6940, 0x000001cb44ea6a48]
Event: 36.064 Thread 0x000001cb5377c000 nmethod 10982 0x000001cb44ea6c10 code [0x000001cb44ea6e00, 0x000001cb44ea7768]
Event: 36.064 Thread 0x000001cb5a8e5000 10985       4       com.google.gson.stream.JsonWriter::value (24 bytes)
Event: 36.067 Thread 0x000001cb5a8e5000 nmethod 10985 0x000001cb44ea7d10 code [0x000001cb44ea7ee0, 0x000001cb44ea8030]

GC Heap History (20 events):
Event: 20.465 GC heap after
{Heap after GC invocations=23 (full 0):
 garbage-first heap   total 114688K, used 51886K [0x0000000080000000, 0x0000000100000000)
  region size 1024K, 5 young (5120K), 5 survivors (5120K)
 Metaspace       used 65179K, capacity 66826K, committed 66896K, reserved 1107968K
  class space    used 8263K, capacity 8888K, committed 8908K, reserved 1048576K
}
Event: 21.292 GC heap before
{Heap before GC invocations=24 (full 0):
 garbage-first heap   total 114688K, used 87726K [0x0000000080000000, 0x0000000100000000)
  region size 1024K, 40 young (40960K), 5 survivors (5120K)
 Metaspace       used 66978K, capacity 68684K, committed 68776K, reserved 1110016K
  class space    used 8521K, capacity 9209K, committed 9252K, reserved 1048576K
}
Event: 21.307 GC heap after
{Heap after GC invocations=25 (full 0):
 garbage-first heap   total 114688K, used 54352K [0x0000000080000000, 0x0000000100000000)
  region size 1024K, 5 young (5120K), 5 survivors (5120K)
 Metaspace       used 66978K, capacity 68684K, committed 68776K, reserved 1110016K
  class space    used 8521K, capacity 9209K, committed 9252K, reserved 1048576K
}
Event: 22.707 GC heap before
{Heap before GC invocations=25 (full 0):
 garbage-first heap   total 114688K, used 90192K [0x0000000080000000, 0x0000000100000000)
  region size 1024K, 40 young (40960K), 5 survivors (5120K)
 Metaspace       used 71113K, capacity 72849K, committed 73128K, reserved 1112064K
  class space    used 9241K, capacity 9947K, committed 10020K, reserved 1048576K
}
Event: 22.718 GC heap after
{Heap after GC invocations=26 (full 0):
 garbage-first heap   total 138240K, used 56382K [0x0000000080000000, 0x0000000100000000)
  region size 1024K, 5 young (5120K), 5 survivors (5120K)
 Metaspace       used 71113K, capacity 72849K, committed 73128K, reserved 1112064K
  class space    used 9241K, capacity 9947K, committed 10020K, reserved 1048576K
}
Event: 24.050 GC heap before
{Heap before GC invocations=26 (full 0):
 garbage-first heap   total 138240K, used 104510K [0x0000000080000000, 0x0000000100000000)
  region size 1024K, 52 young (53248K), 5 survivors (5120K)
 Metaspace       used 75539K, capacity 77378K, committed 77736K, reserved 1116160K
  class space    used 9926K, capacity 10673K, committed 10788K, reserved 1048576K
}
Event: 24.066 GC heap after
{Heap after GC invocations=27 (full 0):
 garbage-first heap   total 138240K, used 58806K [0x0000000080000000, 0x0000000100000000)
  region size 1024K, 5 young (5120K), 5 survivors (5120K)
 Metaspace       used 75539K, capacity 77378K, committed 77736K, reserved 1116160K
  class space    used 9926K, capacity 10673K, committed 10788K, reserved 1048576K
}
Event: 25.507 GC heap before
{Heap before GC invocations=27 (full 0):
 garbage-first heap   total 138240K, used 107958K [0x0000000080000000, 0x0000000100000000)
  region size 1024K, 53 young (54272K), 5 survivors (5120K)
 Metaspace       used 79787K, capacity 81889K, committed 82088K, reserved 1120256K
  class space    used 10435K, capacity 11176K, committed 11300K, reserved 1048576K
}
Event: 25.526 GC heap after
{Heap after GC invocations=28 (full 0):
 garbage-first heap   total 138240K, used 62971K [0x0000000080000000, 0x0000000100000000)
  region size 1024K, 7 young (7168K), 7 survivors (7168K)
 Metaspace       used 79787K, capacity 81889K, committed 82088K, reserved 1120256K
  class space    used 10435K, capacity 11176K, committed 11300K, reserved 1048576K
}
Event: 26.221 GC heap before
{Heap before GC invocations=28 (full 0):
 garbage-first heap   total 138240K, used 110075K [0x0000000080000000, 0x0000000100000000)
  region size 1024K, 53 young (54272K), 7 survivors (7168K)
 Metaspace       used 80117K, capacity 82088K, committed 82344K, reserved 1120256K
  class space    used 10466K, capacity 11216K, committed 11300K, reserved 1048576K
}
Event: 26.242 GC heap after
{Heap after GC invocations=29 (full 0):
 garbage-first heap   total 138240K, used 69384K [0x0000000080000000, 0x0000000100000000)
  region size 1024K, 7 young (7168K), 7 survivors (7168K)
 Metaspace       used 80117K, capacity 82088K, committed 82344K, reserved 1120256K
  class space    used 10466K, capacity 11216K, committed 11300K, reserved 1048576K
}
Event: 27.678 GC heap before
{Heap before GC invocations=29 (full 0):
 garbage-first heap   total 138240K, used 110344K [0x0000000080000000, 0x0000000100000000)
  region size 1024K, 47 young (48128K), 7 survivors (7168K)
 Metaspace       used 82487K, capacity 84780K, committed 84904K, reserved 1122304K
  class space    used 10868K, capacity 11744K, committed 11812K, reserved 1048576K
}
Event: 27.711 GC heap after
{Heap after GC invocations=30 (full 0):
 garbage-first heap   total 165888K, used 73072K [0x0000000080000000, 0x0000000100000000)
  region size 1024K, 4 young (4096K), 4 survivors (4096K)
 Metaspace       used 82487K, capacity 84780K, committed 84904K, reserved 1122304K
  class space    used 10868K, capacity 11744K, committed 11812K, reserved 1048576K
}
Event: 29.963 GC heap before
{Heap before GC invocations=31 (full 0):
 garbage-first heap   total 165888K, used 126320K [0x0000000080000000, 0x0000000100000000)
  region size 1024K, 57 young (58368K), 4 survivors (4096K)
 Metaspace       used 84624K, capacity 87003K, committed 87080K, reserved 1124352K
  class space    used 11045K, capacity 11920K, committed 11940K, reserved 1048576K
}
Event: 29.982 GC heap after
{Heap after GC invocations=32 (full 0):
 garbage-first heap   total 165888K, used 75921K [0x0000000080000000, 0x0000000100000000)
  region size 1024K, 7 young (7168K), 7 survivors (7168K)
 Metaspace       used 84624K, capacity 87003K, committed 87080K, reserved 1124352K
  class space    used 11045K, capacity 11920K, committed 11940K, reserved 1048576K
}
Event: 31.657 GC heap before
{Heap before GC invocations=32 (full 0):
 garbage-first heap   total 165888K, used 124049K [0x0000000080000000, 0x0000000100000000)
  region size 1024K, 51 young (52224K), 7 survivors (7168K)
 Metaspace       used 86403K, capacity 88710K, committed 88872K, reserved 1126400K
  class space    used 11223K, capacity 12102K, committed 12196K, reserved 1048576K
}
Event: 31.711 GC heap after
{Heap after GC invocations=33 (full 0):
 garbage-first heap   total 165888K, used 85815K [0x0000000080000000, 0x0000000100000000)
  region size 1024K, 8 young (8192K), 8 survivors (8192K)
 Metaspace       used 86403K, capacity 88710K, committed 88872K, reserved 1126400K
  class space    used 11223K, capacity 12102K, committed 12196K, reserved 1048576K
}
Event: 33.134 GC heap before
{Heap before GC invocations=34 (full 0):
 garbage-first heap   total 165888K, used 130871K [0x0000000080000000, 0x0000000100000000)
  region size 1024K, 50 young (51200K), 8 survivors (8192K)
 Metaspace       used 87050K, capacity 89523K, committed 89768K, reserved 1126400K
  class space    used 11292K, capacity 12204K, committed 12324K, reserved 1048576K
}
Event: 33.250 GC heap after
{Heap after GC invocations=35 (full 0):
 garbage-first heap   total 165888K, used 101309K [0x0000000080000000, 0x0000000100000000)
  region size 1024K, 7 young (7168K), 7 survivors (7168K)
 Metaspace       used 87050K, capacity 89523K, committed 89768K, reserved 1126400K
  class space    used 11292K, capacity 12204K, committed 12324K, reserved 1048576K
}
Event: 36.069 GC heap before
{Heap before GC invocations=36 (full 0):
 garbage-first heap   total 165888K, used 140221K [0x0000000080000000, 0x0000000100000000)
  region size 1024K, 38 young (38912K), 7 survivors (7168K)
 Metaspace       used 87286K, capacity 89662K, committed 90024K, reserved 1126400K
  class space    used 11303K, capacity 12227K, committed 12324K, reserved 1048576K
}

Deoptimization events (20 events):
Event: 35.344 Thread 0x000001cb59714800 Uncommon trap: trap_request=0xffffffc6 fr.pc=0x000001cb44c7d558 relative=0x0000000000000938
Event: 35.344 Thread 0x000001cb59714800 Uncommon trap: reason=bimorphic_or_optimized_type_check action=maybe_recompile pc=0x000001cb44c7d558 method=com.google.common.collect.AbstractMapBasedMultimap$WrappedCollection.refreshIfEmpty()V @ 59 c2
Event: 35.344 Thread 0x000001cb59714800 DEOPT PACKING pc=0x000001cb44c7d558 sp=0x00000015b4bfa5b0
Event: 35.344 Thread 0x000001cb59714800 DEOPT UNPACKING pc=0x000001cb3cd8a1af sp=0x00000015b4bfa568 mode 2
Event: 35.369 Thread 0x000001cb59714800 Uncommon trap: trap_request=0xffffff4d fr.pc=0x000001cb44e82b00 relative=0x0000000000000060
Event: 35.369 Thread 0x000001cb59714800 Uncommon trap: reason=unstable_if action=reinterpret pc=0x000001cb44e82b00 method=com.android.ide.common.blame.SourceFile.getSourcePath()Ljava/lang/String; @ 4 c2
Event: 35.369 Thread 0x000001cb59714800 DEOPT PACKING pc=0x000001cb44e82b00 sp=0x00000015b4bfa730
Event: 35.369 Thread 0x000001cb59714800 DEOPT UNPACKING pc=0x000001cb3cd8a1af sp=0x00000015b4bfa6d0 mode 2
Event: 35.434 Thread 0x000001cb59714800 Uncommon trap: trap_request=0xffffff4d fr.pc=0x000001cb44e86954 relative=0x0000000000000614
Event: 35.435 Thread 0x000001cb59714800 Uncommon trap: reason=unstable_if action=reinterpret pc=0x000001cb44e86954 method=java.io.BufferedWriter.min(II)I @ 2 c2
Event: 35.435 Thread 0x000001cb59714800 DEOPT PACKING pc=0x000001cb44e86954 sp=0x00000015b4bfa560
Event: 35.435 Thread 0x000001cb59714800 DEOPT UNPACKING pc=0x000001cb3cd8a1af sp=0x00000015b4bfa490 mode 2
Event: 36.019 Thread 0x000001cb59714800 Uncommon trap: trap_request=0xffffff4d fr.pc=0x000001cb44e90488 relative=0x0000000000002b88
Event: 36.019 Thread 0x000001cb59714800 Uncommon trap: reason=unstable_if action=reinterpret pc=0x000001cb44e90488 method=java.io.BufferedWriter.min(II)I @ 2 c2
Event: 36.019 Thread 0x000001cb59714800 DEOPT PACKING pc=0x000001cb44e90488 sp=0x00000015b4bfa580
Event: 36.020 Thread 0x000001cb59714800 DEOPT UNPACKING pc=0x000001cb3cd8a1af sp=0x00000015b4bfa448 mode 2
Event: 36.044 Thread 0x000001cb59714800 Uncommon trap: trap_request=0xffffff4d fr.pc=0x000001cb44ea30d8 relative=0x0000000000000378
Event: 36.044 Thread 0x000001cb59714800 Uncommon trap: reason=unstable_if action=reinterpret pc=0x000001cb44ea30d8 method=java.io.BufferedWriter.write(I)V @ 19 c2
Event: 36.044 Thread 0x000001cb59714800 DEOPT PACKING pc=0x000001cb44ea30d8 sp=0x00000015b4bfa570
Event: 36.044 Thread 0x000001cb59714800 DEOPT UNPACKING pc=0x000001cb3cd8a1af sp=0x00000015b4bfa498 mode 2

Classes redefined (0 events):
No events

Internal exceptions (20 events):
Event: 26.805 Thread 0x000001cb59715800 Exception <a 'java/lang/NoSuchMethodError'{0x00000000872d8fb8}: <clinit>> (0x00000000872d8fb8) thrown at [src/hotspot/share/prims/jni.cpp, line 1367]
Event: 26.809 Thread 0x000001cb59715800 Exception <a 'java/lang/NoSuchMethodError'{0x00000000872e1790}: 'void java.lang.invoke.DirectMethodHandle$Holder.invokeSpecial(java.lang.Object, java.lang.Object, java.lang.Object, int)'> (0x00000000872e1790) thrown at [src/hotspot/share/interpreter/linkResolver.cpp, line 773]
Event: 26.842 Thread 0x000001cb5650d800 Exception <a 'java/lang/NoSuchMethodError'{0x00000000871a82c0}: <clinit>> (0x00000000871a82c0) thrown at [src/hotspot/share/prims/jni.cpp, line 1367]
Event: 26.873 Thread 0x000001cb5971a000 Exception <a 'java/lang/NoSuchMethodError'{0x00000000870382d0}: 'int java.lang.invoke.DirectMethodHandle$Holder.invokeSpecial(java.lang.Object, java.lang.Object, java.lang.Object, java.lang.Object, java.lang.Object)'> (0x00000000870382d0) thrown at [src/hotspot/share/interpreter/linkResolver.cpp, line 773]
Event: 27.357 Thread 0x000001cb59714800 Exception <a 'java/lang/NoSuchMethodError'{0x0000000086af7218}: 'void java.lang.invoke.DirectMethodHandle$Holder.invokeStatic(java.lang.Object, java.lang.Object, java.lang.Object, java.lang.Object, int, java.lang.Object, java.lang.Object)'> (0x0000000086af7218) thrown at [src/hotspot/share/interpreter/linkResolver.cpp, line 773]
Event: 27.419 Thread 0x000001cb58c6e800 Exception <a 'java/lang/NoSuchMethodError'{0x00000000866f0cb0}: 'java.lang.Object java.lang.invoke.DirectMethodHandle$Holder.invokeSpecialIFC(java.lang.Object, java.lang.Object, java.lang.Object)'> (0x00000000866f0cb0) thrown at [src/hotspot/share/interpreter/linkResolver.cpp, line 773]
Event: 27.419 Thread 0x000001cb5970e000 Exception <a 'java/lang/NoSuchMethodError'{0x00000000866ebaf8}: 'java.lang.Object java.lang.invoke.DirectMethodHandle$Holder.invokeSpecialIFC(java.lang.Object, java.lang.Object, java.lang.Object)'> (0x00000000866ebaf8) thrown at [src/hotspot/share/interpreter/linkResolver.cpp, line 773]
Event: 27.907 Thread 0x000001cb58c6e800 Implicit null exception at 0x000001cb44cf5dc9 to 0x000001cb44cf677c
Event: 27.907 Thread 0x000001cb58c6e800 Implicit null exception at 0x000001cb44cf5dc9 to 0x000001cb44cf677c
Event: 27.914 Thread 0x000001cb56b41800 Implicit null exception at 0x000001cb44cf5dc9 to 0x000001cb44cf677c
Event: 27.914 Thread 0x000001cb56b41800 Implicit null exception at 0x000001cb44cf5dc9 to 0x000001cb44cf677c
Event: 28.069 Thread 0x000001cb56b41800 Implicit null exception at 0x000001cb44d00a91 to 0x000001cb44d01478
Event: 28.070 Thread 0x000001cb58c6e800 Implicit null exception at 0x000001cb44d00a91 to 0x000001cb44d01478
Event: 28.356 Thread 0x000001cb59710800 Implicit null exception at 0x000001cb44d1785b to 0x000001cb44d17f40
Event: 29.291 Thread 0x000001cb59714800 Exception <a 'java/lang/NoSuchMethodError'{0x0000000087628fd0}: 'void java.lang.invoke.DirectMethodHandle$Holder.invokeInterface(java.lang.Object, java.lang.Object, java.lang.Object, java.lang.Object)'> (0x0000000087628fd0) thrown at [src/hotspot/share/interpreter/linkResolver.cpp, line 773]
Event: 29.333 Thread 0x000001cb59714800 Exception <a 'java/lang/NoSuchMethodError'{0x0000000087577960}: 'void java.lang.invoke.DirectMethodHandle$Holder.invokeVirtual(java.lang.Object, java.lang.Object)'> (0x0000000087577960) thrown at [src/hotspot/share/interpreter/linkResolver.cpp, line 773]
Event: 32.711 Thread 0x000001cb59714800 Exception <a 'java/lang/NoSuchMethodError'{0x0000000088320950}: 'java.lang.Object java.lang.invoke.DirectMethodHandle$Holder.invokeSpecial(java.lang.Object, java.lang.Object, int, int, int, java.lang.Object, java.lang.Object, java.lang.Object, int)'> (0x0000000088320950) thrown at [src/hotspot/share/interpreter/linkResolver.cpp, line 773]
Event: 32.711 Thread 0x000001cb59714800 Exception <a 'java/lang/NoSuchMethodError'{0x0000000088324800}: 'java.lang.Object java.lang.invoke.DelegatingMethodHandle$Holder.reinvoke_L(java.lang.Object, int, int, int, java.lang.Object, java.lang.Object, java.lang.Object, int)'> (0x0000000088324800) thrown at [src/hotspot/share/interpreter/linkResolver.cpp, line 773]
Event: 32.713 Thread 0x000001cb59714800 Exception <a 'java/lang/NoSuchMethodError'{0x0000000088346720}: 'java.lang.Object java.lang.invoke.DirectMethodHandle$Holder.invokeStatic(java.lang.Object, java.lang.Object, java.lang.Object, java.lang.Object, java.lang.Object, java.lang.Object, java.lang.Object, int)'> (0x0000000088346720) thrown at [src/hotspot/share/interpreter/linkResolver.cpp, line 773]
Event: 32.780 Thread 0x000001cb59714800 Implicit null exception at 0x000001cb44ddb998 to 0x000001cb44ddc717

Events (20 events):
Event: 35.343 loading class org/gradle/internal/work/AsyncWorkTracker$ProjectLockRetention done
Event: 35.351 loading class com/google/common/cache/LocalCache$EntrySet
Event: 35.351 loading class com/google/common/cache/LocalCache$EntrySet done
Event: 35.352 loading class com/google/common/cache/LocalCache$AbstractCacheSet
Event: 35.352 loading class com/google/common/cache/LocalCache$AbstractCacheSet done
Event: 35.353 loading class com/google/common/cache/LocalCache$EntryIterator
Event: 35.353 loading class com/google/common/cache/LocalCache$EntryIterator done
Event: 35.354 loading class com/google/common/cache/LocalCache$HashIterator
Event: 35.354 loading class com/google/common/cache/LocalCache$HashIterator done
Event: 35.355 loading class com/google/common/cache/LocalCache$WriteThroughEntry
Event: 35.355 loading class com/google/common/cache/LocalCache$WriteThroughEntry done
Event: 35.360 loading class com/android/ide/common/blame/MergingLogPersistUtil$SourcePositionsSerializer
Event: 35.360 loading class com/android/ide/common/blame/MergingLogPersistUtil$SourcePositionsSerializer done
Event: 35.361 loading class com/android/ide/common/blame/MergingLogPersistUtil$SourcePositionsSerializer$Kind
Event: 35.361 loading class com/android/ide/common/blame/MergingLogPersistUtil$SourcePositionsSerializer$Kind done
Event: 35.434 Executing VM operation: RevokeBias
Event: 35.434 Executing VM operation: RevokeBias done
Event: 36.019 Executing VM operation: RevokeBias
Event: 36.019 Executing VM operation: RevokeBias done
Event: 36.069 Executing VM operation: G1CollectForAllocation


Dynamic libraries:
0x00007ff7a72e0000 - 0x00007ff7a72ea000 	C:\Program Files\Android\Android Studio\jbr\bin\java.exe
0x00007ffb55350000 - 0x00007ffb55548000 	C:\WINDOWS\SYSTEM32\ntdll.dll
0x00007ffb536e0000 - 0x00007ffb5379f000 	C:\WINDOWS\System32\KERNEL32.DLL
0x00007ffb52f00000 - 0x00007ffb531da000 	C:\WINDOWS\System32\KERNELBASE.dll
0x00007ffb532b0000 - 0x00007ffb533b0000 	C:\WINDOWS\System32\ucrtbase.dll
0x00007ffb4d3c0000 - 0x00007ffb4d3d7000 	C:\Program Files\Android\Android Studio\jbr\bin\jli.dll
0x00007ffb4d0a0000 - 0x00007ffb4d0bb000 	C:\Program Files\Android\Android Studio\jbr\bin\VCRUNTIME140.dll
0x00007ffb54b40000 - 0x00007ffb54cdd000 	C:\WINDOWS\System32\USER32.dll
0x00007ffb53250000 - 0x00007ffb53272000 	C:\WINDOWS\System32\win32u.dll
0x00007ffb534e0000 - 0x00007ffb5350b000 	C:\WINDOWS\System32\GDI32.dll
0x00007ffb43d20000 - 0x00007ffb43fba000 	C:\WINDOWS\WinSxS\amd64_microsoft.windows.common-controls_6595b64144ccf1df_6.0.19041.1110_none_60b5254171f9507e\COMCTL32.dll
0x00007ffb52ba0000 - 0x00007ffb52cb0000 	C:\WINDOWS\System32\gdi32full.dll
0x00007ffb53ef0000 - 0x00007ffb53f8e000 	C:\WINDOWS\System32\msvcrt.dll
0x00007ffb52d00000 - 0x00007ffb52d9d000 	C:\WINDOWS\System32\msvcp_win.dll
0x00007ffb53cb0000 - 0x00007ffb53ce0000 	C:\WINDOWS\System32\IMM32.DLL
0x00007ffb4c650000 - 0x00007ffb4c65c000 	C:\Program Files\Android\Android Studio\jbr\bin\vcruntime140_1.dll
0x00007ffb32ef0000 - 0x00007ffb32f7d000 	C:\Program Files\Android\Android Studio\jbr\bin\msvcp140.dll
0x00007ffb1be00000 - 0x00007ffb1c9bc000 	C:\Program Files\Android\Android Studio\jbr\bin\server\jvm.dll
0x00007ffb53430000 - 0x00007ffb534de000 	C:\WINDOWS\System32\ADVAPI32.dll
0x00007ffb54a20000 - 0x00007ffb54abc000 	C:\WINDOWS\System32\sechost.dll
0x00007ffb54890000 - 0x00007ffb549b6000 	C:\WINDOWS\System32\RPCRT4.dll
0x00007ffb53ee0000 - 0x00007ffb53ee8000 	C:\WINDOWS\System32\PSAPI.DLL
0x00007ffb4d9e0000 - 0x00007ffb4d9e9000 	C:\WINDOWS\SYSTEM32\WSOCK32.dll
0x00007ffb391a0000 - 0x00007ffb391c7000 	C:\WINDOWS\SYSTEM32\WINMM.dll
0x00007ffb53ce0000 - 0x00007ffb53d4b000 	C:\WINDOWS\System32\WS2_32.dll
0x00007ffb497f0000 - 0x00007ffb497fa000 	C:\WINDOWS\SYSTEM32\VERSION.dll
0x00007ffb51270000 - 0x00007ffb51282000 	C:\WINDOWS\SYSTEM32\kernel.appcore.dll
0x00007ffb4d9c0000 - 0x00007ffb4d9d0000 	C:\Program Files\Android\Android Studio\jbr\bin\verify.dll
0x00007ffb49a50000 - 0x00007ffb49c34000 	C:\WINDOWS\SYSTEM32\DBGHELP.DLL
0x00007ffb49a10000 - 0x00007ffb49a44000 	C:\WINDOWS\SYSTEM32\dbgcore.DLL
0x00007ffb52a60000 - 0x00007ffb52ae2000 	C:\WINDOWS\System32\bcryptPrimitives.dll
0x00007ffb44dd0000 - 0x00007ffb44df8000 	C:\Program Files\Android\Android Studio\jbr\bin\java.dll
0x00007ffb4d4e0000 - 0x00007ffb4d4ea000 	C:\Program Files\Android\Android Studio\jbr\bin\jimage.dll
0x00007ffb49ee0000 - 0x00007ffb49ef8000 	C:\Program Files\Android\Android Studio\jbr\bin\zip.dll
0x00007ffb53f90000 - 0x00007ffb546d4000 	C:\WINDOWS\System32\SHELL32.dll
0x00007ffb50900000 - 0x00007ffb51093000 	C:\WINDOWS\SYSTEM32\windows.storage.dll
0x00007ffb537a0000 - 0x00007ffb53af4000 	C:\WINDOWS\System32\combase.dll
0x00007ffb52300000 - 0x00007ffb5232e000 	C:\WINDOWS\SYSTEM32\Wldp.dll
0x00007ffb54ce0000 - 0x00007ffb54d8d000 	C:\WINDOWS\System32\SHCORE.dll
0x00007ffb54ac0000 - 0x00007ffb54b15000 	C:\WINDOWS\System32\shlwapi.dll
0x00007ffb529a0000 - 0x00007ffb529bf000 	C:\WINDOWS\SYSTEM32\profapi.dll
0x00007ffb46690000 - 0x00007ffb466a9000 	C:\Program Files\Android\Android Studio\jbr\bin\net.dll
0x00007ffb4bbd0000 - 0x00007ffb4bcda000 	C:\WINDOWS\SYSTEM32\WINHTTP.dll
0x00007ffb520e0000 - 0x00007ffb5214a000 	C:\WINDOWS\system32\mswsock.dll
0x00007ffb46060000 - 0x00007ffb46073000 	C:\Program Files\Android\Android Studio\jbr\bin\nio.dll
0x00007ffb44da0000 - 0x00007ffb44dc7000 	C:\Users\hp\.gradle\native\e1d6ef7f7dcc3fd88c89a11ec53ec762bb8ba0a96d01ffa2cd45eb1d1d8dd5c5\windows-amd64\native-platform.dll
0x00007ffb2aa20000 - 0x00007ffb2ab64000 	C:\Users\hp\.gradle\native\0d407fdbe67a94daf76414ababcb853783967236a71b16ec16e742cd7a986fd3\windows-amd64\native-platform-file-events.dll
0x00007ffb4d390000 - 0x00007ffb4d39a000 	C:\Program Files\Android\Android Studio\jbr\bin\management.dll
0x00007ffb4d090000 - 0x00007ffb4d09b000 	C:\Program Files\Android\Android Studio\jbr\bin\management_ext.dll
0x00007ffb52640000 - 0x00007ffb52658000 	C:\WINDOWS\SYSTEM32\CRYPTSP.dll
0x00007ffb51a20000 - 0x00007ffb51a54000 	C:\WINDOWS\system32\rsaenh.dll
0x00007ffb53280000 - 0x00007ffb532a7000 	C:\WINDOWS\System32\bcrypt.dll
0x00007ffb52960000 - 0x00007ffb5298e000 	C:\WINDOWS\SYSTEM32\USERENV.dll
0x00007ffb52270000 - 0x00007ffb5227c000 	C:\WINDOWS\SYSTEM32\CRYPTBASE.dll
0x00007ffb51df0000 - 0x00007ffb51e2c000 	C:\WINDOWS\SYSTEM32\IPHLPAPI.DLL
0x00007ffb53510000 - 0x00007ffb53518000 	C:\WINDOWS\System32\NSI.dll
0x00007ffb4b800000 - 0x00007ffb4b817000 	C:\WINDOWS\SYSTEM32\dhcpcsvc6.DLL
0x00007ffb4b100000 - 0x00007ffb4b11d000 	C:\WINDOWS\SYSTEM32\dhcpcsvc.DLL
0x00007ffb51e30000 - 0x00007ffb51efb000 	C:\WINDOWS\SYSTEM32\DNSAPI.dll

dbghelp: loaded successfully - version: 4.0.5 - missing functions: none
symbol engine: initialized successfully - sym options: 0x614 - pdb path: .;C:\Program Files\Android\Android Studio\jbr\bin;C:\WINDOWS\SYSTEM32;C:\WINDOWS\WinSxS\amd64_microsoft.windows.common-controls_6595b64144ccf1df_6.0.19041.1110_none_60b5254171f9507e;C:\Program Files\Android\Android Studio\jbr\bin\server;C:\Users\hp\.gradle\native\e1d6ef7f7dcc3fd88c89a11ec53ec762bb8ba0a96d01ffa2cd45eb1d1d8dd5c5\windows-amd64;C:\Users\hp\.gradle\native\0d407fdbe67a94daf76414ababcb853783967236a71b16ec16e742cd7a986fd3\windows-amd64

VM Arguments:
jvm_args: --add-opens=java.base/java.util=ALL-UNNAMED --add-opens=java.base/java.lang=ALL-UNNAMED --add-opens=java.base/java.lang.invoke=ALL-UNNAMED --add-opens=java.base/java.util=ALL-UNNAMED --add-opens=java.prefs/java.util.prefs=ALL-UNNAMED --add-opens=java.prefs/java.util.prefs=ALL-UNNAMED --add-opens=java.base/java.nio.charset=ALL-UNNAMED --add-opens=java.base/java.net=ALL-UNNAMED --add-opens=java.base/java.util.concurrent.atomic=ALL-UNNAMED -Xmx2048m -Dfile.encoding=UTF-8 -Duser.country=US -Duser.language=en -Duser.variant 
java_command: org.gradle.launcher.daemon.bootstrap.GradleDaemon 7.5
java_class_path (initial): C:\Users\hp\.gradle\wrapper\dists\gradle-7.5-bin\f1w0cc9nuo0eivz97x2xlu9sv\gradle-7.5\lib\gradle-launcher-7.5.jar
Launcher Type: SUN_STANDARD

[Global flags]
     intx CICompilerCount                          = 3                                         {product} {ergonomic}
     uint ConcGCThreads                            = 1                                         {product} {ergonomic}
     uint G1ConcRefinementThreads                  = 4                                         {product} {ergonomic}
   size_t G1HeapRegionSize                         = 1048576                                   {product} {ergonomic}
    uintx GCDrainStackTargetSize                   = 64                                        {product} {ergonomic}
   size_t InitialHeapSize                          = 67108864                                  {product} {ergonomic}
   size_t MarkStackSize                            = 4194304                                   {product} {ergonomic}
   size_t MaxHeapSize                              = 2147483648                                {product} {command line}
   size_t MaxNewSize                               = 1287651328                                {product} {ergonomic}
   size_t MinHeapDeltaBytes                        = 1048576                                   {product} {ergonomic}
    uintx NonNMethodCodeHeapSize                   = 5830732                                {pd product} {ergonomic}
    uintx NonProfiledCodeHeapSize                  = 122913754                              {pd product} {ergonomic}
    uintx ProfiledCodeHeapSize                     = 122913754                              {pd product} {ergonomic}
    uintx ReservedCodeCacheSize                    = 251658240                              {pd product} {ergonomic}
     bool SegmentedCodeCache                       = true                                      {product} {ergonomic}
     bool UseCompressedClassPointers               = true                                 {lp64_product} {ergonomic}
     bool UseCompressedOops                        = true                                 {lp64_product} {ergonomic}
     bool UseG1GC                                  = true                                      {product} {ergonomic}
     bool UseLargePagesIndividualAllocation        = false                                  {pd product} {ergonomic}

Logging:
Log output configuration:
 #0: stdout all=warning uptime,level,tags
 #1: stderr all=off uptime,level,tags

Environment Variables:
JAVA_HOME=C:\Program Files\Java\jdk-17.0.2
PATH=C:\Program Files\Common Files\Oracle\Java\javapath;C:\WINDOWS\system32;C:\WINDOWS;C:\WINDOWS\System32\Wbem;C:\WINDOWS\System32\WindowsPowerShell\v1.0\;C:\WINDOWS\System32\OpenSSH\;C:\MinGW\bin;C:\Program Files\Java\jdk-17.0.2\bin;C:\msys64\mingw64\bin;C:\Program Files\nodejs\;C:\Program Files\Git\cmd;;C:\Users\hp\AppData\Local\Microsoft\WindowsApps;C:\Program Files\JetBrains\IntelliJ IDEA Community Edition 2022.1\bin;;C:\modeltech64_10.6d\win64;C:\Users\hp\AppData\Roaming\npm;C:\Users\hp\AppData\Local\Programs\Microsoft VS Code\bin
USERNAME=hp
OS=Windows_NT
PROCESSOR_IDENTIFIER=Intel64 Family 6 Model 69 Stepping 1, GenuineIntel



---------------  S Y S T E M  ---------------

OS: Windows 10 , 64 bit Build 19041 (10.0.19041.2788)
OS uptime: 18 days 23:57 hours
Hyper-V role detected

CPU:total 4 (initial active 4) (2 cores per cpu, 2 threads per core) family 6 model 69 stepping 1 microcode 0x25, cmov, cx8, fxsr, mmx, sse, sse2, sse3, ssse3, sse4.1, sse4.2, popcnt, avx, avx2, aes, clmul, erms, lzcnt, ht, tsc, tscinvbit, bmi1, bmi2, fma

Memory: 4k page, system-wide physical 3993M (612M free)
TotalPageFile size 11755M (AvailPageFile size 30M)
current process WorkingSet (physical memory assigned to process): 403M, peak: 412M
current process commit charge ("private bytes"): 432M, peak: 500M

vm_info: OpenJDK 64-Bit Server VM (11.0.15+0-b2043.56-9505619) for windows-amd64 JRE (11.0.15+0-b2043.56-9505619), built on Jan 19 2023 02:48:00 by "builduser" with unknown MS VC++:1929

END.
