#
# There is insufficient memory for the Java Runtime Environment to continue.
# Native memory allocation (mmap) failed to map 60817408 bytes for Failed to commit area from 0x000000008a200000 to 0x000000008dc00000 of length 60817408.
# Possible reasons:
#   The system is out of physical RAM or swap space
#   The process is running with CompressedOops enabled, and the Java Heap may be blocking the growth of the native heap
# Possible solutions:
#   Reduce memory load on the system
#   Increase physical memory or swap space
#   Check if swap backing store is full
#   Decrease Java heap size (-Xmx/-Xms)
#   Decrease number of Java threads
#   Decrease Java thread stack sizes (-Xss)
#   Set larger code cache with -XX:ReservedCodeCacheSize=
#   JVM is running with Unscaled Compressed Oops mode in which the Java heap is
#     placed in the first 4GB address space. The Java Heap base address is the
#     maximum limit for the native heap growth. Please use -XX:HeapBaseMinAddress
#     to set the Java Heap base and to place the Java Heap above 4GB virtual address.
# This output file may be truncated or incomplete.
#
#  Out of Memory Error (src/hotspot/os/windows/os_windows.cpp:3627), pid=9424, tid=14236
#
# JRE version: OpenJDK Runtime Environment (11.0.15) (build 11.0.15+0-b2043.56-9505619)
# Java VM: OpenJDK 64-Bit Server VM (11.0.15+0-b2043.56-9505619, mixed mode, tiered, compressed oops, g1 gc, windows-amd64)
# No core dump will be written. Minidumps are not enabled by default on client versions of Windows
#

---------------  S U M M A R Y ------------

Command Line: --add-opens=java.base/java.util=ALL-UNNAMED --add-opens=java.base/java.lang=ALL-UNNAMED --add-opens=java.base/java.lang.invoke=ALL-UNNAMED --add-opens=java.base/java.util=ALL-UNNAMED --add-opens=java.prefs/java.util.prefs=ALL-UNNAMED --add-opens=java.prefs/java.util.prefs=ALL-UNNAMED --add-opens=java.base/java.nio.charset=ALL-UNNAMED --add-opens=java.base/java.net=ALL-UNNAMED --add-opens=java.base/java.util.concurrent.atomic=ALL-UNNAMED -Xmx2048m -Dfile.encoding=UTF-8 -Duser.country=US -Duser.language=en -Duser.variant org.gradle.launcher.daemon.bootstrap.GradleDaemon 7.5

Host: Intel(R) Core(TM) i7-4600U CPU @ 2.10GHz, 4 cores, 3G,  Windows 10 , 64 bit Build 19041 (10.0.19041.2788)
Time: Mon May  8 22:58:27 2023 Pakistan Standard Time elapsed time: 34.134397 seconds (0d 0h 0m 34s)

---------------  T H R E A D  ---------------

Current thread (0x000001a444bf6800):  VMThread "VM Thread" [stack: 0x0000005e0ef00000,0x0000005e0f000000] [id=14236]

Stack: [0x0000005e0ef00000,0x0000005e0f000000]
[error occurred during error reporting (printing stack bounds), id 0xc0000005, EXCEPTION_ACCESS_VIOLATION (0xc0000005) at pc=0x000001a42eb3112d]

Native frames: (J=compiled Java code, j=interpreted, Vv=VM code, C=native code)
V  [jvm.dll+0x64135a]
V  [jvm.dll+0x7d39f9]
V  [jvm.dll+0x7d51b9]
V  [jvm.dll+0x7d5805]
V  [jvm.dll+0x7d57bb]
V  [jvm.dll+0x640655]
V  [jvm.dll+0x640d68]
C  [ntdll.dll+0xa23df]
C  [ntdll.dll+0x514a4]
C  [ntdll.dll+0xa0f0e]
C  0x000001a42eb3112d

VM_Operation (0x0000005e143f8d50): G1CollectForAllocation, mode: safepoint, requested by thread 0x000001a445985000


---------------  P R O C E S S  ---------------

Threads class SMR info:
_java_thread_list=0x000001a4492bb100, length=84, elements={
0x000001a42b042800, 0x000001a444bfe000, 0x000001a444c00000, 0x000001a444c17800,
0x000001a444c19000, 0x000001a444c1b800, 0x000001a444c1e800, 0x000001a444c22000,
0x000001a444c24000, 0x000001a4456cd000, 0x000001a447cd0800, 0x000001a447c5d800,
0x000001a448677800, 0x000001a448d3f800, 0x000001a4464fd000, 0x000001a4465f0800,
0x000001a44706c000, 0x000001a446bd1800, 0x000001a446b46800, 0x000001a4475df800,
0x000001a4458d1800, 0x000001a4458d4000, 0x000001a4458d2800, 0x000001a4458cf800,
0x000001a4458d3800, 0x000001a4458ce800, 0x000001a4458d5000, 0x000001a4458d0000,
0x000001a4458d1000, 0x000001a448632000, 0x000001a448632800, 0x000001a448634000,
0x000001a448633800, 0x000001a448636000, 0x000001a44863b000, 0x000001a44863c800,
0x000001a44863a000, 0x000001a44863b800, 0x000001a448639000, 0x000001a448636800,
0x000001a44863d000, 0x000001a448637800, 0x000001a44863e000, 0x000001a448638800,
0x000001a44863f000, 0x000001a4490c4800, 0x000001a4490c5000, 0x000001a4490c3800,
0x000001a4490c8800, 0x000001a4490c6000, 0x000001a4490c7800, 0x000001a4490c2800,
0x000001a4490c9000, 0x000001a4490ca000, 0x000001a4490cb000, 0x000001a4490cb800,
0x000001a4490cc800, 0x000001a4490c6800, 0x000001a4490cd800, 0x000001a4490d1800,
0x000001a4490ce000, 0x000001a4490cf000, 0x000001a4490cf800, 0x000001a4490d0800,
0x000001a44597c000, 0x000001a445980800, 0x000001a44597f800, 0x000001a445981000,
0x000001a44597d000, 0x000001a445982000, 0x000001a44597e800, 0x000001a445982800,
0x000001a445983800, 0x000001a44597e000, 0x000001a445984800, 0x000001a44598b000,
0x000001a445989000, 0x000001a445987000, 0x000001a44598a000, 0x000001a445985000,
0x000001a445986000, 0x000001a445987800, 0x000001a445fea800, 0x000001a445fee000
}

Java Threads: ( => current thread )
  0x000001a42b042800 JavaThread "main" [_thread_blocked, id=4364, stack(0x0000005e0e900000,0x0000005e0ea00000)]
  0x000001a444bfe000 JavaThread "Reference Handler" daemon [_thread_blocked, id=14840, stack(0x0000005e0f000000,0x0000005e0f100000)]
  0x000001a444c00000 JavaThread "Finalizer" daemon [_thread_blocked, id=9816, stack(0x0000005e0f100000,0x0000005e0f200000)]
  0x000001a444c17800 JavaThread "Signal Dispatcher" daemon [_thread_blocked, id=1728, stack(0x0000005e0f200000,0x0000005e0f300000)]
  0x000001a444c19000 JavaThread "Attach Listener" daemon [_thread_blocked, id=6976, stack(0x0000005e0f300000,0x0000005e0f400000)]
  0x000001a444c1b800 JavaThread "Service Thread" daemon [_thread_blocked, id=16808, stack(0x0000005e0f400000,0x0000005e0f500000)]
  0x000001a444c1e800 JavaThread "C2 CompilerThread0" daemon [_thread_in_native, id=17116, stack(0x0000005e0f500000,0x0000005e0f600000)]
  0x000001a444c22000 JavaThread "C1 CompilerThread0" daemon [_thread_blocked, id=7608, stack(0x0000005e0f600000,0x0000005e0f700000)]
  0x000001a444c24000 JavaThread "Sweeper thread" daemon [_thread_blocked, id=10168, stack(0x0000005e0f700000,0x0000005e0f800000)]
  0x000001a4456cd000 JavaThread "Common-Cleaner" daemon [_thread_blocked, id=2760, stack(0x0000005e0f800000,0x0000005e0f900000)]
  0x000001a447cd0800 JavaThread "Daemon health stats" [_thread_blocked, id=3940, stack(0x0000005e0fc00000,0x0000005e0fd00000)]
  0x000001a447c5d800 JavaThread "Incoming local TCP Connector on port 59231" [_thread_in_native, id=10104, stack(0x0000005e0fa00000,0x0000005e0fb00000)]
  0x000001a448677800 JavaThread "Daemon periodic checks" [_thread_blocked, id=3728, stack(0x0000005e0fd00000,0x0000005e0fe00000)]
  0x000001a448d3f800 JavaThread "Daemon" [_thread_blocked, id=5292, stack(0x0000005e0fe00000,0x0000005e0ff00000)]
  0x000001a4464fd000 JavaThread "Handler for socket connection from /127.0.0.1:59231 to /127.0.0.1:59232" [_thread_in_native, id=17240, stack(0x0000005e0ff00000,0x0000005e10000000)]
  0x000001a4465f0800 JavaThread "Cancel handler" [_thread_blocked, id=16008, stack(0x0000005e10200000,0x0000005e10300000)]
  0x000001a44706c000 JavaThread "Daemon worker" [_thread_blocked, id=3624, stack(0x0000005e10300000,0x0000005e10400000)]
  0x000001a446bd1800 JavaThread "Asynchronous log dispatcher for DefaultDaemonConnection: socket connection from /127.0.0.1:59231 to /127.0.0.1:59232" [_thread_blocked, id=16988, stack(0x0000005e10400000,0x0000005e10500000)]
  0x000001a446b46800 JavaThread "Stdin handler" [_thread_blocked, id=8876, stack(0x0000005e10500000,0x0000005e10600000)]
  0x000001a4475df800 JavaThread "Daemon client event forwarder" [_thread_blocked, id=13592, stack(0x0000005e10600000,0x0000005e10700000)]
  0x000001a4458d1800 JavaThread "Cache worker for journal cache (C:\Users\hp\.gradle\caches\journal-1)" [_thread_blocked, id=10672, stack(0x0000005e10700000,0x0000005e10800000)]
  0x000001a4458d4000 JavaThread "File lock request listener" [_thread_in_native, id=5196, stack(0x0000005e10800000,0x0000005e10900000)]
  0x000001a4458d2800 JavaThread "Cache worker for file hash cache (C:\Users\hp\.gradle\caches\7.5\fileHashes)" [_thread_blocked, id=15156, stack(0x0000005e10900000,0x0000005e10a00000)]
  0x000001a4458cf800 JavaThread "File watcher server" daemon [_thread_blocked, id=17096, stack(0x0000005e10b00000,0x0000005e10c00000)]
  0x000001a4458d3800 JavaThread "File watcher consumer" daemon [_thread_blocked, id=14576, stack(0x0000005e10c00000,0x0000005e10d00000)]
  0x000001a4458ce800 JavaThread "Cache worker for checksums cache (C:\Users\hp\AndroidStudioProjects\Assignment22\.gradle\7.5\checksums)" [_thread_blocked, id=2792, stack(0x0000005e10d00000,0x0000005e10e00000)]
  0x000001a4458d5000 JavaThread "Cache worker for cache directory md-rule (C:\Users\hp\.gradle\caches\7.5\md-rule)" [_thread_blocked, id=6916, stack(0x0000005e10e00000,0x0000005e10f00000)]
  0x000001a4458d0000 JavaThread "Cache worker for file content cache (C:\Users\hp\.gradle\caches\7.5\fileContent)" [_thread_blocked, id=11740, stack(0x0000005e10f00000,0x0000005e11000000)]
  0x000001a4458d1000 JavaThread "Cache worker for file hash cache (C:\Users\hp\AndroidStudioProjects\Assignment22\.gradle\7.5\fileHashes)" [_thread_blocked, id=3024, stack(0x0000005e11000000,0x0000005e11100000)]
  0x000001a448632000 JavaThread "Cache worker for cache directory md-supplier (C:\Users\hp\.gradle\caches\7.5\md-supplier)" [_thread_blocked, id=1560, stack(0x0000005e11100000,0x0000005e11200000)]
  0x000001a448632800 JavaThread "Cache worker for execution history cache (C:\Users\hp\.gradle\caches\7.5\executionHistory)" [_thread_blocked, id=14020, stack(0x0000005e11200000,0x0000005e11300000)]
  0x000001a448634000 JavaThread "jar transforms" [_thread_blocked, id=12956, stack(0x0000005e10a00000,0x0000005e10b00000)]
  0x000001a448633800 JavaThread "jar transforms Thread 2" [_thread_blocked, id=14480, stack(0x0000005e11300000,0x0000005e11400000)]
  0x000001a448636000 JavaThread "jar transforms Thread 3" [_thread_blocked, id=3756, stack(0x0000005e11500000,0x0000005e11600000)]
  0x000001a44863b000 JavaThread "jar transforms Thread 4" [_thread_blocked, id=3016, stack(0x0000005e11600000,0x0000005e11700000)]
  0x000001a44863c800 JavaThread "Cache worker for dependencies-accessors (C:\Users\hp\AndroidStudioProjects\Assignment22\.gradle\7.5\dependencies-accessors)" [_thread_blocked, id=5788, stack(0x0000005e11700000,0x0000005e11800000)]
  0x000001a44863a000 JavaThread "Cache worker for Build Output Cleanup Cache (C:\Users\hp\AndroidStudioProjects\Assignment22\.gradle\buildOutputCleanup)" [_thread_blocked, id=9956, stack(0x0000005e11800000,0x0000005e11900000)]
  0x000001a44863b800 JavaThread "Unconstrained build operations" [_thread_blocked, id=11232, stack(0x0000005e11900000,0x0000005e11a00000)]
  0x000001a448639000 JavaThread "Unconstrained build operations Thread 2" [_thread_blocked, id=5032, stack(0x0000005e11a00000,0x0000005e11b00000)]
  0x000001a448636800 JavaThread "Unconstrained build operations Thread 3" [_thread_blocked, id=11256, stack(0x0000005e11b00000,0x0000005e11c00000)]
  0x000001a44863d000 JavaThread "Unconstrained build operations Thread 4" [_thread_blocked, id=220, stack(0x0000005e11c00000,0x0000005e11d00000)]
  0x000001a448637800 JavaThread "Unconstrained build operations Thread 5" [_thread_blocked, id=7184, stack(0x0000005e11d00000,0x0000005e11e00000)]
  0x000001a44863e000 JavaThread "Unconstrained build operations Thread 6" [_thread_blocked, id=17340, stack(0x0000005e11e00000,0x0000005e11f00000)]
  0x000001a448638800 JavaThread "Unconstrained build operations Thread 7" [_thread_blocked, id=5168, stack(0x0000005e11f00000,0x0000005e12000000)]
  0x000001a44863f000 JavaThread "Unconstrained build operations Thread 8" [_thread_blocked, id=14288, stack(0x0000005e12000000,0x0000005e12100000)]
  0x000001a4490c4800 JavaThread "Unconstrained build operations Thread 9" [_thread_blocked, id=6280, stack(0x0000005e12100000,0x0000005e12200000)]
  0x000001a4490c5000 JavaThread "Unconstrained build operations Thread 10" [_thread_blocked, id=13600, stack(0x0000005e12200000,0x0000005e12300000)]
  0x000001a4490c3800 JavaThread "Unconstrained build operations Thread 11" [_thread_blocked, id=4200, stack(0x0000005e12300000,0x0000005e12400000)]
  0x000001a4490c8800 JavaThread "Unconstrained build operations Thread 12" [_thread_blocked, id=11396, stack(0x0000005e12400000,0x0000005e12500000)]
  0x000001a4490c6000 JavaThread "Unconstrained build operations Thread 13" [_thread_blocked, id=7388, stack(0x0000005e12500000,0x0000005e12600000)]
  0x000001a4490c7800 JavaThread "Unconstrained build operations Thread 14" [_thread_blocked, id=17388, stack(0x0000005e12600000,0x0000005e12700000)]
  0x000001a4490c2800 JavaThread "Unconstrained build operations Thread 15" [_thread_blocked, id=13388, stack(0x0000005e12700000,0x0000005e12800000)]
  0x000001a4490c9000 JavaThread "Unconstrained build operations Thread 16" [_thread_blocked, id=11048, stack(0x0000005e12800000,0x0000005e12900000)]
  0x000001a4490ca000 JavaThread "Unconstrained build operations Thread 17" [_thread_blocked, id=14124, stack(0x0000005e12900000,0x0000005e12a00000)]
  0x000001a4490cb000 JavaThread "Unconstrained build operations Thread 18" [_thread_blocked, id=7196, stack(0x0000005e12a00000,0x0000005e12b00000)]
  0x000001a4490cb800 JavaThread "Unconstrained build operations Thread 19" [_thread_blocked, id=8736, stack(0x0000005e12b00000,0x0000005e12c00000)]
  0x000001a4490cc800 JavaThread "Unconstrained build operations Thread 20" [_thread_blocked, id=13596, stack(0x0000005e12c00000,0x0000005e12d00000)]
  0x000001a4490c6800 JavaThread "Unconstrained build operations Thread 21" [_thread_blocked, id=2156, stack(0x0000005e12d00000,0x0000005e12e00000)]
  0x000001a4490cd800 JavaThread "Unconstrained build operations Thread 22" [_thread_blocked, id=288, stack(0x0000005e12e00000,0x0000005e12f00000)]
  0x000001a4490d1800 JavaThread "Unconstrained build operations Thread 23" [_thread_blocked, id=3188, stack(0x0000005e12f00000,0x0000005e13000000)]
  0x000001a4490ce000 JavaThread "Unconstrained build operations Thread 24" [_thread_blocked, id=8152, stack(0x0000005e13000000,0x0000005e13100000)]
  0x000001a4490cf000 JavaThread "Unconstrained build operations Thread 25" [_thread_blocked, id=13304, stack(0x0000005e13100000,0x0000005e13200000)]
  0x000001a4490cf800 JavaThread "Unconstrained build operations Thread 26" [_thread_blocked, id=8148, stack(0x0000005e13200000,0x0000005e13300000)]
  0x000001a4490d0800 JavaThread "Unconstrained build operations Thread 27" [_thread_blocked, id=4656, stack(0x0000005e13300000,0x0000005e13400000)]
  0x000001a44597c000 JavaThread "Unconstrained build operations Thread 28" [_thread_blocked, id=7216, stack(0x0000005e13400000,0x0000005e13500000)]
  0x000001a445980800 JavaThread "Unconstrained build operations Thread 29" [_thread_blocked, id=13220, stack(0x0000005e13500000,0x0000005e13600000)]
  0x000001a44597f800 JavaThread "Unconstrained build operations Thread 30" [_thread_blocked, id=6208, stack(0x0000005e13600000,0x0000005e13700000)]
  0x000001a445981000 JavaThread "Unconstrained build operations Thread 31" [_thread_blocked, id=13196, stack(0x0000005e13700000,0x0000005e13800000)]
  0x000001a44597d000 JavaThread "Unconstrained build operations Thread 32" [_thread_blocked, id=3456, stack(0x0000005e13800000,0x0000005e13900000)]
  0x000001a445982000 JavaThread "Unconstrained build operations Thread 33" [_thread_blocked, id=12988, stack(0x0000005e13900000,0x0000005e13a00000)]
  0x000001a44597e800 JavaThread "Unconstrained build operations Thread 34" [_thread_blocked, id=6572, stack(0x0000005e13a00000,0x0000005e13b00000)]
  0x000001a445982800 JavaThread "Unconstrained build operations Thread 35" [_thread_blocked, id=9968, stack(0x0000005e13b00000,0x0000005e13c00000)]
  0x000001a445983800 JavaThread "Unconstrained build operations Thread 36" [_thread_blocked, id=2920, stack(0x0000005e13c00000,0x0000005e13d00000)]
  0x000001a44597e000 JavaThread "Unconstrained build operations Thread 37" [_thread_blocked, id=14208, stack(0x0000005e13d00000,0x0000005e13e00000)]
  0x000001a445984800 JavaThread "Unconstrained build operations Thread 38" [_thread_blocked, id=7908, stack(0x0000005e13e00000,0x0000005e13f00000)]
  0x000001a44598b000 JavaThread "Unconstrained build operations Thread 39" [_thread_blocked, id=9888, stack(0x0000005e13f00000,0x0000005e14000000)]
  0x000001a445989000 JavaThread "Unconstrained build operations Thread 40" [_thread_blocked, id=6136, stack(0x0000005e14000000,0x0000005e14100000)]
  0x000001a445987000 JavaThread "build event listener" [_thread_blocked, id=11868, stack(0x0000005e14100000,0x0000005e14200000)]
  0x000001a44598a000 JavaThread "Memory manager" [_thread_blocked, id=15548, stack(0x0000005e14200000,0x0000005e14300000)]
  0x000001a445985000 JavaThread "included builds" [_thread_blocked, id=2820, stack(0x0000005e14300000,0x0000005e14400000)]
  0x000001a445986000 JavaThread "Execution worker" [_thread_blocked, id=652, stack(0x0000005e14400000,0x0000005e14500000)]
  0x000001a445987800 JavaThread "Execution worker Thread 2" [_thread_blocked, id=12280, stack(0x0000005e14500000,0x0000005e14600000)]
  0x000001a445fea800 JavaThread "Execution worker Thread 3" [_thread_blocked, id=7648, stack(0x0000005e14600000,0x0000005e14700000)]
  0x000001a445fee000 JavaThread "Cache worker for execution history cache (C:\Users\hp\AndroidStudioProjects\Assignment22\.gradle\7.5\executionHistory)" [_thread_blocked, id=5588, stack(0x0000005e14700000,0x0000005e14800000)]

Other Threads:
=>0x000001a444bf6800 VMThread "VM Thread" [stack: 0x0000005e0ef00000,0x0000005e0f000000] [id=14236]
  0x000001a4456f7000 WatcherThread [stack: 0x0000005e0f900000,0x0000005e0fa00000] [id=2700]
  0x000001a42b05b000 GCTaskThread "GC Thread#0" [stack: 0x0000005e0ea00000,0x0000005e0eb00000] [id=14160]
  0x000001a4460c2800 GCTaskThread "GC Thread#1" [stack: 0x0000005e0fb00000,0x0000005e0fc00000] [id=11248]
  0x000001a447450800 GCTaskThread "GC Thread#2" [stack: 0x0000005e10000000,0x0000005e10100000] [id=15208]
  0x000001a447451000 GCTaskThread "GC Thread#3" [stack: 0x0000005e10100000,0x0000005e10200000] [id=3360]
  0x000001a42b07b800 ConcurrentGCThread "G1 Main Marker" [stack: 0x0000005e0eb00000,0x0000005e0ec00000] [id=12600]
  0x000001a42b07d000 ConcurrentGCThread "G1 Conc#0" [stack: 0x0000005e0ec00000,0x0000005e0ed00000] [id=10124]
  0x000001a42b0c5800 ConcurrentGCThread "G1 Refine#0" [stack: 0x0000005e0ed00000,0x0000005e0ee00000] [id=12768]
  0x000001a42b0c6800 ConcurrentGCThread "G1 Young RemSet Sampling" [stack: 0x0000005e0ee00000,0x0000005e0ef00000] [id=15456]

Threads with active compile tasks:
C2 CompilerThread0    34224 10704       4       com.android.utils.XmlUtils::append (597 bytes)

VM state:at safepoint (normal execution)

VM Mutex/Monitor currently owned by a thread:  ([mutex/lock_event])
[0x000001a42b0319a0] Threads_lock - owner thread: 0x000001a444bf6800
[0x000001a42b03ece0] Heap_lock - owner thread: 0x000001a445985000

Heap address: 0x0000000080000000, size: 2048 MB, Compressed Oops mode: 32-bit
Narrow klass base: 0x0000000000000000, Narrow klass shift: 3
Compressed class space size: 1073741824 Address: 0x0000000100000000

Heap:
 garbage-first heap   total 225280K, used 107414K [0x0000000080000000, 0x0000000100000000)
  region size 1024K, 4 young (4096K), 4 survivors (4096K)
 Metaspace       used 87327K, capacity 89667K, committed 90012K, reserved 1126400K
  class space    used 11311K, capacity 12229K, committed 12312K, reserved 1048576K
Heap Regions: E=young(eden), S=young(survivor), O=old, HS=humongous(starts), HC=humongous(continues), CS=collection set, F=free, A=archive, TAMS=top-at-mark-start (previous, next)
|   0|0x0000000080000000, 0x0000000080100000, 0x0000000080100000|100%|HS|  |TAMS 0x0000000080100000, 0x0000000080000000| Complete 
|   1|0x0000000080100000, 0x0000000080200000, 0x0000000080200000|100%|HC|  |TAMS 0x0000000080200000, 0x0000000080100000| Complete 
|   2|0x0000000080200000, 0x0000000080300000, 0x0000000080300000|100%|HC|  |TAMS 0x0000000080300000, 0x0000000080200000| Complete 
|   3|0x0000000080300000, 0x0000000080400000, 0x0000000080400000|100%| O|  |TAMS 0x0000000080400000, 0x0000000080300000| Untracked 
|   4|0x0000000080400000, 0x0000000080500000, 0x0000000080500000|100%| O|  |TAMS 0x0000000080500000, 0x0000000080400000| Untracked 
|   5|0x0000000080500000, 0x0000000080600000, 0x0000000080600000|100%| O|  |TAMS 0x0000000080600000, 0x0000000080500000| Untracked 
|   6|0x0000000080600000, 0x0000000080700000, 0x0000000080700000|100%| O|  |TAMS 0x0000000080700000, 0x0000000080600000| Untracked 
|   7|0x0000000080700000, 0x0000000080800000, 0x0000000080800000|100%| O|  |TAMS 0x0000000080800000, 0x0000000080700000| Untracked 
|   8|0x0000000080800000, 0x0000000080900000, 0x0000000080900000|100%| O|  |TAMS 0x0000000080900000, 0x0000000080800000| Untracked 
|   9|0x0000000080900000, 0x0000000080a00000, 0x0000000080a00000|100%| O|  |TAMS 0x0000000080a00000, 0x0000000080900000| Untracked 
|  10|0x0000000080a00000, 0x0000000080b00000, 0x0000000080b00000|100%| O|  |TAMS 0x0000000080b00000, 0x0000000080a00000| Untracked 
|  11|0x0000000080b00000, 0x0000000080c00000, 0x0000000080c00000|100%| O|  |TAMS 0x0000000080c00000, 0x0000000080b00000| Untracked 
|  12|0x0000000080c00000, 0x0000000080d00000, 0x0000000080d00000|100%| O|  |TAMS 0x0000000080d00000, 0x0000000080c00000| Untracked 
|  13|0x0000000080d00000, 0x0000000080e00000, 0x0000000080e00000|100%| O|  |TAMS 0x0000000080e00000, 0x0000000080d00000| Untracked 
|  14|0x0000000080e00000, 0x0000000080f00000, 0x0000000080f00000|100%| O|  |TAMS 0x0000000080f00000, 0x0000000080e00000| Untracked 
|  15|0x0000000080f00000, 0x0000000081000000, 0x0000000081000000|100%| O|  |TAMS 0x0000000081000000, 0x0000000080f00000| Untracked 
|  16|0x0000000081000000, 0x0000000081100000, 0x0000000081100000|100%| O|  |TAMS 0x0000000081100000, 0x0000000081000000| Untracked 
|  17|0x0000000081100000, 0x0000000081200000, 0x0000000081200000|100%| O|  |TAMS 0x0000000081200000, 0x0000000081100000| Untracked 
|  18|0x0000000081200000, 0x0000000081300000, 0x0000000081300000|100%| O|  |TAMS 0x0000000081300000, 0x0000000081200000| Untracked 
|  19|0x0000000081300000, 0x0000000081400000, 0x0000000081400000|100%| O|  |TAMS 0x0000000081400000, 0x0000000081300000| Untracked 
|  20|0x0000000081400000, 0x0000000081500000, 0x0000000081500000|100%| O|  |TAMS 0x0000000081500000, 0x0000000081400000| Untracked 
|  21|0x0000000081500000, 0x0000000081600000, 0x0000000081600000|100%| O|  |TAMS 0x0000000081600000, 0x0000000081500000| Untracked 
|  22|0x0000000081600000, 0x0000000081700000, 0x0000000081700000|100%| O|  |TAMS 0x0000000081700000, 0x0000000081600000| Untracked 
|  23|0x0000000081700000, 0x0000000081800000, 0x0000000081800000|100%| O|  |TAMS 0x0000000081800000, 0x0000000081700000| Untracked 
|  24|0x0000000081800000, 0x0000000081900000, 0x0000000081900000|100%| O|  |TAMS 0x0000000081900000, 0x0000000081800000| Untracked 
|  25|0x0000000081900000, 0x0000000081a00000, 0x0000000081a00000|100%| O|  |TAMS 0x0000000081a00000, 0x0000000081900000| Untracked 
|  26|0x0000000081a00000, 0x0000000081b00000, 0x0000000081b00000|100%| O|  |TAMS 0x0000000081b00000, 0x0000000081a00000| Untracked 
|  27|0x0000000081b00000, 0x0000000081c00000, 0x0000000081c00000|100%| O|  |TAMS 0x0000000081c00000, 0x0000000081b00000| Untracked 
|  28|0x0000000081c00000, 0x0000000081d00000, 0x0000000081d00000|100%| O|  |TAMS 0x0000000081d00000, 0x0000000081c00000| Untracked 
|  29|0x0000000081d00000, 0x0000000081e00000, 0x0000000081e00000|100%| O|  |TAMS 0x0000000081e00000, 0x0000000081d00000| Untracked 
|  30|0x0000000081e00000, 0x0000000081f00000, 0x0000000081f00000|100%| O|  |TAMS 0x0000000081f00000, 0x0000000081e00000| Untracked 
|  31|0x0000000081f00000, 0x0000000082000000, 0x0000000082000000|100%|HS|  |TAMS 0x0000000082000000, 0x0000000081f00000| Complete 
|  32|0x0000000082000000, 0x0000000082100000, 0x0000000082100000|100%|HS|  |TAMS 0x0000000082100000, 0x0000000082000000| Complete 
|  33|0x0000000082100000, 0x0000000082200000, 0x0000000082200000|100%| O|  |TAMS 0x0000000082200000, 0x0000000082100000| Untracked 
|  34|0x0000000082200000, 0x0000000082300000, 0x0000000082300000|100%| O|  |TAMS 0x0000000082300000, 0x0000000082200000| Untracked 
|  35|0x0000000082300000, 0x0000000082400000, 0x0000000082400000|100%| O|  |TAMS 0x0000000082400000, 0x0000000082300000| Untracked 
|  36|0x0000000082400000, 0x0000000082500000, 0x0000000082500000|100%| O|  |TAMS 0x0000000082500000, 0x0000000082400000| Untracked 
|  37|0x0000000082500000, 0x0000000082600000, 0x0000000082600000|100%| O|  |TAMS 0x0000000082600000, 0x0000000082500000| Untracked 
|  38|0x0000000082600000, 0x0000000082700000, 0x0000000082700000|100%| O|  |TAMS 0x0000000082700000, 0x0000000082600000| Untracked 
|  39|0x0000000082700000, 0x0000000082800000, 0x0000000082800000|100%| O|  |TAMS 0x0000000082800000, 0x0000000082700000| Untracked 
|  40|0x0000000082800000, 0x0000000082900000, 0x0000000082900000|100%| O|  |TAMS 0x0000000082900000, 0x0000000082800000| Untracked 
|  41|0x0000000082900000, 0x0000000082a00000, 0x0000000082a00000|100%| O|  |TAMS 0x0000000082a00000, 0x0000000082900000| Untracked 
|  42|0x0000000082a00000, 0x0000000082b00000, 0x0000000082b00000|100%| O|  |TAMS 0x0000000082b00000, 0x0000000082a00000| Untracked 
|  43|0x0000000082b00000, 0x0000000082c00000, 0x0000000082c00000|100%| O|  |TAMS 0x0000000082c00000, 0x0000000082b00000| Untracked 
|  44|0x0000000082c00000, 0x0000000082d00000, 0x0000000082d00000|100%| O|  |TAMS 0x0000000082d00000, 0x0000000082c00000| Untracked 
|  45|0x0000000082d00000, 0x0000000082e00000, 0x0000000082e00000|100%| O|  |TAMS 0x0000000082e00000, 0x0000000082d00000| Untracked 
|  46|0x0000000082e00000, 0x0000000082f00000, 0x0000000082f00000|100%| O|  |TAMS 0x0000000082f00000, 0x0000000082e00000| Untracked 
|  47|0x0000000082f00000, 0x0000000083000000, 0x0000000083000000|100%| O|  |TAMS 0x0000000083000000, 0x0000000082f00000| Untracked 
|  48|0x0000000083000000, 0x0000000083100000, 0x0000000083100000|100%| O|  |TAMS 0x0000000083100000, 0x0000000083000000| Untracked 
|  49|0x0000000083100000, 0x0000000083200000, 0x0000000083200000|100%| O|  |TAMS 0x0000000083200000, 0x0000000083100000| Untracked 
|  50|0x0000000083200000, 0x0000000083300000, 0x0000000083300000|100%| O|  |TAMS 0x0000000083300000, 0x0000000083200000| Untracked 
|  51|0x0000000083300000, 0x0000000083400000, 0x0000000083400000|100%| O|  |TAMS 0x0000000083400000, 0x0000000083300000| Untracked 
|  52|0x0000000083400000, 0x0000000083500000, 0x0000000083500000|100%| O|  |TAMS 0x0000000083500000, 0x0000000083400000| Untracked 
|  53|0x0000000083500000, 0x0000000083600000, 0x0000000083600000|100%| O|  |TAMS 0x0000000083600000, 0x0000000083500000| Untracked 
|  54|0x0000000083600000, 0x0000000083700000, 0x0000000083700000|100%| O|  |TAMS 0x0000000083700000, 0x0000000083600000| Untracked 
|  55|0x0000000083700000, 0x0000000083800000, 0x0000000083800000|100%| O|  |TAMS 0x0000000083800000, 0x0000000083700000| Untracked 
|  56|0x0000000083800000, 0x0000000083900000, 0x0000000083900000|100%| O|  |TAMS 0x0000000083900000, 0x0000000083800000| Untracked 
|  57|0x0000000083900000, 0x0000000083a00000, 0x0000000083a00000|100%| O|  |TAMS 0x0000000083a00000, 0x0000000083900000| Untracked 
|  58|0x0000000083a00000, 0x0000000083b00000, 0x0000000083b00000|100%| O|  |TAMS 0x0000000083b00000, 0x0000000083a00000| Untracked 
|  59|0x0000000083b00000, 0x0000000083c00000, 0x0000000083c00000|100%| O|  |TAMS 0x0000000083c00000, 0x0000000083b00000| Untracked 
|  60|0x0000000083c00000, 0x0000000083d00000, 0x0000000083d00000|100%| O|  |TAMS 0x0000000083d00000, 0x0000000083c00000| Untracked 
|  61|0x0000000083d00000, 0x0000000083e00000, 0x0000000083e00000|100%| O|  |TAMS 0x0000000083e00000, 0x0000000083d00000| Untracked 
|  62|0x0000000083e00000, 0x0000000083f00000, 0x0000000083f00000|100%| O|  |TAMS 0x0000000083f00000, 0x0000000083e00000| Untracked 
|  63|0x0000000083f00000, 0x0000000084000000, 0x0000000084000000|100%| O|  |TAMS 0x0000000084000000, 0x0000000083f00000| Untracked 
|  64|0x0000000084000000, 0x0000000084100000, 0x0000000084100000|100%| O|  |TAMS 0x0000000084100000, 0x0000000084000000| Untracked 
|  65|0x0000000084100000, 0x0000000084200000, 0x0000000084200000|100%| O|  |TAMS 0x0000000084200000, 0x0000000084100000| Untracked 
|  66|0x0000000084200000, 0x0000000084300000, 0x0000000084300000|100%| O|  |TAMS 0x0000000084300000, 0x0000000084200000| Untracked 
|  67|0x0000000084300000, 0x0000000084400000, 0x0000000084400000|100%| O|  |TAMS 0x0000000084400000, 0x0000000084300000| Untracked 
|  68|0x0000000084400000, 0x0000000084500000, 0x0000000084500000|100%| O|  |TAMS 0x0000000084500000, 0x0000000084400000| Untracked 
|  69|0x0000000084500000, 0x0000000084600000, 0x0000000084600000|100%| O|  |TAMS 0x0000000084600000, 0x0000000084500000| Untracked 
|  70|0x0000000084600000, 0x0000000084700000, 0x0000000084700000|100%| O|  |TAMS 0x0000000084700000, 0x0000000084600000| Untracked 
|  71|0x0000000084700000, 0x0000000084700000, 0x0000000084800000|  0%| F|  |TAMS 0x0000000084700000, 0x0000000084700000| Untracked 
|  72|0x0000000084800000, 0x0000000084900000, 0x0000000084900000|100%| O|  |TAMS 0x0000000084900000, 0x0000000084800000| Untracked 
|  73|0x0000000084900000, 0x0000000084a00000, 0x0000000084a00000|100%| O|  |TAMS 0x0000000084a00000, 0x0000000084900000| Untracked 
|  74|0x0000000084a00000, 0x0000000084b00000, 0x0000000084b00000|100%| O|  |TAMS 0x0000000084b00000, 0x0000000084a00000| Untracked 
|  75|0x0000000084b00000, 0x0000000084c00000, 0x0000000084c00000|100%| O|  |TAMS 0x0000000084c00000, 0x0000000084b00000| Untracked 
|  76|0x0000000084c00000, 0x0000000084d00000, 0x0000000084d00000|100%| O|  |TAMS 0x0000000084d00000, 0x0000000084c00000| Untracked 
|  77|0x0000000084d00000, 0x0000000084e00000, 0x0000000084e00000|100%| O|  |TAMS 0x0000000084e00000, 0x0000000084d00000| Untracked 
|  78|0x0000000084e00000, 0x0000000084e00000, 0x0000000084f00000|  0%| F|  |TAMS 0x0000000084e00000, 0x0000000084e00000| Untracked 
|  79|0x0000000084f00000, 0x0000000084f00000, 0x0000000085000000|  0%| F|  |TAMS 0x0000000084f00000, 0x0000000084f00000| Untracked 
|  80|0x0000000085000000, 0x0000000085000000, 0x0000000085100000|  0%| F|  |TAMS 0x0000000085000000, 0x0000000085000000| Untracked 
|  81|0x0000000085100000, 0x0000000085100000, 0x0000000085200000|  0%| F|  |TAMS 0x0000000085100000, 0x0000000085100000| Untracked 
|  82|0x0000000085200000, 0x0000000085200000, 0x0000000085300000|  0%| F|  |TAMS 0x0000000085200000, 0x0000000085200000| Untracked 
|  83|0x0000000085300000, 0x0000000085400000, 0x0000000085400000|100%| O|  |TAMS 0x0000000085300000, 0x0000000085300000| Untracked 
|  84|0x0000000085400000, 0x0000000085500000, 0x0000000085500000|100%|HS|  |TAMS 0x0000000085500000, 0x0000000085400000| Complete 
|  85|0x0000000085500000, 0x0000000085600000, 0x0000000085600000|100%|HC|  |TAMS 0x0000000085600000, 0x0000000085500000| Complete 
|  86|0x0000000085600000, 0x0000000085700000, 0x0000000085700000|100%| O|  |TAMS 0x0000000085700000, 0x0000000085600000| Untracked 
|  87|0x0000000085700000, 0x0000000085800000, 0x0000000085800000|100%| O|  |TAMS 0x0000000085800000, 0x0000000085700000| Untracked 
|  88|0x0000000085800000, 0x0000000085900000, 0x0000000085900000|100%| O|  |TAMS 0x0000000085900000, 0x0000000085800000| Untracked 
|  89|0x0000000085900000, 0x0000000085a00000, 0x0000000085a00000|100%| O|  |TAMS 0x0000000085a00000, 0x0000000085900000| Untracked 
|  90|0x0000000085a00000, 0x0000000085b00000, 0x0000000085b00000|100%| O|  |TAMS 0x0000000085b00000, 0x0000000085a00000| Untracked 
|  91|0x0000000085b00000, 0x0000000085c00000, 0x0000000085c00000|100%| O|  |TAMS 0x0000000085c00000, 0x0000000085b00000| Untracked 
|  92|0x0000000085c00000, 0x0000000085d00000, 0x0000000085d00000|100%| O|  |TAMS 0x0000000085d00000, 0x0000000085c00000| Untracked 
|  93|0x0000000085d00000, 0x0000000085e00000, 0x0000000085e00000|100%| O|  |TAMS 0x0000000085e00000, 0x0000000085d00000| Untracked 
|  94|0x0000000085e00000, 0x0000000085f00000, 0x0000000085f00000|100%| O|  |TAMS 0x0000000085f00000, 0x0000000085e00000| Untracked 
|  95|0x0000000085f00000, 0x0000000086000000, 0x0000000086000000|100%| O|  |TAMS 0x0000000086000000, 0x0000000085f00000| Untracked 
|  96|0x0000000086000000, 0x0000000086100000, 0x0000000086100000|100%| O|  |TAMS 0x0000000086100000, 0x0000000086000000| Untracked 
|  97|0x0000000086100000, 0x0000000086200000, 0x0000000086200000|100%| O|  |TAMS 0x0000000086200000, 0x0000000086100000| Untracked 
|  98|0x0000000086200000, 0x0000000086300000, 0x0000000086300000|100%| O|  |TAMS 0x0000000086300000, 0x0000000086200000| Untracked 
|  99|0x0000000086300000, 0x0000000086400000, 0x0000000086400000|100%| O|  |TAMS 0x0000000086400000, 0x0000000086300000| Untracked 
| 100|0x0000000086400000, 0x0000000086500000, 0x0000000086500000|100%| O|  |TAMS 0x0000000086500000, 0x0000000086400000| Untracked 
| 101|0x0000000086500000, 0x0000000086500000, 0x0000000086600000|  0%| F|  |TAMS 0x0000000086500000, 0x0000000086500000| Untracked 
| 102|0x0000000086600000, 0x0000000086600000, 0x0000000086700000|  0%| F|  |TAMS 0x0000000086600000, 0x0000000086600000| Untracked 
| 103|0x0000000086700000, 0x0000000086800000, 0x0000000086800000|100%| O|  |TAMS 0x0000000086700000, 0x0000000086700000| Untracked 
| 104|0x0000000086800000, 0x0000000086900000, 0x0000000086900000|100%| O|  |TAMS 0x0000000086800000, 0x0000000086800000| Untracked 
| 105|0x0000000086900000, 0x0000000086a00000, 0x0000000086a00000|100%| O|  |TAMS 0x0000000086900000, 0x0000000086900000| Untracked 
| 106|0x0000000086a00000, 0x0000000086b00000, 0x0000000086b00000|100%| O|  |TAMS 0x0000000086a00000, 0x0000000086a00000| Untracked 
| 107|0x0000000086b00000, 0x0000000086b00000, 0x0000000086c00000|  0%| F|  |TAMS 0x0000000086b00000, 0x0000000086b00000| Untracked 
| 108|0x0000000086c00000, 0x0000000086c00000, 0x0000000086d00000|  0%| F|  |TAMS 0x0000000086c00000, 0x0000000086c00000| Untracked 
| 109|0x0000000086d00000, 0x0000000086d00000, 0x0000000086e00000|  0%| F|  |TAMS 0x0000000086d00000, 0x0000000086d00000| Untracked 
| 110|0x0000000086e00000, 0x0000000086e00000, 0x0000000086f00000|  0%| F|  |TAMS 0x0000000086e00000, 0x0000000086e00000| Untracked 
| 111|0x0000000086f00000, 0x0000000086f00000, 0x0000000087000000|  0%| F|  |TAMS 0x0000000086f00000, 0x0000000086f00000| Untracked 
| 112|0x0000000087000000, 0x0000000087000000, 0x0000000087100000|  0%| F|  |TAMS 0x0000000087000000, 0x0000000087000000| Untracked 
| 113|0x0000000087100000, 0x0000000087200000, 0x0000000087200000|100%| O|  |TAMS 0x0000000087100000, 0x0000000087100000| Untracked 
| 114|0x0000000087200000, 0x0000000087300000, 0x0000000087300000|100%| O|  |TAMS 0x0000000087200000, 0x0000000087200000| Untracked 
| 115|0x0000000087300000, 0x0000000087300000, 0x0000000087400000|  0%| F|  |TAMS 0x0000000087300000, 0x0000000087300000| Untracked 
| 116|0x0000000087400000, 0x0000000087400000, 0x0000000087500000|  0%| F|  |TAMS 0x0000000087400000, 0x0000000087400000| Untracked 
| 117|0x0000000087500000, 0x0000000087500000, 0x0000000087600000|  0%| F|  |TAMS 0x0000000087500000, 0x0000000087500000| Untracked 
| 118|0x0000000087600000, 0x0000000087600000, 0x0000000087700000|  0%| F|  |TAMS 0x0000000087600000, 0x0000000087600000| Untracked 
| 119|0x0000000087700000, 0x0000000087700000, 0x0000000087800000|  0%| F|  |TAMS 0x0000000087700000, 0x0000000087700000| Untracked 
| 120|0x0000000087800000, 0x0000000087800000, 0x0000000087900000|  0%| F|  |TAMS 0x0000000087800000, 0x0000000087800000| Untracked 
| 121|0x0000000087900000, 0x0000000087900000, 0x0000000087a00000|  0%| F|  |TAMS 0x0000000087900000, 0x0000000087900000| Untracked 
| 122|0x0000000087a00000, 0x0000000087a00000, 0x0000000087b00000|  0%| F|  |TAMS 0x0000000087a00000, 0x0000000087a00000| Untracked 
| 123|0x0000000087b00000, 0x0000000087b00000, 0x0000000087c00000|  0%| F|  |TAMS 0x0000000087b00000, 0x0000000087b00000| Untracked 
| 124|0x0000000087c00000, 0x0000000087c00000, 0x0000000087d00000|  0%| F|  |TAMS 0x0000000087c00000, 0x0000000087c00000| Untracked 
| 125|0x0000000087d00000, 0x0000000087d00000, 0x0000000087e00000|  0%| F|  |TAMS 0x0000000087d00000, 0x0000000087d00000| Untracked 
| 126|0x0000000087e00000, 0x0000000087e00000, 0x0000000087f00000|  0%| F|  |TAMS 0x0000000087e00000, 0x0000000087e00000| Untracked 
| 127|0x0000000087f00000, 0x0000000087f00000, 0x0000000088000000|  0%| F|  |TAMS 0x0000000087f00000, 0x0000000087f00000| Untracked 
| 128|0x0000000088000000, 0x0000000088000000, 0x0000000088100000|  0%| F|  |TAMS 0x0000000088000000, 0x0000000088000000| Untracked 
| 129|0x0000000088100000, 0x00000000881e5980, 0x0000000088200000| 89%| S|CS|TAMS 0x0000000088100000, 0x0000000088100000| Complete 
| 130|0x0000000088200000, 0x0000000088300000, 0x0000000088300000|100%| S|CS|TAMS 0x0000000088200000, 0x0000000088200000| Complete 
| 131|0x0000000088300000, 0x0000000088400000, 0x0000000088400000|100%| S|CS|TAMS 0x0000000088300000, 0x0000000088300000| Complete 
| 132|0x0000000088400000, 0x0000000088500000, 0x0000000088500000|100%| S|CS|TAMS 0x0000000088400000, 0x0000000088400000| Complete 
| 133|0x0000000088500000, 0x0000000088500000, 0x0000000088600000|  0%| F|  |TAMS 0x0000000088500000, 0x0000000088500000| Untracked 
| 134|0x0000000088600000, 0x0000000088600000, 0x0000000088700000|  0%| F|  |TAMS 0x0000000088600000, 0x0000000088600000| Untracked 
| 135|0x0000000088700000, 0x0000000088700000, 0x0000000088800000|  0%| F|  |TAMS 0x0000000088700000, 0x0000000088700000| Untracked 
| 136|0x0000000088800000, 0x0000000088800000, 0x0000000088900000|  0%| F|  |TAMS 0x0000000088800000, 0x0000000088800000| Untracked 
| 137|0x0000000088900000, 0x0000000088900000, 0x0000000088a00000|  0%| F|  |TAMS 0x0000000088900000, 0x0000000088900000| Untracked 
| 138|0x0000000088a00000, 0x0000000088a00000, 0x0000000088b00000|  0%| F|  |TAMS 0x0000000088a00000, 0x0000000088a00000| Untracked 
| 139|0x0000000088b00000, 0x0000000088b00000, 0x0000000088c00000|  0%| F|  |TAMS 0x0000000088b00000, 0x0000000088b00000| Untracked 
| 140|0x0000000088c00000, 0x0000000088c00000, 0x0000000088d00000|  0%| F|  |TAMS 0x0000000088c00000, 0x0000000088c00000| Untracked 
| 141|0x0000000088d00000, 0x0000000088d00000, 0x0000000088e00000|  0%| F|  |TAMS 0x0000000088d00000, 0x0000000088d00000| Untracked 
| 142|0x0000000088e00000, 0x0000000088e00000, 0x0000000088f00000|  0%| F|  |TAMS 0x0000000088e00000, 0x0000000088e00000| Untracked 
| 143|0x0000000088f00000, 0x0000000088f00000, 0x0000000089000000|  0%| F|  |TAMS 0x0000000088f00000, 0x0000000088f00000| Untracked 
| 144|0x0000000089000000, 0x0000000089000000, 0x0000000089100000|  0%| F|  |TAMS 0x0000000089000000, 0x0000000089000000| Untracked 
| 145|0x0000000089100000, 0x0000000089100000, 0x0000000089200000|  0%| F|  |TAMS 0x0000000089100000, 0x0000000089100000| Untracked 
| 146|0x0000000089200000, 0x0000000089200000, 0x0000000089300000|  0%| F|  |TAMS 0x0000000089200000, 0x0000000089200000| Untracked 
| 147|0x0000000089300000, 0x0000000089300000, 0x0000000089400000|  0%| F|  |TAMS 0x0000000089300000, 0x0000000089300000| Untracked 
| 148|0x0000000089400000, 0x0000000089400000, 0x0000000089500000|  0%| F|  |TAMS 0x0000000089400000, 0x0000000089400000| Untracked 
| 149|0x0000000089500000, 0x0000000089500000, 0x0000000089600000|  0%| F|  |TAMS 0x0000000089500000, 0x0000000089500000| Untracked 
| 150|0x0000000089600000, 0x0000000089600000, 0x0000000089700000|  0%| F|  |TAMS 0x0000000089600000, 0x0000000089600000| Untracked 
| 151|0x0000000089700000, 0x0000000089700000, 0x0000000089800000|  0%| F|  |TAMS 0x0000000089700000, 0x0000000089700000| Untracked 
| 152|0x0000000089800000, 0x0000000089800000, 0x0000000089900000|  0%| F|  |TAMS 0x0000000089800000, 0x0000000089800000| Untracked 
| 153|0x0000000089900000, 0x0000000089900000, 0x0000000089a00000|  0%| F|  |TAMS 0x0000000089900000, 0x0000000089900000| Untracked 
| 154|0x0000000089a00000, 0x0000000089a00000, 0x0000000089b00000|  0%| F|  |TAMS 0x0000000089a00000, 0x0000000089a00000| Untracked 
| 155|0x0000000089b00000, 0x0000000089b00000, 0x0000000089c00000|  0%| F|  |TAMS 0x0000000089b00000, 0x0000000089b00000| Untracked 
| 156|0x0000000089c00000, 0x0000000089c00000, 0x0000000089d00000|  0%| F|  |TAMS 0x0000000089c00000, 0x0000000089c00000| Untracked 
| 157|0x0000000089d00000, 0x0000000089d00000, 0x0000000089e00000|  0%| F|  |TAMS 0x0000000089d00000, 0x0000000089d00000| Untracked 
| 158|0x0000000089e00000, 0x0000000089e00000, 0x0000000089f00000|  0%| F|  |TAMS 0x0000000089e00000, 0x0000000089e00000| Untracked 
| 159|0x0000000089f00000, 0x0000000089f00000, 0x000000008a000000|  0%| F|  |TAMS 0x0000000089f00000, 0x0000000089f00000| Untracked 
| 160|0x000000008a000000, 0x000000008a000000, 0x000000008a100000|  0%| F|  |TAMS 0x000000008a000000, 0x000000008a000000| Untracked 
| 161|0x000000008a100000, 0x000000008a100000, 0x000000008a200000|  0%| F|  |TAMS 0x000000008a100000, 0x000000008a100000| Untracked 

Card table byte_map: [0x000001a43df30000,0x000001a43e330000] _byte_map_base: 0x000001a43db30000

Marking Bits (Prev, Next): (CMBitMap*) 0x000001a42b07aa40, (CMBitMap*) 0x000001a42b07aa08
 Prev Bits: [0x000001a440730000, 0x000001a442730000)
 Next Bits: [0x000001a43e730000, 0x000001a440730000)

Polling page: 0x000001a428fe0000

Metaspace:

Usage:
  Non-class:     75.62 MB capacity,    74.23 MB ( 98%) used,     1.12 MB (  1%) free+waste,   273.88 KB ( <1%) overhead. 
      Class:     11.94 MB capacity,    11.05 MB ( 92%) used,   791.13 KB (  6%) free+waste,   126.81 KB (  1%) overhead. 
       Both:     87.57 MB capacity,    85.28 MB ( 97%) used,     1.89 MB (  2%) free+waste,   400.69 KB ( <1%) overhead. 

Virtual space:
  Non-class space:       76.00 MB reserved,      75.88 MB (>99%) committed 
      Class space:        1.00 GB reserved,      12.02 MB (  1%) committed 
             Both:        1.07 GB reserved,      87.90 MB (  8%) committed 

Chunk freelists:
   Non-Class:  134.00 KB
       Class:  59.00 KB
        Both:  193.00 KB

MaxMetaspaceSize: 17179869184.00 GB
CompressedClassSpaceSize: 1.00 GB
Initial GC threshold: 20.80 MB
Current GC threshold: 146.50 MB
CDS: off

CodeHeap 'non-profiled nmethods': size=120064Kb used=6132Kb max_used=6132Kb free=113931Kb
 bounds [0x000001a4365f0000, 0x000001a436bf0000, 0x000001a43db30000]
CodeHeap 'profiled nmethods': size=120000Kb used=23023Kb max_used=23023Kb free=96976Kb
 bounds [0x000001a42f0c0000, 0x000001a430740000, 0x000001a4365f0000]
CodeHeap 'non-nmethods': size=5696Kb used=2379Kb max_used=2436Kb free=3316Kb
 bounds [0x000001a42eb30000, 0x000001a42eda0000, 0x000001a42f0c0000]
 total_blobs=11561 nmethods=10656 adapters=817
 compilation: enabled
              stopped_count=0, restarted_count=0
 full_count=0

Compilation events (20 events):
Event: 33.982 Thread 0x000001a444c22000 10798       2       com.android.ide.common.blame.MergingLogPersistUtil$SourcePositionsSerializer$JsonTypeAdapter::write (192 bytes)
Event: 33.985 Thread 0x000001a444c22000 nmethod 10798 0x000001a430735110 code [0x000001a430735500, 0x000001a430736518]
Event: 33.989 Thread 0x000001a444c22000 10799       2       com.android.ide.common.blame.MergingLogPersistUtil$SourcePositionsSerializer::<init> (76 bytes)
Event: 33.990 Thread 0x000001a444c22000 nmethod 10799 0x000001a430736d10 code [0x000001a430736f40, 0x000001a4307375f8]
Event: 34.007 Thread 0x000001a444c22000 10800 %     3       com.google.gson.stream.JsonWriter::newline @ 24 (47 bytes)
Event: 34.007 Thread 0x000001a444c22000 nmethod 10800% 0x000001a430737810 code [0x000001a430737a00, 0x000001a430737df8]
Event: 34.014 Thread 0x000001a444c22000 10801       2       com.google.common.cache.LocalCache$Segment::postReadCleanup (18 bytes)
Event: 34.015 Thread 0x000001a444c22000 nmethod 10801 0x000001a430737f90 code [0x000001a430738160, 0x000001a430738348]
Event: 34.040 Thread 0x000001a444c22000 10803       3       com.google.gson.stream.JsonWriter::newline (47 bytes)
Event: 34.040 Thread 0x000001a444c22000 nmethod 10803 0x000001a430738510 code [0x000001a4307386e0, 0x000001a430738a98]
Event: 34.074 Thread 0x000001a444c22000 10805       2       com.google.common.cache.LocalCache::isExpired (57 bytes)
Event: 34.075 Thread 0x000001a444c22000 nmethod 10805 0x000001a430738c10 code [0x000001a430738e00, 0x000001a430739208]
Event: 34.078 Thread 0x000001a444c22000 10806       2       com.android.ide.common.blame.MergingLogPersistUtil$SourcePositionsSerializer::equals (155 bytes)
Event: 34.081 Thread 0x000001a444c22000 nmethod 10806 0x000001a430739490 code [0x000001a430739840, 0x000001a43073ab38]
Event: 34.081 Thread 0x000001a444c22000 10807       2       java.util.LinkedHashMap$LinkedEntrySet::forEach (67 bytes)
Event: 34.082 Thread 0x000001a444c22000 nmethod 10807 0x000001a43073b310 code [0x000001a43073b500, 0x000001a43073b848]
Event: 34.087 Thread 0x000001a444c22000 10809       1       com.android.ide.common.blame.SourceFile::getDescription (5 bytes)
Event: 34.087 Thread 0x000001a444c22000 nmethod 10809 0x000001a436bece10 code [0x000001a436becfc0, 0x000001a436bed078]
Event: 34.088 Thread 0x000001a444c22000 10810       2       java.io.Writer::append (7 bytes)
Event: 34.088 Thread 0x000001a444c22000 nmethod 10810 0x000001a43073ba10 code [0x000001a43073bbc0, 0x000001a43073bce8]

GC Heap History (20 events):
Event: 21.452 GC heap after
{Heap after GC invocations=34 (full 0):
 garbage-first heap   total 114688K, used 56142K [0x0000000080000000, 0x0000000100000000)
  region size 1024K, 4 young (4096K), 4 survivors (4096K)
 Metaspace       used 67277K, capacity 68970K, committed 69148K, reserved 1110016K
  class space    used 8578K, capacity 9241K, committed 9368K, reserved 1048576K
}
Event: 22.469 GC heap before
{Heap before GC invocations=34 (full 0):
 garbage-first heap   total 114688K, used 85838K [0x0000000080000000, 0x0000000100000000)
  region size 1024K, 33 young (33792K), 4 survivors (4096K)
 Metaspace       used 70886K, capacity 72619K, committed 72860K, reserved 1112064K
  class space    used 9223K, capacity 9913K, committed 10008K, reserved 1048576K
}
Event: 22.487 GC heap after
{Heap after GC invocations=35 (full 0):
 garbage-first heap   total 138240K, used 58045K [0x0000000080000000, 0x0000000100000000)
  region size 1024K, 4 young (4096K), 4 survivors (4096K)
 Metaspace       used 70886K, capacity 72619K, committed 72860K, reserved 1112064K
  class space    used 9223K, capacity 9913K, committed 10008K, reserved 1048576K
}
Event: 23.759 GC heap before
{Heap before GC invocations=36 (full 0):
 garbage-first heap   total 138240K, used 96957K [0x0000000080000000, 0x0000000100000000)
  region size 1024K, 42 young (43008K), 4 survivors (4096K)
 Metaspace       used 74265K, capacity 76121K, committed 76444K, reserved 1116160K
  class space    used 9723K, capacity 10447K, committed 10520K, reserved 1048576K
}
Event: 23.771 GC heap after
{Heap after GC invocations=37 (full 0):
 garbage-first heap   total 138240K, used 60550K [0x0000000080000000, 0x0000000100000000)
  region size 1024K, 5 young (5120K), 5 survivors (5120K)
 Metaspace       used 74265K, capacity 76121K, committed 76444K, reserved 1116160K
  class space    used 9723K, capacity 10447K, committed 10520K, reserved 1048576K
}
Event: 24.765 GC heap before
{Heap before GC invocations=37 (full 0):
 garbage-first heap   total 138240K, used 99462K [0x0000000080000000, 0x0000000100000000)
  region size 1024K, 43 young (44032K), 5 survivors (5120K)
 Metaspace       used 78603K, capacity 80532K, committed 80668K, reserved 1118208K
  class space    used 10303K, capacity 11047K, committed 11160K, reserved 1048576K
}
Event: 24.781 GC heap after
{Heap after GC invocations=38 (full 0):
 garbage-first heap   total 138240K, used 62860K [0x0000000080000000, 0x0000000100000000)
  region size 1024K, 5 young (5120K), 5 survivors (5120K)
 Metaspace       used 78603K, capacity 80532K, committed 80668K, reserved 1118208K
  class space    used 10303K, capacity 11047K, committed 11160K, reserved 1048576K
}
Event: 25.393 GC heap before
{Heap before GC invocations=38 (full 0):
 garbage-first heap   total 138240K, used 102796K [0x0000000080000000, 0x0000000100000000)
  region size 1024K, 44 young (45056K), 5 survivors (5120K)
 Metaspace       used 80034K, capacity 82063K, committed 82332K, reserved 1120256K
  class space    used 10468K, capacity 11212K, committed 11288K, reserved 1048576K
}
Event: 25.421 GC heap after
{Heap after GC invocations=39 (full 0):
 garbage-first heap   total 138240K, used 66813K [0x0000000080000000, 0x0000000100000000)
  region size 1024K, 6 young (6144K), 6 survivors (6144K)
 Metaspace       used 80034K, capacity 82063K, committed 82332K, reserved 1120256K
  class space    used 10468K, capacity 11212K, committed 11288K, reserved 1048576K
}
Event: 25.801 GC heap before
{Heap before GC invocations=39 (full 0):
 garbage-first heap   total 138240K, used 105725K [0x0000000080000000, 0x0000000100000000)
  region size 1024K, 44 young (45056K), 6 survivors (6144K)
 Metaspace       used 80098K, capacity 82086K, committed 82332K, reserved 1120256K
  class space    used 10472K, capacity 11216K, committed 11288K, reserved 1048576K
}
Event: 25.825 GC heap after
{Heap after GC invocations=40 (full 0):
 garbage-first heap   total 165888K, used 72411K [0x0000000080000000, 0x0000000100000000)
  region size 1024K, 6 young (6144K), 6 survivors (6144K)
 Metaspace       used 80098K, capacity 82086K, committed 82332K, reserved 1120256K
  class space    used 10472K, capacity 11216K, committed 11288K, reserved 1048576K
}
Event: 27.768 GC heap before
{Heap before GC invocations=40 (full 0):
 garbage-first heap   total 165888K, used 116443K [0x0000000080000000, 0x0000000100000000)
  region size 1024K, 50 young (51200K), 6 survivors (6144K)
 Metaspace       used 82584K, capacity 84867K, committed 85148K, reserved 1122304K
  class space    used 10890K, capacity 11773K, committed 11800K, reserved 1048576K
}
Event: 27.785 GC heap after
{Heap after GC invocations=41 (full 0):
 garbage-first heap   total 165888K, used 75772K [0x0000000080000000, 0x0000000100000000)
  region size 1024K, 3 young (3072K), 3 survivors (3072K)
 Metaspace       used 82584K, capacity 84867K, committed 85148K, reserved 1122304K
  class space    used 10890K, capacity 11773K, committed 11800K, reserved 1048576K
}
Event: 30.141 GC heap before
{Heap before GC invocations=41 (full 0):
 garbage-first heap   total 165888K, used 124924K [0x0000000080000000, 0x0000000100000000)
  region size 1024K, 52 young (53248K), 3 survivors (3072K)
 Metaspace       used 85005K, capacity 87439K, committed 87708K, reserved 1124352K
  class space    used 11101K, capacity 11981K, committed 12056K, reserved 1048576K
}
Event: 30.151 GC heap after
{Heap after GC invocations=42 (full 0):
 garbage-first heap   total 165888K, used 78161K [0x0000000080000000, 0x0000000100000000)
  region size 1024K, 6 young (6144K), 6 survivors (6144K)
 Metaspace       used 85005K, capacity 87439K, committed 87708K, reserved 1124352K
  class space    used 11101K, capacity 11981K, committed 12056K, reserved 1048576K
}
Event: 31.634 GC heap before
{Heap before GC invocations=42 (full 0):
 garbage-first heap   total 165888K, used 120145K [0x0000000080000000, 0x0000000100000000)
  region size 1024K, 48 young (49152K), 6 survivors (6144K)
 Metaspace       used 86484K, capacity 88922K, committed 89116K, reserved 1126400K
  class space    used 11245K, capacity 12131K, committed 12184K, reserved 1048576K
}
Event: 31.675 GC heap after
{Heap after GC invocations=43 (full 0):
 garbage-first heap   total 165888K, used 87040K [0x0000000080000000, 0x0000000100000000)
  region size 1024K, 7 young (7168K), 7 survivors (7168K)
 Metaspace       used 86484K, capacity 88922K, committed 89116K, reserved 1126400K
  class space    used 11245K, capacity 12131K, committed 12184K, reserved 1048576K
}
Event: 32.744 GC heap before
{Heap before GC invocations=44 (full 0):
 garbage-first heap   total 165888K, used 135168K [0x0000000080000000, 0x0000000100000000)
  region size 1024K, 48 young (49152K), 7 survivors (7168K)
 Metaspace       used 87126K, capacity 89607K, committed 89756K, reserved 1126400K
  class space    used 11315K, capacity 12233K, committed 12312K, reserved 1048576K
}
Event: 32.833 GC heap after
{Heap after GC invocations=45 (full 0):
 garbage-first heap   total 165888K, used 103424K [0x0000000080000000, 0x0000000100000000)
  region size 1024K, 7 young (7168K), 7 survivors (7168K)
 Metaspace       used 87126K, capacity 89607K, committed 89756K, reserved 1126400K
  class space    used 11315K, capacity 12233K, committed 12312K, reserved 1048576K
}
Event: 34.097 GC heap before
{Heap before GC invocations=46 (full 0):
 garbage-first heap   total 165888K, used 141312K [0x0000000080000000, 0x0000000100000000)
  region size 1024K, 36 young (36864K), 7 survivors (7168K)
 Metaspace       used 87327K, capacity 89667K, committed 90012K, reserved 1126400K
  class space    used 11311K, capacity 12229K, committed 12312K, reserved 1048576K
}

Deoptimization events (20 events):
Event: 33.570 Thread 0x000001a445985000 DEOPT PACKING pc=0x000001a4306fcf0f sp=0x0000005e143f8d90
Event: 33.570 Thread 0x000001a445985000 DEOPT UNPACKING pc=0x000001a42eb7a95e sp=0x0000005e143f8308 mode 0
Event: 33.814 Thread 0x000001a445985000 Uncommon trap: trap_request=0xffffffc6 fr.pc=0x000001a436ad2a5c relative=0x000000000000093c
Event: 33.814 Thread 0x000001a445985000 Uncommon trap: reason=bimorphic_or_optimized_type_check action=maybe_recompile pc=0x000001a436ad2a5c method=com.google.common.collect.AbstractMapBasedMultimap$WrappedCollection.refreshIfEmpty()V @ 59 c2
Event: 33.814 Thread 0x000001a445985000 DEOPT PACKING pc=0x000001a436ad2a5c sp=0x0000005e143f92c0
Event: 33.814 Thread 0x000001a445985000 DEOPT UNPACKING pc=0x000001a42eb7a1af sp=0x0000005e143f9278 mode 2
Event: 33.814 Thread 0x000001a445985000 Uncommon trap: trap_request=0xffffffc6 fr.pc=0x000001a436ad2a5c relative=0x000000000000093c
Event: 33.814 Thread 0x000001a445985000 Uncommon trap: reason=bimorphic_or_optimized_type_check action=maybe_recompile pc=0x000001a436ad2a5c method=com.google.common.collect.AbstractMapBasedMultimap$WrappedCollection.refreshIfEmpty()V @ 59 c2
Event: 33.814 Thread 0x000001a445985000 DEOPT PACKING pc=0x000001a436ad2a5c sp=0x0000005e143f92f0
Event: 33.814 Thread 0x000001a445985000 DEOPT UNPACKING pc=0x000001a42eb7a1af sp=0x0000005e143f92a8 mode 2
Event: 33.816 Thread 0x000001a445985000 Uncommon trap: trap_request=0xffffffc6 fr.pc=0x000001a436ad2a5c relative=0x000000000000093c
Event: 33.816 Thread 0x000001a445985000 Uncommon trap: reason=bimorphic_or_optimized_type_check action=maybe_recompile pc=0x000001a436ad2a5c method=com.google.common.collect.AbstractMapBasedMultimap$WrappedCollection.refreshIfEmpty()V @ 59 c2
Event: 33.816 Thread 0x000001a445985000 DEOPT PACKING pc=0x000001a436ad2a5c sp=0x0000005e143f9230
Event: 33.816 Thread 0x000001a445985000 DEOPT UNPACKING pc=0x000001a42eb7a1af sp=0x0000005e143f91e8 mode 2
Event: 33.816 Thread 0x000001a445985000 Uncommon trap: trap_request=0xffffffc6 fr.pc=0x000001a436ad2a5c relative=0x000000000000093c
Event: 33.816 Thread 0x000001a445985000 Uncommon trap: reason=bimorphic_or_optimized_type_check action=maybe_recompile pc=0x000001a436ad2a5c method=com.google.common.collect.AbstractMapBasedMultimap$WrappedCollection.refreshIfEmpty()V @ 59 c2
Event: 33.816 Thread 0x000001a445985000 DEOPT PACKING pc=0x000001a436ad2a5c sp=0x0000005e143f91f0
Event: 33.816 Thread 0x000001a445985000 DEOPT UNPACKING pc=0x000001a42eb7a1af sp=0x0000005e143f91a8 mode 2
Event: 33.889 Thread 0x000001a445985000 DEOPT PACKING pc=0x000001a43072a858 sp=0x0000005e143f9250
Event: 33.889 Thread 0x000001a445985000 DEOPT UNPACKING pc=0x000001a42eb7a95e sp=0x0000005e143f8768 mode 0

Classes redefined (0 events):
No events

Internal exceptions (20 events):
Event: 26.544 Thread 0x000001a4475df800 Exception <a 'java/lang/NoSuchMethodError'{0x00000000893dce60}: <clinit>> (0x00000000893dce60) thrown at [src/hotspot/share/prims/jni.cpp, line 1367]
Event: 26.558 Thread 0x000001a445987000 Exception <a 'java/lang/NoSuchMethodError'{0x00000000893e8778}: <clinit>> (0x00000000893e8778) thrown at [src/hotspot/share/prims/jni.cpp, line 1367]
Event: 26.561 Thread 0x000001a445987000 Exception <a 'java/lang/NoSuchMethodError'{0x00000000893f0f60}: 'void java.lang.invoke.DirectMethodHandle$Holder.invokeSpecial(java.lang.Object, java.lang.Object, java.lang.Object, int)'> (0x00000000893f0f60) thrown at [src/hotspot/share/interpreter/linkResolver.cpp, line 773]
Event: 26.582 Thread 0x000001a445fea800 Exception <a 'java/lang/NoSuchMethodError'{0x0000000089269828}: 'int java.lang.invoke.DirectMethodHandle$Holder.invokeSpecial(java.lang.Object, java.lang.Object, java.lang.Object, java.lang.Object, java.lang.Object)'> (0x0000000089269828) thrown at [src/hotspot/share/interpreter/linkResolver.cpp, line 773]
Event: 27.113 Thread 0x000001a445986000 Exception <a 'java/lang/NoSuchMethodError'{0x0000000088bb10a0}: 'void java.lang.invoke.DirectMethodHandle$Holder.invokeStatic(java.lang.Object, java.lang.Object, java.lang.Object, java.lang.Object, int, java.lang.Object, java.lang.Object)'> (0x0000000088bb10a0) thrown at [src/hotspot/share/interpreter/linkResolver.cpp, line 773]
Event: 27.207 Thread 0x000001a445983800 Exception <a 'java/lang/NoSuchMethodError'{0x00000000886d3e08}: 'java.lang.Object java.lang.invoke.DirectMethodHandle$Holder.invokeSpecialIFC(java.lang.Object, java.lang.Object, java.lang.Object)'> (0x00000000886d3e08) thrown at [src/hotspot/share/interpreter/linkResolver.cpp, line 773]
Event: 27.208 Thread 0x000001a445981000 Exception <a 'java/lang/NoSuchMethodError'{0x00000000886b9be8}: 'java.lang.Object java.lang.invoke.DirectMethodHandle$Holder.invokeSpecialIFC(java.lang.Object, java.lang.Object, java.lang.Object)'> (0x00000000886b9be8) thrown at [src/hotspot/share/interpreter/linkResolver.cpp, line 773]
Event: 27.208 Thread 0x000001a445986000 Exception <a 'java/lang/NoSuchMethodError'{0x0000000088683710}: 'java.lang.Object java.lang.invoke.DirectMethodHandle$Holder.invokeSpecialIFC(java.lang.Object, java.lang.Object, java.lang.Object)'> (0x0000000088683710) thrown at [src/hotspot/share/interpreter/linkResolver.cpp, line 773]
Event: 27.208 Thread 0x000001a445982000 Exception <a 'java/lang/NoSuchMethodError'{0x00000000886a7de0}: 'java.lang.Object java.lang.invoke.DirectMethodHandle$Holder.invokeSpecialIFC(java.lang.Object, java.lang.Object, java.lang.Object)'> (0x00000000886a7de0) thrown at [src/hotspot/share/interpreter/linkResolver.cpp, line 773]
Event: 27.724 Thread 0x000001a445986000 Implicit null exception at 0x000001a436af3f49 to 0x000001a436af48fc
Event: 27.725 Thread 0x000001a445986000 Implicit null exception at 0x000001a436af3f49 to 0x000001a436af48fc
Event: 27.733 Thread 0x000001a445981000 Implicit null exception at 0x000001a436af3f49 to 0x000001a436af48fc
Event: 27.733 Thread 0x000001a445981000 Implicit null exception at 0x000001a436af3f49 to 0x000001a436af48fc
Event: 28.466 Thread 0x000001a445981000 Implicit null exception at 0x000001a436b27adb to 0x000001a436b27b6c
Event: 28.466 Thread 0x000001a4490c6000 Implicit null exception at 0x000001a436b27adb to 0x000001a436b27b6c
Event: 29.362 Thread 0x000001a445985000 Exception <a 'java/lang/NoSuchMethodError'{0x0000000087d968f8}: 'void java.lang.invoke.DirectMethodHandle$Holder.invokeInterface(java.lang.Object, java.lang.Object, java.lang.Object, java.lang.Object)'> (0x0000000087d968f8) thrown at [src/hotspot/share/interpreter/linkResolver.cpp, line 773]
Event: 29.401 Thread 0x000001a445985000 Exception <a 'java/lang/NoSuchMethodError'{0x0000000087cf4c60}: 'void java.lang.invoke.DirectMethodHandle$Holder.invokeVirtual(java.lang.Object, java.lang.Object)'> (0x0000000087cf4c60) thrown at [src/hotspot/share/interpreter/linkResolver.cpp, line 773]
Event: 32.349 Thread 0x000001a445985000 Exception <a 'java/lang/NoSuchMethodError'{0x00000000884abea0}: 'java.lang.Object java.lang.invoke.DirectMethodHandle$Holder.invokeSpecial(java.lang.Object, java.lang.Object, int, int, int, java.lang.Object, java.lang.Object, java.lang.Object, int)'> (0x00000000884abea0) thrown at [src/hotspot/share/interpreter/linkResolver.cpp, line 773]
Event: 32.349 Thread 0x000001a445985000 Exception <a 'java/lang/NoSuchMethodError'{0x00000000884afff8}: 'java.lang.Object java.lang.invoke.DelegatingMethodHandle$Holder.reinvoke_L(java.lang.Object, int, int, int, java.lang.Object, java.lang.Object, java.lang.Object, int)'> (0x00000000884afff8) thrown at [src/hotspot/share/interpreter/linkResolver.cpp, line 773]
Event: 32.351 Thread 0x000001a445985000 Exception <a 'java/lang/NoSuchMethodError'{0x00000000884d2400}: 'java.lang.Object java.lang.invoke.DirectMethodHandle$Holder.invokeStatic(java.lang.Object, java.lang.Object, java.lang.Object, java.lang.Object, java.lang.Object, java.lang.Object, java.lang.Object, int)'> (0x00000000884d2400) thrown at [src/hotspot/share/interpreter/linkResolver.cpp, line 773]

Events (20 events):
Event: 33.206 Executing VM operation: CGC_Operation done
Event: 33.464 Executing VM operation: CGC_Operation
Event: 33.465 Executing VM operation: CGC_Operation done
Event: 33.815 loading class org/gradle/internal/work/AsyncWorkTracker$ProjectLockRetention
Event: 33.815 loading class org/gradle/internal/work/AsyncWorkTracker$ProjectLockRetention done
Event: 33.825 loading class com/google/common/cache/LocalCache$EntrySet
Event: 33.825 loading class com/google/common/cache/LocalCache$EntrySet done
Event: 33.826 loading class com/google/common/cache/LocalCache$AbstractCacheSet
Event: 33.826 loading class com/google/common/cache/LocalCache$AbstractCacheSet done
Event: 33.828 loading class com/google/common/cache/LocalCache$EntryIterator
Event: 33.828 loading class com/google/common/cache/LocalCache$EntryIterator done
Event: 33.829 loading class com/google/common/cache/LocalCache$HashIterator
Event: 33.829 loading class com/google/common/cache/LocalCache$HashIterator done
Event: 33.831 loading class com/google/common/cache/LocalCache$WriteThroughEntry
Event: 33.831 loading class com/google/common/cache/LocalCache$WriteThroughEntry done
Event: 33.840 loading class com/android/ide/common/blame/MergingLogPersistUtil$SourcePositionsSerializer
Event: 33.840 loading class com/android/ide/common/blame/MergingLogPersistUtil$SourcePositionsSerializer done
Event: 33.841 loading class com/android/ide/common/blame/MergingLogPersistUtil$SourcePositionsSerializer$Kind
Event: 33.842 loading class com/android/ide/common/blame/MergingLogPersistUtil$SourcePositionsSerializer$Kind done
Event: 34.097 Executing VM operation: G1CollectForAllocation


Dynamic libraries:
0x00007ff6edc30000 - 0x00007ff6edc3a000 	C:\Program Files\Android\Android Studio\jbr\bin\java.exe
0x00007ffb55350000 - 0x00007ffb55548000 	C:\WINDOWS\SYSTEM32\ntdll.dll
0x00007ffb536e0000 - 0x00007ffb5379f000 	C:\WINDOWS\System32\KERNEL32.DLL
0x00007ffb52f00000 - 0x00007ffb531da000 	C:\WINDOWS\System32\KERNELBASE.dll
0x00007ffb532b0000 - 0x00007ffb533b0000 	C:\WINDOWS\System32\ucrtbase.dll
0x00007ffb4d3c0000 - 0x00007ffb4d3d7000 	C:\Program Files\Android\Android Studio\jbr\bin\jli.dll
0x00007ffb44e30000 - 0x00007ffb44e4b000 	C:\Program Files\Android\Android Studio\jbr\bin\VCRUNTIME140.dll
0x00007ffb54b40000 - 0x00007ffb54cdd000 	C:\WINDOWS\System32\USER32.dll
0x00007ffb53250000 - 0x00007ffb53272000 	C:\WINDOWS\System32\win32u.dll
0x00007ffb534e0000 - 0x00007ffb5350b000 	C:\WINDOWS\System32\GDI32.dll
0x00007ffb43d20000 - 0x00007ffb43fba000 	C:\WINDOWS\WinSxS\amd64_microsoft.windows.common-controls_6595b64144ccf1df_6.0.19041.1110_none_60b5254171f9507e\COMCTL32.dll
0x00007ffb52ba0000 - 0x00007ffb52cb0000 	C:\WINDOWS\System32\gdi32full.dll
0x00007ffb53ef0000 - 0x00007ffb53f8e000 	C:\WINDOWS\System32\msvcrt.dll
0x00007ffb52d00000 - 0x00007ffb52d9d000 	C:\WINDOWS\System32\msvcp_win.dll
0x00007ffb53cb0000 - 0x00007ffb53ce0000 	C:\WINDOWS\System32\IMM32.DLL
0x00007ffb49ec0000 - 0x00007ffb49ecc000 	C:\Program Files\Android\Android Studio\jbr\bin\vcruntime140_1.dll
0x00007ffb32980000 - 0x00007ffb32a0d000 	C:\Program Files\Android\Android Studio\jbr\bin\msvcp140.dll
0x00007ffb1be00000 - 0x00007ffb1c9bc000 	C:\Program Files\Android\Android Studio\jbr\bin\server\jvm.dll
0x00007ffb53430000 - 0x00007ffb534de000 	C:\WINDOWS\System32\ADVAPI32.dll
0x00007ffb54a20000 - 0x00007ffb54abc000 	C:\WINDOWS\System32\sechost.dll
0x00007ffb54890000 - 0x00007ffb549b6000 	C:\WINDOWS\System32\RPCRT4.dll
0x00007ffb53ee0000 - 0x00007ffb53ee8000 	C:\WINDOWS\System32\PSAPI.DLL
0x00007ffb391a0000 - 0x00007ffb391c7000 	C:\WINDOWS\SYSTEM32\WINMM.dll
0x00007ffb4d9e0000 - 0x00007ffb4d9e9000 	C:\WINDOWS\SYSTEM32\WSOCK32.dll
0x00007ffb53ce0000 - 0x00007ffb53d4b000 	C:\WINDOWS\System32\WS2_32.dll
0x00007ffb497f0000 - 0x00007ffb497fa000 	C:\WINDOWS\SYSTEM32\VERSION.dll
0x00007ffb51270000 - 0x00007ffb51282000 	C:\WINDOWS\SYSTEM32\kernel.appcore.dll
0x00007ffb4d9c0000 - 0x00007ffb4d9d0000 	C:\Program Files\Android\Android Studio\jbr\bin\verify.dll
0x00007ffb49a50000 - 0x00007ffb49c34000 	C:\WINDOWS\SYSTEM32\DBGHELP.DLL
0x00007ffb49a10000 - 0x00007ffb49a44000 	C:\WINDOWS\SYSTEM32\dbgcore.DLL
0x00007ffb52a60000 - 0x00007ffb52ae2000 	C:\WINDOWS\System32\bcryptPrimitives.dll
0x00007ffb44dd0000 - 0x00007ffb44df8000 	C:\Program Files\Android\Android Studio\jbr\bin\java.dll
0x00007ffb4d4e0000 - 0x00007ffb4d4ea000 	C:\Program Files\Android\Android Studio\jbr\bin\jimage.dll
0x00007ffb49ee0000 - 0x00007ffb49ef8000 	C:\Program Files\Android\Android Studio\jbr\bin\zip.dll
0x00007ffb53f90000 - 0x00007ffb546d4000 	C:\WINDOWS\System32\SHELL32.dll
0x00007ffb50900000 - 0x00007ffb51093000 	C:\WINDOWS\SYSTEM32\windows.storage.dll
0x00007ffb537a0000 - 0x00007ffb53af4000 	C:\WINDOWS\System32\combase.dll
0x00007ffb52300000 - 0x00007ffb5232e000 	C:\WINDOWS\SYSTEM32\Wldp.dll
0x00007ffb54ce0000 - 0x00007ffb54d8d000 	C:\WINDOWS\System32\SHCORE.dll
0x00007ffb54ac0000 - 0x00007ffb54b15000 	C:\WINDOWS\System32\shlwapi.dll
0x00007ffb529a0000 - 0x00007ffb529bf000 	C:\WINDOWS\SYSTEM32\profapi.dll
0x00007ffb46690000 - 0x00007ffb466a9000 	C:\Program Files\Android\Android Studio\jbr\bin\net.dll
0x00007ffb4bbd0000 - 0x00007ffb4bcda000 	C:\WINDOWS\SYSTEM32\WINHTTP.dll
0x00007ffb520e0000 - 0x00007ffb5214a000 	C:\WINDOWS\system32\mswsock.dll
0x00007ffb46060000 - 0x00007ffb46073000 	C:\Program Files\Android\Android Studio\jbr\bin\nio.dll
0x00007ffb44da0000 - 0x00007ffb44dc7000 	C:\Users\hp\.gradle\native\e1d6ef7f7dcc3fd88c89a11ec53ec762bb8ba0a96d01ffa2cd45eb1d1d8dd5c5\windows-amd64\native-platform.dll
0x00007ffb2aa20000 - 0x00007ffb2ab64000 	C:\Users\hp\.gradle\native\0d407fdbe67a94daf76414ababcb853783967236a71b16ec16e742cd7a986fd3\windows-amd64\native-platform-file-events.dll
0x00007ffb4d390000 - 0x00007ffb4d39a000 	C:\Program Files\Android\Android Studio\jbr\bin\management.dll
0x00007ffb4d090000 - 0x00007ffb4d09b000 	C:\Program Files\Android\Android Studio\jbr\bin\management_ext.dll
0x00007ffb52640000 - 0x00007ffb52658000 	C:\WINDOWS\SYSTEM32\CRYPTSP.dll
0x00007ffb51a20000 - 0x00007ffb51a54000 	C:\WINDOWS\system32\rsaenh.dll
0x00007ffb53280000 - 0x00007ffb532a7000 	C:\WINDOWS\System32\bcrypt.dll
0x00007ffb52960000 - 0x00007ffb5298e000 	C:\WINDOWS\SYSTEM32\USERENV.dll
0x00007ffb52270000 - 0x00007ffb5227c000 	C:\WINDOWS\SYSTEM32\CRYPTBASE.dll
0x00007ffb51df0000 - 0x00007ffb51e2c000 	C:\WINDOWS\SYSTEM32\IPHLPAPI.DLL
0x00007ffb53510000 - 0x00007ffb53518000 	C:\WINDOWS\System32\NSI.dll
0x00007ffb4b800000 - 0x00007ffb4b817000 	C:\WINDOWS\SYSTEM32\dhcpcsvc6.DLL
0x00007ffb4b100000 - 0x00007ffb4b11d000 	C:\WINDOWS\SYSTEM32\dhcpcsvc.DLL
0x00007ffb51e30000 - 0x00007ffb51efb000 	C:\WINDOWS\SYSTEM32\DNSAPI.dll

dbghelp: loaded successfully - version: 4.0.5 - missing functions: none
symbol engine: initialized successfully - sym options: 0x614 - pdb path: .;C:\Program Files\Android\Android Studio\jbr\bin;C:\WINDOWS\SYSTEM32;C:\WINDOWS\WinSxS\amd64_microsoft.windows.common-controls_6595b64144ccf1df_6.0.19041.1110_none_60b5254171f9507e;C:\Program Files\Android\Android Studio\jbr\bin\server;C:\Users\hp\.gradle\native\e1d6ef7f7dcc3fd88c89a11ec53ec762bb8ba0a96d01ffa2cd45eb1d1d8dd5c5\windows-amd64;C:\Users\hp\.gradle\native\0d407fdbe67a94daf76414ababcb853783967236a71b16ec16e742cd7a986fd3\windows-amd64

VM Arguments:
jvm_args: --add-opens=java.base/java.util=ALL-UNNAMED --add-opens=java.base/java.lang=ALL-UNNAMED --add-opens=java.base/java.lang.invoke=ALL-UNNAMED --add-opens=java.base/java.util=ALL-UNNAMED --add-opens=java.prefs/java.util.prefs=ALL-UNNAMED --add-opens=java.prefs/java.util.prefs=ALL-UNNAMED --add-opens=java.base/java.nio.charset=ALL-UNNAMED --add-opens=java.base/java.net=ALL-UNNAMED --add-opens=java.base/java.util.concurrent.atomic=ALL-UNNAMED -Xmx2048m -Dfile.encoding=UTF-8 -Duser.country=US -Duser.language=en -Duser.variant 
java_command: org.gradle.launcher.daemon.bootstrap.GradleDaemon 7.5
java_class_path (initial): C:\Users\hp\.gradle\wrapper\dists\gradle-7.5-bin\f1w0cc9nuo0eivz97x2xlu9sv\gradle-7.5\lib\gradle-launcher-7.5.jar
Launcher Type: SUN_STANDARD

[Global flags]
     intx CICompilerCount                          = 3                                         {product} {ergonomic}
     uint ConcGCThreads                            = 1                                         {product} {ergonomic}
     uint G1ConcRefinementThreads                  = 4                                         {product} {ergonomic}
   size_t G1HeapRegionSize                         = 1048576                                   {product} {ergonomic}
    uintx GCDrainStackTargetSize                   = 64                                        {product} {ergonomic}
   size_t InitialHeapSize                          = 67108864                                  {product} {ergonomic}
   size_t MarkStackSize                            = 4194304                                   {product} {ergonomic}
   size_t MaxHeapSize                              = 2147483648                                {product} {command line}
   size_t MaxNewSize                               = 1287651328                                {product} {ergonomic}
   size_t MinHeapDeltaBytes                        = 1048576                                   {product} {ergonomic}
    uintx NonNMethodCodeHeapSize                   = 5830732                                {pd product} {ergonomic}
    uintx NonProfiledCodeHeapSize                  = 122913754                              {pd product} {ergonomic}
    uintx ProfiledCodeHeapSize                     = 122913754                              {pd product} {ergonomic}
    uintx ReservedCodeCacheSize                    = 251658240                              {pd product} {ergonomic}
     bool SegmentedCodeCache                       = true                                      {product} {ergonomic}
     bool UseCompressedClassPointers               = true                                 {lp64_product} {ergonomic}
     bool UseCompressedOops                        = true                                 {lp64_product} {ergonomic}
     bool UseG1GC                                  = true                                      {product} {ergonomic}
     bool UseLargePagesIndividualAllocation        = false                                  {pd product} {ergonomic}

Logging:
Log output configuration:
 #0: stdout all=warning uptime,level,tags
 #1: stderr all=off uptime,level,tags

Environment Variables:
JAVA_HOME=C:\Program Files\Java\jdk-17.0.2
PATH=C:\Program Files\Common Files\Oracle\Java\javapath;C:\WINDOWS\system32;C:\WINDOWS;C:\WINDOWS\System32\Wbem;C:\WINDOWS\System32\WindowsPowerShell\v1.0\;C:\WINDOWS\System32\OpenSSH\;C:\MinGW\bin;C:\Program Files\Java\jdk-17.0.2\bin;C:\msys64\mingw64\bin;C:\Program Files\nodejs\;C:\Program Files\Git\cmd;;C:\Users\hp\AppData\Local\Microsoft\WindowsApps;C:\Program Files\JetBrains\IntelliJ IDEA Community Edition 2022.1\bin;;C:\modeltech64_10.6d\win64;C:\Users\hp\AppData\Roaming\npm;C:\Users\hp\AppData\Local\Programs\Microsoft VS Code\bin
USERNAME=hp
OS=Windows_NT
PROCESSOR_IDENTIFIER=Intel64 Family 6 Model 69 Stepping 1, GenuineIntel



---------------  S Y S T E M  ---------------

OS: Windows 10 , 64 bit Build 19041 (10.0.19041.2788)
OS uptime: 18 days 23:54 hours
Hyper-V role detected

CPU:total 4 (initial active 4) (2 cores per cpu, 2 threads per core) family 6 model 69 stepping 1 microcode 0x25, cmov, cx8, fxsr, mmx, sse, sse2, sse3, ssse3, sse4.1, sse4.2, popcnt, avx, avx2, aes, clmul, erms, lzcnt, ht, tsc, tscinvbit, bmi1, bmi2, fma

Memory: 4k page, system-wide physical 3993M (339M free)
TotalPageFile size 11755M (AvailPageFile size 56M)
current process WorkingSet (physical memory assigned to process): 419M, peak: 419M
current process commit charge ("private bytes"): 447M, peak: 505M

vm_info: OpenJDK 64-Bit Server VM (11.0.15+0-b2043.56-9505619) for windows-amd64 JRE (11.0.15+0-b2043.56-9505619), built on Jan 19 2023 02:48:00 by "builduser" with unknown MS VC++:1929

END.
