#
# There is insufficient memory for the Java Runtime Environment to continue.
# Native memory allocation (mmap) failed to map 34603008 bytes for Failed to commit area from 0x000000008a200000 to 0x000000008c300000 of length 34603008.
# Possible reasons:
#   The system is out of physical RAM or swap space
#   The process is running with CompressedOops enabled, and the Java Heap may be blocking the growth of the native heap
# Possible solutions:
#   Reduce memory load on the system
#   Increase physical memory or swap space
#   Check if swap backing store is full
#   Decrease Java heap size (-Xmx/-Xms)
#   Decrease number of Java threads
#   Decrease Java thread stack sizes (-Xss)
#   Set larger code cache with -XX:ReservedCodeCacheSize=
#   JVM is running with Unscaled Compressed Oops mode in which the Java heap is
#     placed in the first 4GB address space. The Java Heap base address is the
#     maximum limit for the native heap growth. Please use -XX:HeapBaseMinAddress
#     to set the Java Heap base and to place the Java Heap above 4GB virtual address.
# This output file may be truncated or incomplete.
#
#  Out of Memory Error (src/hotspot/os/windows/os_windows.cpp:3627), pid=15552, tid=11320
#
# JRE version: OpenJDK Runtime Environment (11.0.15) (build 11.0.15+0-b2043.56-9505619)
# Java VM: OpenJDK 64-Bit Server VM (11.0.15+0-b2043.56-9505619, mixed mode, tiered, compressed oops, g1 gc, windows-amd64)
# No core dump will be written. Minidumps are not enabled by default on client versions of Windows
#

---------------  S U M M A R Y ------------

Command Line: --add-opens=java.base/java.util=ALL-UNNAMED --add-opens=java.base/java.lang=ALL-UNNAMED --add-opens=java.base/java.lang.invoke=ALL-UNNAMED --add-opens=java.base/java.util=ALL-UNNAMED --add-opens=java.prefs/java.util.prefs=ALL-UNNAMED --add-opens=java.prefs/java.util.prefs=ALL-UNNAMED --add-opens=java.base/java.nio.charset=ALL-UNNAMED --add-opens=java.base/java.net=ALL-UNNAMED --add-opens=java.base/java.util.concurrent.atomic=ALL-UNNAMED -Xmx2048m -Dfile.encoding=UTF-8 -Duser.country=US -Duser.language=en -Duser.variant org.gradle.launcher.daemon.bootstrap.GradleDaemon 7.5

Host: Intel(R) Core(TM) i7-4600U CPU @ 2.10GHz, 4 cores, 3G,  Windows 10 , 64 bit Build 19041 (10.0.19041.2788)
Time: Mon May  8 22:52:33 2023 Pakistan Standard Time elapsed time: 37.479346 seconds (0d 0h 0m 37s)

---------------  T H R E A D  ---------------

Current thread (0x0000012e37fba000):  VMThread "VM Thread" [stack: 0x0000001039300000,0x0000001039400000] [id=11320]

Stack: [0x0000001039300000,0x0000001039400000]
[error occurred during error reporting (printing stack bounds), id 0xc0000005, EXCEPTION_ACCESS_VIOLATION (0xc0000005) at pc=0x0000012e21ef112d]

Native frames: (J=compiled Java code, j=interpreted, Vv=VM code, C=native code)
V  [jvm.dll+0x64135a]
V  [jvm.dll+0x7d39f9]
V  [jvm.dll+0x7d51b9]
V  [jvm.dll+0x7d5805]
V  [jvm.dll+0x7d57bb]
V  [jvm.dll+0x640655]
V  [jvm.dll+0x640d68]
C  [ntdll.dll+0xa23df]
C  [ntdll.dll+0x514a4]
C  [ntdll.dll+0xa0f0e]
C  0x0000012e21ef112d

VM_Operation (0x000000103e9fa460): G1CollectForAllocation, mode: safepoint, requested by thread 0x0000012e3d857000


---------------  P R O C E S S  ---------------

Threads class SMR info:
_java_thread_list=0x0000012e40feac60, length=85, elements={
0x0000012e1e3c9000, 0x0000012e37fbd800, 0x0000012e37fc7800, 0x0000012e38942800,
0x0000012e38944800, 0x0000012e38946800, 0x0000012e3894c000, 0x0000012e3803b800,
0x0000012e3803d000, 0x0000012e38a87000, 0x0000012e3a206800, 0x0000012e39de5800,
0x0000012e398a7000, 0x0000012e39f93000, 0x0000012e3a27f800, 0x0000012e3aa33800,
0x0000012e3aa34000, 0x0000012e38e51000, 0x0000012e3a497800, 0x0000012e3aa08000,
0x0000012e3aa2c000, 0x0000012e3aa2d000, 0x0000012e3aa2d800, 0x0000012e3aa2e800,
0x0000012e3aa2f800, 0x0000012e3aa2b800, 0x0000012e3aa31000, 0x0000012e3aa32000,
0x0000012e3aa30000, 0x0000012e3ad16800, 0x0000012e3ad1d000, 0x0000012e3ad1a800,
0x0000012e3ad1a000, 0x0000012e3ad1b800, 0x0000012e3ad17800, 0x0000012e3ad1e000,
0x0000012e3ad18000, 0x0000012e3afb9000, 0x0000012e3ad1f000, 0x0000012e3ad19000,
0x0000012e3ad23800, 0x0000012e3ad20800, 0x0000012e3ad21000, 0x0000012e3ad23000,
0x0000012e3ad22000, 0x0000012e3ad24800, 0x0000012e3ad25800, 0x0000012e3ad1f800,
0x0000012e3b4fd000, 0x0000012e3b500800, 0x0000012e3b4fe000, 0x0000012e3b4fe800,
0x0000012e3b4fc800, 0x0000012e3b4ff800, 0x0000012e3b507000, 0x0000012e3b504800,
0x0000012e3b505800, 0x0000012e3b502000, 0x0000012e3b503000, 0x0000012e3b501000,
0x0000012e3b507800, 0x0000012e3b508800, 0x0000012e3b509800, 0x0000012e3b503800,
0x0000012e3b50b000, 0x0000012e3b50a000, 0x0000012e3b506000, 0x0000012e3d84b800,
0x0000012e3d84b000, 0x0000012e3d84c800, 0x0000012e3d84d800, 0x0000012e3d84e000,
0x0000012e3d84f000, 0x0000012e3d849800, 0x0000012e3d850000, 0x0000012e3d84a000,
0x0000012e3d852800, 0x0000012e3d850800, 0x0000012e3d853000, 0x0000012e3d854000,
0x0000012e3d855800, 0x0000012e3d856800, 0x0000012e3d857000, 0x0000012e3d851800,
0x0000012e3d858000
}

Java Threads: ( => current thread )
  0x0000012e1e3c9000 JavaThread "main" [_thread_blocked, id=13944, stack(0x0000001038d00000,0x0000001038e00000)]
  0x0000012e37fbd800 JavaThread "Reference Handler" daemon [_thread_blocked, id=5264, stack(0x0000001039400000,0x0000001039500000)]
  0x0000012e37fc7800 JavaThread "Finalizer" daemon [_thread_blocked, id=3612, stack(0x0000001039500000,0x0000001039600000)]
  0x0000012e38942800 JavaThread "Signal Dispatcher" daemon [_thread_blocked, id=10224, stack(0x0000001039600000,0x0000001039700000)]
  0x0000012e38944800 JavaThread "Attach Listener" daemon [_thread_blocked, id=5300, stack(0x0000001039700000,0x0000001039800000)]
  0x0000012e38946800 JavaThread "Service Thread" daemon [_thread_blocked, id=8488, stack(0x0000001039800000,0x0000001039900000)]
  0x0000012e3894c000 JavaThread "C2 CompilerThread0" daemon [_thread_in_native, id=16192, stack(0x0000001039900000,0x0000001039a00000)]
  0x0000012e3803b800 JavaThread "C1 CompilerThread0" daemon [_thread_blocked, id=400, stack(0x0000001039a00000,0x0000001039b00000)]
  0x0000012e3803d000 JavaThread "Sweeper thread" daemon [_thread_blocked, id=9916, stack(0x0000001039b00000,0x0000001039c00000)]
  0x0000012e38a87000 JavaThread "Common-Cleaner" daemon [_thread_blocked, id=6852, stack(0x0000001039c00000,0x0000001039d00000)]
  0x0000012e3a206800 JavaThread "Daemon health stats" [_thread_blocked, id=13792, stack(0x000000103a000000,0x000000103a100000)]
  0x0000012e39de5800 JavaThread "Incoming local TCP Connector on port 58981" [_thread_in_native, id=7360, stack(0x0000001039f00000,0x000000103a000000)]
  0x0000012e398a7000 JavaThread "Daemon periodic checks" [_thread_blocked, id=10704, stack(0x000000103a100000,0x000000103a200000)]
  0x0000012e39f93000 JavaThread "Daemon" [_thread_blocked, id=16532, stack(0x000000103a200000,0x000000103a300000)]
  0x0000012e3a27f800 JavaThread "Handler for socket connection from /127.0.0.1:58981 to /127.0.0.1:58982" [_thread_in_native, id=4984, stack(0x000000103a300000,0x000000103a400000)]
  0x0000012e3aa33800 JavaThread "Cancel handler" [_thread_blocked, id=13952, stack(0x000000103a400000,0x000000103a500000)]
  0x0000012e3aa34000 JavaThread "Daemon worker" [_thread_blocked, id=11468, stack(0x000000103a500000,0x000000103a600000)]
  0x0000012e38e51000 JavaThread "Asynchronous log dispatcher for DefaultDaemonConnection: socket connection from /127.0.0.1:58981 to /127.0.0.1:58982" [_thread_blocked, id=4408, stack(0x000000103a600000,0x000000103a700000)]
  0x0000012e3a497800 JavaThread "Stdin handler" [_thread_blocked, id=6408, stack(0x000000103a700000,0x000000103a800000)]
  0x0000012e3aa08000 JavaThread "Daemon client event forwarder" [_thread_blocked, id=6632, stack(0x000000103a800000,0x000000103a900000)]
  0x0000012e3aa2c000 JavaThread "Cache worker for journal cache (C:\Users\hp\.gradle\caches\journal-1)" [_thread_blocked, id=10464, stack(0x000000103a900000,0x000000103aa00000)]
  0x0000012e3aa2d000 JavaThread "File lock request listener" [_thread_in_native, id=6448, stack(0x000000103aa00000,0x000000103ab00000)]
  0x0000012e3aa2d800 JavaThread "Cache worker for file hash cache (C:\Users\hp\.gradle\caches\7.5\fileHashes)" [_thread_blocked, id=9508, stack(0x000000103ad00000,0x000000103ae00000)]
  0x0000012e3aa2e800 JavaThread "File watcher server" daemon [_thread_blocked, id=16804, stack(0x000000103ae00000,0x000000103af00000)]
  0x0000012e3aa2f800 JavaThread "File watcher consumer" daemon [_thread_blocked, id=16604, stack(0x000000103af00000,0x000000103b000000)]
  0x0000012e3aa2b800 JavaThread "Cache worker for checksums cache (C:\Users\hp\AndroidStudioProjects\Assignment22\.gradle\7.5\checksums)" [_thread_blocked, id=17292, stack(0x000000103b000000,0x000000103b100000)]
  0x0000012e3aa31000 JavaThread "Cache worker for cache directory md-rule (C:\Users\hp\.gradle\caches\7.5\md-rule)" [_thread_blocked, id=13328, stack(0x000000103b100000,0x000000103b200000)]
  0x0000012e3aa32000 JavaThread "Cache worker for file content cache (C:\Users\hp\.gradle\caches\7.5\fileContent)" [_thread_blocked, id=15496, stack(0x000000103b200000,0x000000103b300000)]
  0x0000012e3aa30000 JavaThread "Cache worker for file hash cache (C:\Users\hp\AndroidStudioProjects\Assignment22\.gradle\7.5\fileHashes)" [_thread_blocked, id=12352, stack(0x000000103b400000,0x000000103b500000)]
  0x0000012e3ad16800 JavaThread "Cache worker for cache directory md-supplier (C:\Users\hp\.gradle\caches\7.5\md-supplier)" [_thread_blocked, id=17036, stack(0x000000103b500000,0x000000103b600000)]
  0x0000012e3ad1d000 JavaThread "Cache worker for execution history cache (C:\Users\hp\.gradle\caches\7.5\executionHistory)" [_thread_blocked, id=3764, stack(0x000000103b600000,0x000000103b700000)]
  0x0000012e3ad1a800 JavaThread "jar transforms" [_thread_blocked, id=15284, stack(0x000000103b700000,0x000000103b800000)]
  0x0000012e3ad1a000 JavaThread "jar transforms Thread 2" [_thread_blocked, id=2600, stack(0x000000103b800000,0x000000103b900000)]
  0x0000012e3ad1b800 JavaThread "jar transforms Thread 3" [_thread_blocked, id=12068, stack(0x000000103b900000,0x000000103ba00000)]
  0x0000012e3ad17800 JavaThread "jar transforms Thread 4" [_thread_blocked, id=9768, stack(0x000000103ba00000,0x000000103bb00000)]
  0x0000012e3ad1e000 JavaThread "Cache worker for dependencies-accessors (C:\Users\hp\AndroidStudioProjects\Assignment22\.gradle\7.5\dependencies-accessors)" [_thread_blocked, id=5876, stack(0x000000103bb00000,0x000000103bc00000)]
  0x0000012e3ad18000 JavaThread "Cache worker for Build Output Cleanup Cache (C:\Users\hp\AndroidStudioProjects\Assignment22\.gradle\buildOutputCleanup)" [_thread_blocked, id=7148, stack(0x000000103b300000,0x000000103b400000)]
  0x0000012e3afb9000 JavaThread "C2 CompilerThread1" daemon [_thread_in_native, id=17124, stack(0x000000103bc00000,0x000000103bd00000)]
  0x0000012e3ad1f000 JavaThread "Unconstrained build operations" [_thread_blocked, id=2752, stack(0x000000103bd00000,0x000000103be00000)]
  0x0000012e3ad19000 JavaThread "Unconstrained build operations Thread 2" [_thread_blocked, id=9704, stack(0x000000103be00000,0x000000103bf00000)]
  0x0000012e3ad23800 JavaThread "Unconstrained build operations Thread 3" [_thread_blocked, id=9188, stack(0x000000103bf00000,0x000000103c000000)]
  0x0000012e3ad20800 JavaThread "Unconstrained build operations Thread 4" [_thread_blocked, id=9424, stack(0x000000103c000000,0x000000103c100000)]
  0x0000012e3ad21000 JavaThread "Unconstrained build operations Thread 5" [_thread_blocked, id=11880, stack(0x000000103c100000,0x000000103c200000)]
  0x0000012e3ad23000 JavaThread "Unconstrained build operations Thread 6" [_thread_blocked, id=13324, stack(0x000000103c200000,0x000000103c300000)]
  0x0000012e3ad22000 JavaThread "Unconstrained build operations Thread 7" [_thread_blocked, id=9616, stack(0x000000103c300000,0x000000103c400000)]
  0x0000012e3ad24800 JavaThread "Unconstrained build operations Thread 8" [_thread_blocked, id=6656, stack(0x000000103c400000,0x000000103c500000)]
  0x0000012e3ad25800 JavaThread "Unconstrained build operations Thread 9" [_thread_blocked, id=1264, stack(0x000000103c500000,0x000000103c600000)]
  0x0000012e3ad1f800 JavaThread "Unconstrained build operations Thread 10" [_thread_blocked, id=3892, stack(0x000000103c600000,0x000000103c700000)]
  0x0000012e3b4fd000 JavaThread "Unconstrained build operations Thread 11" [_thread_blocked, id=14716, stack(0x000000103c700000,0x000000103c800000)]
  0x0000012e3b500800 JavaThread "Unconstrained build operations Thread 12" [_thread_blocked, id=15604, stack(0x000000103c800000,0x000000103c900000)]
  0x0000012e3b4fe000 JavaThread "Unconstrained build operations Thread 13" [_thread_blocked, id=9668, stack(0x000000103c900000,0x000000103ca00000)]
  0x0000012e3b4fe800 JavaThread "Unconstrained build operations Thread 14" [_thread_blocked, id=8760, stack(0x000000103ca00000,0x000000103cb00000)]
  0x0000012e3b4fc800 JavaThread "Unconstrained build operations Thread 15" [_thread_blocked, id=17264, stack(0x000000103cb00000,0x000000103cc00000)]
  0x0000012e3b4ff800 JavaThread "Unconstrained build operations Thread 16" [_thread_blocked, id=11660, stack(0x000000103cc00000,0x000000103cd00000)]
  0x0000012e3b507000 JavaThread "Unconstrained build operations Thread 17" [_thread_blocked, id=17176, stack(0x000000103cd00000,0x000000103ce00000)]
  0x0000012e3b504800 JavaThread "Unconstrained build operations Thread 18" [_thread_blocked, id=4676, stack(0x000000103ce00000,0x000000103cf00000)]
  0x0000012e3b505800 JavaThread "Unconstrained build operations Thread 19" [_thread_blocked, id=4364, stack(0x000000103cf00000,0x000000103d000000)]
  0x0000012e3b502000 JavaThread "Unconstrained build operations Thread 20" [_thread_blocked, id=14956, stack(0x000000103d000000,0x000000103d100000)]
  0x0000012e3b503000 JavaThread "Unconstrained build operations Thread 21" [_thread_blocked, id=14160, stack(0x000000103d100000,0x000000103d200000)]
  0x0000012e3b501000 JavaThread "Unconstrained build operations Thread 22" [_thread_blocked, id=12600, stack(0x000000103d200000,0x000000103d300000)]
  0x0000012e3b507800 JavaThread "Unconstrained build operations Thread 23" [_thread_blocked, id=10124, stack(0x000000103d300000,0x000000103d400000)]
  0x0000012e3b508800 JavaThread "Unconstrained build operations Thread 24" [_thread_blocked, id=12768, stack(0x000000103d400000,0x000000103d500000)]
  0x0000012e3b509800 JavaThread "Unconstrained build operations Thread 25" [_thread_blocked, id=15456, stack(0x000000103d500000,0x000000103d600000)]
  0x0000012e3b503800 JavaThread "Unconstrained build operations Thread 26" [_thread_blocked, id=5508, stack(0x000000103d600000,0x000000103d700000)]
  0x0000012e3b50b000 JavaThread "Unconstrained build operations Thread 27" [_thread_blocked, id=14236, stack(0x000000103d700000,0x000000103d800000)]
  0x0000012e3b50a000 JavaThread "Unconstrained build operations Thread 28" [_thread_blocked, id=14840, stack(0x000000103d800000,0x000000103d900000)]
  0x0000012e3b506000 JavaThread "Unconstrained build operations Thread 29" [_thread_blocked, id=9816, stack(0x000000103d900000,0x000000103da00000)]
  0x0000012e3d84b800 JavaThread "Unconstrained build operations Thread 30" [_thread_blocked, id=1728, stack(0x000000103da00000,0x000000103db00000)]
  0x0000012e3d84b000 JavaThread "Unconstrained build operations Thread 31" [_thread_blocked, id=6976, stack(0x000000103db00000,0x000000103dc00000)]
  0x0000012e3d84c800 JavaThread "Unconstrained build operations Thread 32" [_thread_blocked, id=16808, stack(0x000000103dc00000,0x000000103dd00000)]
  0x0000012e3d84d800 JavaThread "Unconstrained build operations Thread 33" [_thread_blocked, id=17116, stack(0x000000103dd00000,0x000000103de00000)]
  0x0000012e3d84e000 JavaThread "Unconstrained build operations Thread 34" [_thread_blocked, id=7608, stack(0x000000103de00000,0x000000103df00000)]
  0x0000012e3d84f000 JavaThread "Unconstrained build operations Thread 35" [_thread_blocked, id=10168, stack(0x000000103df00000,0x000000103e000000)]
  0x0000012e3d849800 JavaThread "Unconstrained build operations Thread 36" [_thread_blocked, id=2760, stack(0x000000103e000000,0x000000103e100000)]
  0x0000012e3d850000 JavaThread "Unconstrained build operations Thread 37" [_thread_blocked, id=2700, stack(0x000000103e100000,0x000000103e200000)]
  0x0000012e3d84a000 JavaThread "Unconstrained build operations Thread 38" [_thread_blocked, id=11608, stack(0x000000103e200000,0x000000103e300000)]
  0x0000012e3d852800 JavaThread "Unconstrained build operations Thread 39" [_thread_blocked, id=13136, stack(0x000000103e300000,0x000000103e400000)]
  0x0000012e3d850800 JavaThread "Unconstrained build operations Thread 40" [_thread_blocked, id=16056, stack(0x000000103e400000,0x000000103e500000)]
  0x0000012e3d853000 JavaThread "build event listener" [_thread_blocked, id=10504, stack(0x000000103e500000,0x000000103e600000)]
  0x0000012e3d854000 JavaThread "Memory manager" [_thread_blocked, id=11736, stack(0x000000103e600000,0x000000103e700000)]
  0x0000012e3d855800 JavaThread "included builds" [_thread_blocked, id=10876, stack(0x000000103e700000,0x000000103e800000)]
  0x0000012e3d856800 JavaThread "Execution worker" [_thread_blocked, id=9836, stack(0x000000103e800000,0x000000103e900000)]
  0x0000012e3d857000 JavaThread "Execution worker Thread 2" [_thread_blocked, id=6988, stack(0x000000103e900000,0x000000103ea00000)]
  0x0000012e3d851800 JavaThread "Execution worker Thread 3" [_thread_blocked, id=11316, stack(0x000000103ea00000,0x000000103eb00000)]
  0x0000012e3d858000 JavaThread "Cache worker for execution history cache (C:\Users\hp\AndroidStudioProjects\Assignment22\.gradle\7.5\executionHistory)" [_thread_blocked, id=5080, stack(0x000000103eb00000,0x000000103ec00000)]

Other Threads:
=>0x0000012e37fba000 VMThread "VM Thread" [stack: 0x0000001039300000,0x0000001039400000] [id=11320]
  0x0000012e38a8d000 WatcherThread [stack: 0x0000001039d00000,0x0000001039e00000] [id=14752]
  0x0000012e1c32c000 GCTaskThread "GC Thread#0" [stack: 0x0000001038e00000,0x0000001038f00000] [id=14588]
  0x0000012e3917c800 GCTaskThread "GC Thread#1" [stack: 0x0000001039e00000,0x0000001039f00000] [id=12044]
  0x0000012e39e33800 GCTaskThread "GC Thread#2" [stack: 0x000000103ab00000,0x000000103ac00000] [id=6740]
  0x0000012e39e34800 GCTaskThread "GC Thread#3" [stack: 0x000000103ac00000,0x000000103ad00000] [id=16556]
  0x0000012e1e40c800 ConcurrentGCThread "G1 Main Marker" [stack: 0x0000001038f00000,0x0000001039000000] [id=9084]
  0x0000012e1e40d800 ConcurrentGCThread "G1 Conc#0" [stack: 0x0000001039000000,0x0000001039100000] [id=11852]
  0x0000012e1e465800 ConcurrentGCThread "G1 Refine#0" [stack: 0x0000001039100000,0x0000001039200000] [id=16356]
  0x0000012e1e466800 ConcurrentGCThread "G1 Young RemSet Sampling" [stack: 0x0000001039200000,0x0000001039300000] [id=1488]

Threads with active compile tasks:
C2 CompilerThread0    37520 10537       4       org.gradle.api.internal.artifacts.transform.ConsumerProvidedVariantFinder::matchAttributes (68 bytes)
C2 CompilerThread1    37520 10532   !   4       org.gradle.internal.instantiation.generator.DependencyInjectingInstantiator::doCreate (64 bytes)

VM state:at safepoint (normal execution)

VM Mutex/Monitor currently owned by a thread:  ([mutex/lock_event])
[0x0000012e1e3c5090] Threads_lock - owner thread: 0x0000012e37fba000
[0x0000012e1e3c5120] Heap_lock - owner thread: 0x0000012e3d857000

Heap address: 0x0000000080000000, size: 2048 MB, Compressed Oops mode: 32-bit
Narrow klass base: 0x0000000000000000, Narrow klass shift: 3
Compressed class space size: 1073741824 Address: 0x0000000100000000

Heap:
 garbage-first heap   total 199680K, used 83309K [0x0000000080000000, 0x0000000100000000)
  region size 1024K, 4 young (4096K), 4 survivors (4096K)
 Metaspace       used 84859K, capacity 87286K, committed 87400K, reserved 1124352K
  class space    used 11027K, capacity 11945K, committed 12032K, reserved 1048576K
Heap Regions: E=young(eden), S=young(survivor), O=old, HS=humongous(starts), HC=humongous(continues), CS=collection set, F=free, A=archive, TAMS=top-at-mark-start (previous, next)
|   0|0x0000000080000000, 0x0000000080100000, 0x0000000080100000|100%|HS|  |TAMS 0x0000000080100000, 0x0000000080100000| Complete 
|   1|0x0000000080100000, 0x0000000080200000, 0x0000000080200000|100%|HC|  |TAMS 0x0000000080200000, 0x0000000080200000| Complete 
|   2|0x0000000080200000, 0x0000000080300000, 0x0000000080300000|100%|HC|  |TAMS 0x0000000080300000, 0x0000000080300000| Complete 
|   3|0x0000000080300000, 0x0000000080400000, 0x0000000080400000|100%| O|  |TAMS 0x0000000080400000, 0x0000000080400000| Untracked 
|   4|0x0000000080400000, 0x0000000080500000, 0x0000000080500000|100%| O|  |TAMS 0x0000000080500000, 0x0000000080500000| Untracked 
|   5|0x0000000080500000, 0x0000000080600000, 0x0000000080600000|100%| O|  |TAMS 0x0000000080600000, 0x0000000080600000| Untracked 
|   6|0x0000000080600000, 0x0000000080700000, 0x0000000080700000|100%| O|  |TAMS 0x0000000080700000, 0x0000000080700000| Untracked 
|   7|0x0000000080700000, 0x0000000080800000, 0x0000000080800000|100%| O|  |TAMS 0x0000000080800000, 0x0000000080800000| Untracked 
|   8|0x0000000080800000, 0x0000000080900000, 0x0000000080900000|100%| O|  |TAMS 0x0000000080900000, 0x0000000080900000| Untracked 
|   9|0x0000000080900000, 0x0000000080a00000, 0x0000000080a00000|100%| O|  |TAMS 0x0000000080a00000, 0x0000000080a00000| Untracked 
|  10|0x0000000080a00000, 0x0000000080b00000, 0x0000000080b00000|100%| O|  |TAMS 0x0000000080b00000, 0x0000000080b00000| Untracked 
|  11|0x0000000080b00000, 0x0000000080c00000, 0x0000000080c00000|100%| O|  |TAMS 0x0000000080c00000, 0x0000000080c00000| Untracked 
|  12|0x0000000080c00000, 0x0000000080d00000, 0x0000000080d00000|100%| O|  |TAMS 0x0000000080d00000, 0x0000000080d00000| Untracked 
|  13|0x0000000080d00000, 0x0000000080e00000, 0x0000000080e00000|100%| O|  |TAMS 0x0000000080e00000, 0x0000000080e00000| Untracked 
|  14|0x0000000080e00000, 0x0000000080f00000, 0x0000000080f00000|100%| O|  |TAMS 0x0000000080f00000, 0x0000000080f00000| Untracked 
|  15|0x0000000080f00000, 0x0000000081000000, 0x0000000081000000|100%| O|  |TAMS 0x0000000081000000, 0x0000000081000000| Untracked 
|  16|0x0000000081000000, 0x0000000081100000, 0x0000000081100000|100%| O|  |TAMS 0x0000000081100000, 0x0000000081100000| Untracked 
|  17|0x0000000081100000, 0x0000000081200000, 0x0000000081200000|100%| O|  |TAMS 0x0000000081200000, 0x0000000081200000| Untracked 
|  18|0x0000000081200000, 0x0000000081300000, 0x0000000081300000|100%| O|  |TAMS 0x0000000081300000, 0x0000000081300000| Untracked 
|  19|0x0000000081300000, 0x0000000081400000, 0x0000000081400000|100%| O|  |TAMS 0x0000000081400000, 0x0000000081400000| Untracked 
|  20|0x0000000081400000, 0x0000000081500000, 0x0000000081500000|100%| O|  |TAMS 0x0000000081500000, 0x0000000081500000| Untracked 
|  21|0x0000000081500000, 0x0000000081600000, 0x0000000081600000|100%| O|  |TAMS 0x0000000081600000, 0x0000000081600000| Untracked 
|  22|0x0000000081600000, 0x0000000081700000, 0x0000000081700000|100%| O|  |TAMS 0x0000000081700000, 0x0000000081700000| Untracked 
|  23|0x0000000081700000, 0x0000000081800000, 0x0000000081800000|100%| O|  |TAMS 0x0000000081800000, 0x0000000081800000| Untracked 
|  24|0x0000000081800000, 0x0000000081900000, 0x0000000081900000|100%| O|  |TAMS 0x0000000081900000, 0x0000000081900000| Untracked 
|  25|0x0000000081900000, 0x0000000081a00000, 0x0000000081a00000|100%| O|  |TAMS 0x0000000081a00000, 0x0000000081a00000| Untracked 
|  26|0x0000000081a00000, 0x0000000081b00000, 0x0000000081b00000|100%| O|  |TAMS 0x0000000081b00000, 0x0000000081b00000| Untracked 
|  27|0x0000000081b00000, 0x0000000081c00000, 0x0000000081c00000|100%| O|  |TAMS 0x0000000081c00000, 0x0000000081c00000| Untracked 
|  28|0x0000000081c00000, 0x0000000081d00000, 0x0000000081d00000|100%| O|  |TAMS 0x0000000081d00000, 0x0000000081d00000| Untracked 
|  29|0x0000000081d00000, 0x0000000081e00000, 0x0000000081e00000|100%|HS|  |TAMS 0x0000000081e00000, 0x0000000081e00000| Complete 
|  30|0x0000000081e00000, 0x0000000081f00000, 0x0000000081f00000|100%| O|  |TAMS 0x0000000081f00000, 0x0000000081f00000| Untracked 
|  31|0x0000000081f00000, 0x0000000082000000, 0x0000000082000000|100%|HS|  |TAMS 0x0000000082000000, 0x0000000082000000| Complete 
|  32|0x0000000082000000, 0x0000000082100000, 0x0000000082100000|100%| O|  |TAMS 0x0000000082100000, 0x0000000082100000| Untracked 
|  33|0x0000000082100000, 0x0000000082200000, 0x0000000082200000|100%| O|  |TAMS 0x0000000082200000, 0x0000000082200000| Untracked 
|  34|0x0000000082200000, 0x0000000082300000, 0x0000000082300000|100%| O|  |TAMS 0x0000000082300000, 0x0000000082300000| Untracked 
|  35|0x0000000082300000, 0x0000000082400000, 0x0000000082400000|100%| O|  |TAMS 0x0000000082400000, 0x0000000082400000| Untracked 
|  36|0x0000000082400000, 0x0000000082500000, 0x0000000082500000|100%| O|  |TAMS 0x0000000082500000, 0x0000000082500000| Untracked 
|  37|0x0000000082500000, 0x0000000082600000, 0x0000000082600000|100%| O|  |TAMS 0x0000000082600000, 0x0000000082600000| Untracked 
|  38|0x0000000082600000, 0x0000000082700000, 0x0000000082700000|100%| O|  |TAMS 0x0000000082700000, 0x0000000082700000| Untracked 
|  39|0x0000000082700000, 0x0000000082800000, 0x0000000082800000|100%| O|  |TAMS 0x0000000082800000, 0x0000000082800000| Untracked 
|  40|0x0000000082800000, 0x0000000082900000, 0x0000000082900000|100%| O|  |TAMS 0x0000000082900000, 0x0000000082900000| Untracked 
|  41|0x0000000082900000, 0x0000000082a00000, 0x0000000082a00000|100%| O|  |TAMS 0x0000000082a00000, 0x0000000082a00000| Untracked 
|  42|0x0000000082a00000, 0x0000000082b00000, 0x0000000082b00000|100%| O|  |TAMS 0x0000000082b00000, 0x0000000082b00000| Untracked 
|  43|0x0000000082b00000, 0x0000000082c00000, 0x0000000082c00000|100%| O|  |TAMS 0x0000000082c00000, 0x0000000082c00000| Untracked 
|  44|0x0000000082c00000, 0x0000000082d00000, 0x0000000082d00000|100%| O|  |TAMS 0x0000000082d00000, 0x0000000082d00000| Untracked 
|  45|0x0000000082d00000, 0x0000000082e00000, 0x0000000082e00000|100%| O|  |TAMS 0x0000000082e00000, 0x0000000082e00000| Untracked 
|  46|0x0000000082e00000, 0x0000000082f00000, 0x0000000082f00000|100%| O|  |TAMS 0x0000000082f00000, 0x0000000082f00000| Untracked 
|  47|0x0000000082f00000, 0x0000000083000000, 0x0000000083000000|100%| O|  |TAMS 0x0000000083000000, 0x0000000083000000| Untracked 
|  48|0x0000000083000000, 0x0000000083100000, 0x0000000083100000|100%| O|  |TAMS 0x0000000083100000, 0x0000000083100000| Untracked 
|  49|0x0000000083100000, 0x0000000083200000, 0x0000000083200000|100%| O|  |TAMS 0x0000000083200000, 0x0000000083200000| Untracked 
|  50|0x0000000083200000, 0x0000000083300000, 0x0000000083300000|100%| O|  |TAMS 0x0000000083300000, 0x0000000083300000| Untracked 
|  51|0x0000000083300000, 0x0000000083400000, 0x0000000083400000|100%| O|  |TAMS 0x0000000083400000, 0x0000000083400000| Untracked 
|  52|0x0000000083400000, 0x0000000083500000, 0x0000000083500000|100%| O|  |TAMS 0x0000000083485600, 0x0000000083500000| Untracked 
|  53|0x0000000083500000, 0x0000000083600000, 0x0000000083600000|100%| O|  |TAMS 0x0000000083500000, 0x0000000083600000| Untracked 
|  54|0x0000000083600000, 0x0000000083700000, 0x0000000083700000|100%| O|  |TAMS 0x0000000083600000, 0x0000000083700000| Untracked 
|  55|0x0000000083700000, 0x0000000083800000, 0x0000000083800000|100%| O|  |TAMS 0x0000000083700000, 0x0000000083800000| Untracked 
|  56|0x0000000083800000, 0x0000000083900000, 0x0000000083900000|100%| O|  |TAMS 0x0000000083800000, 0x0000000083900000| Untracked 
|  57|0x0000000083900000, 0x0000000083a00000, 0x0000000083a00000|100%| O|  |TAMS 0x0000000083900000, 0x0000000083a00000| Untracked 
|  58|0x0000000083a00000, 0x0000000083b00000, 0x0000000083b00000|100%| O|  |TAMS 0x0000000083a00000, 0x0000000083b00000| Untracked 
|  59|0x0000000083b00000, 0x0000000083c00000, 0x0000000083c00000|100%| O|  |TAMS 0x0000000083b00000, 0x0000000083c00000| Untracked 
|  60|0x0000000083c00000, 0x0000000083d00000, 0x0000000083d00000|100%| O|  |TAMS 0x0000000083c00000, 0x0000000083d00000| Untracked 
|  61|0x0000000083d00000, 0x0000000083e00000, 0x0000000083e00000|100%| O|  |TAMS 0x0000000083d00000, 0x0000000083e00000| Untracked 
|  62|0x0000000083e00000, 0x0000000083f00000, 0x0000000083f00000|100%| O|  |TAMS 0x0000000083e00000, 0x0000000083f00000| Untracked 
|  63|0x0000000083f00000, 0x0000000084000000, 0x0000000084000000|100%| O|  |TAMS 0x0000000083f00000, 0x0000000084000000| Untracked 
|  64|0x0000000084000000, 0x0000000084100000, 0x0000000084100000|100%| O|  |TAMS 0x0000000084000000, 0x0000000084100000| Untracked 
|  65|0x0000000084100000, 0x0000000084200000, 0x0000000084200000|100%| O|  |TAMS 0x0000000084100000, 0x0000000084200000| Untracked 
|  66|0x0000000084200000, 0x0000000084300000, 0x0000000084300000|100%| O|  |TAMS 0x0000000084200000, 0x0000000084300000| Untracked 
|  67|0x0000000084300000, 0x0000000084400000, 0x0000000084400000|100%| O|  |TAMS 0x0000000084300000, 0x0000000084400000| Untracked 
|  68|0x0000000084400000, 0x0000000084500000, 0x0000000084500000|100%| O|  |TAMS 0x0000000084400000, 0x0000000084500000| Untracked 
|  69|0x0000000084500000, 0x0000000084600000, 0x0000000084600000|100%| O|  |TAMS 0x0000000084500000, 0x0000000084600000| Untracked 
|  70|0x0000000084600000, 0x0000000084700000, 0x0000000084700000|100%| O|  |TAMS 0x0000000084600000, 0x0000000084700000| Untracked 
|  71|0x0000000084700000, 0x0000000084800000, 0x0000000084800000|100%| O|  |TAMS 0x0000000084700000, 0x0000000084800000| Untracked 
|  72|0x0000000084800000, 0x0000000084900000, 0x0000000084900000|100%| O|  |TAMS 0x0000000084800000, 0x0000000084900000| Untracked 
|  73|0x0000000084900000, 0x0000000084a00000, 0x0000000084a00000|100%| O|  |TAMS 0x0000000084900000, 0x0000000084a00000| Untracked 
|  74|0x0000000084a00000, 0x0000000084b00000, 0x0000000084b00000|100%| O|  |TAMS 0x0000000084a00000, 0x0000000084b00000| Untracked 
|  75|0x0000000084b00000, 0x0000000084c00000, 0x0000000084c00000|100%| O|  |TAMS 0x0000000084b00000, 0x0000000084c00000| Untracked 
|  76|0x0000000084c00000, 0x0000000084d00000, 0x0000000084d00000|100%| O|  |TAMS 0x0000000084c00000, 0x0000000084d00000| Untracked 
|  77|0x0000000084d00000, 0x0000000084dbe200, 0x0000000084e00000| 74%| O|  |TAMS 0x0000000084d00000, 0x0000000084dbe200| Untracked 
|  78|0x0000000084e00000, 0x0000000084e00000, 0x0000000084f00000|  0%| F|  |TAMS 0x0000000084e00000, 0x0000000084e00000| Untracked 
|  79|0x0000000084f00000, 0x0000000084f00000, 0x0000000085000000|  0%| F|  |TAMS 0x0000000084f00000, 0x0000000084f00000| Untracked 
|  80|0x0000000085000000, 0x0000000085000000, 0x0000000085100000|  0%| F|  |TAMS 0x0000000085000000, 0x0000000085000000| Untracked 
|  81|0x0000000085100000, 0x0000000085100000, 0x0000000085200000|  0%| F|  |TAMS 0x0000000085100000, 0x0000000085100000| Untracked 
|  82|0x0000000085200000, 0x0000000085200000, 0x0000000085300000|  0%| F|  |TAMS 0x0000000085200000, 0x0000000085200000| Untracked 
|  83|0x0000000085300000, 0x0000000085300000, 0x0000000085400000|  0%| F|  |TAMS 0x0000000085300000, 0x0000000085300000| Untracked 
|  84|0x0000000085400000, 0x0000000085400000, 0x0000000085500000|  0%| F|  |TAMS 0x0000000085400000, 0x0000000085400000| Untracked 
|  85|0x0000000085500000, 0x0000000085500000, 0x0000000085600000|  0%| F|  |TAMS 0x0000000085500000, 0x0000000085500000| Untracked 
|  86|0x0000000085600000, 0x0000000085600000, 0x0000000085700000|  0%| F|  |TAMS 0x0000000085600000, 0x0000000085600000| Untracked 
|  87|0x0000000085700000, 0x0000000085700000, 0x0000000085800000|  0%| F|  |TAMS 0x0000000085700000, 0x0000000085700000| Untracked 
|  88|0x0000000085800000, 0x0000000085800000, 0x0000000085900000|  0%| F|  |TAMS 0x0000000085800000, 0x0000000085800000| Untracked 
|  89|0x0000000085900000, 0x0000000085900000, 0x0000000085a00000|  0%| F|  |TAMS 0x0000000085900000, 0x0000000085900000| Untracked 
|  90|0x0000000085a00000, 0x0000000085a00000, 0x0000000085b00000|  0%| F|  |TAMS 0x0000000085a00000, 0x0000000085a00000| Untracked 
|  91|0x0000000085b00000, 0x0000000085b00000, 0x0000000085c00000|  0%| F|  |TAMS 0x0000000085b00000, 0x0000000085b00000| Untracked 
|  92|0x0000000085c00000, 0x0000000085c00000, 0x0000000085d00000|  0%| F|  |TAMS 0x0000000085c00000, 0x0000000085c00000| Untracked 
|  93|0x0000000085d00000, 0x0000000085d00000, 0x0000000085e00000|  0%| F|  |TAMS 0x0000000085d00000, 0x0000000085d00000| Untracked 
|  94|0x0000000085e00000, 0x0000000085e00000, 0x0000000085f00000|  0%| F|  |TAMS 0x0000000085e00000, 0x0000000085e00000| Untracked 
|  95|0x0000000085f00000, 0x0000000085f00000, 0x0000000086000000|  0%| F|  |TAMS 0x0000000085f00000, 0x0000000085f00000| Untracked 
|  96|0x0000000086000000, 0x0000000086000000, 0x0000000086100000|  0%| F|  |TAMS 0x0000000086000000, 0x0000000086000000| Untracked 
|  97|0x0000000086100000, 0x0000000086100000, 0x0000000086200000|  0%| F|  |TAMS 0x0000000086100000, 0x0000000086100000| Untracked 
|  98|0x0000000086200000, 0x0000000086200000, 0x0000000086300000|  0%| F|  |TAMS 0x0000000086200000, 0x0000000086200000| Untracked 
|  99|0x0000000086300000, 0x0000000086300000, 0x0000000086400000|  0%| F|  |TAMS 0x0000000086300000, 0x0000000086300000| Untracked 
| 100|0x0000000086400000, 0x0000000086400000, 0x0000000086500000|  0%| F|  |TAMS 0x0000000086400000, 0x0000000086400000| Untracked 
| 101|0x0000000086500000, 0x0000000086500000, 0x0000000086600000|  0%| F|  |TAMS 0x0000000086500000, 0x0000000086500000| Untracked 
| 102|0x0000000086600000, 0x0000000086600000, 0x0000000086700000|  0%| F|  |TAMS 0x0000000086600000, 0x0000000086600000| Untracked 
| 103|0x0000000086700000, 0x0000000086700000, 0x0000000086800000|  0%| F|  |TAMS 0x0000000086700000, 0x0000000086700000| Untracked 
| 104|0x0000000086800000, 0x0000000086800000, 0x0000000086900000|  0%| F|  |TAMS 0x0000000086800000, 0x0000000086800000| Untracked 
| 105|0x0000000086900000, 0x0000000086900000, 0x0000000086a00000|  0%| F|  |TAMS 0x0000000086900000, 0x0000000086900000| Untracked 
| 106|0x0000000086a00000, 0x0000000086a00000, 0x0000000086b00000|  0%| F|  |TAMS 0x0000000086a00000, 0x0000000086a00000| Untracked 
| 107|0x0000000086b00000, 0x0000000086b00000, 0x0000000086c00000|  0%| F|  |TAMS 0x0000000086b00000, 0x0000000086b00000| Untracked 
| 108|0x0000000086c00000, 0x0000000086c00000, 0x0000000086d00000|  0%| F|  |TAMS 0x0000000086c00000, 0x0000000086c00000| Untracked 
| 109|0x0000000086d00000, 0x0000000086d00000, 0x0000000086e00000|  0%| F|  |TAMS 0x0000000086d00000, 0x0000000086d00000| Untracked 
| 110|0x0000000086e00000, 0x0000000086e00000, 0x0000000086f00000|  0%| F|  |TAMS 0x0000000086e00000, 0x0000000086e00000| Untracked 
| 111|0x0000000086f00000, 0x0000000086f00000, 0x0000000087000000|  0%| F|  |TAMS 0x0000000086f00000, 0x0000000086f00000| Untracked 
| 112|0x0000000087000000, 0x0000000087000000, 0x0000000087100000|  0%| F|  |TAMS 0x0000000087000000, 0x0000000087000000| Untracked 
| 113|0x0000000087100000, 0x0000000087100000, 0x0000000087200000|  0%| F|  |TAMS 0x0000000087100000, 0x0000000087100000| Untracked 
| 114|0x0000000087200000, 0x0000000087200000, 0x0000000087300000|  0%| F|  |TAMS 0x0000000087200000, 0x0000000087200000| Untracked 
| 115|0x0000000087300000, 0x0000000087300000, 0x0000000087400000|  0%| F|  |TAMS 0x0000000087300000, 0x0000000087300000| Untracked 
| 116|0x0000000087400000, 0x0000000087400000, 0x0000000087500000|  0%| F|  |TAMS 0x0000000087400000, 0x0000000087400000| Untracked 
| 117|0x0000000087500000, 0x0000000087500000, 0x0000000087600000|  0%| F|  |TAMS 0x0000000087500000, 0x0000000087500000| Untracked 
| 118|0x0000000087600000, 0x0000000087600000, 0x0000000087700000|  0%| F|  |TAMS 0x0000000087600000, 0x0000000087600000| Untracked 
| 119|0x0000000087700000, 0x0000000087700000, 0x0000000087800000|  0%| F|  |TAMS 0x0000000087700000, 0x0000000087700000| Untracked 
| 120|0x0000000087800000, 0x0000000087800000, 0x0000000087900000|  0%| F|  |TAMS 0x0000000087800000, 0x0000000087800000| Untracked 
| 121|0x0000000087900000, 0x0000000087900000, 0x0000000087a00000|  0%| F|  |TAMS 0x0000000087900000, 0x0000000087900000| Untracked 
| 122|0x0000000087a00000, 0x0000000087a00000, 0x0000000087b00000|  0%| F|  |TAMS 0x0000000087a00000, 0x0000000087a00000| Untracked 
| 123|0x0000000087b00000, 0x0000000087b00000, 0x0000000087c00000|  0%| F|  |TAMS 0x0000000087b00000, 0x0000000087b00000| Untracked 
| 124|0x0000000087c00000, 0x0000000087c00000, 0x0000000087d00000|  0%| F|  |TAMS 0x0000000087c00000, 0x0000000087c00000| Untracked 
| 125|0x0000000087d00000, 0x0000000087d00000, 0x0000000087e00000|  0%| F|  |TAMS 0x0000000087d00000, 0x0000000087d00000| Untracked 
| 126|0x0000000087e00000, 0x0000000087e00000, 0x0000000087f00000|  0%| F|  |TAMS 0x0000000087e00000, 0x0000000087e00000| Untracked 
| 127|0x0000000087f00000, 0x0000000087f00000, 0x0000000088000000|  0%| F|  |TAMS 0x0000000087f00000, 0x0000000087f00000| Untracked 
| 128|0x0000000088000000, 0x0000000088000000, 0x0000000088100000|  0%| F|  |TAMS 0x0000000088000000, 0x0000000088000000| Untracked 
| 129|0x0000000088100000, 0x0000000088100000, 0x0000000088200000|  0%| F|  |TAMS 0x0000000088100000, 0x0000000088100000| Untracked 
| 130|0x0000000088200000, 0x0000000088200000, 0x0000000088300000|  0%| F|  |TAMS 0x0000000088200000, 0x0000000088200000| Untracked 
| 131|0x0000000088300000, 0x0000000088300000, 0x0000000088400000|  0%| F|  |TAMS 0x0000000088300000, 0x0000000088300000| Untracked 
| 132|0x0000000088400000, 0x0000000088400000, 0x0000000088500000|  0%| F|  |TAMS 0x0000000088400000, 0x0000000088400000| Untracked 
| 133|0x0000000088500000, 0x0000000088500000, 0x0000000088600000|  0%| F|  |TAMS 0x0000000088500000, 0x0000000088500000| Untracked 
| 134|0x0000000088600000, 0x0000000088600000, 0x0000000088700000|  0%| F|  |TAMS 0x0000000088600000, 0x0000000088600000| Untracked 
| 135|0x0000000088700000, 0x0000000088700000, 0x0000000088800000|  0%| F|  |TAMS 0x0000000088700000, 0x0000000088700000| Untracked 
| 136|0x0000000088800000, 0x0000000088800000, 0x0000000088900000|  0%| F|  |TAMS 0x0000000088800000, 0x0000000088800000| Untracked 
| 137|0x0000000088900000, 0x0000000088900000, 0x0000000088a00000|  0%| F|  |TAMS 0x0000000088900000, 0x0000000088900000| Untracked 
| 138|0x0000000088a00000, 0x0000000088a00000, 0x0000000088b00000|  0%| F|  |TAMS 0x0000000088a00000, 0x0000000088a00000| Untracked 
| 139|0x0000000088b00000, 0x0000000088b00000, 0x0000000088c00000|  0%| F|  |TAMS 0x0000000088b00000, 0x0000000088b00000| Untracked 
| 140|0x0000000088c00000, 0x0000000088c00000, 0x0000000088d00000|  0%| F|  |TAMS 0x0000000088c00000, 0x0000000088c00000| Untracked 
| 141|0x0000000088d00000, 0x0000000088d00000, 0x0000000088e00000|  0%| F|  |TAMS 0x0000000088d00000, 0x0000000088d00000| Untracked 
| 142|0x0000000088e00000, 0x0000000088e00000, 0x0000000088f00000|  0%| F|  |TAMS 0x0000000088e00000, 0x0000000088e00000| Untracked 
| 143|0x0000000088f00000, 0x0000000088f00000, 0x0000000089000000|  0%| F|  |TAMS 0x0000000088f00000, 0x0000000088f00000| Untracked 
| 144|0x0000000089000000, 0x0000000089000000, 0x0000000089100000|  0%| F|  |TAMS 0x0000000089000000, 0x0000000089000000| Untracked 
| 145|0x0000000089100000, 0x0000000089100000, 0x0000000089200000|  0%| F|  |TAMS 0x0000000089100000, 0x0000000089100000| Untracked 
| 146|0x0000000089200000, 0x0000000089200000, 0x0000000089300000|  0%| F|  |TAMS 0x0000000089200000, 0x0000000089200000| Untracked 
| 147|0x0000000089300000, 0x0000000089300000, 0x0000000089400000|  0%| F|  |TAMS 0x0000000089300000, 0x0000000089300000| Untracked 
| 148|0x0000000089400000, 0x0000000089400000, 0x0000000089500000|  0%| F|  |TAMS 0x0000000089400000, 0x0000000089400000| Untracked 
| 149|0x0000000089500000, 0x0000000089500000, 0x0000000089600000|  0%| F|  |TAMS 0x0000000089500000, 0x0000000089500000| Untracked 
| 150|0x0000000089600000, 0x0000000089600000, 0x0000000089700000|  0%| F|  |TAMS 0x0000000089600000, 0x0000000089600000| Untracked 
| 151|0x0000000089700000, 0x000000008979d5c0, 0x0000000089800000| 61%| S|CS|TAMS 0x0000000089700000, 0x0000000089700000| Complete 
| 152|0x0000000089800000, 0x0000000089900000, 0x0000000089900000|100%| S|CS|TAMS 0x0000000089800000, 0x0000000089800000| Complete 
| 153|0x0000000089900000, 0x0000000089a00000, 0x0000000089a00000|100%| S|CS|TAMS 0x0000000089900000, 0x0000000089900000| Complete 
| 154|0x0000000089a00000, 0x0000000089b00000, 0x0000000089b00000|100%| S|CS|TAMS 0x0000000089a00000, 0x0000000089a00000| Complete 
| 155|0x0000000089b00000, 0x0000000089b00000, 0x0000000089c00000|  0%| F|  |TAMS 0x0000000089b00000, 0x0000000089b00000| Untracked 
| 156|0x0000000089c00000, 0x0000000089c00000, 0x0000000089d00000|  0%| F|  |TAMS 0x0000000089c00000, 0x0000000089c00000| Untracked 
| 157|0x0000000089d00000, 0x0000000089d00000, 0x0000000089e00000|  0%| F|  |TAMS 0x0000000089d00000, 0x0000000089d00000| Untracked 
| 158|0x0000000089e00000, 0x0000000089e00000, 0x0000000089f00000|  0%| F|  |TAMS 0x0000000089e00000, 0x0000000089e00000| Untracked 
| 159|0x0000000089f00000, 0x0000000089f00000, 0x000000008a000000|  0%| F|  |TAMS 0x0000000089f00000, 0x0000000089f00000| Untracked 
| 160|0x000000008a000000, 0x000000008a000000, 0x000000008a100000|  0%| F|  |TAMS 0x000000008a000000, 0x000000008a000000| Untracked 
| 161|0x000000008a100000, 0x000000008a100000, 0x000000008a200000|  0%| F|  |TAMS 0x000000008a100000, 0x000000008a100000| Untracked 

Card table byte_map: [0x0000012e312f0000,0x0000012e316f0000] _byte_map_base: 0x0000012e30ef0000

Marking Bits (Prev, Next): (CMBitMap*) 0x0000012e1e403a18, (CMBitMap*) 0x0000012e1e403a50
 Prev Bits: [0x0000012e31af0000, 0x0000012e33af0000)
 Next Bits: [0x0000012e33af0000, 0x0000012e35af0000)

Polling page: 0x0000012e1dba0000

Metaspace:

Usage:
  Non-class:     73.58 MB capacity,    72.10 MB ( 98%) used,     1.20 MB (  2%) free+waste,   278.75 KB ( <1%) overhead. 
      Class:     11.67 MB capacity,    10.77 MB ( 92%) used,   790.71 KB (  7%) free+waste,   126.50 KB (  1%) overhead. 
       Both:     85.24 MB capacity,    82.87 MB ( 97%) used,     1.97 MB (  2%) free+waste,   405.25 KB ( <1%) overhead. 

Virtual space:
  Non-class space:       74.00 MB reserved,      73.60 MB (>99%) committed 
      Class space:        1.00 GB reserved,      11.75 MB (  1%) committed 
             Both:        1.07 GB reserved,      85.35 MB (  8%) committed 

Chunk freelists:
   Non-Class:  27.00 KB
       Class:  0 bytes
        Both:  27.00 KB

MaxMetaspaceSize: 17179869184.00 GB
CompressedClassSpaceSize: 1.00 GB
Initial GC threshold: 20.80 MB
Current GC threshold: 120.38 MB
CDS: off

CodeHeap 'non-profiled nmethods': size=120064Kb used=6043Kb max_used=6043Kb free=114020Kb
 bounds [0x0000012e299b0000, 0x0000012e29fa0000, 0x0000012e30ef0000]
CodeHeap 'profiled nmethods': size=120000Kb used=22892Kb max_used=22892Kb free=97107Kb
 bounds [0x0000012e22480000, 0x0000012e23ae0000, 0x0000012e299b0000]
CodeHeap 'non-nmethods': size=5696Kb used=2375Kb max_used=2425Kb free=3320Kb
 bounds [0x0000012e21ef0000, 0x0000012e22160000, 0x0000012e22480000]
 total_blobs=11416 nmethods=10515 adapters=813
 compilation: enabled
              stopped_count=0, restarted_count=0
 full_count=0

Compilation events (20 events):
Event: 37.189 Thread 0x0000012e3803b800 10585       3       org.gradle.api.internal.tasks.properties.DefaultInputFilePropertySpec::getValue (10 bytes)
Event: 37.190 Thread 0x0000012e3803b800 nmethod 10585 0x0000012e23ad5c10 code [0x0000012e23ad5dc0, 0x0000012e23ad5f88]
Event: 37.190 Thread 0x0000012e3803b800 10586       3       org.gradle.api.internal.tasks.execution.TaskExecution$$Lambda$931/0x0000000100b34440::get$Lambda (9 bytes)
Event: 37.191 Thread 0x0000012e3803b800 nmethod 10586 0x0000012e23ad6090 code [0x0000012e23ad6260, 0x0000012e23ad64b8]
Event: 37.191 Thread 0x0000012e3803b800 10587       3       org.gradle.api.internal.tasks.properties.ValidationActions$1::doValidate (1 bytes)
Event: 37.191 Thread 0x0000012e3803b800 nmethod 10587 0x0000012e23ad6590 code [0x0000012e23ad6740, 0x0000012e23ad6838]
Event: 37.196 Thread 0x0000012e3803b800 10588       3       org.gradle.api.internal.provider.AbstractProperty::implicitFinalizeValue (15 bytes)
Event: 37.197 Thread 0x0000012e3803b800 nmethod 10588 0x0000012e23ad6910 code [0x0000012e23ad6ae0, 0x0000012e23ad6d78]
Event: 37.221 Thread 0x0000012e3803b800 10589       3       java.io.Bits::putFloat (10 bytes)
Event: 37.222 Thread 0x0000012e3803b800 nmethod 10589 0x0000012e23ad6e90 code [0x0000012e23ad7060, 0x0000012e23ad7308]
Event: 37.278 Thread 0x0000012e3803b800 10590       3       org.gradle.api.internal.file.CompositeFileCollection::visitDependencies (16 bytes)
Event: 37.280 Thread 0x0000012e3803b800 nmethod 10590 0x0000012e23ad7410 code [0x0000012e23ad7640, 0x0000012e23ad7df8]
Event: 37.283 Thread 0x0000012e3803b800 10591       1       org.gradle.internal.fingerprint.classpath.impl.ClasspathFingerprintingStrategy$ClasspathFingerprintingVisitor::access$200 (5 bytes)
Event: 37.283 Thread 0x0000012e3803b800 nmethod 10591 0x0000012e29f96590 code [0x0000012e29f96740, 0x0000012e29f967d8]
Event: 37.283 Thread 0x0000012e3803b800 10592       1       org.gradle.internal.fingerprint.classpath.impl.ClasspathFingerprintingStrategy$ClasspathFingerprintingVisitor::access$400 (5 bytes)
Event: 37.283 Thread 0x0000012e3803b800 nmethod 10592 0x0000012e29f96890 code [0x0000012e29f96a40, 0x0000012e29f96ad8]
Event: 37.341 Thread 0x0000012e3803b800 10595       3       org.gradle.internal.file.FileHierarchySet$Node::contains (101 bytes)
Event: 37.342 Thread 0x0000012e3803b800 nmethod 10595 0x0000012e23ad8090 code [0x0000012e23ad82e0, 0x0000012e23ad8c18]
Event: 37.364 Thread 0x0000012e3803b800 10596       3       org.gradle.internal.file.FileHierarchySet$Node::isChildOfOrThis (110 bytes)
Event: 37.368 Thread 0x0000012e3803b800 nmethod 10596 0x0000012e23ad8f10 code [0x0000012e23ad9240, 0x0000012e23ada7b8]

GC Heap History (20 events):
Event: 25.115 GC heap after
{Heap after GC invocations=39 (full 0):
 garbage-first heap   total 114688K, used 53778K [0x0000000080000000, 0x0000000100000000)
  region size 1024K, 4 young (4096K), 4 survivors (4096K)
 Metaspace       used 65243K, capacity 66953K, committed 67176K, reserved 1107968K
  class space    used 8288K, capacity 8952K, committed 8960K, reserved 1048576K
}
Event: 26.030 GC heap before
{Heap before GC invocations=39 (full 0):
 garbage-first heap   total 114688K, used 81426K [0x0000000080000000, 0x0000000100000000)
  region size 1024K, 31 young (31744K), 4 survivors (4096K)
 Metaspace       used 68600K, capacity 70329K, committed 70632K, reserved 1110016K
  class space    used 8828K, capacity 9500K, committed 9600K, reserved 1048576K
}
Event: 26.050 GC heap after
{Heap after GC invocations=40 (full 0):
 garbage-first heap   total 114688K, used 55059K [0x0000000080000000, 0x0000000100000000)
  region size 1024K, 4 young (4096K), 4 survivors (4096K)
 Metaspace       used 68600K, capacity 70329K, committed 70632K, reserved 1110016K
  class space    used 8828K, capacity 9500K, committed 9600K, reserved 1048576K
}
Event: 27.018 GC heap before
{Heap before GC invocations=40 (full 0):
 garbage-first heap   total 114688K, used 82707K [0x0000000080000000, 0x0000000100000000)
  region size 1024K, 31 young (31744K), 4 survivors (4096K)
 Metaspace       used 71465K, capacity 73222K, committed 73448K, reserved 1112064K
  class space    used 9299K, capacity 10003K, committed 10112K, reserved 1048576K
}
Event: 27.032 GC heap after
{Heap after GC invocations=41 (full 0):
 garbage-first heap   total 138240K, used 57338K [0x0000000080000000, 0x0000000100000000)
  region size 1024K, 4 young (4096K), 4 survivors (4096K)
 Metaspace       used 71465K, capacity 73222K, committed 73448K, reserved 1112064K
  class space    used 9299K, capacity 10003K, committed 10112K, reserved 1048576K
}
Event: 28.103 GC heap before
{Heap before GC invocations=42 (full 0):
 garbage-first heap   total 138240K, used 93178K [0x0000000080000000, 0x0000000100000000)
  region size 1024K, 39 young (39936K), 4 survivors (4096K)
 Metaspace       used 74591K, capacity 76418K, committed 76648K, reserved 1116160K
  class space    used 9760K, capacity 10480K, committed 10496K, reserved 1048576K
}
Event: 28.114 GC heap after
{Heap after GC invocations=43 (full 0):
 garbage-first heap   total 138240K, used 59205K [0x0000000080000000, 0x0000000100000000)
  region size 1024K, 4 young (4096K), 4 survivors (4096K)
 Metaspace       used 74591K, capacity 76418K, committed 76648K, reserved 1116160K
  class space    used 9760K, capacity 10480K, committed 10496K, reserved 1048576K
}
Event: 29.522 GC heap before
{Heap before GC invocations=43 (full 0):
 garbage-first heap   total 138240K, used 106309K [0x0000000080000000, 0x0000000100000000)
  region size 1024K, 50 young (51200K), 4 survivors (4096K)
 Metaspace       used 79253K, capacity 81231K, committed 81384K, reserved 1120256K
  class space    used 10379K, capacity 11127K, committed 11136K, reserved 1048576K
}
Event: 29.536 GC heap after
{Heap after GC invocations=44 (full 0):
 garbage-first heap   total 138240K, used 62773K [0x0000000080000000, 0x0000000100000000)
  region size 1024K, 6 young (6144K), 6 survivors (6144K)
 Metaspace       used 79253K, capacity 81231K, committed 81384K, reserved 1120256K
  class space    used 10379K, capacity 11127K, committed 11136K, reserved 1048576K
}
Event: 30.335 GC heap before
{Heap before GC invocations=44 (full 0):
 garbage-first heap   total 138240K, used 108853K [0x0000000080000000, 0x0000000100000000)
  region size 1024K, 51 young (52224K), 6 survivors (6144K)
 Metaspace       used 80081K, capacity 82085K, committed 82280K, reserved 1120256K
  class space    used 10469K, capacity 11215K, committed 11264K, reserved 1048576K
}
Event: 30.355 GC heap after
{Heap after GC invocations=45 (full 0):
 garbage-first heap   total 138240K, used 67921K [0x0000000080000000, 0x0000000100000000)
  region size 1024K, 7 young (7168K), 7 survivors (7168K)
 Metaspace       used 80081K, capacity 82085K, committed 82280K, reserved 1120256K
  class space    used 10469K, capacity 11215K, committed 11264K, reserved 1048576K
}
Event: 31.621 GC heap before
{Heap before GC invocations=45 (full 0):
 garbage-first heap   total 138240K, used 109905K [0x0000000080000000, 0x0000000100000000)
  region size 1024K, 48 young (49152K), 7 survivors (7168K)
 Metaspace       used 82029K, capacity 84292K, committed 84584K, reserved 1122304K
  class space    used 10806K, capacity 11651K, committed 11776K, reserved 1048576K
}
Event: 31.661 GC heap after
{Heap after GC invocations=46 (full 0):
 garbage-first heap   total 165888K, used 72927K [0x0000000080000000, 0x0000000100000000)
  region size 1024K, 5 young (5120K), 5 survivors (5120K)
 Metaspace       used 82029K, capacity 84292K, committed 84584K, reserved 1122304K
  class space    used 10806K, capacity 11651K, committed 11776K, reserved 1048576K
}
Event: 33.214 GC heap before
{Heap before GC invocations=46 (full 0):
 garbage-first heap   total 165888K, used 121055K [0x0000000080000000, 0x0000000100000000)
  region size 1024K, 53 young (54272K), 5 survivors (5120K)
 Metaspace       used 82846K, capacity 85130K, committed 85352K, reserved 1122304K
  class space    used 10887K, capacity 11769K, committed 11776K, reserved 1048576K
}
Event: 33.244 GC heap after
{Heap after GC invocations=47 (full 0):
 garbage-first heap   total 165888K, used 76483K [0x0000000080000000, 0x0000000100000000)
  region size 1024K, 4 young (4096K), 4 survivors (4096K)
 Metaspace       used 82846K, capacity 85130K, committed 85352K, reserved 1122304K
  class space    used 10887K, capacity 11769K, committed 11776K, reserved 1048576K
}
Event: 35.410 GC heap before
{Heap before GC invocations=47 (full 0):
 garbage-first heap   total 165888K, used 125635K [0x0000000080000000, 0x0000000100000000)
  region size 1024K, 53 young (54272K), 4 survivors (4096K)
 Metaspace       used 83821K, capacity 86159K, committed 86248K, reserved 1124352K
  class space    used 10959K, capacity 11852K, committed 11904K, reserved 1048576K
}
Event: 35.429 GC heap after
{Heap after GC invocations=48 (full 0):
 garbage-first heap   total 165888K, used 79872K [0x0000000080000000, 0x0000000100000000)
  region size 1024K, 7 young (7168K), 7 survivors (7168K)
 Metaspace       used 83821K, capacity 86159K, committed 86248K, reserved 1124352K
  class space    used 10959K, capacity 11852K, committed 11904K, reserved 1048576K
}
Event: 37.108 GC heap before
{Heap before GC invocations=48 (full 0):
 garbage-first heap   total 165888K, used 130048K [0x0000000080000000, 0x0000000100000000)
  region size 1024K, 57 young (58368K), 7 survivors (7168K)
 Metaspace       used 83986K, capacity 86388K, committed 86632K, reserved 1124352K
  class space    used 10970K, capacity 11924K, committed 12032K, reserved 1048576K
}
Event: 37.125 GC heap after
{Heap after GC invocations=49 (full 0):
 garbage-first heap   total 165888K, used 82861K [0x0000000080000000, 0x0000000100000000)
  region size 1024K, 7 young (7168K), 7 survivors (7168K)
 Metaspace       used 83986K, capacity 86388K, committed 86632K, reserved 1124352K
  class space    used 10970K, capacity 11924K, committed 12032K, reserved 1048576K
}
Event: 37.453 GC heap before
{Heap before GC invocations=49 (full 0):
 garbage-first heap   total 165888K, used 87981K [0x0000000080000000, 0x0000000100000000)
  region size 1024K, 14 young (14336K), 7 survivors (7168K)
 Metaspace       used 84859K, capacity 87286K, committed 87400K, reserved 1124352K
  class space    used 11027K, capacity 11945K, committed 12032K, reserved 1048576K
}

Deoptimization events (20 events):
Event: 36.843 Thread 0x0000012e3d857000 DEOPT PACKING pc=0x0000012e29f69524 sp=0x000000103e9fa7a0
Event: 36.843 Thread 0x0000012e3d857000 DEOPT UNPACKING pc=0x0000012e21f3a1af sp=0x000000103e9fa798 mode 2
Event: 37.271 Thread 0x0000012e3d857000 Uncommon trap: trap_request=0xffffff4d fr.pc=0x0000012e29f270d0 relative=0x00000000000000b0
Event: 37.271 Thread 0x0000012e3d857000 Uncommon trap: reason=unstable_if action=reinterpret pc=0x0000012e29f270d0 method=org.gradle.internal.hash.HashCode$HashCode128.equals(Ljava/lang/Object;)Z @ 36 c2
Event: 37.271 Thread 0x0000012e3d857000 DEOPT PACKING pc=0x0000012e29f270d0 sp=0x000000103e9fcb80
Event: 37.271 Thread 0x0000012e3d857000 DEOPT UNPACKING pc=0x0000012e21f3a1af sp=0x000000103e9fcb08 mode 2
Event: 37.280 Thread 0x0000012e3d857000 Uncommon trap: trap_request=0xffffffcc fr.pc=0x0000012e29f5ff48 relative=0x0000000000000308
Event: 37.280 Thread 0x0000012e3d857000 Uncommon trap: reason=intrinsic_or_type_checked_inlining action=make_not_entrant pc=0x0000012e29f5ff48 method=java.util.Arrays.copyOfRange([Ljava/lang/Object;IILjava/lang/Class;)[Ljava/lang/Object; @ 83 c2
Event: 37.280 Thread 0x0000012e3d857000 DEOPT PACKING pc=0x0000012e29f5ff48 sp=0x000000103e9fb490
Event: 37.280 Thread 0x0000012e3d857000 DEOPT UNPACKING pc=0x0000012e21f3a1af sp=0x000000103e9fb410 mode 2
Event: 37.295 Thread 0x0000012e3d857000 DEOPT PACKING pc=0x0000012e23a73b4c sp=0x000000103e9fd460
Event: 37.295 Thread 0x0000012e3d857000 DEOPT UNPACKING pc=0x0000012e21f3a95e sp=0x000000103e9fc870 mode 0
Event: 37.326 Thread 0x0000012e3aa2f800 Uncommon trap: trap_request=0xffffff4d fr.pc=0x0000012e29f7f92c relative=0x00000000000006ac
Event: 37.326 Thread 0x0000012e3aa2f800 Uncommon trap: reason=unstable_if action=reinterpret pc=0x0000012e29f7f92c method=org.gradle.internal.file.FileHierarchySet$Node.contains(Ljava/lang/String;I)Z @ 91 c2
Event: 37.326 Thread 0x0000012e3aa2f800 DEOPT PACKING pc=0x0000012e29f7f92c sp=0x000000103affee40
Event: 37.326 Thread 0x0000012e3aa2f800 DEOPT UNPACKING pc=0x0000012e21f3a1af sp=0x000000103affee00 mode 2
Event: 37.362 Thread 0x0000012e3aa2f800 Uncommon trap: trap_request=0xffffff4d fr.pc=0x0000012e29f37430 relative=0x0000000000000250
Event: 37.362 Thread 0x0000012e3aa2f800 Uncommon trap: reason=unstable_if action=reinterpret pc=0x0000012e29f37430 method=org.gradle.internal.file.FileHierarchySet$Node.isChildOfOrThis(Ljava/lang/String;I)Z @ 35 c2
Event: 37.362 Thread 0x0000012e3aa2f800 DEOPT PACKING pc=0x0000012e29f37430 sp=0x000000103affed60
Event: 37.362 Thread 0x0000012e3aa2f800 DEOPT UNPACKING pc=0x0000012e21f3a1af sp=0x000000103affece8 mode 2

Classes redefined (0 events):
No events

Internal exceptions (20 events):
Event: 31.053 Thread 0x0000012e3d851800 Exception <a 'java/lang/NoSuchMethodError'{0x00000000863f53a0}: 'int java.lang.invoke.DirectMethodHandle$Holder.invokeSpecial(java.lang.Object, java.lang.Object, java.lang.Object, java.lang.Object, java.lang.Object)'> (0x00000000863f53a0) thrown at [src/hotspot/share/interpreter/linkResolver.cpp, line 773]
Event: 31.715 Thread 0x0000012e3d851800 Exception <a 'java/lang/NoSuchMethodError'{0x0000000089f43f88}: 'void java.lang.invoke.DirectMethodHandle$Holder.invokeStatic(java.lang.Object, java.lang.Object, java.lang.Object, java.lang.Object, int, java.lang.Object, java.lang.Object)'> (0x0000000089f43f88) thrown at [src/hotspot/share/interpreter/linkResolver.cpp, line 773]
Event: 31.764 Thread 0x0000012e3ad24800 Exception <a 'java/lang/NoSuchMethodError'{0x0000000089e5b8b8}: 'java.lang.Object java.lang.invoke.DirectMethodHandle$Holder.invokeSpecialIFC(java.lang.Object, java.lang.Object, java.lang.Object)'> (0x0000000089e5b8b8) thrown at [src/hotspot/share/interpreter/linkResolver.cpp, line 773]
Event: 31.764 Thread 0x0000012e3ad23000 Exception <a 'java/lang/NoSuchMethodError'{0x0000000089a51770}: 'java.lang.Object java.lang.invoke.DirectMethodHandle$Holder.invokeSpecialIFC(java.lang.Object, java.lang.Object, java.lang.Object)'> (0x0000000089a51770) thrown at [src/hotspot/share/interpreter/linkResolver.cpp, line 773]
Event: 31.764 Thread 0x0000012e3d851800 Exception <a 'java/lang/NoSuchMethodError'{0x0000000089a81c78}: 'java.lang.Object java.lang.invoke.DirectMethodHandle$Holder.invokeSpecialIFC(java.lang.Object, java.lang.Object, java.lang.Object)'> (0x0000000089a81c78) thrown at [src/hotspot/share/interpreter/linkResolver.cpp, line 773]
Event: 31.764 Thread 0x0000012e3ad21000 Exception <a 'java/lang/NoSuchMethodError'{0x0000000089aa1d10}: 'java.lang.Object java.lang.invoke.DirectMethodHandle$Holder.invokeSpecialIFC(java.lang.Object, java.lang.Object, java.lang.Object)'> (0x0000000089aa1d10) thrown at [src/hotspot/share/interpreter/linkResolver.cpp, line 773]
Event: 31.859 Thread 0x0000012e3ad24800 Implicit null exception at 0x0000012e29e7a15b to 0x0000012e29e7a1ec
Event: 33.350 Thread 0x0000012e3d851800 Exception <a 'java/lang/NoSuchMethodError'{0x0000000089c453f8}: 'void java.lang.invoke.DirectMethodHandle$Holder.invokeInterface(java.lang.Object, java.lang.Object, java.lang.Object, java.lang.Object)'> (0x0000000089c453f8) thrown at [src/hotspot/share/interpreter/linkResolver.cpp, line 773]
Event: 33.506 Thread 0x0000012e3d851800 Implicit null exception at 0x0000012e29ed9b42 to 0x0000012e29eda4f0
Event: 33.506 Thread 0x0000012e3d851800 Implicit null exception at 0x0000012e29ed9b42 to 0x0000012e29eda4f0
Event: 33.554 Thread 0x0000012e3d851800 Exception <a 'java/lang/NoSuchMethodError'{0x0000000089904848}: 'java.lang.Object java.lang.invoke.DirectMethodHandle$Holder.invokeStatic(java.lang.Object, java.lang.Object, java.lang.Object, java.lang.Object, java.lang.Object, java.lang.Object, java.lang.Object, java.lang.Object, java.lang.Object, java.lang.Object, java.lang.Object, java.lang.Object, java.lang.Object, java.lang.Object, java.lang.Object, int)'> (0x0000000089904848) thrown at [src/hotspot/share/interpreter/linkResolver.cpp, line 773]
Event: 33.660 Thread 0x0000012e3b502000 Implicit null exception at 0x0000012e29ed9b42 to 0x0000012e29eda4f0
Event: 33.660 Thread 0x0000012e3b502000 Implicit null exception at 0x0000012e29ed9b42 to 0x0000012e29eda4f0
Event: 33.971 Thread 0x0000012e3ad22000 Implicit null exception at 0x0000012e29f0098c to 0x0000012e29f013ec
Event: 34.680 Thread 0x0000012e3d856800 Exception <a 'java/lang/NoSuchMethodError'{0x0000000088a85290}: <clinit>> (0x0000000088a85290) thrown at [src/hotspot/share/prims/jni.cpp, line 1367]
Event: 34.680 Thread 0x0000012e3d856800 Exception <a 'java/lang/NoSuchMethodError'{0x0000000088a86a48}: <clinit>> (0x0000000088a86a48) thrown at [src/hotspot/share/prims/jni.cpp, line 1367]
Event: 34.681 Thread 0x0000012e3d856800 Exception <a 'java/lang/NoSuchMethodError'{0x0000000088a89f88}: <clinit>> (0x0000000088a89f88) thrown at [src/hotspot/share/prims/jni.cpp, line 1367]
Event: 34.683 Thread 0x0000012e3d856800 Exception <a 'java/lang/NoSuchMethodError'{0x0000000088aa20e8}: <clinit>> (0x0000000088aa20e8) thrown at [src/hotspot/share/prims/jni.cpp, line 1367]
Event: 34.683 Thread 0x0000012e3d856800 Exception <a 'java/lang/NoSuchMethodError'{0x0000000088aa3320}: <clinit>> (0x0000000088aa3320) thrown at [src/hotspot/share/prims/jni.cpp, line 1367]
Event: 37.312 Thread 0x0000012e3d857000 Exception <a 'java/lang/NoSuchMethodError'{0x0000000089eb5fa0}: 'void java.lang.invoke.DirectMethodHandle$Holder.invokeVirtual(java.lang.Object, java.lang.Object)'> (0x0000000089eb5fa0) thrown at [src/hotspot/share/interpreter/linkResolver.cpp, line 773]

Events (20 events):
Event: 37.446 Executing VM operation: RevokeBias done
Event: 37.446 Executing VM operation: RevokeBias
Event: 37.446 Executing VM operation: RevokeBias done
Event: 37.448 loading class com/google/common/hash/HashFunction
Event: 37.448 loading class com/google/common/hash/HashFunction done
Event: 37.449 loading class com/google/common/hash/Hashing$Sha256Holder
Event: 37.449 loading class com/google/common/hash/Hashing$Sha256Holder done
Event: 37.449 loading class com/google/common/hash/MessageDigestHashFunction
Event: 37.449 loading class com/google/common/hash/MessageDigestHashFunction done
Event: 37.450 loading class com/google/common/hash/AbstractHashFunction
Event: 37.450 loading class com/google/common/hash/AbstractHashFunction done
Event: 37.451 loading class com/google/common/hash/Hasher
Event: 37.451 loading class com/google/common/hash/Hasher done
Event: 37.451 loading class com/google/common/hash/PrimitiveSink
Event: 37.451 loading class com/google/common/hash/PrimitiveSink done
Event: 37.452 loading class kotlin/io/ByteStreamsKt
Event: 37.452 loading class kotlin/io/ByteStreamsKt done
Event: 37.452 loading class kotlin/io/ByteStreamsKt
Event: 37.452 loading class kotlin/io/ByteStreamsKt done
Event: 37.453 Executing VM operation: G1CollectForAllocation


Dynamic libraries:
0x00007ff6abcb0000 - 0x00007ff6abcba000 	C:\Program Files\Android\Android Studio\jbr\bin\java.exe
0x00007ffb55350000 - 0x00007ffb55548000 	C:\WINDOWS\SYSTEM32\ntdll.dll
0x00007ffb536e0000 - 0x00007ffb5379f000 	C:\WINDOWS\System32\KERNEL32.DLL
0x00007ffb52f00000 - 0x00007ffb531da000 	C:\WINDOWS\System32\KERNELBASE.dll
0x00007ffb532b0000 - 0x00007ffb533b0000 	C:\WINDOWS\System32\ucrtbase.dll
0x00007ffb4d0a0000 - 0x00007ffb4d0b7000 	C:\Program Files\Android\Android Studio\jbr\bin\jli.dll
0x00007ffb4d3a0000 - 0x00007ffb4d3bb000 	C:\Program Files\Android\Android Studio\jbr\bin\VCRUNTIME140.dll
0x00007ffb54b40000 - 0x00007ffb54cdd000 	C:\WINDOWS\System32\USER32.dll
0x00007ffb53250000 - 0x00007ffb53272000 	C:\WINDOWS\System32\win32u.dll
0x00007ffb43d20000 - 0x00007ffb43fba000 	C:\WINDOWS\WinSxS\amd64_microsoft.windows.common-controls_6595b64144ccf1df_6.0.19041.1110_none_60b5254171f9507e\COMCTL32.dll
0x00007ffb534e0000 - 0x00007ffb5350b000 	C:\WINDOWS\System32\GDI32.dll
0x00007ffb53ef0000 - 0x00007ffb53f8e000 	C:\WINDOWS\System32\msvcrt.dll
0x00007ffb52ba0000 - 0x00007ffb52cb0000 	C:\WINDOWS\System32\gdi32full.dll
0x00007ffb52d00000 - 0x00007ffb52d9d000 	C:\WINDOWS\System32\msvcp_win.dll
0x00007ffb53cb0000 - 0x00007ffb53ce0000 	C:\WINDOWS\System32\IMM32.DLL
0x00007ffb4d490000 - 0x00007ffb4d49c000 	C:\Program Files\Android\Android Studio\jbr\bin\vcruntime140_1.dll
0x00007ffb32ef0000 - 0x00007ffb32f7d000 	C:\Program Files\Android\Android Studio\jbr\bin\msvcp140.dll
0x00007ffb1be00000 - 0x00007ffb1c9bc000 	C:\Program Files\Android\Android Studio\jbr\bin\server\jvm.dll
0x00007ffb53430000 - 0x00007ffb534de000 	C:\WINDOWS\System32\ADVAPI32.dll
0x00007ffb54a20000 - 0x00007ffb54abc000 	C:\WINDOWS\System32\sechost.dll
0x00007ffb54890000 - 0x00007ffb549b6000 	C:\WINDOWS\System32\RPCRT4.dll
0x00007ffb53ee0000 - 0x00007ffb53ee8000 	C:\WINDOWS\System32\PSAPI.DLL
0x00007ffb4d9e0000 - 0x00007ffb4d9e9000 	C:\WINDOWS\SYSTEM32\WSOCK32.dll
0x00007ffb391a0000 - 0x00007ffb391c7000 	C:\WINDOWS\SYSTEM32\WINMM.dll
0x00007ffb53ce0000 - 0x00007ffb53d4b000 	C:\WINDOWS\System32\WS2_32.dll
0x00007ffb497f0000 - 0x00007ffb497fa000 	C:\WINDOWS\SYSTEM32\VERSION.dll
0x00007ffb51270000 - 0x00007ffb51282000 	C:\WINDOWS\SYSTEM32\kernel.appcore.dll
0x00007ffb4d9c0000 - 0x00007ffb4d9d0000 	C:\Program Files\Android\Android Studio\jbr\bin\verify.dll
0x00007ffb49a50000 - 0x00007ffb49c34000 	C:\WINDOWS\SYSTEM32\DBGHELP.DLL
0x00007ffb49a10000 - 0x00007ffb49a44000 	C:\WINDOWS\SYSTEM32\dbgcore.DLL
0x00007ffb52a60000 - 0x00007ffb52ae2000 	C:\WINDOWS\System32\bcryptPrimitives.dll
0x00007ffb44dd0000 - 0x00007ffb44df8000 	C:\Program Files\Android\Android Studio\jbr\bin\java.dll
0x00007ffb4d4e0000 - 0x00007ffb4d4ea000 	C:\Program Files\Android\Android Studio\jbr\bin\jimage.dll
0x00007ffb49ee0000 - 0x00007ffb49ef8000 	C:\Program Files\Android\Android Studio\jbr\bin\zip.dll
0x00007ffb53f90000 - 0x00007ffb546d4000 	C:\WINDOWS\System32\SHELL32.dll
0x00007ffb50900000 - 0x00007ffb51093000 	C:\WINDOWS\SYSTEM32\windows.storage.dll
0x00007ffb537a0000 - 0x00007ffb53af4000 	C:\WINDOWS\System32\combase.dll
0x00007ffb52300000 - 0x00007ffb5232e000 	C:\WINDOWS\SYSTEM32\Wldp.dll
0x00007ffb54ce0000 - 0x00007ffb54d8d000 	C:\WINDOWS\System32\SHCORE.dll
0x00007ffb54ac0000 - 0x00007ffb54b15000 	C:\WINDOWS\System32\shlwapi.dll
0x00007ffb529a0000 - 0x00007ffb529bf000 	C:\WINDOWS\SYSTEM32\profapi.dll
0x00007ffb46690000 - 0x00007ffb466a9000 	C:\Program Files\Android\Android Studio\jbr\bin\net.dll
0x00007ffb4bbd0000 - 0x00007ffb4bcda000 	C:\WINDOWS\SYSTEM32\WINHTTP.dll
0x00007ffb520e0000 - 0x00007ffb5214a000 	C:\WINDOWS\system32\mswsock.dll
0x00007ffb46060000 - 0x00007ffb46073000 	C:\Program Files\Android\Android Studio\jbr\bin\nio.dll
0x00007ffb44da0000 - 0x00007ffb44dc7000 	C:\Users\hp\.gradle\native\e1d6ef7f7dcc3fd88c89a11ec53ec762bb8ba0a96d01ffa2cd45eb1d1d8dd5c5\windows-amd64\native-platform.dll
0x00007ffb2aa20000 - 0x00007ffb2ab64000 	C:\Users\hp\.gradle\native\0d407fdbe67a94daf76414ababcb853783967236a71b16ec16e742cd7a986fd3\windows-amd64\native-platform-file-events.dll
0x00007ffb4d390000 - 0x00007ffb4d39a000 	C:\Program Files\Android\Android Studio\jbr\bin\management.dll
0x00007ffb4d090000 - 0x00007ffb4d09b000 	C:\Program Files\Android\Android Studio\jbr\bin\management_ext.dll
0x00007ffb52640000 - 0x00007ffb52658000 	C:\WINDOWS\SYSTEM32\CRYPTSP.dll
0x00007ffb51a20000 - 0x00007ffb51a54000 	C:\WINDOWS\system32\rsaenh.dll
0x00007ffb53280000 - 0x00007ffb532a7000 	C:\WINDOWS\System32\bcrypt.dll
0x00007ffb52960000 - 0x00007ffb5298e000 	C:\WINDOWS\SYSTEM32\USERENV.dll
0x00007ffb52270000 - 0x00007ffb5227c000 	C:\WINDOWS\SYSTEM32\CRYPTBASE.dll
0x00007ffb51df0000 - 0x00007ffb51e2c000 	C:\WINDOWS\SYSTEM32\IPHLPAPI.DLL
0x00007ffb53510000 - 0x00007ffb53518000 	C:\WINDOWS\System32\NSI.dll
0x00007ffb4b800000 - 0x00007ffb4b817000 	C:\WINDOWS\SYSTEM32\dhcpcsvc6.DLL
0x00007ffb4b100000 - 0x00007ffb4b11d000 	C:\WINDOWS\SYSTEM32\dhcpcsvc.DLL
0x00007ffb51e30000 - 0x00007ffb51efb000 	C:\WINDOWS\SYSTEM32\DNSAPI.dll

dbghelp: loaded successfully - version: 4.0.5 - missing functions: none
symbol engine: initialized successfully - sym options: 0x614 - pdb path: .;C:\Program Files\Android\Android Studio\jbr\bin;C:\WINDOWS\SYSTEM32;C:\WINDOWS\WinSxS\amd64_microsoft.windows.common-controls_6595b64144ccf1df_6.0.19041.1110_none_60b5254171f9507e;C:\Program Files\Android\Android Studio\jbr\bin\server;C:\Users\hp\.gradle\native\e1d6ef7f7dcc3fd88c89a11ec53ec762bb8ba0a96d01ffa2cd45eb1d1d8dd5c5\windows-amd64;C:\Users\hp\.gradle\native\0d407fdbe67a94daf76414ababcb853783967236a71b16ec16e742cd7a986fd3\windows-amd64

VM Arguments:
jvm_args: --add-opens=java.base/java.util=ALL-UNNAMED --add-opens=java.base/java.lang=ALL-UNNAMED --add-opens=java.base/java.lang.invoke=ALL-UNNAMED --add-opens=java.base/java.util=ALL-UNNAMED --add-opens=java.prefs/java.util.prefs=ALL-UNNAMED --add-opens=java.prefs/java.util.prefs=ALL-UNNAMED --add-opens=java.base/java.nio.charset=ALL-UNNAMED --add-opens=java.base/java.net=ALL-UNNAMED --add-opens=java.base/java.util.concurrent.atomic=ALL-UNNAMED -Xmx2048m -Dfile.encoding=UTF-8 -Duser.country=US -Duser.language=en -Duser.variant 
java_command: org.gradle.launcher.daemon.bootstrap.GradleDaemon 7.5
java_class_path (initial): C:\Users\hp\.gradle\wrapper\dists\gradle-7.5-bin\f1w0cc9nuo0eivz97x2xlu9sv\gradle-7.5\lib\gradle-launcher-7.5.jar
Launcher Type: SUN_STANDARD

[Global flags]
     intx CICompilerCount                          = 3                                         {product} {ergonomic}
     uint ConcGCThreads                            = 1                                         {product} {ergonomic}
     uint G1ConcRefinementThreads                  = 4                                         {product} {ergonomic}
   size_t G1HeapRegionSize                         = 1048576                                   {product} {ergonomic}
    uintx GCDrainStackTargetSize                   = 64                                        {product} {ergonomic}
   size_t InitialHeapSize                          = 67108864                                  {product} {ergonomic}
   size_t MarkStackSize                            = 4194304                                   {product} {ergonomic}
   size_t MaxHeapSize                              = 2147483648                                {product} {command line}
   size_t MaxNewSize                               = 1287651328                                {product} {ergonomic}
   size_t MinHeapDeltaBytes                        = 1048576                                   {product} {ergonomic}
    uintx NonNMethodCodeHeapSize                   = 5830732                                {pd product} {ergonomic}
    uintx NonProfiledCodeHeapSize                  = 122913754                              {pd product} {ergonomic}
    uintx ProfiledCodeHeapSize                     = 122913754                              {pd product} {ergonomic}
    uintx ReservedCodeCacheSize                    = 251658240                              {pd product} {ergonomic}
     bool SegmentedCodeCache                       = true                                      {product} {ergonomic}
     bool UseCompressedClassPointers               = true                                 {lp64_product} {ergonomic}
     bool UseCompressedOops                        = true                                 {lp64_product} {ergonomic}
     bool UseG1GC                                  = true                                      {product} {ergonomic}
     bool UseLargePagesIndividualAllocation        = false                                  {pd product} {ergonomic}

Logging:
Log output configuration:
 #0: stdout all=warning uptime,level,tags
 #1: stderr all=off uptime,level,tags

Environment Variables:
JAVA_HOME=C:\Program Files\Java\jdk-17.0.2
PATH=C:\Program Files\Common Files\Oracle\Java\javapath;C:\WINDOWS\system32;C:\WINDOWS;C:\WINDOWS\System32\Wbem;C:\WINDOWS\System32\WindowsPowerShell\v1.0\;C:\WINDOWS\System32\OpenSSH\;C:\MinGW\bin;C:\Program Files\Java\jdk-17.0.2\bin;C:\msys64\mingw64\bin;C:\Program Files\nodejs\;C:\Program Files\Git\cmd;;C:\Users\hp\AppData\Local\Microsoft\WindowsApps;C:\Program Files\JetBrains\IntelliJ IDEA Community Edition 2022.1\bin;;C:\modeltech64_10.6d\win64;C:\Users\hp\AppData\Roaming\npm;C:\Users\hp\AppData\Local\Programs\Microsoft VS Code\bin
USERNAME=hp
OS=Windows_NT
PROCESSOR_IDENTIFIER=Intel64 Family 6 Model 69 Stepping 1, GenuineIntel



---------------  S Y S T E M  ---------------

OS: Windows 10 , 64 bit Build 19041 (10.0.19041.2788)
OS uptime: 18 days 23:48 hours
Hyper-V role detected

CPU:total 4 (initial active 4) (2 cores per cpu, 2 threads per core) family 6 model 69 stepping 1 microcode 0x25, cmov, cx8, fxsr, mmx, sse, sse2, sse3, ssse3, sse4.1, sse4.2, popcnt, avx, avx2, aes, clmul, erms, lzcnt, ht, tsc, tscinvbit, bmi1, bmi2, fma

Memory: 4k page, system-wide physical 3993M (352M free)
TotalPageFile size 11755M (AvailPageFile size 26M)
current process WorkingSet (physical memory assigned to process): 436M, peak: 436M
current process commit charge ("private bytes"): 464M, peak: 491M

vm_info: OpenJDK 64-Bit Server VM (11.0.15+0-b2043.56-9505619) for windows-amd64 JRE (11.0.15+0-b2043.56-9505619), built on Jan 19 2023 02:48:00 by "builduser" with unknown MS VC++:1929

END.
