#
# There is insufficient memory for the Java Runtime Environment to continue.
# Native memory allocation (mmap) failed to map 38797312 bytes for Failed to commit area from 0x000000008b600000 to 0x000000008db00000 of length 38797312.
# Possible reasons:
#   The system is out of physical RAM or swap space
#   The process is running with CompressedOops enabled, and the Java Heap may be blocking the growth of the native heap
# Possible solutions:
#   Reduce memory load on the system
#   Increase physical memory or swap space
#   Check if swap backing store is full
#   Decrease Java heap size (-Xmx/-Xms)
#   Decrease number of Java threads
#   Decrease Java thread stack sizes (-Xss)
#   Set larger code cache with -XX:ReservedCodeCacheSize=
#   JVM is running with Unscaled Compressed Oops mode in which the Java heap is
#     placed in the first 4GB address space. The Java Heap base address is the
#     maximum limit for the native heap growth. Please use -XX:HeapBaseMinAddress
#     to set the Java Heap base and to place the Java Heap above 4GB virtual address.
# This output file may be truncated or incomplete.
#
#  Out of Memory Error (src/hotspot/os/windows/os_windows.cpp:3627), pid=8616, tid=12328
#
# JRE version: OpenJDK Runtime Environment (11.0.15) (build 11.0.15+0-b2043.56-9505619)
# Java VM: OpenJDK 64-Bit Server VM (11.0.15+0-b2043.56-9505619, mixed mode, tiered, compressed oops, g1 gc, windows-amd64)
# No core dump will be written. Minidumps are not enabled by default on client versions of Windows
#

---------------  S U M M A R Y ------------

Command Line: --add-opens=java.base/java.util=ALL-UNNAMED --add-opens=java.base/java.lang=ALL-UNNAMED --add-opens=java.base/java.lang.invoke=ALL-UNNAMED --add-opens=java.base/java.util=ALL-UNNAMED --add-opens=java.prefs/java.util.prefs=ALL-UNNAMED --add-opens=java.prefs/java.util.prefs=ALL-UNNAMED --add-opens=java.base/java.nio.charset=ALL-UNNAMED --add-opens=java.base/java.net=ALL-UNNAMED --add-opens=java.base/java.util.concurrent.atomic=ALL-UNNAMED -Xmx2048m -Dfile.encoding=UTF-8 -Duser.country=US -Duser.language=en -Duser.variant org.gradle.launcher.daemon.bootstrap.GradleDaemon 7.5

Host: Intel(R) Core(TM) i7-4600U CPU @ 2.10GHz, 4 cores, 3G,  Windows 10 , 64 bit Build 19041 (10.0.19041.2788)
Time: Mon May  8 22:53:38 2023 Pakistan Standard Time elapsed time: 44.116601 seconds (0d 0h 0m 44s)

---------------  T H R E A D  ---------------

Current thread (0x000002329f568000):  VMThread "VM Thread" [stack: 0x000000d8b3d00000,0x000000d8b3e00000] [id=12328]

Stack: [0x000000d8b3d00000,0x000000d8b3e00000]
[error occurred during error reporting (printing stack bounds), id 0xc0000005, EXCEPTION_ACCESS_VIOLATION (0xc0000005) at pc=0x00000232894c112d]

Native frames: (J=compiled Java code, j=interpreted, Vv=VM code, C=native code)
V  [jvm.dll+0x64135a]
V  [jvm.dll+0x7d39f9]
V  [jvm.dll+0x7d51b9]
V  [jvm.dll+0x7d5805]
V  [jvm.dll+0x7d57bb]
V  [jvm.dll+0x640655]
V  [jvm.dll+0x640d68]
C  [ntdll.dll+0xa23df]
C  [ntdll.dll+0x514a4]
C  [ntdll.dll+0xa0f0e]
C  0x00000232894c112d

VM_Operation (0x000000d8b97f9920): G1CollectForAllocation, mode: safepoint, requested by thread 0x00000232a7c35000


---------------  P R O C E S S  ---------------

Threads class SMR info:
_java_thread_list=0x00000232a7aef860, length=89, elements={
0x0000023285992800, 0x000002329f56f800, 0x000002329f570800, 0x000002329f5cc000,
0x000002329f5ce000, 0x000002329f5d0000, 0x000002329f5d3800, 0x000002329f5e2000,
0x000002329ff38000, 0x00000232a0054000, 0x00000232a1e70000, 0x00000232a1e6d800,
0x00000232a1e6a800, 0x00000232a1e6e800, 0x00000232a1e71000, 0x00000232a30fa000,
0x00000232a30f5000, 0x00000232a30f6000, 0x00000232a30fc000, 0x00000232a30fc800,
0x00000232a30fd800, 0x00000232a30f8800, 0x00000232a3100800, 0x00000232a3104000,
0x00000232a3101800, 0x00000232a3103000, 0x00000232a3306000, 0x00000232a3306800,
0x00000232a2a3a800, 0x00000232a2a3e000, 0x00000232a2a3b800, 0x00000232a2a3c800,
0x00000232a2a3a000, 0x00000232a2a3d000, 0x00000232a2a38000, 0x00000232a2a3e800,
0x00000232a2a39000, 0x00000232a2a41000, 0x00000232a2a42000, 0x00000232a2a43000,
0x00000232a2a43800, 0x00000232a2a44800, 0x00000232a2a45800, 0x00000232a2a3f800,
0x00000232a2a46000, 0x00000232a2a40800, 0x00000232a3303800, 0x00000232a3301000,
0x00000232a3301800, 0x00000232a3304000, 0x00000232a3305000, 0x00000232a32ff800,
0x00000232a3307800, 0x00000232a3308800, 0x00000232a3302800, 0x00000232a330a000,
0x00000232a3309000, 0x00000232a330a800, 0x00000232a330c800, 0x00000232a330d000,
0x00000232a330b800, 0x00000232a330e000, 0x00000232a30f7000, 0x00000232a30fb000,
0x00000232a30f9800, 0x00000232a30f7800, 0x00000232a30fe000, 0x00000232a1e6f000,
0x00000232a1e6c000, 0x00000232a1e6b000, 0x00000232a1e6d000, 0x00000232a7c27000,
0x00000232a7c29000, 0x00000232a7c2c000, 0x00000232a7c29800, 0x00000232a7c2b800,
0x00000232a7c2a800, 0x00000232a7c2d000, 0x00000232a7c2e000, 0x00000232a7c28000,
0x00000232a7c33800, 0x00000232a7c34800, 0x00000232a7c32000, 0x00000232a7c2f800,
0x00000232a7c2e800, 0x00000232a7c35000, 0x00000232a7c32800, 0x00000232a7c31000,
0x00000232a7c36000
}

Java Threads: ( => current thread )
  0x0000023285992800 JavaThread "main" [_thread_blocked, id=452, stack(0x000000d8b3700000,0x000000d8b3800000)]
  0x000002329f56f800 JavaThread "Reference Handler" daemon [_thread_blocked, id=14572, stack(0x000000d8b3e00000,0x000000d8b3f00000)]
  0x000002329f570800 JavaThread "Finalizer" daemon [_thread_blocked, id=10520, stack(0x000000d8b3f00000,0x000000d8b4000000)]
  0x000002329f5cc000 JavaThread "Signal Dispatcher" daemon [_thread_blocked, id=8304, stack(0x000000d8b4000000,0x000000d8b4100000)]
  0x000002329f5ce000 JavaThread "Attach Listener" daemon [_thread_blocked, id=6508, stack(0x000000d8b4100000,0x000000d8b4200000)]
  0x000002329f5d0000 JavaThread "Service Thread" daemon [_thread_blocked, id=4272, stack(0x000000d8b4200000,0x000000d8b4300000)]
  0x000002329f5d3800 JavaThread "C2 CompilerThread0" daemon [_thread_in_native, id=3416, stack(0x000000d8b4300000,0x000000d8b4400000)]
  0x000002329f5e2000 JavaThread "C1 CompilerThread0" daemon [_thread_blocked, id=14992, stack(0x000000d8b4400000,0x000000d8b4500000)]
  0x000002329ff38000 JavaThread "Sweeper thread" daemon [_thread_blocked, id=16224, stack(0x000000d8b4500000,0x000000d8b4600000)]
  0x00000232a0054000 JavaThread "Common-Cleaner" daemon [_thread_blocked, id=6736, stack(0x000000d8b4600000,0x000000d8b4700000)]
  0x00000232a1e70000 JavaThread "Daemon health stats" [_thread_blocked, id=10700, stack(0x000000d8b4a00000,0x000000d8b4b00000)]
  0x00000232a1e6d800 JavaThread "Incoming local TCP Connector on port 59023" [_thread_in_native, id=8960, stack(0x000000d8b4800000,0x000000d8b4900000)]
  0x00000232a1e6a800 JavaThread "Daemon periodic checks" [_thread_blocked, id=13296, stack(0x000000d8b4d00000,0x000000d8b4e00000)]
  0x00000232a1e6e800 JavaThread "Daemon" [_thread_blocked, id=14060, stack(0x000000d8b4e00000,0x000000d8b4f00000)]
  0x00000232a1e71000 JavaThread "Daemon worker" [_thread_blocked, id=14372, stack(0x000000d8b5100000,0x000000d8b5200000)]
  0x00000232a30fa000 JavaThread "Cache worker for journal cache (C:\Users\hp\.gradle\caches\journal-1)" [_thread_blocked, id=5000, stack(0x000000d8b5600000,0x000000d8b5700000)]
  0x00000232a30f5000 JavaThread "File lock request listener" [_thread_in_native, id=16352, stack(0x000000d8b5700000,0x000000d8b5800000)]
  0x00000232a30f6000 JavaThread "Cache worker for file hash cache (C:\Users\hp\.gradle\caches\7.5\fileHashes)" [_thread_blocked, id=9688, stack(0x000000d8b5800000,0x000000d8b5900000)]
  0x00000232a30fc000 JavaThread "File watcher server" daemon [_thread_blocked, id=6732, stack(0x000000d8b5900000,0x000000d8b5a00000)]
  0x00000232a30fc800 JavaThread "File watcher consumer" daemon [_thread_blocked, id=16916, stack(0x000000d8b5a00000,0x000000d8b5b00000)]
  0x00000232a30fd800 JavaThread "Cache worker for file content cache (C:\Users\hp\.gradle\caches\7.5\fileContent)" [_thread_blocked, id=15948, stack(0x000000d8b5d00000,0x000000d8b5e00000)]
  0x00000232a30f8800 JavaThread "Cache worker for execution history cache (C:\Users\hp\.gradle\caches\7.5\executionHistory)" [_thread_blocked, id=10524, stack(0x000000d8b5500000,0x000000d8b5600000)]
  0x00000232a3100800 JavaThread "jar transforms" [_thread_blocked, id=12148, stack(0x000000d8b6000000,0x000000d8b6100000)]
  0x00000232a3104000 JavaThread "jar transforms Thread 2" [_thread_blocked, id=13988, stack(0x000000d8b6100000,0x000000d8b6200000)]
  0x00000232a3101800 JavaThread "jar transforms Thread 3" [_thread_blocked, id=4944, stack(0x000000d8b6300000,0x000000d8b6400000)]
  0x00000232a3103000 JavaThread "jar transforms Thread 4" [_thread_blocked, id=748, stack(0x000000d8b6400000,0x000000d8b6500000)]
  0x00000232a3306000 JavaThread "Memory manager" [_thread_blocked, id=3904, stack(0x000000d8b9000000,0x000000d8b9100000)]
  0x00000232a3306800 JavaThread "included builds" [_thread_blocked, id=17384, stack(0x000000d8b9100000,0x000000d8b9200000)]
  0x00000232a2a3a800 JavaThread "Handler for socket connection from /127.0.0.1:59023 to /127.0.0.1:59041" [_thread_in_native, id=10340, stack(0x000000d8b3400000,0x000000d8b3500000)]
  0x00000232a2a3e000 JavaThread "Cancel handler" [_thread_blocked, id=12396, stack(0x000000d8b4f00000,0x000000d8b5000000)]
  0x00000232a2a3b800 JavaThread "Asynchronous log dispatcher for DefaultDaemonConnection: socket connection from /127.0.0.1:59023 to /127.0.0.1:59041" [_thread_blocked, id=9420, stack(0x000000d8b5000000,0x000000d8b5100000)]
  0x00000232a2a3c800 JavaThread "Stdin handler" [_thread_blocked, id=14472, stack(0x000000d8b5200000,0x000000d8b5300000)]
  0x00000232a2a3a000 JavaThread "Daemon client event forwarder" [_thread_blocked, id=11744, stack(0x000000d8b5300000,0x000000d8b5400000)]
  0x00000232a2a3d000 JavaThread "Cache worker for checksums cache (C:\Users\hp\AndroidStudioProjects\Assignment22\.gradle\7.5\checksums)" [_thread_blocked, id=10664, stack(0x000000d8b5400000,0x000000d8b5500000)]
  0x00000232a2a38000 JavaThread "Cache worker for cache directory md-rule (C:\Users\hp\.gradle\caches\7.5\md-rule)" [_thread_blocked, id=9108, stack(0x000000d8b5b00000,0x000000d8b5c00000)]
  0x00000232a2a3e800 JavaThread "Cache worker for file hash cache (C:\Users\hp\AndroidStudioProjects\Assignment22\.gradle\7.5\fileHashes)" [_thread_blocked, id=12696, stack(0x000000d8b5c00000,0x000000d8b5d00000)]
  0x00000232a2a39000 JavaThread "Cache worker for cache directory md-supplier (C:\Users\hp\.gradle\caches\7.5\md-supplier)" [_thread_blocked, id=6444, stack(0x000000d8b5e00000,0x000000d8b5f00000)]
  0x00000232a2a41000 JavaThread "Cache worker for dependencies-accessors (C:\Users\hp\AndroidStudioProjects\Assignment22\.gradle\7.5\dependencies-accessors)" [_thread_blocked, id=4988, stack(0x000000d8b5f00000,0x000000d8b6000000)]
  0x00000232a2a42000 JavaThread "Cache worker for Build Output Cleanup Cache (C:\Users\hp\AndroidStudioProjects\Assignment22\.gradle\buildOutputCleanup)" [_thread_blocked, id=6248, stack(0x000000d8b6200000,0x000000d8b6300000)]
  0x00000232a2a43000 JavaThread "Unconstrained build operations" [_thread_blocked, id=9560, stack(0x000000d8b6500000,0x000000d8b6600000)]
  0x00000232a2a43800 JavaThread "Unconstrained build operations Thread 2" [_thread_blocked, id=4932, stack(0x000000d8b6600000,0x000000d8b6700000)]
  0x00000232a2a44800 JavaThread "Unconstrained build operations Thread 3" [_thread_blocked, id=15212, stack(0x000000d8b6700000,0x000000d8b6800000)]
  0x00000232a2a45800 JavaThread "Unconstrained build operations Thread 4" [_thread_blocked, id=8064, stack(0x000000d8b6800000,0x000000d8b6900000)]
  0x00000232a2a3f800 JavaThread "Unconstrained build operations Thread 5" [_thread_blocked, id=1096, stack(0x000000d8b6900000,0x000000d8b6a00000)]
  0x00000232a2a46000 JavaThread "Unconstrained build operations Thread 6" [_thread_blocked, id=16740, stack(0x000000d8b6a00000,0x000000d8b6b00000)]
  0x00000232a2a40800 JavaThread "Unconstrained build operations Thread 7" [_thread_blocked, id=11772, stack(0x000000d8b6b00000,0x000000d8b6c00000)]
  0x00000232a3303800 JavaThread "Unconstrained build operations Thread 8" [_thread_blocked, id=8852, stack(0x000000d8b6c00000,0x000000d8b6d00000)]
  0x00000232a3301000 JavaThread "Unconstrained build operations Thread 9" [_thread_blocked, id=1804, stack(0x000000d8b6d00000,0x000000d8b6e00000)]
  0x00000232a3301800 JavaThread "Unconstrained build operations Thread 10" [_thread_blocked, id=11116, stack(0x000000d8b6e00000,0x000000d8b6f00000)]
  0x00000232a3304000 JavaThread "Unconstrained build operations Thread 11" [_thread_blocked, id=11344, stack(0x000000d8b6f00000,0x000000d8b7000000)]
  0x00000232a3305000 JavaThread "Unconstrained build operations Thread 12" [_thread_blocked, id=14436, stack(0x000000d8b7000000,0x000000d8b7100000)]
  0x00000232a32ff800 JavaThread "Unconstrained build operations Thread 13" [_thread_blocked, id=2848, stack(0x000000d8b7100000,0x000000d8b7200000)]
  0x00000232a3307800 JavaThread "Unconstrained build operations Thread 14" [_thread_blocked, id=3372, stack(0x000000d8b7200000,0x000000d8b7300000)]
  0x00000232a3308800 JavaThread "Unconstrained build operations Thread 15" [_thread_blocked, id=10120, stack(0x000000d8b7300000,0x000000d8b7400000)]
  0x00000232a3302800 JavaThread "Unconstrained build operations Thread 16" [_thread_blocked, id=14376, stack(0x000000d8b7400000,0x000000d8b7500000)]
  0x00000232a330a000 JavaThread "Unconstrained build operations Thread 17" [_thread_blocked, id=6100, stack(0x000000d8b7500000,0x000000d8b7600000)]
  0x00000232a3309000 JavaThread "Unconstrained build operations Thread 18" [_thread_blocked, id=15312, stack(0x000000d8b7600000,0x000000d8b7700000)]
  0x00000232a330a800 JavaThread "Unconstrained build operations Thread 19" [_thread_blocked, id=11424, stack(0x000000d8b7700000,0x000000d8b7800000)]
  0x00000232a330c800 JavaThread "Unconstrained build operations Thread 20" [_thread_blocked, id=1056, stack(0x000000d8b7800000,0x000000d8b7900000)]
  0x00000232a330d000 JavaThread "Unconstrained build operations Thread 21" [_thread_blocked, id=13112, stack(0x000000d8b7900000,0x000000d8b7a00000)]
  0x00000232a330b800 JavaThread "Unconstrained build operations Thread 22" [_thread_blocked, id=10040, stack(0x000000d8b7a00000,0x000000d8b7b00000)]
  0x00000232a330e000 JavaThread "Unconstrained build operations Thread 23" [_thread_blocked, id=7696, stack(0x000000d8b7b00000,0x000000d8b7c00000)]
  0x00000232a30f7000 JavaThread "Unconstrained build operations Thread 24" [_thread_blocked, id=9484, stack(0x000000d8b7c00000,0x000000d8b7d00000)]
  0x00000232a30fb000 JavaThread "Unconstrained build operations Thread 25" [_thread_blocked, id=9996, stack(0x000000d8b7d00000,0x000000d8b7e00000)]
  0x00000232a30f9800 JavaThread "Unconstrained build operations Thread 26" [_thread_blocked, id=7844, stack(0x000000d8b7e00000,0x000000d8b7f00000)]
  0x00000232a30f7800 JavaThread "Unconstrained build operations Thread 27" [_thread_blocked, id=1464, stack(0x000000d8b7f00000,0x000000d8b8000000)]
  0x00000232a30fe000 JavaThread "Unconstrained build operations Thread 28" [_thread_blocked, id=15756, stack(0x000000d8b8000000,0x000000d8b8100000)]
  0x00000232a1e6f000 JavaThread "Unconstrained build operations Thread 29" [_thread_blocked, id=1092, stack(0x000000d8b8100000,0x000000d8b8200000)]
  0x00000232a1e6c000 JavaThread "Unconstrained build operations Thread 30" [_thread_blocked, id=14240, stack(0x000000d8b8200000,0x000000d8b8300000)]
  0x00000232a1e6b000 JavaThread "Unconstrained build operations Thread 31" [_thread_blocked, id=15112, stack(0x000000d8b8300000,0x000000d8b8400000)]
  0x00000232a1e6d000 JavaThread "Unconstrained build operations Thread 32" [_thread_blocked, id=7384, stack(0x000000d8b8400000,0x000000d8b8500000)]
  0x00000232a7c27000 JavaThread "Unconstrained build operations Thread 33" [_thread_blocked, id=9972, stack(0x000000d8b8500000,0x000000d8b8600000)]
  0x00000232a7c29000 JavaThread "Unconstrained build operations Thread 34" [_thread_blocked, id=7352, stack(0x000000d8b8600000,0x000000d8b8700000)]
  0x00000232a7c2c000 JavaThread "Unconstrained build operations Thread 35" [_thread_blocked, id=16400, stack(0x000000d8b8700000,0x000000d8b8800000)]
  0x00000232a7c29800 JavaThread "Unconstrained build operations Thread 36" [_thread_blocked, id=6220, stack(0x000000d8b8800000,0x000000d8b8900000)]
  0x00000232a7c2b800 JavaThread "Unconstrained build operations Thread 37" [_thread_blocked, id=12016, stack(0x000000d8b8900000,0x000000d8b8a00000)]
  0x00000232a7c2a800 JavaThread "Unconstrained build operations Thread 38" [_thread_blocked, id=4604, stack(0x000000d8b8a00000,0x000000d8b8b00000)]
  0x00000232a7c2d000 JavaThread "Unconstrained build operations Thread 39" [_thread_blocked, id=14844, stack(0x000000d8b8b00000,0x000000d8b8c00000)]
  0x00000232a7c2e000 JavaThread "Unconstrained build operations Thread 40" [_thread_blocked, id=11980, stack(0x000000d8b8c00000,0x000000d8b8d00000)]
  0x00000232a7c28000 JavaThread "build event listener" [_thread_blocked, id=12884, stack(0x000000d8b8d00000,0x000000d8b8e00000)]
  0x00000232a7c33800 JavaThread "included builds" [_thread_blocked, id=7428, stack(0x000000d8b9200000,0x000000d8b9300000)]
  0x00000232a7c34800 JavaThread "Execution worker" [_thread_blocked, id=17104, stack(0x000000d8b9300000,0x000000d8b9400000)]
  0x00000232a7c32000 JavaThread "Execution worker Thread 2" [_thread_blocked, id=1892, stack(0x000000d8b9400000,0x000000d8b9500000)]
  0x00000232a7c2f800 JavaThread "Execution worker Thread 3" [_thread_blocked, id=6300, stack(0x000000d8b9500000,0x000000d8b9600000)]
  0x00000232a7c2e800 JavaThread "Cache worker for execution history cache (C:\Users\hp\AndroidStudioProjects\Assignment22\.gradle\7.5\executionHistory)" [_thread_blocked, id=6316, stack(0x000000d8b9600000,0x000000d8b9700000)]
  0x00000232a7c35000 JavaThread "WorkerExecutor Queue" [_thread_blocked, id=9824, stack(0x000000d8b9700000,0x000000d8b9800000)]
  0x00000232a7c32800 JavaThread "WorkerExecutor Queue Thread 2" [_thread_blocked, id=10768, stack(0x000000d8b9800000,0x000000d8b9900000)]
  0x00000232a7c31000 JavaThread "WorkerExecutor Queue Thread 3" [_thread_blocked, id=4328, stack(0x000000d8b9a00000,0x000000d8b9b00000)]
  0x00000232a7c36000 JavaThread "WorkerExecutor Queue Thread 4" [_thread_blocked, id=13560, stack(0x000000d8b9b00000,0x000000d8b9c00000)]

Other Threads:
=>0x000002329f568000 VMThread "VM Thread" [stack: 0x000000d8b3d00000,0x000000d8b3e00000] [id=12328]
  0x00000232a0095000 WatcherThread [stack: 0x000000d8b4700000,0x000000d8b4800000] [id=5756]
  0x00000232859aa800 GCTaskThread "GC Thread#0" [stack: 0x000000d8b3800000,0x000000d8b3900000] [id=13124]
  0x00000232a0bc0800 GCTaskThread "GC Thread#1" [stack: 0x000000d8b4900000,0x000000d8b4a00000] [id=10732]
  0x00000232a2418000 GCTaskThread "GC Thread#2" [stack: 0x000000d8b4b00000,0x000000d8b4c00000] [id=4288]
  0x00000232a21c4000 GCTaskThread "GC Thread#3" [stack: 0x000000d8b4c00000,0x000000d8b4d00000] [id=6900]
  0x00000232859db000 ConcurrentGCThread "G1 Main Marker" [stack: 0x000000d8b3900000,0x000000d8b3a00000] [id=10944]
  0x00000232859dc800 ConcurrentGCThread "G1 Conc#0" [stack: 0x000000d8b3a00000,0x000000d8b3b00000] [id=5568]
  0x0000023285a38800 ConcurrentGCThread "G1 Refine#0" [stack: 0x000000d8b3b00000,0x000000d8b3c00000] [id=5036]
  0x00000232a58ad800 ConcurrentGCThread "G1 Refine#1" [stack: 0x000000d8b9900000,0x000000d8b9a00000] [id=17276]
  0x0000023285a39800 ConcurrentGCThread "G1 Young RemSet Sampling" [stack: 0x000000d8b3c00000,0x000000d8b3d00000] [id=17132]

Threads with active compile tasks:
C2 CompilerThread0    44158 11408       4       com.android.utils.XmlUtils::append (597 bytes)

VM state:at safepoint (normal execution)

VM Mutex/Monitor currently owned by a thread:  ([mutex/lock_event])
[0x00000232859858f0] Threads_lock - owner thread: 0x000002329f568000
[0x000002328598ef10] Heap_lock - owner thread: 0x00000232a7c35000

Heap address: 0x0000000080000000, size: 2048 MB, Compressed Oops mode: 32-bit
Narrow klass base: 0x0000000000000000, Narrow klass shift: 3
Compressed class space size: 1073741824 Address: 0x0000000100000000

Heap:
 garbage-first heap   total 224256K, used 118969K [0x0000000080000000, 0x0000000100000000)
  region size 1024K, 4 young (4096K), 4 survivors (4096K)
 Metaspace       used 90303K, capacity 92851K, committed 93264K, reserved 1130496K
  class space    used 11620K, capacity 12607K, committed 12748K, reserved 1048576K
Heap Regions: E=young(eden), S=young(survivor), O=old, HS=humongous(starts), HC=humongous(continues), CS=collection set, F=free, A=archive, TAMS=top-at-mark-start (previous, next)
|   0|0x0000000080000000, 0x0000000080100000, 0x0000000080100000|100%|HS|  |TAMS 0x0000000080100000, 0x0000000080000000| Complete 
|   1|0x0000000080100000, 0x0000000080200000, 0x0000000080200000|100%|HC|  |TAMS 0x0000000080200000, 0x0000000080100000| Complete 
|   2|0x0000000080200000, 0x0000000080300000, 0x0000000080300000|100%|HC|  |TAMS 0x0000000080300000, 0x0000000080200000| Complete 
|   3|0x0000000080300000, 0x0000000080400000, 0x0000000080400000|100%| O|  |TAMS 0x0000000080400000, 0x0000000080300000| Updating 
|   4|0x0000000080400000, 0x0000000080500000, 0x0000000080500000|100%| O|  |TAMS 0x0000000080500000, 0x0000000080400000| Updating 
|   5|0x0000000080500000, 0x0000000080600000, 0x0000000080600000|100%| O|  |TAMS 0x0000000080600000, 0x0000000080500000| Updating 
|   6|0x0000000080600000, 0x0000000080700000, 0x0000000080700000|100%| O|  |TAMS 0x0000000080700000, 0x0000000080600000| Updating 
|   7|0x0000000080700000, 0x0000000080800000, 0x0000000080800000|100%| O|  |TAMS 0x0000000080800000, 0x0000000080700000| Updating 
|   8|0x0000000080800000, 0x0000000080900000, 0x0000000080900000|100%| O|  |TAMS 0x0000000080900000, 0x0000000080800000| Updating 
|   9|0x0000000080900000, 0x0000000080a00000, 0x0000000080a00000|100%| O|  |TAMS 0x0000000080a00000, 0x0000000080900000| Updating 
|  10|0x0000000080a00000, 0x0000000080b00000, 0x0000000080b00000|100%| O|  |TAMS 0x0000000080b00000, 0x0000000080a00000| Updating 
|  11|0x0000000080b00000, 0x0000000080c00000, 0x0000000080c00000|100%| O|  |TAMS 0x0000000080c00000, 0x0000000080b00000| Updating 
|  12|0x0000000080c00000, 0x0000000080d00000, 0x0000000080d00000|100%| O|  |TAMS 0x0000000080d00000, 0x0000000080c00000| Updating 
|  13|0x0000000080d00000, 0x0000000080e00000, 0x0000000080e00000|100%| O|  |TAMS 0x0000000080e00000, 0x0000000080d00000| Updating 
|  14|0x0000000080e00000, 0x0000000080f00000, 0x0000000080f00000|100%| O|  |TAMS 0x0000000080f00000, 0x0000000080e00000| Updating 
|  15|0x0000000080f00000, 0x0000000081000000, 0x0000000081000000|100%| O|  |TAMS 0x0000000081000000, 0x0000000080f00000| Updating 
|  16|0x0000000081000000, 0x0000000081100000, 0x0000000081100000|100%| O|  |TAMS 0x0000000081100000, 0x0000000081000000| Updating 
|  17|0x0000000081100000, 0x0000000081200000, 0x0000000081200000|100%| O|  |TAMS 0x0000000081200000, 0x0000000081100000| Updating 
|  18|0x0000000081200000, 0x0000000081300000, 0x0000000081300000|100%| O|  |TAMS 0x0000000081300000, 0x0000000081200000| Updating 
|  19|0x0000000081300000, 0x0000000081400000, 0x0000000081400000|100%| O|  |TAMS 0x0000000081400000, 0x0000000081300000| Updating 
|  20|0x0000000081400000, 0x0000000081500000, 0x0000000081500000|100%| O|  |TAMS 0x0000000081500000, 0x0000000081400000| Updating 
|  21|0x0000000081500000, 0x0000000081600000, 0x0000000081600000|100%|HS|  |TAMS 0x0000000081600000, 0x0000000081500000| Complete 
|  22|0x0000000081600000, 0x0000000081700000, 0x0000000081700000|100%| O|  |TAMS 0x0000000081700000, 0x0000000081600000| Updating 
|  23|0x0000000081700000, 0x0000000081800000, 0x0000000081800000|100%| O|  |TAMS 0x0000000081800000, 0x0000000081700000| Updating 
|  24|0x0000000081800000, 0x0000000081900000, 0x0000000081900000|100%| O|  |TAMS 0x0000000081900000, 0x0000000081800000| Updating 
|  25|0x0000000081900000, 0x0000000081a00000, 0x0000000081a00000|100%| O|  |TAMS 0x0000000081a00000, 0x0000000081900000| Updating 
|  26|0x0000000081a00000, 0x0000000081b00000, 0x0000000081b00000|100%| O|  |TAMS 0x0000000081b00000, 0x0000000081a00000| Updating 
|  27|0x0000000081b00000, 0x0000000081c00000, 0x0000000081c00000|100%| O|  |TAMS 0x0000000081c00000, 0x0000000081b00000| Updating 
|  28|0x0000000081c00000, 0x0000000081d00000, 0x0000000081d00000|100%| O|  |TAMS 0x0000000081d00000, 0x0000000081c00000| Updating 
|  29|0x0000000081d00000, 0x0000000081e00000, 0x0000000081e00000|100%|HS|  |TAMS 0x0000000081e00000, 0x0000000081d00000| Complete 
|  30|0x0000000081e00000, 0x0000000081f00000, 0x0000000081f00000|100%| O|  |TAMS 0x0000000081f00000, 0x0000000081e00000| Updating 
|  31|0x0000000081f00000, 0x0000000082000000, 0x0000000082000000|100%| O|  |TAMS 0x0000000082000000, 0x0000000081f00000| Updating 
|  32|0x0000000082000000, 0x0000000082100000, 0x0000000082100000|100%| O|  |TAMS 0x0000000082100000, 0x0000000082000000| Updating 
|  33|0x0000000082100000, 0x0000000082200000, 0x0000000082200000|100%| O|  |TAMS 0x0000000082200000, 0x0000000082100000| Updating 
|  34|0x0000000082200000, 0x0000000082300000, 0x0000000082300000|100%| O|  |TAMS 0x0000000082300000, 0x0000000082200000| Updating 
|  35|0x0000000082300000, 0x0000000082400000, 0x0000000082400000|100%| O|  |TAMS 0x0000000082400000, 0x0000000082300000| Updating 
|  36|0x0000000082400000, 0x0000000082500000, 0x0000000082500000|100%| O|  |TAMS 0x0000000082500000, 0x0000000082400000| Updating 
|  37|0x0000000082500000, 0x0000000082600000, 0x0000000082600000|100%| O|  |TAMS 0x0000000082600000, 0x0000000082500000| Updating 
|  38|0x0000000082600000, 0x0000000082700000, 0x0000000082700000|100%| O|  |TAMS 0x0000000082700000, 0x0000000082600000| Updating 
|  39|0x0000000082700000, 0x0000000082800000, 0x0000000082800000|100%| O|  |TAMS 0x0000000082800000, 0x0000000082700000| Updating 
|  40|0x0000000082800000, 0x0000000082900000, 0x0000000082900000|100%| O|  |TAMS 0x0000000082900000, 0x0000000082800000| Updating 
|  41|0x0000000082900000, 0x0000000082a00000, 0x0000000082a00000|100%| O|  |TAMS 0x0000000082a00000, 0x0000000082900000| Updating 
|  42|0x0000000082a00000, 0x0000000082b00000, 0x0000000082b00000|100%| O|  |TAMS 0x0000000082b00000, 0x0000000082a00000| Updating 
|  43|0x0000000082b00000, 0x0000000082c00000, 0x0000000082c00000|100%| O|  |TAMS 0x0000000082c00000, 0x0000000082b00000| Updating 
|  44|0x0000000082c00000, 0x0000000082d00000, 0x0000000082d00000|100%| O|  |TAMS 0x0000000082d00000, 0x0000000082c00000| Updating 
|  45|0x0000000082d00000, 0x0000000082e00000, 0x0000000082e00000|100%| O|  |TAMS 0x0000000082e00000, 0x0000000082d00000| Updating 
|  46|0x0000000082e00000, 0x0000000082f00000, 0x0000000082f00000|100%| O|  |TAMS 0x0000000082f00000, 0x0000000082e00000| Updating 
|  47|0x0000000082f00000, 0x0000000083000000, 0x0000000083000000|100%| O|  |TAMS 0x0000000083000000, 0x0000000082f00000| Updating 
|  48|0x0000000083000000, 0x0000000083100000, 0x0000000083100000|100%| O|  |TAMS 0x0000000083100000, 0x0000000083000000| Updating 
|  49|0x0000000083100000, 0x0000000083200000, 0x0000000083200000|100%| O|  |TAMS 0x0000000083200000, 0x0000000083100000| Updating 
|  50|0x0000000083200000, 0x0000000083300000, 0x0000000083300000|100%| O|  |TAMS 0x0000000083300000, 0x0000000083200000| Updating 
|  51|0x0000000083300000, 0x0000000083400000, 0x0000000083400000|100%| O|  |TAMS 0x0000000083400000, 0x0000000083300000| Updating 
|  52|0x0000000083400000, 0x0000000083500000, 0x0000000083500000|100%| O|  |TAMS 0x0000000083500000, 0x0000000083400000| Updating 
|  53|0x0000000083500000, 0x0000000083600000, 0x0000000083600000|100%| O|  |TAMS 0x0000000083600000, 0x0000000083500000| Updating 
|  54|0x0000000083600000, 0x0000000083700000, 0x0000000083700000|100%| O|  |TAMS 0x0000000083700000, 0x0000000083600000| Updating 
|  55|0x0000000083700000, 0x0000000083800000, 0x0000000083800000|100%| O|  |TAMS 0x0000000083800000, 0x0000000083700000| Updating 
|  56|0x0000000083800000, 0x0000000083900000, 0x0000000083900000|100%| O|  |TAMS 0x0000000083900000, 0x0000000083800000| Updating 
|  57|0x0000000083900000, 0x0000000083a00000, 0x0000000083a00000|100%| O|  |TAMS 0x0000000083a00000, 0x0000000083900000| Updating 
|  58|0x0000000083a00000, 0x0000000083b00000, 0x0000000083b00000|100%| O|  |TAMS 0x0000000083b00000, 0x0000000083a00000| Updating 
|  59|0x0000000083b00000, 0x0000000083c00000, 0x0000000083c00000|100%| O|  |TAMS 0x0000000083c00000, 0x0000000083b00000| Updating 
|  60|0x0000000083c00000, 0x0000000083d00000, 0x0000000083d00000|100%| O|  |TAMS 0x0000000083d00000, 0x0000000083c00000| Updating 
|  61|0x0000000083d00000, 0x0000000083e00000, 0x0000000083e00000|100%| O|  |TAMS 0x0000000083e00000, 0x0000000083d00000| Updating 
|  62|0x0000000083e00000, 0x0000000083f00000, 0x0000000083f00000|100%| O|  |TAMS 0x0000000083f00000, 0x0000000083e00000| Updating 
|  63|0x0000000083f00000, 0x0000000084000000, 0x0000000084000000|100%| O|  |TAMS 0x0000000084000000, 0x0000000083f00000| Updating 
|  64|0x0000000084000000, 0x0000000084100000, 0x0000000084100000|100%| O|  |TAMS 0x0000000084100000, 0x0000000084000000| Updating 
|  65|0x0000000084100000, 0x0000000084200000, 0x0000000084200000|100%| O|  |TAMS 0x0000000084200000, 0x0000000084100000| Updating 
|  66|0x0000000084200000, 0x0000000084300000, 0x0000000084300000|100%| O|  |TAMS 0x0000000084300000, 0x0000000084200000| Updating 
|  67|0x0000000084300000, 0x0000000084400000, 0x0000000084400000|100%| O|  |TAMS 0x0000000084400000, 0x0000000084300000| Updating 
|  68|0x0000000084400000, 0x0000000084500000, 0x0000000084500000|100%| O|  |TAMS 0x0000000084500000, 0x0000000084400000| Updating 
|  69|0x0000000084500000, 0x0000000084600000, 0x0000000084600000|100%| O|  |TAMS 0x0000000084600000, 0x0000000084500000| Updating 
|  70|0x0000000084600000, 0x0000000084700000, 0x0000000084700000|100%| O|  |TAMS 0x0000000084700000, 0x0000000084600000| Updating 
|  71|0x0000000084700000, 0x0000000084800000, 0x0000000084800000|100%| O|  |TAMS 0x0000000084800000, 0x0000000084700000| Updating 
|  72|0x0000000084800000, 0x0000000084900000, 0x0000000084900000|100%| O|  |TAMS 0x0000000084900000, 0x0000000084800000| Updating 
|  73|0x0000000084900000, 0x0000000084a00000, 0x0000000084a00000|100%| O|  |TAMS 0x0000000084a00000, 0x0000000084900000| Updating 
|  74|0x0000000084a00000, 0x0000000084b00000, 0x0000000084b00000|100%| O|  |TAMS 0x0000000084b00000, 0x0000000084a00000| Updating 
|  75|0x0000000084b00000, 0x0000000084c00000, 0x0000000084c00000|100%| O|  |TAMS 0x0000000084c00000, 0x0000000084b00000| Updating 
|  76|0x0000000084c00000, 0x0000000084d00000, 0x0000000084d00000|100%| O|  |TAMS 0x0000000084d00000, 0x0000000084c00000| Updating 
|  77|0x0000000084d00000, 0x0000000084e00000, 0x0000000084e00000|100%| O|  |TAMS 0x0000000084e00000, 0x0000000084d00000| Updating 
|  78|0x0000000084e00000, 0x0000000084f00000, 0x0000000084f00000|100%| O|  |TAMS 0x0000000084f00000, 0x0000000084e00000| Updating 
|  79|0x0000000084f00000, 0x0000000085000000, 0x0000000085000000|100%| O|  |TAMS 0x0000000085000000, 0x0000000084f00000| Updating 
|  80|0x0000000085000000, 0x0000000085100000, 0x0000000085100000|100%| O|  |TAMS 0x0000000085100000, 0x0000000085000000| Updating 
|  81|0x0000000085100000, 0x0000000085200000, 0x0000000085200000|100%| O|  |TAMS 0x0000000085200000, 0x0000000085100000| Updating 
|  82|0x0000000085200000, 0x0000000085300000, 0x0000000085300000|100%| O|  |TAMS 0x0000000085300000, 0x0000000085200000| Updating 
|  83|0x0000000085300000, 0x0000000085400000, 0x0000000085400000|100%| O|  |TAMS 0x0000000085400000, 0x0000000085300000| Updating 
|  84|0x0000000085400000, 0x0000000085500000, 0x0000000085500000|100%| O|  |TAMS 0x0000000085500000, 0x0000000085400000| Updating 
|  85|0x0000000085500000, 0x0000000085600000, 0x0000000085600000|100%| O|  |TAMS 0x0000000085600000, 0x0000000085500000| Updating 
|  86|0x0000000085600000, 0x0000000085700000, 0x0000000085700000|100%| O|  |TAMS 0x0000000085700000, 0x0000000085600000| Updating 
|  87|0x0000000085700000, 0x0000000085800000, 0x0000000085800000|100%| O|  |TAMS 0x0000000085800000, 0x0000000085700000| Updating 
|  88|0x0000000085800000, 0x0000000085900000, 0x0000000085900000|100%| O|  |TAMS 0x0000000085900000, 0x0000000085800000| Updating 
|  89|0x0000000085900000, 0x0000000085a00000, 0x0000000085a00000|100%| O|  |TAMS 0x0000000085a00000, 0x0000000085900000| Updating 
|  90|0x0000000085a00000, 0x0000000085b00000, 0x0000000085b00000|100%| O|  |TAMS 0x0000000085b00000, 0x0000000085a00000| Updating 
|  91|0x0000000085b00000, 0x0000000085c00000, 0x0000000085c00000|100%| O|  |TAMS 0x0000000085c00000, 0x0000000085b00000| Updating 
|  92|0x0000000085c00000, 0x0000000085d00000, 0x0000000085d00000|100%|HS|  |TAMS 0x0000000085d00000, 0x0000000085c00000| Complete 
|  93|0x0000000085d00000, 0x0000000085e00000, 0x0000000085e00000|100%|HC|  |TAMS 0x0000000085e00000, 0x0000000085d00000| Complete 
|  94|0x0000000085e00000, 0x0000000085f00000, 0x0000000085f00000|100%| O|  |TAMS 0x0000000085f00000, 0x0000000085e00000| Updating 
|  95|0x0000000085f00000, 0x0000000086000000, 0x0000000086000000|100%| O|  |TAMS 0x0000000086000000, 0x0000000085f00000| Updating 
|  96|0x0000000086000000, 0x0000000086100000, 0x0000000086100000|100%| O|  |TAMS 0x0000000086100000, 0x0000000086000000| Updating 
|  97|0x0000000086100000, 0x0000000086200000, 0x0000000086200000|100%| O|  |TAMS 0x0000000086200000, 0x0000000086100000| Updating 
|  98|0x0000000086200000, 0x0000000086300000, 0x0000000086300000|100%| O|  |TAMS 0x0000000086300000, 0x0000000086200000| Updating 
|  99|0x0000000086300000, 0x0000000086400000, 0x0000000086400000|100%| O|  |TAMS 0x0000000086400000, 0x0000000086300000| Updating 
| 100|0x0000000086400000, 0x0000000086500000, 0x0000000086500000|100%| O|  |TAMS 0x0000000086500000, 0x0000000086400000| Updating 
| 101|0x0000000086500000, 0x0000000086600000, 0x0000000086600000|100%| O|  |TAMS 0x0000000086600000, 0x0000000086500000| Updating 
| 102|0x0000000086600000, 0x0000000086700000, 0x0000000086700000|100%| O|  |TAMS 0x0000000086700000, 0x0000000086600000| Updating 
| 103|0x0000000086700000, 0x0000000086800000, 0x0000000086800000|100%| O|  |TAMS 0x0000000086800000, 0x0000000086700000| Updating 
| 104|0x0000000086800000, 0x0000000086900000, 0x0000000086900000|100%| O|  |TAMS 0x0000000086900000, 0x0000000086800000| Updating 
| 105|0x0000000086900000, 0x0000000086a00000, 0x0000000086a00000|100%| O|  |TAMS 0x0000000086a00000, 0x0000000086900000| Updating 
| 106|0x0000000086a00000, 0x0000000086b00000, 0x0000000086b00000|100%| O|  |TAMS 0x0000000086b00000, 0x0000000086a00000| Updating 
| 107|0x0000000086b00000, 0x0000000086c00000, 0x0000000086c00000|100%| O|  |TAMS 0x0000000086bb9e00, 0x0000000086b00000| Updating 
| 108|0x0000000086c00000, 0x0000000086c00000, 0x0000000086d00000|  0%| F|  |TAMS 0x0000000086c00000, 0x0000000086c00000| Untracked 
| 109|0x0000000086d00000, 0x0000000086d00000, 0x0000000086e00000|  0%| F|  |TAMS 0x0000000086d00000, 0x0000000086d00000| Untracked 
| 110|0x0000000086e00000, 0x0000000086e00000, 0x0000000086f00000|  0%| F|  |TAMS 0x0000000086e00000, 0x0000000086e00000| Untracked 
| 111|0x0000000086f00000, 0x0000000086f00000, 0x0000000087000000|  0%| F|  |TAMS 0x0000000086f00000, 0x0000000086f00000| Untracked 
| 112|0x0000000087000000, 0x0000000087000000, 0x0000000087100000|  0%| F|  |TAMS 0x0000000087000000, 0x0000000087000000| Untracked 
| 113|0x0000000087100000, 0x0000000087100000, 0x0000000087200000|  0%| F|  |TAMS 0x0000000087100000, 0x0000000087100000| Untracked 
| 114|0x0000000087200000, 0x0000000087200000, 0x0000000087300000|  0%| F|  |TAMS 0x0000000087200000, 0x0000000087200000| Untracked 
| 115|0x0000000087300000, 0x0000000087300000, 0x0000000087400000|  0%| F|  |TAMS 0x0000000087300000, 0x0000000087300000| Untracked 
| 116|0x0000000087400000, 0x0000000087400000, 0x0000000087500000|  0%| F|  |TAMS 0x0000000087400000, 0x0000000087400000| Untracked 
| 117|0x0000000087500000, 0x0000000087500000, 0x0000000087600000|  0%| F|  |TAMS 0x0000000087500000, 0x0000000087500000| Untracked 
| 118|0x0000000087600000, 0x0000000087600000, 0x0000000087700000|  0%| F|  |TAMS 0x0000000087600000, 0x0000000087600000| Untracked 
| 119|0x0000000087700000, 0x0000000087700000, 0x0000000087800000|  0%| F|  |TAMS 0x0000000087700000, 0x0000000087700000| Untracked 
| 120|0x0000000087800000, 0x0000000087800000, 0x0000000087900000|  0%| F|  |TAMS 0x0000000087800000, 0x0000000087800000| Untracked 
| 121|0x0000000087900000, 0x0000000087900000, 0x0000000087a00000|  0%| F|  |TAMS 0x0000000087900000, 0x0000000087900000| Untracked 
| 122|0x0000000087a00000, 0x0000000087a00000, 0x0000000087b00000|  0%| F|  |TAMS 0x0000000087a00000, 0x0000000087a00000| Untracked 
| 123|0x0000000087b00000, 0x0000000087b00000, 0x0000000087c00000|  0%| F|  |TAMS 0x0000000087b00000, 0x0000000087b00000| Untracked 
| 124|0x0000000087c00000, 0x0000000087c00000, 0x0000000087d00000|  0%| F|  |TAMS 0x0000000087c00000, 0x0000000087c00000| Untracked 
| 125|0x0000000087d00000, 0x0000000087e00000, 0x0000000087e00000|100%| O|  |TAMS 0x0000000087d00000, 0x0000000087d00000| Untracked 
| 126|0x0000000087e00000, 0x0000000087f00000, 0x0000000087f00000|100%| O|  |TAMS 0x0000000087e00000, 0x0000000087e00000| Untracked 
| 127|0x0000000087f00000, 0x0000000088000000, 0x0000000088000000|100%| O|  |TAMS 0x0000000087f00000, 0x0000000087f00000| Untracked 
| 128|0x0000000088000000, 0x0000000088100000, 0x0000000088100000|100%| O|  |TAMS 0x0000000088000000, 0x0000000088000000| Untracked 
| 129|0x0000000088100000, 0x000000008812e600, 0x0000000088200000| 18%| O|  |TAMS 0x0000000088100000, 0x0000000088100000| Untracked 
| 130|0x0000000088200000, 0x0000000088200000, 0x0000000088300000|  0%| F|  |TAMS 0x0000000088200000, 0x0000000088200000| Untracked 
| 131|0x0000000088300000, 0x0000000088300000, 0x0000000088400000|  0%| F|  |TAMS 0x0000000088300000, 0x0000000088300000| Untracked 
| 132|0x0000000088400000, 0x0000000088400000, 0x0000000088500000|  0%| F|  |TAMS 0x0000000088400000, 0x0000000088400000| Untracked 
| 133|0x0000000088500000, 0x0000000088500000, 0x0000000088600000|  0%| F|  |TAMS 0x0000000088500000, 0x0000000088500000| Untracked 
| 134|0x0000000088600000, 0x0000000088600000, 0x0000000088700000|  0%| F|  |TAMS 0x0000000088600000, 0x0000000088600000| Untracked 
| 135|0x0000000088700000, 0x0000000088700000, 0x0000000088800000|  0%| F|  |TAMS 0x0000000088700000, 0x0000000088700000| Untracked 
| 136|0x0000000088800000, 0x0000000088800000, 0x0000000088900000|  0%| F|  |TAMS 0x0000000088800000, 0x0000000088800000| Untracked 
| 137|0x0000000088900000, 0x0000000088900000, 0x0000000088a00000|  0%| F|  |TAMS 0x0000000088900000, 0x0000000088900000| Untracked 
| 138|0x0000000088a00000, 0x0000000088a00000, 0x0000000088b00000|  0%| F|  |TAMS 0x0000000088a00000, 0x0000000088a00000| Untracked 
| 139|0x0000000088b00000, 0x0000000088b00000, 0x0000000088c00000|  0%| F|  |TAMS 0x0000000088b00000, 0x0000000088b00000| Untracked 
| 140|0x0000000088c00000, 0x0000000088c00000, 0x0000000088d00000|  0%| F|  |TAMS 0x0000000088c00000, 0x0000000088c00000| Untracked 
| 141|0x0000000088d00000, 0x0000000088d00000, 0x0000000088e00000|  0%| F|  |TAMS 0x0000000088d00000, 0x0000000088d00000| Untracked 
| 142|0x0000000088e00000, 0x0000000088e00000, 0x0000000088f00000|  0%| F|  |TAMS 0x0000000088e00000, 0x0000000088e00000| Untracked 
| 143|0x0000000088f00000, 0x0000000088f00000, 0x0000000089000000|  0%| F|  |TAMS 0x0000000088f00000, 0x0000000088f00000| Untracked 
| 144|0x0000000089000000, 0x0000000089000000, 0x0000000089100000|  0%| F|  |TAMS 0x0000000089000000, 0x0000000089000000| Untracked 
| 145|0x0000000089100000, 0x0000000089100000, 0x0000000089200000|  0%| F|  |TAMS 0x0000000089100000, 0x0000000089100000| Untracked 
| 146|0x0000000089200000, 0x0000000089200000, 0x0000000089300000|  0%| F|  |TAMS 0x0000000089200000, 0x0000000089200000| Untracked 
| 147|0x0000000089300000, 0x0000000089300000, 0x0000000089400000|  0%| F|  |TAMS 0x0000000089300000, 0x0000000089300000| Untracked 
| 148|0x0000000089400000, 0x0000000089400000, 0x0000000089500000|  0%| F|  |TAMS 0x0000000089400000, 0x0000000089400000| Untracked 
| 149|0x0000000089500000, 0x0000000089500000, 0x0000000089600000|  0%| F|  |TAMS 0x0000000089500000, 0x0000000089500000| Untracked 
| 150|0x0000000089600000, 0x0000000089700000, 0x0000000089700000|100%| S|CS|TAMS 0x0000000089600000, 0x0000000089600000| Complete 
| 151|0x0000000089700000, 0x0000000089800000, 0x0000000089800000|100%| S|CS|TAMS 0x0000000089700000, 0x0000000089700000| Complete 
| 152|0x0000000089800000, 0x0000000089900000, 0x0000000089900000|100%| S|CS|TAMS 0x0000000089800000, 0x0000000089800000| Complete 
| 153|0x0000000089900000, 0x0000000089a00000, 0x0000000089a00000|100%| S|CS|TAMS 0x0000000089900000, 0x0000000089900000| Complete 
| 154|0x0000000089a00000, 0x0000000089a00000, 0x0000000089b00000|  0%| F|  |TAMS 0x0000000089a00000, 0x0000000089a00000| Untracked 
| 155|0x0000000089b00000, 0x0000000089b00000, 0x0000000089c00000|  0%| F|  |TAMS 0x0000000089b00000, 0x0000000089b00000| Untracked 
| 156|0x0000000089c00000, 0x0000000089c00000, 0x0000000089d00000|  0%| F|  |TAMS 0x0000000089c00000, 0x0000000089c00000| Untracked 
| 157|0x0000000089d00000, 0x0000000089d00000, 0x0000000089e00000|  0%| F|  |TAMS 0x0000000089d00000, 0x0000000089d00000| Untracked 
| 158|0x0000000089e00000, 0x0000000089e00000, 0x0000000089f00000|  0%| F|  |TAMS 0x0000000089e00000, 0x0000000089e00000| Untracked 
| 159|0x0000000089f00000, 0x0000000089f00000, 0x000000008a000000|  0%| F|  |TAMS 0x0000000089f00000, 0x0000000089f00000| Untracked 
| 160|0x000000008a000000, 0x000000008a000000, 0x000000008a100000|  0%| F|  |TAMS 0x000000008a000000, 0x000000008a000000| Untracked 
| 161|0x000000008a100000, 0x000000008a100000, 0x000000008a200000|  0%| F|  |TAMS 0x000000008a100000, 0x000000008a100000| Untracked 
| 162|0x000000008a200000, 0x000000008a200000, 0x000000008a300000|  0%| F|  |TAMS 0x000000008a200000, 0x000000008a200000| Untracked 
| 163|0x000000008a300000, 0x000000008a300000, 0x000000008a400000|  0%| F|  |TAMS 0x000000008a300000, 0x000000008a300000| Untracked 
| 164|0x000000008a400000, 0x000000008a400000, 0x000000008a500000|  0%| F|  |TAMS 0x000000008a400000, 0x000000008a400000| Untracked 
| 165|0x000000008a500000, 0x000000008a500000, 0x000000008a600000|  0%| F|  |TAMS 0x000000008a500000, 0x000000008a500000| Untracked 
| 166|0x000000008a600000, 0x000000008a600000, 0x000000008a700000|  0%| F|  |TAMS 0x000000008a600000, 0x000000008a600000| Untracked 
| 167|0x000000008a700000, 0x000000008a700000, 0x000000008a800000|  0%| F|  |TAMS 0x000000008a700000, 0x000000008a700000| Untracked 
| 168|0x000000008a800000, 0x000000008a800000, 0x000000008a900000|  0%| F|  |TAMS 0x000000008a800000, 0x000000008a800000| Untracked 
| 169|0x000000008a900000, 0x000000008a900000, 0x000000008aa00000|  0%| F|  |TAMS 0x000000008a900000, 0x000000008a900000| Untracked 
| 170|0x000000008aa00000, 0x000000008aa00000, 0x000000008ab00000|  0%| F|  |TAMS 0x000000008aa00000, 0x000000008aa00000| Untracked 
| 171|0x000000008ab00000, 0x000000008ab00000, 0x000000008ac00000|  0%| F|  |TAMS 0x000000008ab00000, 0x000000008ab00000| Untracked 
| 172|0x000000008ac00000, 0x000000008ac00000, 0x000000008ad00000|  0%| F|  |TAMS 0x000000008ac00000, 0x000000008ac00000| Untracked 
| 173|0x000000008ad00000, 0x000000008ad00000, 0x000000008ae00000|  0%| F|  |TAMS 0x000000008ad00000, 0x000000008ad00000| Untracked 
| 174|0x000000008ae00000, 0x000000008ae00000, 0x000000008af00000|  0%| F|  |TAMS 0x000000008ae00000, 0x000000008ae00000| Untracked 
| 175|0x000000008af00000, 0x000000008af00000, 0x000000008b000000|  0%| F|  |TAMS 0x000000008af00000, 0x000000008af00000| Untracked 
| 176|0x000000008b000000, 0x000000008b000000, 0x000000008b100000|  0%| F|  |TAMS 0x000000008b000000, 0x000000008b000000| Untracked 
| 177|0x000000008b100000, 0x000000008b100000, 0x000000008b200000|  0%| F|  |TAMS 0x000000008b100000, 0x000000008b100000| Untracked 
| 178|0x000000008b200000, 0x000000008b200000, 0x000000008b300000|  0%| F|  |TAMS 0x000000008b200000, 0x000000008b200000| Untracked 
| 179|0x000000008b300000, 0x000000008b300000, 0x000000008b400000|  0%| F|  |TAMS 0x000000008b300000, 0x000000008b300000| Untracked 
| 180|0x000000008b400000, 0x000000008b400000, 0x000000008b500000|  0%| F|  |TAMS 0x000000008b400000, 0x000000008b400000| Untracked 
| 181|0x000000008b500000, 0x000000008b500000, 0x000000008b600000|  0%| F|  |TAMS 0x000000008b500000, 0x000000008b500000| Untracked 

Card table byte_map: [0x00000232988c0000,0x0000023298cc0000] _byte_map_base: 0x00000232984c0000

Marking Bits (Prev, Next): (CMBitMap*) 0x00000232859d2430, (CMBitMap*) 0x00000232859d23f8
 Prev Bits: [0x000002329b0c0000, 0x000002329d0c0000)
 Next Bits: [0x00000232990c0000, 0x000002329b0c0000)

Polling page: 0x0000023285170000

Metaspace:

Usage:
  Non-class:     78.36 MB capacity,    76.84 MB ( 98%) used,     1.24 MB (  2%) free+waste,   292.12 KB ( <1%) overhead. 
      Class:     12.31 MB capacity,    11.35 MB ( 92%) used,   851.95 KB (  7%) free+waste,   134.94 KB (  1%) overhead. 
       Both:     90.67 MB capacity,    88.19 MB ( 97%) used,     2.07 MB (  2%) free+waste,   427.06 KB ( <1%) overhead. 

Virtual space:
  Non-class space:       80.00 MB reserved,      78.63 MB ( 98%) committed 
      Class space:        1.00 GB reserved,      12.45 MB (  1%) committed 
             Both:        1.08 GB reserved,      91.08 MB (  8%) committed 

Chunk freelists:
   Non-Class:  80.00 KB
       Class:  33.00 KB
        Both:  113.00 KB

MaxMetaspaceSize: 17179869184.00 GB
CompressedClassSpaceSize: 1.00 GB
Initial GC threshold: 20.80 MB
Current GC threshold: 151.38 MB
CDS: off

CodeHeap 'non-profiled nmethods': size=120064Kb used=5950Kb max_used=5950Kb free=114113Kb
 bounds [0x0000023290f80000, 0x0000023291550000, 0x00000232984c0000]
CodeHeap 'profiled nmethods': size=120000Kb used=23988Kb max_used=23988Kb free=96011Kb
 bounds [0x0000023289a50000, 0x000002328b1c0000, 0x0000023290f80000]
CodeHeap 'non-nmethods': size=5696Kb used=2387Kb max_used=2421Kb free=3309Kb
 bounds [0x00000232894c0000, 0x0000023289730000, 0x0000023289a50000]
 total_blobs=12285 nmethods=11369 adapters=828
 compilation: enabled
              stopped_count=0, restarted_count=0
 full_count=0

Compilation events (20 events):
Event: 44.051 Thread 0x000002329f5e2000 11567       2       java.io.ObjectInputStream$HandleTable::grow (85 bytes)
Event: 44.051 Thread 0x000002329f5e2000 nmethod 11567 0x000002328b1b5b90 code [0x000002328b1b5d80, 0x000002328b1b6388]
Event: 44.052 Thread 0x000002329f5e2000 11568       2       java.util.Collections::reverse (125 bytes)
Event: 44.053 Thread 0x000002329f5e2000 nmethod 11568 0x000002328b1b6510 code [0x000002328b1b6760, 0x000002328b1b6bc8]
Event: 44.057 Thread 0x000002329f5e2000 11569       2       java.util.HashMap::readObject (280 bytes)
Event: 44.060 Thread 0x000002329f5e2000 nmethod 11569 0x000002328b1b6e90 code [0x000002328b1b7240, 0x000002328b1b8068]
Event: 44.060 Thread 0x000002329f5e2000 11571       2       java.io.ObjectStreamClass::classNamesEqual (59 bytes)
Event: 44.061 Thread 0x000002329f5e2000 nmethod 11571 0x000002328b1b8890 code [0x000002328b1b8a80, 0x000002328b1b8d48]
Event: 44.062 Thread 0x000002329f5e2000 11573       2       java.io.ObjectInputStream$GetFieldImpl::<init> (47 bytes)
Event: 44.062 Thread 0x000002329f5e2000 nmethod 11573 0x000002328b1b9010 code [0x000002328b1b91e0, 0x000002328b1b9678]
Event: 44.062 Thread 0x000002329f5e2000 11574       2       java.io.ObjectInputStream$GetField::<init> (5 bytes)
Event: 44.063 Thread 0x000002329f5e2000 nmethod 11574 0x000002328b1b9790 code [0x000002328b1b9940, 0x000002328b1b9a38]
Event: 44.067 Thread 0x000002329f5e2000 11575   !   2       java.io.ObjectStreamClass::invokeReadObject (93 bytes)
Event: 44.068 Thread 0x000002329f5e2000 nmethod 11575 0x000002328b1b9b10 code [0x000002328b1b9d60, 0x000002328b1ba4e8]
Event: 44.087 Thread 0x000002329f5e2000 11576  s    2       java.io.File::writeObject (12 bytes)
Event: 44.087 Thread 0x000002329f5e2000 nmethod 11576 0x000002328b1baa10 code [0x000002328b1babe0, 0x000002328b1bae98]
Event: 44.087 Thread 0x000002329f5e2000 11577 %     3       java.io.ObjectInputStream$BlockDataInputStream::readUTFBody @ 61 (192 bytes)
Event: 44.089 Thread 0x000002329f5e2000 nmethod 11577% 0x000002328b1bb010 code [0x000002328b1bb2c0, 0x000002328b1bc0b8]
Event: 44.093 Thread 0x000002329f5e2000 11579   !   2       jdk.internal.reflect.GeneratedMethodAccessor49::invoke (66 bytes)
Event: 44.093 Thread 0x000002329f5e2000 nmethod 11579 0x000002328b1bc510 code [0x000002328b1bc760, 0x000002328b1bce28]

GC Heap History (20 events):
Event: 36.727 GC heap after
{Heap after GC invocations=39 (full 0):
 garbage-first heap   total 154624K, used 78205K [0x0000000080000000, 0x0000000100000000)
  region size 1024K, 4 young (4096K), 4 survivors (4096K)
 Metaspace       used 85793K, capacity 88259K, committed 88400K, reserved 1126400K
  class space    used 11210K, capacity 12148K, committed 12236K, reserved 1048576K
}
Event: 37.836 GC heap before
{Heap before GC invocations=39 (full 0):
 garbage-first heap   total 154624K, used 122237K [0x0000000080000000, 0x0000000100000000)
  region size 1024K, 48 young (49152K), 4 survivors (4096K)
 Metaspace       used 86411K, capacity 88952K, committed 89168K, reserved 1126400K
  class space    used 11251K, capacity 12219K, committed 12236K, reserved 1048576K
}
Event: 37.852 GC heap after
{Heap after GC invocations=40 (full 0):
 garbage-first heap   total 154624K, used 82139K [0x0000000080000000, 0x0000000100000000)
  region size 1024K, 4 young (4096K), 4 survivors (4096K)
 Metaspace       used 86411K, capacity 88952K, committed 89168K, reserved 1126400K
  class space    used 11251K, capacity 12219K, committed 12236K, reserved 1048576K
}
Event: 39.622 GC heap before
{Heap before GC invocations=41 (full 0):
 garbage-first heap   total 154624K, used 123099K [0x0000000080000000, 0x0000000100000000)
  region size 1024K, 45 young (46080K), 4 survivors (4096K)
 Metaspace       used 89160K, capacity 91729K, committed 91856K, reserved 1128448K
  class space    used 11569K, capacity 12571K, committed 12620K, reserved 1048576K
}
Event: 39.636 GC heap after
{Heap after GC invocations=42 (full 0):
 garbage-first heap   total 154624K, used 87250K [0x0000000080000000, 0x0000000100000000)
  region size 1024K, 5 young (5120K), 5 survivors (5120K)
 Metaspace       used 89160K, capacity 91729K, committed 91856K, reserved 1128448K
  class space    used 11569K, capacity 12571K, committed 12620K, reserved 1048576K
}
Event: 39.697 GC heap before
{Heap before GC invocations=42 (full 0):
 garbage-first heap   total 154624K, used 89298K [0x0000000080000000, 0x0000000100000000)
  region size 1024K, 7 young (7168K), 5 survivors (5120K)
 Metaspace       used 89177K, capacity 91729K, committed 91856K, reserved 1128448K
  class space    used 11569K, capacity 12571K, committed 12620K, reserved 1048576K
}
Event: 39.734 GC heap after
{Heap after GC invocations=43 (full 0):
 garbage-first heap   total 154624K, used 87550K [0x0000000080000000, 0x0000000100000000)
  region size 1024K, 1 young (1024K), 1 survivors (1024K)
 Metaspace       used 89177K, capacity 91729K, committed 91856K, reserved 1128448K
  class space    used 11569K, capacity 12571K, committed 12620K, reserved 1048576K
}
Event: 40.082 GC heap before
{Heap before GC invocations=43 (full 0):
 garbage-first heap   total 154624K, used 98814K [0x0000000080000000, 0x0000000100000000)
  region size 1024K, 13 young (13312K), 1 survivors (1024K)
 Metaspace       used 89232K, capacity 91793K, committed 91856K, reserved 1128448K
  class space    used 11569K, capacity 12571K, committed 12620K, reserved 1048576K
}
Event: 40.092 GC heap after
{Heap after GC invocations=44 (full 0):
 garbage-first heap   total 154624K, used 90601K [0x0000000080000000, 0x0000000100000000)
  region size 1024K, 4 young (4096K), 4 survivors (4096K)
 Metaspace       used 89232K, capacity 91793K, committed 91856K, reserved 1128448K
  class space    used 11569K, capacity 12571K, committed 12620K, reserved 1048576K
}
Event: 40.809 GC heap before
{Heap before GC invocations=45 (full 0):
 garbage-first heap   total 154624K, used 128489K [0x0000000080000000, 0x0000000100000000)
  region size 1024K, 32 young (32768K), 4 survivors (4096K)
 Metaspace       used 89233K, capacity 91689K, committed 92112K, reserved 1128448K
  class space    used 11541K, capacity 12513K, committed 12620K, reserved 1048576K
}
Event: 40.833 GC heap after
{Heap after GC invocations=46 (full 0):
 garbage-first heap   total 154624K, used 105333K [0x0000000080000000, 0x0000000100000000)
  region size 1024K, 4 young (4096K), 4 survivors (4096K)
 Metaspace       used 89233K, capacity 91689K, committed 92112K, reserved 1128448K
  class space    used 11541K, capacity 12513K, committed 12620K, reserved 1048576K
}
Event: 40.969 GC heap before
{Heap before GC invocations=46 (full 0):
 garbage-first heap   total 154624K, used 108405K [0x0000000080000000, 0x0000000100000000)
  region size 1024K, 7 young (7168K), 4 survivors (4096K)
 Metaspace       used 89308K, capacity 91817K, committed 92112K, reserved 1128448K
  class space    used 11547K, capacity 12513K, committed 12620K, reserved 1048576K
}
Event: 40.989 GC heap after
{Heap after GC invocations=47 (full 0):
 garbage-first heap   total 186368K, used 106399K [0x0000000080000000, 0x0000000100000000)
  region size 1024K, 1 young (1024K), 1 survivors (1024K)
 Metaspace       used 89308K, capacity 91817K, committed 92112K, reserved 1128448K
  class space    used 11547K, capacity 12513K, committed 12620K, reserved 1048576K
}
Event: 41.298 GC heap before
{Heap before GC invocations=47 (full 0):
 garbage-first heap   total 186368K, used 114591K [0x0000000080000000, 0x0000000100000000)
  region size 1024K, 10 young (10240K), 1 survivors (1024K)
 Metaspace       used 89575K, capacity 92041K, committed 92368K, reserved 1128448K
  class space    used 11570K, capacity 12545K, committed 12620K, reserved 1048576K
}
Event: 41.310 GC heap after
{Heap after GC invocations=48 (full 0):
 garbage-first heap   total 186368K, used 107060K [0x0000000080000000, 0x0000000100000000)
  region size 1024K, 2 young (2048K), 2 survivors (2048K)
 Metaspace       used 89575K, capacity 92041K, committed 92368K, reserved 1128448K
  class space    used 11570K, capacity 12545K, committed 12620K, reserved 1048576K
}
Event: 43.361 GC heap before
{Heap before GC invocations=49 (full 0):
 garbage-first heap   total 186368K, used 149044K [0x0000000080000000, 0x0000000100000000)
  region size 1024K, 35 young (35840K), 2 survivors (2048K)
 Metaspace       used 89872K, capacity 92344K, committed 92624K, reserved 1130496K
  class space    used 11594K, capacity 12559K, committed 12620K, reserved 1048576K
}
Event: 43.391 GC heap after
{Heap after GC invocations=50 (full 0):
 garbage-first heap   total 186368K, used 110432K [0x0000000080000000, 0x0000000100000000)
  region size 1024K, 5 young (5120K), 5 survivors (5120K)
 Metaspace       used 89872K, capacity 92344K, committed 92624K, reserved 1130496K
  class space    used 11594K, capacity 12559K, committed 12620K, reserved 1048576K
}
Event: 43.539 GC heap before
{Heap before GC invocations=50 (full 0):
 garbage-first heap   total 186368K, used 114528K [0x0000000080000000, 0x0000000100000000)
  region size 1024K, 11 young (11264K), 5 survivors (5120K)
 Metaspace       used 89882K, capacity 92344K, committed 92624K, reserved 1130496K
  class space    used 11594K, capacity 12559K, committed 12620K, reserved 1048576K
}
Event: 43.559 GC heap after
{Heap after GC invocations=51 (full 0):
 garbage-first heap   total 186368K, used 115190K [0x0000000080000000, 0x0000000100000000)
  region size 1024K, 5 young (5120K), 5 survivors (5120K)
 Metaspace       used 89882K, capacity 92344K, committed 92624K, reserved 1130496K
  class space    used 11594K, capacity 12559K, committed 12620K, reserved 1048576K
}
Event: 44.094 GC heap before
{Heap before GC invocations=51 (full 0):
 garbage-first heap   total 186368K, used 155126K [0x0000000080000000, 0x0000000100000000)
  region size 1024K, 28 young (28672K), 5 survivors (5120K)
 Metaspace       used 90303K, capacity 92851K, committed 93264K, reserved 1130496K
  class space    used 11620K, capacity 12607K, committed 12748K, reserved 1048576K
}

Deoptimization events (20 events):
Event: 43.258 Thread 0x00000232a7c32000 DEOPT PACKING pc=0x0000023291504c1c sp=0x000000d8b94fa6f0
Event: 43.258 Thread 0x00000232a7c32000 DEOPT UNPACKING pc=0x000002328950a1af sp=0x000000d8b94fa620 mode 2
Event: 43.258 Thread 0x00000232a7c32000 Uncommon trap: trap_request=0xffffffc6 fr.pc=0x0000023291504c1c relative=0x00000000000006fc
Event: 43.258 Thread 0x00000232a7c32000 Uncommon trap: reason=bimorphic_or_optimized_type_check action=maybe_recompile pc=0x0000023291504c1c method=org.apache.xerces.dom.ParentNode.checkNormalizationAfterInsert(Lorg/apache/xerces/dom/ChildNode;)V @ 23 c2
Event: 43.258 Thread 0x00000232a7c32000 DEOPT PACKING pc=0x0000023291504c1c sp=0x000000d8b94fa6f0
Event: 43.259 Thread 0x00000232a7c32000 DEOPT UNPACKING pc=0x000002328950a1af sp=0x000000d8b94fa620 mode 2
Event: 43.520 Thread 0x00000232a7c32000 Uncommon trap: trap_request=0xffffff4d fr.pc=0x0000023291528808 relative=0x0000000000003888
Event: 43.520 Thread 0x00000232a7c32000 Uncommon trap: reason=unstable_if action=reinterpret pc=0x0000023291528808 method=com.android.utils.XmlUtils.toXmlAttributeValue(Ljava/lang/String;)Ljava/lang/String; @ 33 c2
Event: 43.520 Thread 0x00000232a7c32000 DEOPT PACKING pc=0x0000023291528808 sp=0x000000d8b94fa720
Event: 43.520 Thread 0x00000232a7c32000 DEOPT UNPACKING pc=0x000002328950a1af sp=0x000000d8b94fa658 mode 2
Event: 43.520 Thread 0x00000232a7c32000 Uncommon trap: trap_request=0xffffff4d fr.pc=0x000002329150a4d8 relative=0x0000000000000398
Event: 43.520 Thread 0x00000232a7c32000 Uncommon trap: reason=unstable_if action=reinterpret pc=0x000002329150a4d8 method=com.android.utils.XmlUtils.toXmlAttributeValue(Ljava/lang/String;)Ljava/lang/String; @ 33 c2
Event: 43.520 Thread 0x00000232a7c32000 DEOPT PACKING pc=0x000002329150a4d8 sp=0x000000d8b94fa6c0
Event: 43.520 Thread 0x00000232a7c32000 DEOPT UNPACKING pc=0x000002328950a1af sp=0x000000d8b94fa648 mode 2
Event: 43.616 Thread 0x00000232a7c32000 Uncommon trap: trap_request=0xffffff4d fr.pc=0x000002329152a878 relative=0x00000000000058f8
Event: 43.616 Thread 0x00000232a7c32000 Uncommon trap: reason=unstable_if action=reinterpret pc=0x000002329152a878 method=com.android.utils.XmlUtils.append(Lcom/android/utils/XmlUtils$PositionAwareStringBuilder;Lorg/w3c/dom/Node;Ljava/util/Map;Ljava/util/Set;)V @ 516 c2
Event: 43.616 Thread 0x00000232a7c32000 DEOPT PACKING pc=0x000002329152a878 sp=0x000000d8b94fa7f0
Event: 43.616 Thread 0x00000232a7c32000 DEOPT UNPACKING pc=0x000002328950a1af sp=0x000000d8b94fa7b8 mode 2
Event: 43.982 Thread 0x00000232a7c32800 DEOPT PACKING pc=0x000002328ae75180 sp=0x000000d8b98fc5d0
Event: 43.982 Thread 0x00000232a7c32800 DEOPT UNPACKING pc=0x000002328950a95e sp=0x000000d8b98fba90 mode 0

Classes redefined (0 events):
No events

Internal exceptions (20 events):
Event: 36.197 Thread 0x00000232a7c32000 Exception <a 'java/lang/NoSuchMethodError'{0x0000000087760dd0}: 'java.lang.Object java.lang.invoke.DirectMethodHandle$Holder.newInvokeSpecial(java.lang.Object, java.lang.Object, java.lang.Object, java.lang.Object)'> (0x0000000087760dd0) thrown at [src/hotspot/share/interpreter/linkResolver.cpp, line 773]
Event: 36.236 Thread 0x00000232a7c32000 Exception <a 'sun/nio/fs/WindowsException'{0x00000000877ad870}> (0x00000000877ad870) thrown at [src/hotspot/share/prims/jni.cpp, line 617]
Event: 36.237 Thread 0x00000232a7c32000 Exception <a 'sun/nio/fs/WindowsException'{0x00000000877ae728}> (0x00000000877ae728) thrown at [src/hotspot/share/prims/jni.cpp, line 617]
Event: 36.320 Thread 0x00000232a7c32000 Exception <a 'java/lang/NoSuchMethodError'{0x00000000876c8720}: 'java.lang.Object java.lang.invoke.DirectMethodHandle$Holder.invokeStatic(java.lang.Object, java.lang.Object, java.lang.Object, java.lang.Object, java.lang.Object, java.lang.Object, java.lang.Object, java.lang.Object, java.lang.Object, java.lang.Object, java.lang.Object, java.lang.Object, java.lang.Object, java.lang.Object, java.lang.Object, int)'> (0x00000000876c8720) thrown at [src/hotspot/share/interpreter/linkResolver.cpp, line 773]
Event: 36.346 Thread 0x00000232a7c33800 Exception <a 'java/lang/NoSuchMethodError'{0x0000000087586798}: 'void java.lang.invoke.DirectMethodHandle$Holder.invokeInterface(java.lang.Object, java.lang.Object, java.lang.Object, java.lang.Object)'> (0x0000000087586798) thrown at [src/hotspot/share/interpreter/linkResolver.cpp, line 773]
Event: 36.377 Thread 0x00000232a7c35000 Exception <a 'sun/nio/fs/WindowsException'{0x000000008744b680}> (0x000000008744b680) thrown at [src/hotspot/share/prims/jni.cpp, line 617]
Event: 36.601 Thread 0x00000232a7c33800 Exception <a 'java/lang/NoSuchMethodError'{0x0000000086e88058}: 'void java.lang.invoke.DirectMethodHandle$Holder.invokeStatic(java.lang.Object, java.lang.Object, java.lang.Object, java.lang.Object, int, java.lang.Object, java.lang.Object)'> (0x0000000086e88058) thrown at [src/hotspot/share/interpreter/linkResolver.cpp, line 773]
Event: 36.689 Thread 0x00000232a1e6c000 Exception <a 'java/lang/NoSuchMethodError'{0x0000000086a8e5f8}: 'java.lang.Object java.lang.invoke.DirectMethodHandle$Holder.invokeSpecialIFC(java.lang.Object, java.lang.Object, java.lang.Object)'> (0x0000000086a8e5f8) thrown at [src/hotspot/share/interpreter/linkResolver.cpp, line 773]
Event: 36.689 Thread 0x00000232a1e6b000 Exception <a 'java/lang/NoSuchMethodError'{0x0000000086aa4d08}: 'java.lang.Object java.lang.invoke.DirectMethodHandle$Holder.invokeSpecialIFC(java.lang.Object, java.lang.Object, java.lang.Object)'> (0x0000000086aa4d08) thrown at [src/hotspot/share/interpreter/linkResolver.cpp, line 773]
Event: 36.689 Thread 0x00000232a330a000 Exception <a 'java/lang/NoSuchMethodError'{0x0000000086a980b0}: 'java.lang.Object java.lang.invoke.DirectMethodHandle$Holder.invokeSpecialIFC(java.lang.Object, java.lang.Object, java.lang.Object)'> (0x0000000086a980b0) thrown at [src/hotspot/share/interpreter/linkResolver.cpp, line 773]
Event: 36.689 Thread 0x00000232a7c33800 Exception <a 'java/lang/NoSuchMethodError'{0x0000000086a63b40}: 'java.lang.Object java.lang.invoke.DirectMethodHandle$Holder.invokeSpecialIFC(java.lang.Object, java.lang.Object, java.lang.Object)'> (0x0000000086a63b40) thrown at [src/hotspot/share/interpreter/linkResolver.cpp, line 773]
Event: 37.712 Thread 0x00000232a7c33800 Exception <a 'java/lang/NoSuchMethodError'{0x0000000087242b00}: <clinit>> (0x0000000087242b00) thrown at [src/hotspot/share/prims/jni.cpp, line 1367]
Event: 37.923 Thread 0x00000232a7c34800 Exception <a 'sun/nio/fs/WindowsException'{0x000000008959a8b0}> (0x000000008959a8b0) thrown at [src/hotspot/share/prims/jni.cpp, line 617]
Event: 37.923 Thread 0x00000232a7c34800 Exception <a 'sun/nio/fs/WindowsException'{0x000000008959b748}> (0x000000008959b748) thrown at [src/hotspot/share/prims/jni.cpp, line 617]
Event: 37.964 Thread 0x00000232a7c34800 Exception <a 'java/lang/NoSuchMethodError'{0x00000000894afd38}: 'java.lang.Object java.lang.invoke.DirectMethodHandle$Holder.invokeSpecial(java.lang.Object, java.lang.Object, int, int, int, java.lang.Object, java.lang.Object, java.lang.Object, int)'> (0x00000000894afd38) thrown at [src/hotspot/share/interpreter/linkResolver.cpp, line 773]
Event: 37.965 Thread 0x00000232a7c34800 Exception <a 'java/lang/NoSuchMethodError'{0x00000000894b3e30}: 'java.lang.Object java.lang.invoke.DelegatingMethodHandle$Holder.reinvoke_L(java.lang.Object, int, int, int, java.lang.Object, java.lang.Object, java.lang.Object, int)'> (0x00000000894b3e30) thrown at [src/hotspot/share/interpreter/linkResolver.cpp, line 773]
Event: 37.967 Thread 0x00000232a7c34800 Exception <a 'java/lang/NoSuchMethodError'{0x00000000894d6900}: 'java.lang.Object java.lang.invoke.DirectMethodHandle$Holder.invokeStatic(java.lang.Object, java.lang.Object, java.lang.Object, java.lang.Object, java.lang.Object, java.lang.Object, java.lang.Object, int)'> (0x00000000894d6900) thrown at [src/hotspot/share/interpreter/linkResolver.cpp, line 773]
Event: 43.616 Thread 0x00000232a7c32000 Implicit null exception at 0x0000023291526590 to 0x000002329152a860
Event: 43.700 Thread 0x00000232a7c32000 Exception <a 'java/lang/NoSuchMethodError'{0x000000008b3b1f38}: <clinit>> (0x000000008b3b1f38) thrown at [src/hotspot/share/prims/jni.cpp, line 1367]
Event: 43.808 Thread 0x00000232a7c32000 Exception <a 'java/lang/NoSuchMethodError'{0x000000008b1e8b08}: <clinit>> (0x000000008b1e8b08) thrown at [src/hotspot/share/prims/jni.cpp, line 1367]

Events (20 events):
Event: 43.879 loading class com/google/common/collect/SetMultimap done
Event: 43.882 loading class com/google/common/collect/ImmutableMultimap
Event: 43.882 loading class com/google/common/collect/ImmutableMultimap done
Event: 43.888 loading class com/google/common/collect/BaseImmutableMultimap
Event: 43.888 loading class com/google/common/collect/BaseImmutableMultimap done
Event: 43.892 loading class com/google/common/collect/ImmutableMap$SerializedForm
Event: 43.892 loading class com/google/common/collect/ImmutableMap$SerializedForm done
Event: 43.907 Thread 0x00000232a7c31000 Thread added: 0x00000232a7c31000
Event: 43.908 loading class java/util/HashMap$UnsafeHolder
Event: 43.908 loading class java/util/HashMap$UnsafeHolder done
Event: 43.962 loading class kotlin/InitializedLazyImpl
Event: 43.962 loading class kotlin/InitializedLazyImpl done
Event: 43.989 Thread 0x00000232a7c36000 Thread added: 0x00000232a7c36000
Event: 44.032 Executing VM operation: BulkRevokeBias
Event: 44.035 Executing VM operation: BulkRevokeBias done
Event: 44.068 Executing VM operation: CGC_Operation
Event: 44.086 Executing VM operation: CGC_Operation done
Event: 44.092 loading class com/android/build/gradle/internal/res/ResourceCompilerRunnable$Companion
Event: 44.092 loading class com/android/build/gradle/internal/res/ResourceCompilerRunnable$Companion done
Event: 44.094 Executing VM operation: G1CollectForAllocation


Dynamic libraries:
0x00007ff6abcb0000 - 0x00007ff6abcba000 	C:\Program Files\Android\Android Studio\jbr\bin\java.exe
0x00007ffb55350000 - 0x00007ffb55548000 	C:\WINDOWS\SYSTEM32\ntdll.dll
0x00007ffb536e0000 - 0x00007ffb5379f000 	C:\WINDOWS\System32\KERNEL32.DLL
0x00007ffb52f00000 - 0x00007ffb531da000 	C:\WINDOWS\System32\KERNELBASE.dll
0x00007ffb532b0000 - 0x00007ffb533b0000 	C:\WINDOWS\System32\ucrtbase.dll
0x00007ffb4d3c0000 - 0x00007ffb4d3db000 	C:\Program Files\Android\Android Studio\jbr\bin\VCRUNTIME140.dll
0x00007ffb4d3a0000 - 0x00007ffb4d3b7000 	C:\Program Files\Android\Android Studio\jbr\bin\jli.dll
0x00007ffb54b40000 - 0x00007ffb54cdd000 	C:\WINDOWS\System32\USER32.dll
0x00007ffb53250000 - 0x00007ffb53272000 	C:\WINDOWS\System32\win32u.dll
0x00007ffb534e0000 - 0x00007ffb5350b000 	C:\WINDOWS\System32\GDI32.dll
0x00007ffb52ba0000 - 0x00007ffb52cb0000 	C:\WINDOWS\System32\gdi32full.dll
0x00007ffb52d00000 - 0x00007ffb52d9d000 	C:\WINDOWS\System32\msvcp_win.dll
0x00007ffb43d20000 - 0x00007ffb43fba000 	C:\WINDOWS\WinSxS\amd64_microsoft.windows.common-controls_6595b64144ccf1df_6.0.19041.1110_none_60b5254171f9507e\COMCTL32.dll
0x00007ffb53ef0000 - 0x00007ffb53f8e000 	C:\WINDOWS\System32\msvcrt.dll
0x00007ffb53cb0000 - 0x00007ffb53ce0000 	C:\WINDOWS\System32\IMM32.DLL
0x00007ffb4d490000 - 0x00007ffb4d49c000 	C:\Program Files\Android\Android Studio\jbr\bin\vcruntime140_1.dll
0x00007ffb355f0000 - 0x00007ffb3567d000 	C:\Program Files\Android\Android Studio\jbr\bin\msvcp140.dll
0x00007ffb1be00000 - 0x00007ffb1c9bc000 	C:\Program Files\Android\Android Studio\jbr\bin\server\jvm.dll
0x00007ffb53430000 - 0x00007ffb534de000 	C:\WINDOWS\System32\ADVAPI32.dll
0x00007ffb54a20000 - 0x00007ffb54abc000 	C:\WINDOWS\System32\sechost.dll
0x00007ffb54890000 - 0x00007ffb549b6000 	C:\WINDOWS\System32\RPCRT4.dll
0x00007ffb53ee0000 - 0x00007ffb53ee8000 	C:\WINDOWS\System32\PSAPI.DLL
0x00007ffb4d9e0000 - 0x00007ffb4d9e9000 	C:\WINDOWS\SYSTEM32\WSOCK32.dll
0x00007ffb53ce0000 - 0x00007ffb53d4b000 	C:\WINDOWS\System32\WS2_32.dll
0x00007ffb391a0000 - 0x00007ffb391c7000 	C:\WINDOWS\SYSTEM32\WINMM.dll
0x00007ffb497f0000 - 0x00007ffb497fa000 	C:\WINDOWS\SYSTEM32\VERSION.dll
0x00007ffb51270000 - 0x00007ffb51282000 	C:\WINDOWS\SYSTEM32\kernel.appcore.dll
0x00007ffb4d9c0000 - 0x00007ffb4d9d0000 	C:\Program Files\Android\Android Studio\jbr\bin\verify.dll
0x00007ffb49a50000 - 0x00007ffb49c34000 	C:\WINDOWS\SYSTEM32\DBGHELP.DLL
0x00007ffb49a10000 - 0x00007ffb49a44000 	C:\WINDOWS\SYSTEM32\dbgcore.DLL
0x00007ffb52a60000 - 0x00007ffb52ae2000 	C:\WINDOWS\System32\bcryptPrimitives.dll
0x00007ffb44dd0000 - 0x00007ffb44df8000 	C:\Program Files\Android\Android Studio\jbr\bin\java.dll
0x00007ffb4d4e0000 - 0x00007ffb4d4ea000 	C:\Program Files\Android\Android Studio\jbr\bin\jimage.dll
0x00007ffb49ee0000 - 0x00007ffb49ef8000 	C:\Program Files\Android\Android Studio\jbr\bin\zip.dll
0x00007ffb53f90000 - 0x00007ffb546d4000 	C:\WINDOWS\System32\SHELL32.dll
0x00007ffb50900000 - 0x00007ffb51093000 	C:\WINDOWS\SYSTEM32\windows.storage.dll
0x00007ffb537a0000 - 0x00007ffb53af4000 	C:\WINDOWS\System32\combase.dll
0x00007ffb52300000 - 0x00007ffb5232e000 	C:\WINDOWS\SYSTEM32\Wldp.dll
0x00007ffb54ce0000 - 0x00007ffb54d8d000 	C:\WINDOWS\System32\SHCORE.dll
0x00007ffb54ac0000 - 0x00007ffb54b15000 	C:\WINDOWS\System32\shlwapi.dll
0x00007ffb529a0000 - 0x00007ffb529bf000 	C:\WINDOWS\SYSTEM32\profapi.dll
0x00007ffb46690000 - 0x00007ffb466a9000 	C:\Program Files\Android\Android Studio\jbr\bin\net.dll
0x00007ffb4bbd0000 - 0x00007ffb4bcda000 	C:\WINDOWS\SYSTEM32\WINHTTP.dll
0x00007ffb520e0000 - 0x00007ffb5214a000 	C:\WINDOWS\system32\mswsock.dll
0x00007ffb46060000 - 0x00007ffb46073000 	C:\Program Files\Android\Android Studio\jbr\bin\nio.dll
0x00007ffb44da0000 - 0x00007ffb44dc7000 	C:\Users\hp\.gradle\native\e1d6ef7f7dcc3fd88c89a11ec53ec762bb8ba0a96d01ffa2cd45eb1d1d8dd5c5\windows-amd64\native-platform.dll
0x00007ffb2aa20000 - 0x00007ffb2ab64000 	C:\Users\hp\.gradle\native\0d407fdbe67a94daf76414ababcb853783967236a71b16ec16e742cd7a986fd3\windows-amd64\native-platform-file-events.dll
0x00007ffb4d390000 - 0x00007ffb4d39a000 	C:\Program Files\Android\Android Studio\jbr\bin\management.dll
0x00007ffb4d090000 - 0x00007ffb4d09b000 	C:\Program Files\Android\Android Studio\jbr\bin\management_ext.dll
0x00007ffb52640000 - 0x00007ffb52658000 	C:\WINDOWS\SYSTEM32\CRYPTSP.dll
0x00007ffb51a20000 - 0x00007ffb51a54000 	C:\WINDOWS\system32\rsaenh.dll
0x00007ffb53280000 - 0x00007ffb532a7000 	C:\WINDOWS\System32\bcrypt.dll
0x00007ffb52960000 - 0x00007ffb5298e000 	C:\WINDOWS\SYSTEM32\USERENV.dll
0x00007ffb52270000 - 0x00007ffb5227c000 	C:\WINDOWS\SYSTEM32\CRYPTBASE.dll
0x00007ffb51df0000 - 0x00007ffb51e2c000 	C:\WINDOWS\SYSTEM32\IPHLPAPI.DLL
0x00007ffb53510000 - 0x00007ffb53518000 	C:\WINDOWS\System32\NSI.dll
0x00007ffb4b800000 - 0x00007ffb4b817000 	C:\WINDOWS\SYSTEM32\dhcpcsvc6.DLL
0x00007ffb4b100000 - 0x00007ffb4b11d000 	C:\WINDOWS\SYSTEM32\dhcpcsvc.DLL
0x00007ffb51e30000 - 0x00007ffb51efb000 	C:\WINDOWS\SYSTEM32\DNSAPI.dll

dbghelp: loaded successfully - version: 4.0.5 - missing functions: none
symbol engine: initialized successfully - sym options: 0x614 - pdb path: .;C:\Program Files\Android\Android Studio\jbr\bin;C:\WINDOWS\SYSTEM32;C:\WINDOWS\WinSxS\amd64_microsoft.windows.common-controls_6595b64144ccf1df_6.0.19041.1110_none_60b5254171f9507e;C:\Program Files\Android\Android Studio\jbr\bin\server;C:\Users\hp\.gradle\native\e1d6ef7f7dcc3fd88c89a11ec53ec762bb8ba0a96d01ffa2cd45eb1d1d8dd5c5\windows-amd64;C:\Users\hp\.gradle\native\0d407fdbe67a94daf76414ababcb853783967236a71b16ec16e742cd7a986fd3\windows-amd64

VM Arguments:
jvm_args: --add-opens=java.base/java.util=ALL-UNNAMED --add-opens=java.base/java.lang=ALL-UNNAMED --add-opens=java.base/java.lang.invoke=ALL-UNNAMED --add-opens=java.base/java.util=ALL-UNNAMED --add-opens=java.prefs/java.util.prefs=ALL-UNNAMED --add-opens=java.prefs/java.util.prefs=ALL-UNNAMED --add-opens=java.base/java.nio.charset=ALL-UNNAMED --add-opens=java.base/java.net=ALL-UNNAMED --add-opens=java.base/java.util.concurrent.atomic=ALL-UNNAMED -Xmx2048m -Dfile.encoding=UTF-8 -Duser.country=US -Duser.language=en -Duser.variant 
java_command: org.gradle.launcher.daemon.bootstrap.GradleDaemon 7.5
java_class_path (initial): C:\Users\hp\.gradle\wrapper\dists\gradle-7.5-bin\f1w0cc9nuo0eivz97x2xlu9sv\gradle-7.5\lib\gradle-launcher-7.5.jar
Launcher Type: SUN_STANDARD

[Global flags]
     intx CICompilerCount                          = 3                                         {product} {ergonomic}
     uint ConcGCThreads                            = 1                                         {product} {ergonomic}
     uint G1ConcRefinementThreads                  = 4                                         {product} {ergonomic}
   size_t G1HeapRegionSize                         = 1048576                                   {product} {ergonomic}
    uintx GCDrainStackTargetSize                   = 64                                        {product} {ergonomic}
   size_t InitialHeapSize                          = 67108864                                  {product} {ergonomic}
   size_t MarkStackSize                            = 4194304                                   {product} {ergonomic}
   size_t MaxHeapSize                              = 2147483648                                {product} {command line}
   size_t MaxNewSize                               = 1287651328                                {product} {ergonomic}
   size_t MinHeapDeltaBytes                        = 1048576                                   {product} {ergonomic}
    uintx NonNMethodCodeHeapSize                   = 5830732                                {pd product} {ergonomic}
    uintx NonProfiledCodeHeapSize                  = 122913754                              {pd product} {ergonomic}
    uintx ProfiledCodeHeapSize                     = 122913754                              {pd product} {ergonomic}
    uintx ReservedCodeCacheSize                    = 251658240                              {pd product} {ergonomic}
     bool SegmentedCodeCache                       = true                                      {product} {ergonomic}
     bool UseCompressedClassPointers               = true                                 {lp64_product} {ergonomic}
     bool UseCompressedOops                        = true                                 {lp64_product} {ergonomic}
     bool UseG1GC                                  = true                                      {product} {ergonomic}
     bool UseLargePagesIndividualAllocation        = false                                  {pd product} {ergonomic}

Logging:
Log output configuration:
 #0: stdout all=warning uptime,level,tags
 #1: stderr all=off uptime,level,tags

Environment Variables:
JAVA_HOME=C:\Program Files\Java\jdk-17.0.2
PATH=C:\Program Files\Common Files\Oracle\Java\javapath;C:\WINDOWS\system32;C:\WINDOWS;C:\WINDOWS\System32\Wbem;C:\WINDOWS\System32\WindowsPowerShell\v1.0\;C:\WINDOWS\System32\OpenSSH\;C:\MinGW\bin;C:\Program Files\Java\jdk-17.0.2\bin;C:\msys64\mingw64\bin;C:\Program Files\nodejs\;C:\Program Files\Git\cmd;;C:\Users\hp\AppData\Local\Microsoft\WindowsApps;C:\Program Files\JetBrains\IntelliJ IDEA Community Edition 2022.1\bin;;C:\modeltech64_10.6d\win64;C:\Users\hp\AppData\Roaming\npm;C:\Users\hp\AppData\Local\Programs\Microsoft VS Code\bin
USERNAME=hp
OS=Windows_NT
PROCESSOR_IDENTIFIER=Intel64 Family 6 Model 69 Stepping 1, GenuineIntel



---------------  S Y S T E M  ---------------

OS: Windows 10 , 64 bit Build 19041 (10.0.19041.2788)
OS uptime: 18 days 23:49 hours
Hyper-V role detected

CPU:total 4 (initial active 4) (2 cores per cpu, 2 threads per core) family 6 model 69 stepping 1 microcode 0x25, cmov, cx8, fxsr, mmx, sse, sse2, sse3, ssse3, sse4.1, sse4.2, popcnt, avx, avx2, aes, clmul, erms, lzcnt, ht, tsc, tscinvbit, bmi1, bmi2, fma

Memory: 4k page, system-wide physical 3993M (201M free)
TotalPageFile size 11755M (AvailPageFile size 24M)
current process WorkingSet (physical memory assigned to process): 421M, peak: 421M
current process commit charge ("private bytes"): 463M, peak: 500M

vm_info: OpenJDK 64-Bit Server VM (11.0.15+0-b2043.56-9505619) for windows-amd64 JRE (11.0.15+0-b2043.56-9505619), built on Jan 19 2023 02:48:00 by "builduser" with unknown MS VC++:1929

END.
